<?xml version="1.0" encoding="UTF-8"?>
<testsuite name="the user make a purchase" tests="1" skipped="0" failures="0" errors="0" timestamp="2024-04-11T23:45:55" hostname="FLIAGUERREROCAM" time="32.208">
  <properties/>
  <testcase name="the user adds two products to the cart and completes the entire purchase flow" classname="the user make a purchase" time="32.208"/>
  <system-out><![CDATA[18:45:56.002 [Test worker] DEBUG io.cucumber.core.plugin.SerenityReporter -- Running feature from file:///C:/Users/kguer/IdeaProjects/retoDemoBlaze/src/test/resources/com.demoblaze/PurchaseFlowE2E.feature
18:45:56.002 [Test worker] WARN io.cucumber.core.plugin.SerenityReporter -- Feature from file:///C:/Users/kguer/IdeaProjects/retoDemoBlaze/src/test/resources/com.demoblaze/PurchaseFlowE2E.feature is not under the 'features' directory. Requirements report will not be correctly generated!
18:45:56.190 [Test worker] INFO  -- 
  _____   ___   ___   _____     ___   _____     _     ___   _____   ___   ___  
 |_   _| | __| / __| |_   _|   / __| |_   _|   /_\   | _ \ |_   _| | __| |   \ 
   | |   | _|  \__ \   | |     \__ \   | |    / _ \  |   /   | |   | _|  | |) |
   |_|   |___| |___/   |_|     |___/   |_|   /_/ \_\ |_|_\   |_|   |___| |___/ 

the user adds two products to the cart and completes the entire purchase flow(the-user-make-a-purchase;the-user-adds-two-products-to-the-cart-and-completes-the-entire-purchase-flow)
--------------------------------------------------------------------------------
18:45:56.458 [Test worker] DEBUG io.github.bonigarcia.wdm.WebDriverManager -- Using WebDriverManager 5.8.0
18:45:56.835 [Test worker] DEBUG io.github.bonigarcia.wdm.cache.ResolutionCache -- Resolution chrome=123 in cache (valid until 19:27:08 11/04/2024 COT)
18:45:56.843 [Test worker] DEBUG io.github.bonigarcia.wdm.cache.ResolutionCache -- Resolution chrome123=123.0.6312.122 in cache (valid until 14:47:41 12/04/2024 COT)
18:45:56.843 [Test worker] INFO io.github.bonigarcia.wdm.WebDriverManager -- Using chromedriver 123.0.6312.122 (resolved driver for Chrome 123)
18:45:56.851 [Test worker] DEBUG io.github.bonigarcia.wdm.WebDriverManager -- Driver chromedriver 123.0.6312.122 found in cache
18:45:56.851 [Test worker] INFO io.github.bonigarcia.wdm.WebDriverManager -- Exporting webdriver.chrome.driver as C:\Users\kguer\.cache\selenium\chromedriver\win64\123.0.6312.122\chromedriver.exe
18:45:56.851 [Test worker] DEBUG io.github.bonigarcia.wdm.WebDriverManager -- Using WebDriverManager 5.8.0
18:45:56.851 [Test worker] WARN io.github.bonigarcia.wdm.WebDriverManager -- WebDriver object(s) not available
18:45:57.259 [Test worker] DEBUG net.thucydides.core.steps.StepInterceptor -- STARTING STEP: PurchaseFlowE2EStepDefinitions.thatUserAccessSuccessfullyToThe - {0} opens the browser at #url
18:45:57.290 [Test worker] INFO net.serenitybdd.core.webdriver.driverproviders.DriverProvider -- Using WebDriverManager configuration for chrome
18:45:57.290 [Test worker] DEBUG io.github.bonigarcia.wdm.WebDriverManager -- Using WebDriverManager 5.8.0
18:45:57.354 [Test worker] DEBUG io.github.bonigarcia.wdm.cache.ResolutionCache -- Resolution chrome=123 in cache (valid until 19:27:08 11/04/2024 COT)
18:45:57.354 [Test worker] DEBUG io.github.bonigarcia.wdm.cache.ResolutionCache -- Resolution chrome123=123.0.6312.122 in cache (valid until 14:47:41 12/04/2024 COT)
18:45:57.354 [Test worker] INFO io.github.bonigarcia.wdm.WebDriverManager -- Using chromedriver 123.0.6312.122 (resolved driver for Chrome 123)
18:45:57.354 [Test worker] DEBUG io.github.bonigarcia.wdm.WebDriverManager -- Driver chromedriver 123.0.6312.122 found in cache
18:45:57.369 [Test worker] INFO io.github.bonigarcia.wdm.WebDriverManager -- Exporting webdriver.chrome.driver as C:\Users\kguer\.cache\selenium\chromedriver\win64\123.0.6312.122\chromedriver.exe
18:45:57.447 [Test worker] INFO net.serenitybdd.core.webdriver.driverproviders.ChromeDriverProvider -- Starting Chrome driver instance with capabilities:
18:45:57.463 [Test worker] INFO net.serenitybdd.core.webdriver.driverproviders.ChromeDriverProvider -- Capabilities {acceptInsecureCerts: true, browserName: chrome, goog:chromeOptions: {args: [start-maximized, start-maximized, remote-allow-origins=*], extensions: []}}
18:45:57.558 [Test worker] DEBUG io.netty.util.internal.logging.InternalLoggerFactory -- Using SLF4J as the default logging framework
18:45:57.558 [Test worker] DEBUG io.netty.util.ResourceLeakDetector -- -Dio.netty.leakDetection.level: simple
18:45:57.558 [Test worker] DEBUG io.netty.util.ResourceLeakDetector -- -Dio.netty.leakDetection.targetRecords: 4
18:45:57.574 [Test worker] DEBUG io.netty.util.ResourceLeakDetectorFactory -- Loaded default ResourceLeakDetector: io.netty.util.ResourceLeakDetector@55877274
18:45:57.590 [Test worker] DEBUG io.netty.util.internal.PlatformDependent0 -- -Dio.netty.noUnsafe: false
18:45:57.590 [Test worker] DEBUG io.netty.util.internal.PlatformDependent0 -- Java version: 11
18:45:57.606 [Test worker] DEBUG io.netty.util.internal.PlatformDependent0 -- sun.misc.Unsafe.theUnsafe: available
18:45:57.606 [Test worker] DEBUG io.netty.util.internal.PlatformDependent0 -- sun.misc.Unsafe.copyMemory: available
18:45:57.606 [Test worker] DEBUG io.netty.util.internal.PlatformDependent0 -- sun.misc.Unsafe.storeFence: available
18:45:57.606 [Test worker] DEBUG io.netty.util.internal.PlatformDependent0 -- java.nio.Buffer.address: available
18:45:57.606 [Test worker] DEBUG io.netty.util.internal.PlatformDependent0 -- direct buffer constructor: unavailable: Reflective setAccessible(true) disabled
18:45:57.606 [Test worker] DEBUG io.netty.util.internal.PlatformDependent0 -- java.nio.Bits.unaligned: available, true
18:45:57.606 [Test worker] DEBUG io.netty.util.internal.PlatformDependent0 -- jdk.internal.misc.Unsafe.allocateUninitializedArray(int): unavailable: class io.netty.util.internal.PlatformDependent0$7 cannot access class jdk.internal.misc.Unsafe (in module java.base) because module java.base does not export jdk.internal.misc to unnamed module @1d035be3
18:45:57.606 [Test worker] DEBUG io.netty.util.internal.PlatformDependent0 -- java.nio.DirectByteBuffer.<init>(long, int): unavailable
18:45:57.606 [Test worker] DEBUG io.netty.util.internal.PlatformDependent -- sun.misc.Unsafe: available
18:45:57.621 [Test worker] DEBUG io.netty.util.internal.PlatformDependent -- maxDirectMemory: 536870912 bytes (maybe)
18:45:57.621 [Test worker] DEBUG io.netty.util.internal.PlatformDependent -- -Dio.netty.tmpdir: C:\Users\kguer\AppData\Local\Temp (java.io.tmpdir)
18:45:57.621 [Test worker] DEBUG io.netty.util.internal.PlatformDependent -- -Dio.netty.bitMode: 64 (sun.arch.data.model)
18:45:57.637 [Test worker] DEBUG io.netty.util.internal.PlatformDependent -- Platform: Windows
18:45:57.637 [Test worker] DEBUG io.netty.util.internal.PlatformDependent -- -Dio.netty.maxDirectMemory: -1 bytes
18:45:57.637 [Test worker] DEBUG io.netty.util.internal.PlatformDependent -- -Dio.netty.uninitializedArrayAllocationThreshold: -1
18:45:57.637 [Test worker] DEBUG io.netty.util.internal.CleanerJava9 -- java.nio.ByteBuffer.cleaner(): available
18:45:57.637 [Test worker] DEBUG io.netty.util.internal.PlatformDependent -- -Dio.netty.noPreferDirect: false
18:45:57.643 [Test worker] DEBUG io.netty.util.internal.PlatformDependent -- org.jctools-core.MpscChunkedArrayQueue: available
18:45:57.669 [Test worker] DEBUG io.netty.util.internal.InternalThreadLocalMap -- -Dio.netty.threadLocalMap.stringBuilder.initialSize: 1024
18:45:57.669 [Test worker] DEBUG io.netty.util.internal.InternalThreadLocalMap -- -Dio.netty.threadLocalMap.stringBuilder.maxSize: 4096
18:45:57.716 [Test worker] DEBUG io.netty.handler.ssl.JdkSslContext -- Default protocols (JDK): [TLSv1.3, TLSv1.2] 
18:45:57.716 [Test worker] DEBUG io.netty.handler.ssl.JdkSslContext -- Default cipher suites (JDK): [TLS_ECDHE_ECDSA_WITH_AES_256_GCM_SHA384, TLS_ECDHE_ECDSA_WITH_AES_128_GCM_SHA256, TLS_ECDHE_RSA_WITH_AES_128_GCM_SHA256, TLS_ECDHE_RSA_WITH_AES_256_GCM_SHA384, TLS_ECDHE_RSA_WITH_AES_128_CBC_SHA, TLS_ECDHE_RSA_WITH_AES_256_CBC_SHA, TLS_RSA_WITH_AES_128_GCM_SHA256, TLS_RSA_WITH_AES_128_CBC_SHA, TLS_RSA_WITH_AES_256_CBC_SHA, TLS_AES_128_GCM_SHA256, TLS_AES_256_GCM_SHA384]
18:45:57.747 [Test worker] DEBUG io.netty.util.concurrent.GlobalEventExecutor -- -Dio.netty.globalEventExecutor.quietPeriodSeconds: 1
18:45:57.763 [Test worker] DEBUG io.netty.channel.MultithreadEventLoopGroup -- -Dio.netty.eventLoopThreads: 16
18:45:57.779 [Test worker] DEBUG io.netty.channel.nio.NioEventLoop -- -Dio.netty.noKeySetOptimization: false
18:45:57.779 [Test worker] DEBUG io.netty.channel.nio.NioEventLoop -- -Dio.netty.selectorAutoRebuildThreshold: 512
18:45:57.825 [Test worker] DEBUG io.netty.buffer.PooledByteBufAllocator -- -Dio.netty.allocator.numHeapArenas: 1
18:45:57.825 [Test worker] DEBUG io.netty.buffer.PooledByteBufAllocator -- -Dio.netty.allocator.numDirectArenas: 1
18:45:57.825 [Test worker] DEBUG io.netty.buffer.PooledByteBufAllocator -- -Dio.netty.allocator.pageSize: 8192
18:45:57.825 [Test worker] DEBUG io.netty.buffer.PooledByteBufAllocator -- -Dio.netty.allocator.maxOrder: 9
18:45:57.825 [Test worker] DEBUG io.netty.buffer.PooledByteBufAllocator -- -Dio.netty.allocator.chunkSize: 4194304
18:45:57.825 [Test worker] DEBUG io.netty.buffer.PooledByteBufAllocator -- -Dio.netty.allocator.smallCacheSize: 256
18:45:57.825 [Test worker] DEBUG io.netty.buffer.PooledByteBufAllocator -- -Dio.netty.allocator.normalCacheSize: 64
18:45:57.825 [Test worker] DEBUG io.netty.buffer.PooledByteBufAllocator -- -Dio.netty.allocator.maxCachedBufferCapacity: 32768
18:45:57.825 [Test worker] DEBUG io.netty.buffer.PooledByteBufAllocator -- -Dio.netty.allocator.cacheTrimInterval: 8192
18:45:57.825 [Test worker] DEBUG io.netty.buffer.PooledByteBufAllocator -- -Dio.netty.allocator.cacheTrimIntervalMillis: 600000
18:45:57.825 [Test worker] DEBUG io.netty.buffer.PooledByteBufAllocator -- -Dio.netty.allocator.useCacheForAllThreads: false
18:45:57.825 [Test worker] DEBUG io.netty.buffer.PooledByteBufAllocator -- -Dio.netty.allocator.maxCachedByteBuffersPerChunk: 1023
18:45:57.844 [Test worker] DEBUG io.netty.buffer.ByteBufUtil -- -Dio.netty.allocator.type: pooled
18:45:57.844 [Test worker] DEBUG io.netty.buffer.ByteBufUtil -- -Dio.netty.threadLocalDirectBufferSize: 0
18:45:57.844 [Test worker] DEBUG io.netty.buffer.ByteBufUtil -- -Dio.netty.maxThreadLocalCharBufferSize: 16384
18:45:58.272 [Forwarding newSession on session null to remote] DEBUG io.netty.channel.DefaultChannelId -- -Dio.netty.processId: 15447 (user-set)
18:45:58.272 [Forwarding newSession on session null to remote] DEBUG io.netty.channel.DefaultChannelId -- -Dio.netty.machineId: 28:f0:76:ff:fe:16:65:0e (user-set)
18:45:58.350 [AsyncHttpClient-1-2] DEBUG io.netty.buffer.AbstractByteBuf -- -Dio.netty.buffer.checkAccessible: true
18:45:58.350 [AsyncHttpClient-1-2] DEBUG io.netty.buffer.AbstractByteBuf -- -Dio.netty.buffer.checkBounds: true
18:45:58.350 [AsyncHttpClient-1-2] DEBUG io.netty.util.ResourceLeakDetectorFactory -- Loaded default ResourceLeakDetector: io.netty.util.ResourceLeakDetector@6909d577
18:45:58.383 [AsyncHttpClient-1-2] DEBUG org.asynchttpclient.netty.channel.NettyConnectListener -- Using new Channel '[id: 0x1d483681, L:/127.0.0.1:51948 - R:localhost/127.0.0.1:18862]' for 'POST' to '/session'
18:45:58.413 [AsyncHttpClient-1-2] DEBUG io.netty.util.Recycler -- -Dio.netty.recycler.maxCapacityPerThread: 4096
18:45:58.413 [AsyncHttpClient-1-2] DEBUG io.netty.util.Recycler -- -Dio.netty.recycler.ratio: 8
18:45:58.413 [AsyncHttpClient-1-2] DEBUG io.netty.util.Recycler -- -Dio.netty.recycler.chunkSize: 32
18:45:58.413 [AsyncHttpClient-1-2] DEBUG io.netty.util.Recycler -- -Dio.netty.recycler.blocking: false
18:45:58.413 [AsyncHttpClient-1-2] DEBUG io.netty.util.Recycler -- -Dio.netty.recycler.batchFastThreadLocalOnly: true
18:45:59.625 [AsyncHttpClient-1-2] DEBUG io.netty.handler.codec.compression.Brotli -- brotli4j not in the classpath; Brotli support will be unavailable.
18:45:59.625 [AsyncHttpClient-1-2] DEBUG org.asynchttpclient.netty.handler.HttpHandler -- 

Request DefaultHttpRequest(decodeResult: success, version: HTTP/1.1)
POST /session HTTP/1.1
User-Agent: selenium/4.9.0 (java windows)
Content-Length: 351
Content-Type: application/json; charset=utf-8
host: localhost:18862
accept: */*

Response DefaultHttpResponse(decodeResult: success, version: HTTP/1.1)
HTTP/1.1 200 OK
Content-Length: 881
Content-Type: application/json; charset=utf-8
cache-control: no-cache

18:45:59.645 [AsyncHttpClient-1-2] DEBUG org.asynchttpclient.netty.channel.ChannelManager -- Adding key: http://localhost:18862 for channel [id: 0x1d483681, L:/127.0.0.1:51948 - R:localhost/127.0.0.1:18862]
18:45:59.740 [AsyncHttpClient-1-3] DEBUG org.asynchttpclient.netty.channel.NettyConnectListener -- Using new Channel '[id: 0x51dc01f3, L:/127.0.0.1:51965 - R:localhost/127.0.0.1:51952]' for 'GET' to '/json/version'
18:45:59.740 [AsyncHttpClient-1-3] DEBUG org.asynchttpclient.netty.handler.HttpHandler -- 

Request DefaultFullHttpRequest(decodeResult: success, version: HTTP/1.1, content: EmptyByteBufBE)
GET /json/version HTTP/1.1
User-Agent: selenium/4.9.0 (java windows)
host: localhost:51952
accept: */*

Response DefaultHttpResponse(decodeResult: success, version: HTTP/1.1)
HTTP/1.1 200 OK
Content-Security-Policy: frame-ancestors 'none'
Content-Length: 424
Content-Type: application/json; charset=UTF-8

18:45:59.740 [AsyncHttpClient-1-3] DEBUG org.asynchttpclient.netty.channel.ChannelManager -- Adding key: http://localhost:51952 for channel [id: 0x51dc01f3, L:/127.0.0.1:51965 - R:localhost/127.0.0.1:51952]
18:45:59.745 [Test worker] DEBUG io.netty.util.internal.ThreadLocalRandom -- -Dio.netty.initialSeedUniquifier: 0x8fe235509ad8c3b8
18:45:59.745 [AsyncHttpClient-1-4] DEBUG org.asynchttpclient.netty.channel.NettyConnectListener -- Using new Channel '[id: 0xe2fa0c23, L:/127.0.0.1:51966 - R:localhost/127.0.0.1:51952]' for 'GET' to '/devtools/browser/ab460f1e-a005-44ff-8ab5-f8c38ae16fab'
18:45:59.756 [AsyncHttpClient-1-4] DEBUG org.asynchttpclient.netty.handler.WebSocketHandler -- 

Request DefaultFullHttpRequest(decodeResult: success, version: HTTP/1.1, content: EmptyByteBufBE)
GET /devtools/browser/ab460f1e-a005-44ff-8ab5-f8c38ae16fab HTTP/1.1
upgrade: websocket
connection: upgrade
sec-websocket-key: EY4S/lbP73x2LmeAKOV9dg==
sec-websocket-version: 13
origin: http://localhost:51952
host: localhost:51952
accept: */*
user-agent: AHC/2.1

Response DefaultHttpResponse(decodeResult: success, version: HTTP/1.1)
HTTP/1.1 101 WebSocket Protocol Handshake
Upgrade: WebSocket
Connection: Upgrade
Sec-WebSocket-Accept: raFZgikmDGJ9M/x5XyJf53agi/8=

18:45:59.866 [AsyncHttpClient-1-1] DEBUG org.asynchttpclient.netty.channel.DefaultChannelPool -- Entry count for : http://localhost:51952 : 1
18:45:59.866 [AsyncHttpClient-1-1] DEBUG org.asynchttpclient.netty.channel.DefaultChannelPool -- Entry count for : http://localhost:18862 : 1
18:45:59.866 [Forwarding get on session 0cb16b85fd54d24cec88c6f1e9eb2ebd to remote] DEBUG org.asynchttpclient.netty.request.NettyRequestSender -- Using pooled Channel '[id: 0x1d483681, L:/127.0.0.1:51948 - R:localhost/127.0.0.1:18862]' for 'POST' to 'http://localhost:18862/session/0cb16b85fd54d24cec88c6f1e9eb2ebd/url'
18:45:59.882 [Forwarding get on session 0cb16b85fd54d24cec88c6f1e9eb2ebd to remote] DEBUG org.asynchttpclient.netty.request.NettyRequestSender -- Using open Channel [id: 0x1d483681, L:/127.0.0.1:51948 - R:localhost/127.0.0.1:18862] for POST '/session/0cb16b85fd54d24cec88c6f1e9eb2ebd/url'
18:46:00.957 [AsyncHttpClient-1-1] DEBUG org.asynchttpclient.netty.channel.DefaultChannelPool -- Entry count for : http://localhost:51952 : 1
18:46:02.071 [AsyncHttpClient-1-1] DEBUG org.asynchttpclient.netty.channel.DefaultChannelPool -- Entry count for : http://localhost:51952 : 1
18:46:03.157 [AsyncHttpClient-1-1] DEBUG org.asynchttpclient.netty.channel.DefaultChannelPool -- Entry count for : http://localhost:51952 : 1
18:46:03.694 [AsyncHttpClient-1-2] DEBUG org.asynchttpclient.netty.handler.HttpHandler -- 

Request DefaultHttpRequest(decodeResult: success, version: HTTP/1.1)
POST /session/0cb16b85fd54d24cec88c6f1e9eb2ebd/url HTTP/1.1
User-Agent: selenium/4.9.0 (java windows)
Content-Length: 56
Content-Type: application/json; charset=utf-8
host: localhost:18862
accept: */*

Response DefaultHttpResponse(decodeResult: success, version: HTTP/1.1)
HTTP/1.1 200 OK
Content-Length: 14
Content-Type: application/json; charset=utf-8
cache-control: no-cache

18:46:03.695 [AsyncHttpClient-1-2] DEBUG org.asynchttpclient.netty.channel.ChannelManager -- Adding key: http://localhost:18862 for channel [id: 0x1d483681, L:/127.0.0.1:51948 - R:localhost/127.0.0.1:18862]
18:46:03.702 [Forwarding setTimeout on session 0cb16b85fd54d24cec88c6f1e9eb2ebd to remote] DEBUG org.asynchttpclient.netty.request.NettyRequestSender -- Using pooled Channel '[id: 0x1d483681, L:/127.0.0.1:51948 - R:localhost/127.0.0.1:18862]' for 'POST' to 'http://localhost:18862/session/0cb16b85fd54d24cec88c6f1e9eb2ebd/timeouts'
18:46:03.702 [Forwarding setTimeout on session 0cb16b85fd54d24cec88c6f1e9eb2ebd to remote] DEBUG org.asynchttpclient.netty.request.NettyRequestSender -- Using open Channel [id: 0x1d483681, L:/127.0.0.1:51948 - R:localhost/127.0.0.1:18862] for POST '/session/0cb16b85fd54d24cec88c6f1e9eb2ebd/timeouts'
18:46:03.704 [AsyncHttpClient-1-2] DEBUG org.asynchttpclient.netty.handler.HttpHandler -- 

Request DefaultHttpRequest(decodeResult: success, version: HTTP/1.1)
POST /session/0cb16b85fd54d24cec88c6f1e9eb2ebd/timeouts HTTP/1.1
User-Agent: selenium/4.9.0 (java windows)
Content-Length: 22
Content-Type: application/json; charset=utf-8
host: localhost:18862
accept: */*

Response DefaultHttpResponse(decodeResult: success, version: HTTP/1.1)
HTTP/1.1 200 OK
Content-Length: 14
Content-Type: application/json; charset=utf-8
cache-control: no-cache

18:46:03.705 [AsyncHttpClient-1-2] DEBUG org.asynchttpclient.netty.channel.ChannelManager -- Adding key: http://localhost:18862 for channel [id: 0x1d483681, L:/127.0.0.1:51948 - R:localhost/127.0.0.1:18862]
18:46:03.759 [Test worker] DEBUG net.serenitybdd.core.photography.Darkroom -- Opening darkroom
18:46:03.759 [Darkroom Processing Line] DEBUG net.serenitybdd.core.photography.DarkroomProcessingLine -- Darkroom processing line starting up
18:46:03.809 [Forwarding getAlertText on session 0cb16b85fd54d24cec88c6f1e9eb2ebd to remote] DEBUG org.asynchttpclient.netty.request.NettyRequestSender -- Using pooled Channel '[id: 0x1d483681, L:/127.0.0.1:51948 - R:localhost/127.0.0.1:18862]' for 'GET' to 'http://localhost:18862/session/0cb16b85fd54d24cec88c6f1e9eb2ebd/alert/text'
18:46:03.809 [Forwarding getAlertText on session 0cb16b85fd54d24cec88c6f1e9eb2ebd to remote] DEBUG org.asynchttpclient.netty.request.NettyRequestSender -- Using open Channel [id: 0x1d483681, L:/127.0.0.1:51948 - R:localhost/127.0.0.1:18862] for GET '/session/0cb16b85fd54d24cec88c6f1e9eb2ebd/alert/text'
18:46:03.809 [AsyncHttpClient-1-2] DEBUG org.asynchttpclient.netty.handler.HttpHandler -- 

Request DefaultFullHttpRequest(decodeResult: success, version: HTTP/1.1, content: EmptyByteBufBE)
GET /session/0cb16b85fd54d24cec88c6f1e9eb2ebd/alert/text HTTP/1.1
User-Agent: selenium/4.9.0 (java windows)
Cache-Control: no-cache
Content-Type: application/json; charset=utf-8
host: localhost:18862
accept: */*

Response DefaultHttpResponse(decodeResult: success, version: HTTP/1.1)
HTTP/1.1 404 Not Found
Content-Length: 926
Content-Type: application/json; charset=utf-8
cache-control: no-cache

18:46:03.809 [AsyncHttpClient-1-2] DEBUG org.asynchttpclient.netty.channel.ChannelManager -- Adding key: http://localhost:18862 for channel [id: 0x1d483681, L:/127.0.0.1:51948 - R:localhost/127.0.0.1:18862]
18:46:03.826 [Forwarding getCurrentUrl on session 0cb16b85fd54d24cec88c6f1e9eb2ebd to remote] DEBUG org.asynchttpclient.netty.request.NettyRequestSender -- Using pooled Channel '[id: 0x1d483681, L:/127.0.0.1:51948 - R:localhost/127.0.0.1:18862]' for 'GET' to 'http://localhost:18862/session/0cb16b85fd54d24cec88c6f1e9eb2ebd/url'
18:46:03.827 [Forwarding getCurrentUrl on session 0cb16b85fd54d24cec88c6f1e9eb2ebd to remote] DEBUG org.asynchttpclient.netty.request.NettyRequestSender -- Using open Channel [id: 0x1d483681, L:/127.0.0.1:51948 - R:localhost/127.0.0.1:18862] for GET '/session/0cb16b85fd54d24cec88c6f1e9eb2ebd/url'
18:46:03.837 [AsyncHttpClient-1-2] DEBUG org.asynchttpclient.netty.handler.HttpHandler -- 

Request DefaultFullHttpRequest(decodeResult: success, version: HTTP/1.1, content: EmptyByteBufBE)
GET /session/0cb16b85fd54d24cec88c6f1e9eb2ebd/url HTTP/1.1
User-Agent: selenium/4.9.0 (java windows)
Cache-Control: no-cache
Content-Type: application/json; charset=utf-8
host: localhost:18862
accept: */*

Response DefaultHttpResponse(decodeResult: success, version: HTTP/1.1)
HTTP/1.1 200 OK
Content-Length: 38
Content-Type: application/json; charset=utf-8
cache-control: no-cache

18:46:03.837 [AsyncHttpClient-1-2] DEBUG org.asynchttpclient.netty.channel.ChannelManager -- Adding key: http://localhost:18862 for channel [id: 0x1d483681, L:/127.0.0.1:51948 - R:localhost/127.0.0.1:18862]
18:46:03.842 [Forwarding screenshot on session 0cb16b85fd54d24cec88c6f1e9eb2ebd to remote] DEBUG org.asynchttpclient.netty.request.NettyRequestSender -- Using pooled Channel '[id: 0x1d483681, L:/127.0.0.1:51948 - R:localhost/127.0.0.1:18862]' for 'GET' to 'http://localhost:18862/session/0cb16b85fd54d24cec88c6f1e9eb2ebd/screenshot'
18:46:03.842 [Forwarding screenshot on session 0cb16b85fd54d24cec88c6f1e9eb2ebd to remote] DEBUG org.asynchttpclient.netty.request.NettyRequestSender -- Using open Channel [id: 0x1d483681, L:/127.0.0.1:51948 - R:localhost/127.0.0.1:18862] for GET '/session/0cb16b85fd54d24cec88c6f1e9eb2ebd/screenshot'
18:46:03.982 [AsyncHttpClient-1-2] DEBUG org.asynchttpclient.netty.handler.HttpHandler -- 

Request DefaultFullHttpRequest(decodeResult: success, version: HTTP/1.1, content: EmptyByteBufBE)
GET /session/0cb16b85fd54d24cec88c6f1e9eb2ebd/screenshot HTTP/1.1
User-Agent: selenium/4.9.0 (java windows)
Cache-Control: no-cache
Content-Type: application/json; charset=utf-8
host: localhost:18862
accept: */*

Response DefaultHttpResponse(decodeResult: success, version: HTTP/1.1)
HTTP/1.1 200 OK
Content-Length: 284412
Content-Type: application/json; charset=utf-8
cache-control: no-cache

18:46:03.994 [AsyncHttpClient-1-2] DEBUG org.asynchttpclient.netty.channel.ChannelManager -- Adding key: http://localhost:18862 for channel [id: 0x1d483681, L:/127.0.0.1:51948 - R:localhost/127.0.0.1:18862]
18:46:04.103 [Test worker] DEBUG net.serenitybdd.core.photography.Darkroom -- Send negative for processing for C:\Users\kguer\IdeaProjects\retoDemoBlaze\target\site\serenity\e79158ac5e42daffed2122642b8536ee008e24d899d29b5b6b3b28f044cef44d.png
18:46:04.103 [Darkroom Processing Line] DEBUG net.serenitybdd.core.photography.DarkroomProcessingLine -- Processing screenshot image in /var/screenshots/screenshot-6206559387178085706
18:46:04.103 [Darkroom Processing Line] DEBUG net.serenitybdd.core.photography.DarkroomProcessingLine -- Saving screenshot to C:\Users\kguer\IdeaProjects\retoDemoBlaze\target\site\serenity\e79158ac5e42daffed2122642b8536ee008e24d899d29b5b6b3b28f044cef44d.png
18:46:04.117 [Test worker] DEBUG net.thucydides.core.steps.StepInterceptor -- STEP DONE: {0} opens the browser at #url
18:46:04.171 [Forwarding getAlertText on session 0cb16b85fd54d24cec88c6f1e9eb2ebd to remote] DEBUG org.asynchttpclient.netty.request.NettyRequestSender -- Using pooled Channel '[id: 0x1d483681, L:/127.0.0.1:51948 - R:localhost/127.0.0.1:18862]' for 'GET' to 'http://localhost:18862/session/0cb16b85fd54d24cec88c6f1e9eb2ebd/alert/text'
18:46:04.171 [Forwarding getAlertText on session 0cb16b85fd54d24cec88c6f1e9eb2ebd to remote] DEBUG org.asynchttpclient.netty.request.NettyRequestSender -- Using open Channel [id: 0x1d483681, L:/127.0.0.1:51948 - R:localhost/127.0.0.1:18862] for GET '/session/0cb16b85fd54d24cec88c6f1e9eb2ebd/alert/text'
18:46:04.171 [AsyncHttpClient-1-2] DEBUG org.asynchttpclient.netty.handler.HttpHandler -- 

Request DefaultFullHttpRequest(decodeResult: success, version: HTTP/1.1, content: EmptyByteBufBE)
GET /session/0cb16b85fd54d24cec88c6f1e9eb2ebd/alert/text HTTP/1.1
User-Agent: selenium/4.9.0 (java windows)
Cache-Control: no-cache
Content-Type: application/json; charset=utf-8
host: localhost:18862
accept: */*

Response DefaultHttpResponse(decodeResult: success, version: HTTP/1.1)
HTTP/1.1 404 Not Found
Content-Length: 926
Content-Type: application/json; charset=utf-8
cache-control: no-cache

18:46:04.171 [AsyncHttpClient-1-2] DEBUG org.asynchttpclient.netty.channel.ChannelManager -- Adding key: http://localhost:18862 for channel [id: 0x1d483681, L:/127.0.0.1:51948 - R:localhost/127.0.0.1:18862]
18:46:04.171 [Forwarding getCurrentUrl on session 0cb16b85fd54d24cec88c6f1e9eb2ebd to remote] DEBUG org.asynchttpclient.netty.request.NettyRequestSender -- Using pooled Channel '[id: 0x1d483681, L:/127.0.0.1:51948 - R:localhost/127.0.0.1:18862]' for 'GET' to 'http://localhost:18862/session/0cb16b85fd54d24cec88c6f1e9eb2ebd/url'
18:46:04.171 [Forwarding getCurrentUrl on session 0cb16b85fd54d24cec88c6f1e9eb2ebd to remote] DEBUG org.asynchttpclient.netty.request.NettyRequestSender -- Using open Channel [id: 0x1d483681, L:/127.0.0.1:51948 - R:localhost/127.0.0.1:18862] for GET '/session/0cb16b85fd54d24cec88c6f1e9eb2ebd/url'
18:46:04.188 [AsyncHttpClient-1-2] DEBUG org.asynchttpclient.netty.handler.HttpHandler -- 

Request DefaultFullHttpRequest(decodeResult: success, version: HTTP/1.1, content: EmptyByteBufBE)
GET /session/0cb16b85fd54d24cec88c6f1e9eb2ebd/url HTTP/1.1
User-Agent: selenium/4.9.0 (java windows)
Cache-Control: no-cache
Content-Type: application/json; charset=utf-8
host: localhost:18862
accept: */*

Response DefaultHttpResponse(decodeResult: success, version: HTTP/1.1)
HTTP/1.1 200 OK
Content-Length: 38
Content-Type: application/json; charset=utf-8
cache-control: no-cache

18:46:04.188 [AsyncHttpClient-1-2] DEBUG org.asynchttpclient.netty.channel.ChannelManager -- Adding key: http://localhost:18862 for channel [id: 0x1d483681, L:/127.0.0.1:51948 - R:localhost/127.0.0.1:18862]
18:46:04.190 [Forwarding screenshot on session 0cb16b85fd54d24cec88c6f1e9eb2ebd to remote] DEBUG org.asynchttpclient.netty.request.NettyRequestSender -- Using pooled Channel '[id: 0x1d483681, L:/127.0.0.1:51948 - R:localhost/127.0.0.1:18862]' for 'GET' to 'http://localhost:18862/session/0cb16b85fd54d24cec88c6f1e9eb2ebd/screenshot'
18:46:04.191 [Forwarding screenshot on session 0cb16b85fd54d24cec88c6f1e9eb2ebd to remote] DEBUG org.asynchttpclient.netty.request.NettyRequestSender -- Using open Channel [id: 0x1d483681, L:/127.0.0.1:51948 - R:localhost/127.0.0.1:18862] for GET '/session/0cb16b85fd54d24cec88c6f1e9eb2ebd/screenshot'
18:46:04.257 [AsyncHttpClient-1-1] DEBUG org.asynchttpclient.netty.channel.DefaultChannelPool -- Entry count for : http://localhost:51952 : 1
18:46:04.340 [AsyncHttpClient-1-2] DEBUG org.asynchttpclient.netty.handler.HttpHandler -- 

Request DefaultFullHttpRequest(decodeResult: success, version: HTTP/1.1, content: EmptyByteBufBE)
GET /session/0cb16b85fd54d24cec88c6f1e9eb2ebd/screenshot HTTP/1.1
User-Agent: selenium/4.9.0 (java windows)
Cache-Control: no-cache
Content-Type: application/json; charset=utf-8
host: localhost:18862
accept: */*

Response DefaultHttpResponse(decodeResult: success, version: HTTP/1.1)
HTTP/1.1 200 OK
Content-Length: 284412
Content-Type: application/json; charset=utf-8
cache-control: no-cache

18:46:04.350 [AsyncHttpClient-1-2] DEBUG org.asynchttpclient.netty.channel.ChannelManager -- Adding key: http://localhost:18862 for channel [id: 0x1d483681, L:/127.0.0.1:51948 - R:localhost/127.0.0.1:18862]
18:46:04.356 [Test worker] DEBUG net.serenitybdd.core.photography.Darkroom -- Send negative for processing for C:\Users\kguer\IdeaProjects\retoDemoBlaze\target\site\serenity\e79158ac5e42daffed2122642b8536ee008e24d899d29b5b6b3b28f044cef44d.png
18:46:04.356 [Forwarding getPageSource on session 0cb16b85fd54d24cec88c6f1e9eb2ebd to remote] DEBUG org.asynchttpclient.netty.request.NettyRequestSender -- Using pooled Channel '[id: 0x1d483681, L:/127.0.0.1:51948 - R:localhost/127.0.0.1:18862]' for 'POST' to 'http://localhost:18862/session/0cb16b85fd54d24cec88c6f1e9eb2ebd/execute/sync'
18:46:04.356 [Forwarding getPageSource on session 0cb16b85fd54d24cec88c6f1e9eb2ebd to remote] DEBUG org.asynchttpclient.netty.request.NettyRequestSender -- Using open Channel [id: 0x1d483681, L:/127.0.0.1:51948 - R:localhost/127.0.0.1:18862] for POST '/session/0cb16b85fd54d24cec88c6f1e9eb2ebd/execute/sync'
18:46:04.372 [AsyncHttpClient-1-2] DEBUG org.asynchttpclient.netty.handler.HttpHandler -- 

Request DefaultHttpRequest(decodeResult: success, version: HTTP/1.1)
POST /session/0cb16b85fd54d24cec88c6f1e9eb2ebd/execute/sync HTTP/1.1
User-Agent: selenium/4.9.0 (java windows)
Content-Length: 176
Content-Type: application/json; charset=utf-8
host: localhost:18862
accept: */*

Response DefaultHttpResponse(decodeResult: success, version: HTTP/1.1)
HTTP/1.1 200 OK
Content-Length: 57183
Content-Type: application/json; charset=utf-8
cache-control: no-cache

18:46:04.372 [AsyncHttpClient-1-2] DEBUG org.asynchttpclient.netty.channel.ChannelManager -- Adding key: http://localhost:18862 for channel [id: 0x1d483681, L:/127.0.0.1:51948 - R:localhost/127.0.0.1:18862]
18:46:04.578 [Forwarding getCurrentUrl on session 0cb16b85fd54d24cec88c6f1e9eb2ebd to remote] DEBUG org.asynchttpclient.netty.request.NettyRequestSender -- Using pooled Channel '[id: 0x1d483681, L:/127.0.0.1:51948 - R:localhost/127.0.0.1:18862]' for 'GET' to 'http://localhost:18862/session/0cb16b85fd54d24cec88c6f1e9eb2ebd/url'
18:46:04.578 [Forwarding getCurrentUrl on session 0cb16b85fd54d24cec88c6f1e9eb2ebd to remote] DEBUG org.asynchttpclient.netty.request.NettyRequestSender -- Using open Channel [id: 0x1d483681, L:/127.0.0.1:51948 - R:localhost/127.0.0.1:18862] for GET '/session/0cb16b85fd54d24cec88c6f1e9eb2ebd/url'
18:46:04.583 [AsyncHttpClient-1-2] DEBUG org.asynchttpclient.netty.handler.HttpHandler -- 

Request DefaultFullHttpRequest(decodeResult: success, version: HTTP/1.1, content: EmptyByteBufBE)
GET /session/0cb16b85fd54d24cec88c6f1e9eb2ebd/url HTTP/1.1
User-Agent: selenium/4.9.0 (java windows)
Cache-Control: no-cache
Content-Type: application/json; charset=utf-8
host: localhost:18862
accept: */*

Response DefaultHttpResponse(decodeResult: success, version: HTTP/1.1)
HTTP/1.1 200 OK
Content-Length: 38
Content-Type: application/json; charset=utf-8
cache-control: no-cache

18:46:04.583 [AsyncHttpClient-1-2] DEBUG org.asynchttpclient.netty.channel.ChannelManager -- Adding key: http://localhost:18862 for channel [id: 0x1d483681, L:/127.0.0.1:51948 - R:localhost/127.0.0.1:18862]
18:46:04.674 [Forwarding getAlertText on session 0cb16b85fd54d24cec88c6f1e9eb2ebd to remote] DEBUG org.asynchttpclient.netty.request.NettyRequestSender -- Using pooled Channel '[id: 0x1d483681, L:/127.0.0.1:51948 - R:localhost/127.0.0.1:18862]' for 'GET' to 'http://localhost:18862/session/0cb16b85fd54d24cec88c6f1e9eb2ebd/alert/text'
18:46:04.674 [Forwarding getAlertText on session 0cb16b85fd54d24cec88c6f1e9eb2ebd to remote] DEBUG org.asynchttpclient.netty.request.NettyRequestSender -- Using open Channel [id: 0x1d483681, L:/127.0.0.1:51948 - R:localhost/127.0.0.1:18862] for GET '/session/0cb16b85fd54d24cec88c6f1e9eb2ebd/alert/text'
18:46:04.674 [AsyncHttpClient-1-2] DEBUG org.asynchttpclient.netty.handler.HttpHandler -- 

Request DefaultFullHttpRequest(decodeResult: success, version: HTTP/1.1, content: EmptyByteBufBE)
GET /session/0cb16b85fd54d24cec88c6f1e9eb2ebd/alert/text HTTP/1.1
User-Agent: selenium/4.9.0 (java windows)
Cache-Control: no-cache
Content-Type: application/json; charset=utf-8
host: localhost:18862
accept: */*

Response DefaultHttpResponse(decodeResult: success, version: HTTP/1.1)
HTTP/1.1 404 Not Found
Content-Length: 926
Content-Type: application/json; charset=utf-8
cache-control: no-cache

18:46:04.674 [AsyncHttpClient-1-2] DEBUG org.asynchttpclient.netty.channel.ChannelManager -- Adding key: http://localhost:18862 for channel [id: 0x1d483681, L:/127.0.0.1:51948 - R:localhost/127.0.0.1:18862]
18:46:04.674 [Forwarding getCurrentUrl on session 0cb16b85fd54d24cec88c6f1e9eb2ebd to remote] DEBUG org.asynchttpclient.netty.request.NettyRequestSender -- Using pooled Channel '[id: 0x1d483681, L:/127.0.0.1:51948 - R:localhost/127.0.0.1:18862]' for 'GET' to 'http://localhost:18862/session/0cb16b85fd54d24cec88c6f1e9eb2ebd/url'
18:46:04.674 [Forwarding getCurrentUrl on session 0cb16b85fd54d24cec88c6f1e9eb2ebd to remote] DEBUG org.asynchttpclient.netty.request.NettyRequestSender -- Using open Channel [id: 0x1d483681, L:/127.0.0.1:51948 - R:localhost/127.0.0.1:18862] for GET '/session/0cb16b85fd54d24cec88c6f1e9eb2ebd/url'
18:46:04.674 [AsyncHttpClient-1-2] DEBUG org.asynchttpclient.netty.handler.HttpHandler -- 

Request DefaultFullHttpRequest(decodeResult: success, version: HTTP/1.1, content: EmptyByteBufBE)
GET /session/0cb16b85fd54d24cec88c6f1e9eb2ebd/url HTTP/1.1
User-Agent: selenium/4.9.0 (java windows)
Cache-Control: no-cache
Content-Type: application/json; charset=utf-8
host: localhost:18862
accept: */*

Response DefaultHttpResponse(decodeResult: success, version: HTTP/1.1)
HTTP/1.1 200 OK
Content-Length: 38
Content-Type: application/json; charset=utf-8
cache-control: no-cache

18:46:04.674 [AsyncHttpClient-1-2] DEBUG org.asynchttpclient.netty.channel.ChannelManager -- Adding key: http://localhost:18862 for channel [id: 0x1d483681, L:/127.0.0.1:51948 - R:localhost/127.0.0.1:18862]
18:46:04.674 [Forwarding screenshot on session 0cb16b85fd54d24cec88c6f1e9eb2ebd to remote] DEBUG org.asynchttpclient.netty.request.NettyRequestSender -- Using pooled Channel '[id: 0x1d483681, L:/127.0.0.1:51948 - R:localhost/127.0.0.1:18862]' for 'GET' to 'http://localhost:18862/session/0cb16b85fd54d24cec88c6f1e9eb2ebd/screenshot'
18:46:04.674 [Forwarding screenshot on session 0cb16b85fd54d24cec88c6f1e9eb2ebd to remote] DEBUG org.asynchttpclient.netty.request.NettyRequestSender -- Using open Channel [id: 0x1d483681, L:/127.0.0.1:51948 - R:localhost/127.0.0.1:18862] for GET '/session/0cb16b85fd54d24cec88c6f1e9eb2ebd/screenshot'
18:46:04.824 [AsyncHttpClient-1-2] DEBUG org.asynchttpclient.netty.handler.HttpHandler -- 

Request DefaultFullHttpRequest(decodeResult: success, version: HTTP/1.1, content: EmptyByteBufBE)
GET /session/0cb16b85fd54d24cec88c6f1e9eb2ebd/screenshot HTTP/1.1
User-Agent: selenium/4.9.0 (java windows)
Cache-Control: no-cache
Content-Type: application/json; charset=utf-8
host: localhost:18862
accept: */*

Response DefaultHttpResponse(decodeResult: success, version: HTTP/1.1)
HTTP/1.1 200 OK
Content-Length: 308388
Content-Type: application/json; charset=utf-8
cache-control: no-cache

18:46:04.824 [AsyncHttpClient-1-2] DEBUG org.asynchttpclient.netty.channel.ChannelManager -- Adding key: http://localhost:18862 for channel [id: 0x1d483681, L:/127.0.0.1:51948 - R:localhost/127.0.0.1:18862]
18:46:04.839 [Test worker] DEBUG net.serenitybdd.core.photography.Darkroom -- Send negative for processing for C:\Users\kguer\IdeaProjects\retoDemoBlaze\target\site\serenity\b7a86f2a87da27202ec7da09a7fefeffc3f02f68b516f0872ebb3d2de61e4891.png
18:46:04.839 [Darkroom Processing Line] DEBUG net.serenitybdd.core.photography.DarkroomProcessingLine -- Processing screenshot image in /var/screenshots/screenshot-6761114585444363576
18:46:04.839 [Darkroom Processing Line] DEBUG net.serenitybdd.core.photography.DarkroomProcessingLine -- Saving screenshot to C:\Users\kguer\IdeaProjects\retoDemoBlaze\target\site\serenity\b7a86f2a87da27202ec7da09a7fefeffc3f02f68b516f0872ebb3d2de61e4891.png
18:46:04.856 [Forwarding getPageSource on session 0cb16b85fd54d24cec88c6f1e9eb2ebd to remote] DEBUG org.asynchttpclient.netty.request.NettyRequestSender -- Using pooled Channel '[id: 0x1d483681, L:/127.0.0.1:51948 - R:localhost/127.0.0.1:18862]' for 'POST' to 'http://localhost:18862/session/0cb16b85fd54d24cec88c6f1e9eb2ebd/execute/sync'
18:46:04.856 [Forwarding getPageSource on session 0cb16b85fd54d24cec88c6f1e9eb2ebd to remote] DEBUG org.asynchttpclient.netty.request.NettyRequestSender -- Using open Channel [id: 0x1d483681, L:/127.0.0.1:51948 - R:localhost/127.0.0.1:18862] for POST '/session/0cb16b85fd54d24cec88c6f1e9eb2ebd/execute/sync'
18:46:04.883 [AsyncHttpClient-1-2] DEBUG org.asynchttpclient.netty.handler.HttpHandler -- 

Request DefaultHttpRequest(decodeResult: success, version: HTTP/1.1)
POST /session/0cb16b85fd54d24cec88c6f1e9eb2ebd/execute/sync HTTP/1.1
User-Agent: selenium/4.9.0 (java windows)
Content-Length: 176
Content-Type: application/json; charset=utf-8
host: localhost:18862
accept: */*

Response DefaultHttpResponse(decodeResult: success, version: HTTP/1.1)
HTTP/1.1 200 OK
Content-Length: 57562
Content-Type: application/json; charset=utf-8
cache-control: no-cache

18:46:04.884 [AsyncHttpClient-1-2] DEBUG org.asynchttpclient.netty.channel.ChannelManager -- Adding key: http://localhost:18862 for channel [id: 0x1d483681, L:/127.0.0.1:51948 - R:localhost/127.0.0.1:18862]
18:46:04.915 [Forwarding getCurrentUrl on session 0cb16b85fd54d24cec88c6f1e9eb2ebd to remote] DEBUG org.asynchttpclient.netty.request.NettyRequestSender -- Using pooled Channel '[id: 0x1d483681, L:/127.0.0.1:51948 - R:localhost/127.0.0.1:18862]' for 'GET' to 'http://localhost:18862/session/0cb16b85fd54d24cec88c6f1e9eb2ebd/url'
18:46:04.915 [Forwarding getCurrentUrl on session 0cb16b85fd54d24cec88c6f1e9eb2ebd to remote] DEBUG org.asynchttpclient.netty.request.NettyRequestSender -- Using open Channel [id: 0x1d483681, L:/127.0.0.1:51948 - R:localhost/127.0.0.1:18862] for GET '/session/0cb16b85fd54d24cec88c6f1e9eb2ebd/url'
18:46:04.920 [AsyncHttpClient-1-2] DEBUG org.asynchttpclient.netty.handler.HttpHandler -- 

Request DefaultFullHttpRequest(decodeResult: success, version: HTTP/1.1, content: EmptyByteBufBE)
GET /session/0cb16b85fd54d24cec88c6f1e9eb2ebd/url HTTP/1.1
User-Agent: selenium/4.9.0 (java windows)
Cache-Control: no-cache
Content-Type: application/json; charset=utf-8
host: localhost:18862
accept: */*

Response DefaultHttpResponse(decodeResult: success, version: HTTP/1.1)
HTTP/1.1 200 OK
Content-Length: 38
Content-Type: application/json; charset=utf-8
cache-control: no-cache

18:46:04.921 [AsyncHttpClient-1-2] DEBUG org.asynchttpclient.netty.channel.ChannelManager -- Adding key: http://localhost:18862 for channel [id: 0x1d483681, L:/127.0.0.1:51948 - R:localhost/127.0.0.1:18862]
18:46:04.924 [Test worker] DEBUG net.thucydides.core.steps.StepInterceptor -- STARTING STEP: PurchaseFlowE2EStepDefinitions.theUserAddsTwoProductsToTheCart - performAs
18:46:05.035 [Forwarding getAlertText on session 0cb16b85fd54d24cec88c6f1e9eb2ebd to remote] DEBUG org.asynchttpclient.netty.request.NettyRequestSender -- Using pooled Channel '[id: 0x1d483681, L:/127.0.0.1:51948 - R:localhost/127.0.0.1:18862]' for 'GET' to 'http://localhost:18862/session/0cb16b85fd54d24cec88c6f1e9eb2ebd/alert/text'
18:46:05.035 [Forwarding getAlertText on session 0cb16b85fd54d24cec88c6f1e9eb2ebd to remote] DEBUG org.asynchttpclient.netty.request.NettyRequestSender -- Using open Channel [id: 0x1d483681, L:/127.0.0.1:51948 - R:localhost/127.0.0.1:18862] for GET '/session/0cb16b85fd54d24cec88c6f1e9eb2ebd/alert/text'
18:46:05.035 [AsyncHttpClient-1-2] DEBUG org.asynchttpclient.netty.handler.HttpHandler -- 

Request DefaultFullHttpRequest(decodeResult: success, version: HTTP/1.1, content: EmptyByteBufBE)
GET /session/0cb16b85fd54d24cec88c6f1e9eb2ebd/alert/text HTTP/1.1
User-Agent: selenium/4.9.0 (java windows)
Cache-Control: no-cache
Content-Type: application/json; charset=utf-8
host: localhost:18862
accept: */*

Response DefaultHttpResponse(decodeResult: success, version: HTTP/1.1)
HTTP/1.1 404 Not Found
Content-Length: 926
Content-Type: application/json; charset=utf-8
cache-control: no-cache

18:46:05.035 [AsyncHttpClient-1-2] DEBUG org.asynchttpclient.netty.channel.ChannelManager -- Adding key: http://localhost:18862 for channel [id: 0x1d483681, L:/127.0.0.1:51948 - R:localhost/127.0.0.1:18862]
18:46:05.035 [Forwarding getCurrentUrl on session 0cb16b85fd54d24cec88c6f1e9eb2ebd to remote] DEBUG org.asynchttpclient.netty.request.NettyRequestSender -- Using pooled Channel '[id: 0x1d483681, L:/127.0.0.1:51948 - R:localhost/127.0.0.1:18862]' for 'GET' to 'http://localhost:18862/session/0cb16b85fd54d24cec88c6f1e9eb2ebd/url'
18:46:05.035 [Forwarding getCurrentUrl on session 0cb16b85fd54d24cec88c6f1e9eb2ebd to remote] DEBUG org.asynchttpclient.netty.request.NettyRequestSender -- Using open Channel [id: 0x1d483681, L:/127.0.0.1:51948 - R:localhost/127.0.0.1:18862] for GET '/session/0cb16b85fd54d24cec88c6f1e9eb2ebd/url'
18:46:05.051 [AsyncHttpClient-1-2] DEBUG org.asynchttpclient.netty.handler.HttpHandler -- 

Request DefaultFullHttpRequest(decodeResult: success, version: HTTP/1.1, content: EmptyByteBufBE)
GET /session/0cb16b85fd54d24cec88c6f1e9eb2ebd/url HTTP/1.1
User-Agent: selenium/4.9.0 (java windows)
Cache-Control: no-cache
Content-Type: application/json; charset=utf-8
host: localhost:18862
accept: */*

Response DefaultHttpResponse(decodeResult: success, version: HTTP/1.1)
HTTP/1.1 200 OK
Content-Length: 38
Content-Type: application/json; charset=utf-8
cache-control: no-cache

18:46:05.051 [AsyncHttpClient-1-2] DEBUG org.asynchttpclient.netty.channel.ChannelManager -- Adding key: http://localhost:18862 for channel [id: 0x1d483681, L:/127.0.0.1:51948 - R:localhost/127.0.0.1:18862]
18:46:05.081 [Forwarding screenshot on session 0cb16b85fd54d24cec88c6f1e9eb2ebd to remote] DEBUG org.asynchttpclient.netty.request.NettyRequestSender -- Using pooled Channel '[id: 0x1d483681, L:/127.0.0.1:51948 - R:localhost/127.0.0.1:18862]' for 'GET' to 'http://localhost:18862/session/0cb16b85fd54d24cec88c6f1e9eb2ebd/screenshot'
18:46:05.082 [Forwarding screenshot on session 0cb16b85fd54d24cec88c6f1e9eb2ebd to remote] DEBUG org.asynchttpclient.netty.request.NettyRequestSender -- Using open Channel [id: 0x1d483681, L:/127.0.0.1:51948 - R:localhost/127.0.0.1:18862] for GET '/session/0cb16b85fd54d24cec88c6f1e9eb2ebd/screenshot'
18:46:05.221 [AsyncHttpClient-1-2] DEBUG org.asynchttpclient.netty.handler.HttpHandler -- 

Request DefaultFullHttpRequest(decodeResult: success, version: HTTP/1.1, content: EmptyByteBufBE)
GET /session/0cb16b85fd54d24cec88c6f1e9eb2ebd/screenshot HTTP/1.1
User-Agent: selenium/4.9.0 (java windows)
Cache-Control: no-cache
Content-Type: application/json; charset=utf-8
host: localhost:18862
accept: */*

Response DefaultHttpResponse(decodeResult: success, version: HTTP/1.1)
HTTP/1.1 200 OK
Content-Length: 284336
Content-Type: application/json; charset=utf-8
cache-control: no-cache

18:46:05.221 [AsyncHttpClient-1-2] DEBUG org.asynchttpclient.netty.channel.ChannelManager -- Adding key: http://localhost:18862 for channel [id: 0x1d483681, L:/127.0.0.1:51948 - R:localhost/127.0.0.1:18862]
18:46:05.243 [Test worker] DEBUG net.serenitybdd.core.photography.Darkroom -- Send negative for processing for C:\Users\kguer\IdeaProjects\retoDemoBlaze\target\site\serenity\60b4c6f38db5567965903bbf10982eb081fd2b6ff87058b7dbdb1c8af878b7be.png
18:46:05.244 [Darkroom Processing Line] DEBUG net.serenitybdd.core.photography.DarkroomProcessingLine -- Processing screenshot image in /var/screenshots/screenshot-3907409840218195609
18:46:05.244 [Darkroom Processing Line] DEBUG net.serenitybdd.core.photography.DarkroomProcessingLine -- Saving screenshot to C:\Users\kguer\IdeaProjects\retoDemoBlaze\target\site\serenity\60b4c6f38db5567965903bbf10982eb081fd2b6ff87058b7dbdb1c8af878b7be.png
18:46:05.272 [Forwarding getPageSource on session 0cb16b85fd54d24cec88c6f1e9eb2ebd to remote] DEBUG org.asynchttpclient.netty.request.NettyRequestSender -- Using pooled Channel '[id: 0x1d483681, L:/127.0.0.1:51948 - R:localhost/127.0.0.1:18862]' for 'POST' to 'http://localhost:18862/session/0cb16b85fd54d24cec88c6f1e9eb2ebd/execute/sync'
18:46:05.272 [Forwarding getPageSource on session 0cb16b85fd54d24cec88c6f1e9eb2ebd to remote] DEBUG org.asynchttpclient.netty.request.NettyRequestSender -- Using open Channel [id: 0x1d483681, L:/127.0.0.1:51948 - R:localhost/127.0.0.1:18862] for POST '/session/0cb16b85fd54d24cec88c6f1e9eb2ebd/execute/sync'
18:46:05.276 [AsyncHttpClient-1-2] DEBUG org.asynchttpclient.netty.handler.HttpHandler -- 

Request DefaultHttpRequest(decodeResult: success, version: HTTP/1.1)
POST /session/0cb16b85fd54d24cec88c6f1e9eb2ebd/execute/sync HTTP/1.1
User-Agent: selenium/4.9.0 (java windows)
Content-Length: 176
Content-Type: application/json; charset=utf-8
host: localhost:18862
accept: */*

Response DefaultHttpResponse(decodeResult: success, version: HTTP/1.1)
HTTP/1.1 200 OK
Content-Length: 57562
Content-Type: application/json; charset=utf-8
cache-control: no-cache

18:46:05.276 [AsyncHttpClient-1-2] DEBUG org.asynchttpclient.netty.channel.ChannelManager -- Adding key: http://localhost:18862 for channel [id: 0x1d483681, L:/127.0.0.1:51948 - R:localhost/127.0.0.1:18862]
18:46:05.316 [Forwarding getCurrentUrl on session 0cb16b85fd54d24cec88c6f1e9eb2ebd to remote] DEBUG org.asynchttpclient.netty.request.NettyRequestSender -- Using pooled Channel '[id: 0x1d483681, L:/127.0.0.1:51948 - R:localhost/127.0.0.1:18862]' for 'GET' to 'http://localhost:18862/session/0cb16b85fd54d24cec88c6f1e9eb2ebd/url'
18:46:05.316 [Forwarding getCurrentUrl on session 0cb16b85fd54d24cec88c6f1e9eb2ebd to remote] DEBUG org.asynchttpclient.netty.request.NettyRequestSender -- Using open Channel [id: 0x1d483681, L:/127.0.0.1:51948 - R:localhost/127.0.0.1:18862] for GET '/session/0cb16b85fd54d24cec88c6f1e9eb2ebd/url'
18:46:05.322 [AsyncHttpClient-1-2] DEBUG org.asynchttpclient.netty.handler.HttpHandler -- 

Request DefaultFullHttpRequest(decodeResult: success, version: HTTP/1.1, content: EmptyByteBufBE)
GET /session/0cb16b85fd54d24cec88c6f1e9eb2ebd/url HTTP/1.1
User-Agent: selenium/4.9.0 (java windows)
Cache-Control: no-cache
Content-Type: application/json; charset=utf-8
host: localhost:18862
accept: */*

Response DefaultHttpResponse(decodeResult: success, version: HTTP/1.1)
HTTP/1.1 200 OK
Content-Length: 38
Content-Type: application/json; charset=utf-8
cache-control: no-cache

18:46:05.323 [AsyncHttpClient-1-2] DEBUG org.asynchttpclient.netty.channel.ChannelManager -- Adding key: http://localhost:18862 for channel [id: 0x1d483681, L:/127.0.0.1:51948 - R:localhost/127.0.0.1:18862]
18:46:05.327 [Test worker] DEBUG net.thucydides.core.steps.StepInterceptor -- STARTING STEP: PurchaseFlowE2ETask.performAs - performAs
18:46:05.371 [AsyncHttpClient-1-1] DEBUG org.asynchttpclient.netty.channel.DefaultChannelPool -- Entry count for : http://localhost:51952 : 1
18:46:05.371 [AsyncHttpClient-1-1] DEBUG org.asynchttpclient.netty.channel.DefaultChannelPool -- Entry count for : http://localhost:18862 : 1
18:46:05.575 [Forwarding getAlertText on session 0cb16b85fd54d24cec88c6f1e9eb2ebd to remote] DEBUG org.asynchttpclient.netty.request.NettyRequestSender -- Using pooled Channel '[id: 0x1d483681, L:/127.0.0.1:51948 - R:localhost/127.0.0.1:18862]' for 'GET' to 'http://localhost:18862/session/0cb16b85fd54d24cec88c6f1e9eb2ebd/alert/text'
18:46:05.575 [Forwarding getAlertText on session 0cb16b85fd54d24cec88c6f1e9eb2ebd to remote] DEBUG org.asynchttpclient.netty.request.NettyRequestSender -- Using open Channel [id: 0x1d483681, L:/127.0.0.1:51948 - R:localhost/127.0.0.1:18862] for GET '/session/0cb16b85fd54d24cec88c6f1e9eb2ebd/alert/text'
18:46:05.575 [AsyncHttpClient-1-2] DEBUG org.asynchttpclient.netty.handler.HttpHandler -- 

Request DefaultFullHttpRequest(decodeResult: success, version: HTTP/1.1, content: EmptyByteBufBE)
GET /session/0cb16b85fd54d24cec88c6f1e9eb2ebd/alert/text HTTP/1.1
User-Agent: selenium/4.9.0 (java windows)
Cache-Control: no-cache
Content-Type: application/json; charset=utf-8
host: localhost:18862
accept: */*

Response DefaultHttpResponse(decodeResult: success, version: HTTP/1.1)
HTTP/1.1 404 Not Found
Content-Length: 926
Content-Type: application/json; charset=utf-8
cache-control: no-cache

18:46:05.575 [AsyncHttpClient-1-2] DEBUG org.asynchttpclient.netty.channel.ChannelManager -- Adding key: http://localhost:18862 for channel [id: 0x1d483681, L:/127.0.0.1:51948 - R:localhost/127.0.0.1:18862]
18:46:05.575 [Forwarding getCurrentUrl on session 0cb16b85fd54d24cec88c6f1e9eb2ebd to remote] DEBUG org.asynchttpclient.netty.request.NettyRequestSender -- Using pooled Channel '[id: 0x1d483681, L:/127.0.0.1:51948 - R:localhost/127.0.0.1:18862]' for 'GET' to 'http://localhost:18862/session/0cb16b85fd54d24cec88c6f1e9eb2ebd/url'
18:46:05.575 [Forwarding getCurrentUrl on session 0cb16b85fd54d24cec88c6f1e9eb2ebd to remote] DEBUG org.asynchttpclient.netty.request.NettyRequestSender -- Using open Channel [id: 0x1d483681, L:/127.0.0.1:51948 - R:localhost/127.0.0.1:18862] for GET '/session/0cb16b85fd54d24cec88c6f1e9eb2ebd/url'
18:46:05.591 [AsyncHttpClient-1-2] DEBUG org.asynchttpclient.netty.handler.HttpHandler -- 

Request DefaultFullHttpRequest(decodeResult: success, version: HTTP/1.1, content: EmptyByteBufBE)
GET /session/0cb16b85fd54d24cec88c6f1e9eb2ebd/url HTTP/1.1
User-Agent: selenium/4.9.0 (java windows)
Cache-Control: no-cache
Content-Type: application/json; charset=utf-8
host: localhost:18862
accept: */*

Response DefaultHttpResponse(decodeResult: success, version: HTTP/1.1)
HTTP/1.1 200 OK
Content-Length: 38
Content-Type: application/json; charset=utf-8
cache-control: no-cache

18:46:05.591 [AsyncHttpClient-1-2] DEBUG org.asynchttpclient.netty.channel.ChannelManager -- Adding key: http://localhost:18862 for channel [id: 0x1d483681, L:/127.0.0.1:51948 - R:localhost/127.0.0.1:18862]
18:46:05.591 [Forwarding screenshot on session 0cb16b85fd54d24cec88c6f1e9eb2ebd to remote] DEBUG org.asynchttpclient.netty.request.NettyRequestSender -- Using pooled Channel '[id: 0x1d483681, L:/127.0.0.1:51948 - R:localhost/127.0.0.1:18862]' for 'GET' to 'http://localhost:18862/session/0cb16b85fd54d24cec88c6f1e9eb2ebd/screenshot'
18:46:05.591 [Forwarding screenshot on session 0cb16b85fd54d24cec88c6f1e9eb2ebd to remote] DEBUG org.asynchttpclient.netty.request.NettyRequestSender -- Using open Channel [id: 0x1d483681, L:/127.0.0.1:51948 - R:localhost/127.0.0.1:18862] for GET '/session/0cb16b85fd54d24cec88c6f1e9eb2ebd/screenshot'
18:46:05.725 [AsyncHttpClient-1-2] DEBUG org.asynchttpclient.netty.handler.HttpHandler -- 

Request DefaultFullHttpRequest(decodeResult: success, version: HTTP/1.1, content: EmptyByteBufBE)
GET /session/0cb16b85fd54d24cec88c6f1e9eb2ebd/screenshot HTTP/1.1
User-Agent: selenium/4.9.0 (java windows)
Cache-Control: no-cache
Content-Type: application/json; charset=utf-8
host: localhost:18862
accept: */*

Response DefaultHttpResponse(decodeResult: success, version: HTTP/1.1)
HTTP/1.1 200 OK
Content-Length: 284336
Content-Type: application/json; charset=utf-8
cache-control: no-cache

18:46:05.725 [AsyncHttpClient-1-2] DEBUG org.asynchttpclient.netty.channel.ChannelManager -- Adding key: http://localhost:18862 for channel [id: 0x1d483681, L:/127.0.0.1:51948 - R:localhost/127.0.0.1:18862]
18:46:05.751 [Test worker] DEBUG net.serenitybdd.core.photography.Darkroom -- Send negative for processing for C:\Users\kguer\IdeaProjects\retoDemoBlaze\target\site\serenity\60b4c6f38db5567965903bbf10982eb081fd2b6ff87058b7dbdb1c8af878b7be.png
18:46:05.778 [Forwarding getPageSource on session 0cb16b85fd54d24cec88c6f1e9eb2ebd to remote] DEBUG org.asynchttpclient.netty.request.NettyRequestSender -- Using pooled Channel '[id: 0x1d483681, L:/127.0.0.1:51948 - R:localhost/127.0.0.1:18862]' for 'POST' to 'http://localhost:18862/session/0cb16b85fd54d24cec88c6f1e9eb2ebd/execute/sync'
18:46:05.778 [Forwarding getPageSource on session 0cb16b85fd54d24cec88c6f1e9eb2ebd to remote] DEBUG org.asynchttpclient.netty.request.NettyRequestSender -- Using open Channel [id: 0x1d483681, L:/127.0.0.1:51948 - R:localhost/127.0.0.1:18862] for POST '/session/0cb16b85fd54d24cec88c6f1e9eb2ebd/execute/sync'
18:46:05.792 [AsyncHttpClient-1-2] DEBUG org.asynchttpclient.netty.handler.HttpHandler -- 

Request DefaultHttpRequest(decodeResult: success, version: HTTP/1.1)
POST /session/0cb16b85fd54d24cec88c6f1e9eb2ebd/execute/sync HTTP/1.1
User-Agent: selenium/4.9.0 (java windows)
Content-Length: 176
Content-Type: application/json; charset=utf-8
host: localhost:18862
accept: */*

Response DefaultHttpResponse(decodeResult: success, version: HTTP/1.1)
HTTP/1.1 200 OK
Content-Length: 57562
Content-Type: application/json; charset=utf-8
cache-control: no-cache

18:46:05.792 [AsyncHttpClient-1-2] DEBUG org.asynchttpclient.netty.channel.ChannelManager -- Adding key: http://localhost:18862 for channel [id: 0x1d483681, L:/127.0.0.1:51948 - R:localhost/127.0.0.1:18862]
18:46:05.809 [Forwarding getCurrentUrl on session 0cb16b85fd54d24cec88c6f1e9eb2ebd to remote] DEBUG org.asynchttpclient.netty.request.NettyRequestSender -- Using pooled Channel '[id: 0x1d483681, L:/127.0.0.1:51948 - R:localhost/127.0.0.1:18862]' for 'GET' to 'http://localhost:18862/session/0cb16b85fd54d24cec88c6f1e9eb2ebd/url'
18:46:05.809 [Forwarding getCurrentUrl on session 0cb16b85fd54d24cec88c6f1e9eb2ebd to remote] DEBUG org.asynchttpclient.netty.request.NettyRequestSender -- Using open Channel [id: 0x1d483681, L:/127.0.0.1:51948 - R:localhost/127.0.0.1:18862] for GET '/session/0cb16b85fd54d24cec88c6f1e9eb2ebd/url'
18:46:05.819 [AsyncHttpClient-1-2] DEBUG org.asynchttpclient.netty.handler.HttpHandler -- 

Request DefaultFullHttpRequest(decodeResult: success, version: HTTP/1.1, content: EmptyByteBufBE)
GET /session/0cb16b85fd54d24cec88c6f1e9eb2ebd/url HTTP/1.1
User-Agent: selenium/4.9.0 (java windows)
Cache-Control: no-cache
Content-Type: application/json; charset=utf-8
host: localhost:18862
accept: */*

Response DefaultHttpResponse(decodeResult: success, version: HTTP/1.1)
HTTP/1.1 200 OK
Content-Length: 38
Content-Type: application/json; charset=utf-8
cache-control: no-cache

18:46:05.819 [AsyncHttpClient-1-2] DEBUG org.asynchttpclient.netty.channel.ChannelManager -- Adding key: http://localhost:18862 for channel [id: 0x1d483681, L:/127.0.0.1:51948 - R:localhost/127.0.0.1:18862]
18:46:05.824 [Test worker] DEBUG net.thucydides.core.steps.StepInterceptor -- STARTING STEP: AddProductsToCartInteraction.performAs - performAs
18:46:05.873 [Test worker] DEBUG net.serenitybdd.screenplay.targets.IFrameSwitcher -- default content already selected for Button to productos
18:46:05.951 [Forwarding findElements on session 0cb16b85fd54d24cec88c6f1e9eb2ebd to remote] DEBUG org.asynchttpclient.netty.request.NettyRequestSender -- Using pooled Channel '[id: 0x1d483681, L:/127.0.0.1:51948 - R:localhost/127.0.0.1:18862]' for 'POST' to 'http://localhost:18862/session/0cb16b85fd54d24cec88c6f1e9eb2ebd/elements'
18:46:05.951 [Forwarding findElements on session 0cb16b85fd54d24cec88c6f1e9eb2ebd to remote] DEBUG org.asynchttpclient.netty.request.NettyRequestSender -- Using open Channel [id: 0x1d483681, L:/127.0.0.1:51948 - R:localhost/127.0.0.1:18862] for POST '/session/0cb16b85fd54d24cec88c6f1e9eb2ebd/elements'
18:46:05.973 [AsyncHttpClient-1-2] DEBUG org.asynchttpclient.netty.handler.HttpHandler -- 

Request DefaultHttpRequest(decodeResult: success, version: HTTP/1.1)
POST /session/0cb16b85fd54d24cec88c6f1e9eb2ebd/elements HTTP/1.1
User-Agent: selenium/4.9.0 (java windows)
Content-Length: 67
Content-Type: application/json; charset=utf-8
host: localhost:18862
accept: */*

Response DefaultHttpResponse(decodeResult: success, version: HTTP/1.1)
HTTP/1.1 200 OK
Content-Length: 1064
Content-Type: application/json; charset=utf-8
cache-control: no-cache

18:46:05.973 [AsyncHttpClient-1-2] DEBUG org.asynchttpclient.netty.channel.ChannelManager -- Adding key: http://localhost:18862 for channel [id: 0x1d483681, L:/127.0.0.1:51948 - R:localhost/127.0.0.1:18862]
18:46:06.136 [Forwarding getElementTagName on session 0cb16b85fd54d24cec88c6f1e9eb2ebd to remote] DEBUG org.asynchttpclient.netty.request.NettyRequestSender -- Using pooled Channel '[id: 0x1d483681, L:/127.0.0.1:51948 - R:localhost/127.0.0.1:18862]' for 'GET' to 'http://localhost:18862/session/0cb16b85fd54d24cec88c6f1e9eb2ebd/element/f.F3D8E0C449C07D1F7D6153FC9DF4AACD.d.3E9CEB7A6B226BAC3E26FFE94D3E02AA.e.72/name'
18:46:06.136 [Forwarding getElementTagName on session 0cb16b85fd54d24cec88c6f1e9eb2ebd to remote] DEBUG org.asynchttpclient.netty.request.NettyRequestSender -- Using open Channel [id: 0x1d483681, L:/127.0.0.1:51948 - R:localhost/127.0.0.1:18862] for GET '/session/0cb16b85fd54d24cec88c6f1e9eb2ebd/element/f.F3D8E0C449C07D1F7D6153FC9DF4AACD.d.3E9CEB7A6B226BAC3E26FFE94D3E02AA.e.72/name'
18:46:06.151 [AsyncHttpClient-1-2] DEBUG org.asynchttpclient.netty.handler.HttpHandler -- 

Request DefaultFullHttpRequest(decodeResult: success, version: HTTP/1.1, content: EmptyByteBufBE)
GET /session/0cb16b85fd54d24cec88c6f1e9eb2ebd/element/f.F3D8E0C449C07D1F7D6153FC9DF4AACD.d.3E9CEB7A6B226BAC3E26FFE94D3E02AA.e.72/name HTTP/1.1
User-Agent: selenium/4.9.0 (java windows)
Cache-Control: no-cache
Content-Type: application/json; charset=utf-8
host: localhost:18862
accept: */*

Response DefaultHttpResponse(decodeResult: success, version: HTTP/1.1)
HTTP/1.1 200 OK
Content-Length: 13
Content-Type: application/json; charset=utf-8
cache-control: no-cache

18:46:06.151 [AsyncHttpClient-1-2] DEBUG org.asynchttpclient.netty.channel.ChannelManager -- Adding key: http://localhost:18862 for channel [id: 0x1d483681, L:/127.0.0.1:51948 - R:localhost/127.0.0.1:18862]
18:46:06.167 [Forwarding getElementTagName on session 0cb16b85fd54d24cec88c6f1e9eb2ebd to remote] DEBUG org.asynchttpclient.netty.request.NettyRequestSender -- Using pooled Channel '[id: 0x1d483681, L:/127.0.0.1:51948 - R:localhost/127.0.0.1:18862]' for 'GET' to 'http://localhost:18862/session/0cb16b85fd54d24cec88c6f1e9eb2ebd/element/f.F3D8E0C449C07D1F7D6153FC9DF4AACD.d.3E9CEB7A6B226BAC3E26FFE94D3E02AA.e.72/name'
18:46:06.167 [Forwarding getElementTagName on session 0cb16b85fd54d24cec88c6f1e9eb2ebd to remote] DEBUG org.asynchttpclient.netty.request.NettyRequestSender -- Using open Channel [id: 0x1d483681, L:/127.0.0.1:51948 - R:localhost/127.0.0.1:18862] for GET '/session/0cb16b85fd54d24cec88c6f1e9eb2ebd/element/f.F3D8E0C449C07D1F7D6153FC9DF4AACD.d.3E9CEB7A6B226BAC3E26FFE94D3E02AA.e.72/name'
18:46:06.185 [AsyncHttpClient-1-2] DEBUG org.asynchttpclient.netty.handler.HttpHandler -- 

Request DefaultFullHttpRequest(decodeResult: success, version: HTTP/1.1, content: EmptyByteBufBE)
GET /session/0cb16b85fd54d24cec88c6f1e9eb2ebd/element/f.F3D8E0C449C07D1F7D6153FC9DF4AACD.d.3E9CEB7A6B226BAC3E26FFE94D3E02AA.e.72/name HTTP/1.1
User-Agent: selenium/4.9.0 (java windows)
Cache-Control: no-cache
Content-Type: application/json; charset=utf-8
host: localhost:18862
accept: */*

Response DefaultHttpResponse(decodeResult: success, version: HTTP/1.1)
HTTP/1.1 200 OK
Content-Length: 13
Content-Type: application/json; charset=utf-8
cache-control: no-cache

18:46:06.185 [AsyncHttpClient-1-2] DEBUG org.asynchttpclient.netty.channel.ChannelManager -- Adding key: http://localhost:18862 for channel [id: 0x1d483681, L:/127.0.0.1:51948 - R:localhost/127.0.0.1:18862]
18:46:06.199 [Forwarding clickElement on session 0cb16b85fd54d24cec88c6f1e9eb2ebd to remote] DEBUG org.asynchttpclient.netty.request.NettyRequestSender -- Using pooled Channel '[id: 0x1d483681, L:/127.0.0.1:51948 - R:localhost/127.0.0.1:18862]' for 'POST' to 'http://localhost:18862/session/0cb16b85fd54d24cec88c6f1e9eb2ebd/element/f.F3D8E0C449C07D1F7D6153FC9DF4AACD.d.3E9CEB7A6B226BAC3E26FFE94D3E02AA.e.72/click'
18:46:06.199 [Forwarding clickElement on session 0cb16b85fd54d24cec88c6f1e9eb2ebd to remote] DEBUG org.asynchttpclient.netty.request.NettyRequestSender -- Using open Channel [id: 0x1d483681, L:/127.0.0.1:51948 - R:localhost/127.0.0.1:18862] for POST '/session/0cb16b85fd54d24cec88c6f1e9eb2ebd/element/f.F3D8E0C449C07D1F7D6153FC9DF4AACD.d.3E9CEB7A6B226BAC3E26FFE94D3E02AA.e.72/click'
18:46:06.457 [AsyncHttpClient-1-1] DEBUG org.asynchttpclient.netty.channel.DefaultChannelPool -- Entry count for : http://localhost:51952 : 1
18:46:07.557 [AsyncHttpClient-1-1] DEBUG org.asynchttpclient.netty.channel.DefaultChannelPool -- Entry count for : http://localhost:51952 : 1
18:46:08.261 [AsyncHttpClient-1-2] DEBUG org.asynchttpclient.netty.handler.HttpHandler -- 

Request DefaultHttpRequest(decodeResult: success, version: HTTP/1.1)
POST /session/0cb16b85fd54d24cec88c6f1e9eb2ebd/element/f.F3D8E0C449C07D1F7D6153FC9DF4AACD.d.3E9CEB7A6B226BAC3E26FFE94D3E02AA.e.72/click HTTP/1.1
User-Agent: selenium/4.9.0 (java windows)
Content-Length: 88
Content-Type: application/json; charset=utf-8
host: localhost:18862
accept: */*

Response DefaultHttpResponse(decodeResult: success, version: HTTP/1.1)
HTTP/1.1 200 OK
Content-Length: 14
Content-Type: application/json; charset=utf-8
cache-control: no-cache

18:46:08.262 [AsyncHttpClient-1-2] DEBUG org.asynchttpclient.netty.channel.ChannelManager -- Adding key: http://localhost:18862 for channel [id: 0x1d483681, L:/127.0.0.1:51948 - R:localhost/127.0.0.1:18862]
18:46:08.340 [Forwarding getAlertText on session 0cb16b85fd54d24cec88c6f1e9eb2ebd to remote] DEBUG org.asynchttpclient.netty.request.NettyRequestSender -- Using pooled Channel '[id: 0x1d483681, L:/127.0.0.1:51948 - R:localhost/127.0.0.1:18862]' for 'GET' to 'http://localhost:18862/session/0cb16b85fd54d24cec88c6f1e9eb2ebd/alert/text'
18:46:08.340 [Forwarding getAlertText on session 0cb16b85fd54d24cec88c6f1e9eb2ebd to remote] DEBUG org.asynchttpclient.netty.request.NettyRequestSender -- Using open Channel [id: 0x1d483681, L:/127.0.0.1:51948 - R:localhost/127.0.0.1:18862] for GET '/session/0cb16b85fd54d24cec88c6f1e9eb2ebd/alert/text'
18:46:08.342 [AsyncHttpClient-1-2] DEBUG org.asynchttpclient.netty.handler.HttpHandler -- 

Request DefaultFullHttpRequest(decodeResult: success, version: HTTP/1.1, content: EmptyByteBufBE)
GET /session/0cb16b85fd54d24cec88c6f1e9eb2ebd/alert/text HTTP/1.1
User-Agent: selenium/4.9.0 (java windows)
Cache-Control: no-cache
Content-Type: application/json; charset=utf-8
host: localhost:18862
accept: */*

Response DefaultHttpResponse(decodeResult: success, version: HTTP/1.1)
HTTP/1.1 404 Not Found
Content-Length: 926
Content-Type: application/json; charset=utf-8
cache-control: no-cache

18:46:08.342 [AsyncHttpClient-1-2] DEBUG org.asynchttpclient.netty.channel.ChannelManager -- Adding key: http://localhost:18862 for channel [id: 0x1d483681, L:/127.0.0.1:51948 - R:localhost/127.0.0.1:18862]
18:46:08.342 [Forwarding getCurrentUrl on session 0cb16b85fd54d24cec88c6f1e9eb2ebd to remote] DEBUG org.asynchttpclient.netty.request.NettyRequestSender -- Using pooled Channel '[id: 0x1d483681, L:/127.0.0.1:51948 - R:localhost/127.0.0.1:18862]' for 'GET' to 'http://localhost:18862/session/0cb16b85fd54d24cec88c6f1e9eb2ebd/url'
18:46:08.342 [Forwarding getCurrentUrl on session 0cb16b85fd54d24cec88c6f1e9eb2ebd to remote] DEBUG org.asynchttpclient.netty.request.NettyRequestSender -- Using open Channel [id: 0x1d483681, L:/127.0.0.1:51948 - R:localhost/127.0.0.1:18862] for GET '/session/0cb16b85fd54d24cec88c6f1e9eb2ebd/url'
18:46:08.342 [AsyncHttpClient-1-2] DEBUG org.asynchttpclient.netty.handler.HttpHandler -- 

Request DefaultFullHttpRequest(decodeResult: success, version: HTTP/1.1, content: EmptyByteBufBE)
GET /session/0cb16b85fd54d24cec88c6f1e9eb2ebd/url HTTP/1.1
User-Agent: selenium/4.9.0 (java windows)
Cache-Control: no-cache
Content-Type: application/json; charset=utf-8
host: localhost:18862
accept: */*

Response DefaultHttpResponse(decodeResult: success, version: HTTP/1.1)
HTTP/1.1 200 OK
Content-Length: 54
Content-Type: application/json; charset=utf-8
cache-control: no-cache

18:46:08.342 [AsyncHttpClient-1-2] DEBUG org.asynchttpclient.netty.channel.ChannelManager -- Adding key: http://localhost:18862 for channel [id: 0x1d483681, L:/127.0.0.1:51948 - R:localhost/127.0.0.1:18862]
18:46:08.342 [Forwarding screenshot on session 0cb16b85fd54d24cec88c6f1e9eb2ebd to remote] DEBUG org.asynchttpclient.netty.request.NettyRequestSender -- Using pooled Channel '[id: 0x1d483681, L:/127.0.0.1:51948 - R:localhost/127.0.0.1:18862]' for 'GET' to 'http://localhost:18862/session/0cb16b85fd54d24cec88c6f1e9eb2ebd/screenshot'
18:46:08.342 [Forwarding screenshot on session 0cb16b85fd54d24cec88c6f1e9eb2ebd to remote] DEBUG org.asynchttpclient.netty.request.NettyRequestSender -- Using open Channel [id: 0x1d483681, L:/127.0.0.1:51948 - R:localhost/127.0.0.1:18862] for GET '/session/0cb16b85fd54d24cec88c6f1e9eb2ebd/screenshot'
18:46:08.487 [AsyncHttpClient-1-2] DEBUG org.asynchttpclient.netty.handler.HttpHandler -- 

Request DefaultFullHttpRequest(decodeResult: success, version: HTTP/1.1, content: EmptyByteBufBE)
GET /session/0cb16b85fd54d24cec88c6f1e9eb2ebd/screenshot HTTP/1.1
User-Agent: selenium/4.9.0 (java windows)
Cache-Control: no-cache
Content-Type: application/json; charset=utf-8
host: localhost:18862
accept: */*

Response DefaultHttpResponse(decodeResult: success, version: HTTP/1.1)
HTTP/1.1 200 OK
Content-Length: 219632
Content-Type: application/json; charset=utf-8
cache-control: no-cache

18:46:08.492 [AsyncHttpClient-1-2] DEBUG org.asynchttpclient.netty.channel.ChannelManager -- Adding key: http://localhost:18862 for channel [id: 0x1d483681, L:/127.0.0.1:51948 - R:localhost/127.0.0.1:18862]
18:46:08.492 [Test worker] DEBUG net.serenitybdd.core.photography.Darkroom -- Send negative for processing for C:\Users\kguer\IdeaProjects\retoDemoBlaze\target\site\serenity\164135fb624ab817b167444e0efe5092b5725dbf8a7bb4b173d0b79977a6d294.png
18:46:08.509 [Forwarding getPageSource on session 0cb16b85fd54d24cec88c6f1e9eb2ebd to remote] DEBUG org.asynchttpclient.netty.request.NettyRequestSender -- Using pooled Channel '[id: 0x1d483681, L:/127.0.0.1:51948 - R:localhost/127.0.0.1:18862]' for 'POST' to 'http://localhost:18862/session/0cb16b85fd54d24cec88c6f1e9eb2ebd/execute/sync'
18:46:08.509 [Forwarding getPageSource on session 0cb16b85fd54d24cec88c6f1e9eb2ebd to remote] DEBUG org.asynchttpclient.netty.request.NettyRequestSender -- Using open Channel [id: 0x1d483681, L:/127.0.0.1:51948 - R:localhost/127.0.0.1:18862] for POST '/session/0cb16b85fd54d24cec88c6f1e9eb2ebd/execute/sync'
18:46:08.531 [AsyncHttpClient-1-2] DEBUG org.asynchttpclient.netty.handler.HttpHandler -- 

Request DefaultHttpRequest(decodeResult: success, version: HTTP/1.1)
POST /session/0cb16b85fd54d24cec88c6f1e9eb2ebd/execute/sync HTTP/1.1
User-Agent: selenium/4.9.0 (java windows)
Content-Length: 176
Content-Type: application/json; charset=utf-8
host: localhost:18862
accept: */*

Response DefaultHttpResponse(decodeResult: success, version: HTTP/1.1)
HTTP/1.1 200 OK
Content-Length: 53716
Content-Type: application/json; charset=utf-8
cache-control: no-cache

18:46:08.531 [AsyncHttpClient-1-2] DEBUG org.asynchttpclient.netty.channel.ChannelManager -- Adding key: http://localhost:18862 for channel [id: 0x1d483681, L:/127.0.0.1:51948 - R:localhost/127.0.0.1:18862]
18:46:08.543 [Forwarding getCurrentUrl on session 0cb16b85fd54d24cec88c6f1e9eb2ebd to remote] DEBUG org.asynchttpclient.netty.request.NettyRequestSender -- Using pooled Channel '[id: 0x1d483681, L:/127.0.0.1:51948 - R:localhost/127.0.0.1:18862]' for 'GET' to 'http://localhost:18862/session/0cb16b85fd54d24cec88c6f1e9eb2ebd/url'
18:46:08.543 [Forwarding getCurrentUrl on session 0cb16b85fd54d24cec88c6f1e9eb2ebd to remote] DEBUG org.asynchttpclient.netty.request.NettyRequestSender -- Using open Channel [id: 0x1d483681, L:/127.0.0.1:51948 - R:localhost/127.0.0.1:18862] for GET '/session/0cb16b85fd54d24cec88c6f1e9eb2ebd/url'
18:46:08.557 [AsyncHttpClient-1-2] DEBUG org.asynchttpclient.netty.handler.HttpHandler -- 

Request DefaultFullHttpRequest(decodeResult: success, version: HTTP/1.1, content: EmptyByteBufBE)
GET /session/0cb16b85fd54d24cec88c6f1e9eb2ebd/url HTTP/1.1
User-Agent: selenium/4.9.0 (java windows)
Cache-Control: no-cache
Content-Type: application/json; charset=utf-8
host: localhost:18862
accept: */*

Response DefaultHttpResponse(decodeResult: success, version: HTTP/1.1)
HTTP/1.1 200 OK
Content-Length: 54
Content-Type: application/json; charset=utf-8
cache-control: no-cache

18:46:08.557 [AsyncHttpClient-1-2] DEBUG org.asynchttpclient.netty.channel.ChannelManager -- Adding key: http://localhost:18862 for channel [id: 0x1d483681, L:/127.0.0.1:51948 - R:localhost/127.0.0.1:18862]
18:46:08.620 [Forwarding getAlertText on session 0cb16b85fd54d24cec88c6f1e9eb2ebd to remote] DEBUG org.asynchttpclient.netty.request.NettyRequestSender -- Using pooled Channel '[id: 0x1d483681, L:/127.0.0.1:51948 - R:localhost/127.0.0.1:18862]' for 'GET' to 'http://localhost:18862/session/0cb16b85fd54d24cec88c6f1e9eb2ebd/alert/text'
18:46:08.620 [Forwarding getAlertText on session 0cb16b85fd54d24cec88c6f1e9eb2ebd to remote] DEBUG org.asynchttpclient.netty.request.NettyRequestSender -- Using open Channel [id: 0x1d483681, L:/127.0.0.1:51948 - R:localhost/127.0.0.1:18862] for GET '/session/0cb16b85fd54d24cec88c6f1e9eb2ebd/alert/text'
18:46:08.623 [AsyncHttpClient-1-2] DEBUG org.asynchttpclient.netty.handler.HttpHandler -- 

Request DefaultFullHttpRequest(decodeResult: success, version: HTTP/1.1, content: EmptyByteBufBE)
GET /session/0cb16b85fd54d24cec88c6f1e9eb2ebd/alert/text HTTP/1.1
User-Agent: selenium/4.9.0 (java windows)
Cache-Control: no-cache
Content-Type: application/json; charset=utf-8
host: localhost:18862
accept: */*

Response DefaultHttpResponse(decodeResult: success, version: HTTP/1.1)
HTTP/1.1 404 Not Found
Content-Length: 926
Content-Type: application/json; charset=utf-8
cache-control: no-cache

18:46:08.624 [AsyncHttpClient-1-2] DEBUG org.asynchttpclient.netty.channel.ChannelManager -- Adding key: http://localhost:18862 for channel [id: 0x1d483681, L:/127.0.0.1:51948 - R:localhost/127.0.0.1:18862]
18:46:08.624 [Forwarding getCurrentUrl on session 0cb16b85fd54d24cec88c6f1e9eb2ebd to remote] DEBUG org.asynchttpclient.netty.request.NettyRequestSender -- Using pooled Channel '[id: 0x1d483681, L:/127.0.0.1:51948 - R:localhost/127.0.0.1:18862]' for 'GET' to 'http://localhost:18862/session/0cb16b85fd54d24cec88c6f1e9eb2ebd/url'
18:46:08.624 [Forwarding getCurrentUrl on session 0cb16b85fd54d24cec88c6f1e9eb2ebd to remote] DEBUG org.asynchttpclient.netty.request.NettyRequestSender -- Using open Channel [id: 0x1d483681, L:/127.0.0.1:51948 - R:localhost/127.0.0.1:18862] for GET '/session/0cb16b85fd54d24cec88c6f1e9eb2ebd/url'
18:46:08.624 [AsyncHttpClient-1-2] DEBUG org.asynchttpclient.netty.handler.HttpHandler -- 

Request DefaultFullHttpRequest(decodeResult: success, version: HTTP/1.1, content: EmptyByteBufBE)
GET /session/0cb16b85fd54d24cec88c6f1e9eb2ebd/url HTTP/1.1
User-Agent: selenium/4.9.0 (java windows)
Cache-Control: no-cache
Content-Type: application/json; charset=utf-8
host: localhost:18862
accept: */*

Response DefaultHttpResponse(decodeResult: success, version: HTTP/1.1)
HTTP/1.1 200 OK
Content-Length: 54
Content-Type: application/json; charset=utf-8
cache-control: no-cache

18:46:08.624 [AsyncHttpClient-1-2] DEBUG org.asynchttpclient.netty.channel.ChannelManager -- Adding key: http://localhost:18862 for channel [id: 0x1d483681, L:/127.0.0.1:51948 - R:localhost/127.0.0.1:18862]
18:46:08.624 [Forwarding screenshot on session 0cb16b85fd54d24cec88c6f1e9eb2ebd to remote] DEBUG org.asynchttpclient.netty.request.NettyRequestSender -- Using pooled Channel '[id: 0x1d483681, L:/127.0.0.1:51948 - R:localhost/127.0.0.1:18862]' for 'GET' to 'http://localhost:18862/session/0cb16b85fd54d24cec88c6f1e9eb2ebd/screenshot'
18:46:08.624 [Forwarding screenshot on session 0cb16b85fd54d24cec88c6f1e9eb2ebd to remote] DEBUG org.asynchttpclient.netty.request.NettyRequestSender -- Using open Channel [id: 0x1d483681, L:/127.0.0.1:51948 - R:localhost/127.0.0.1:18862] for GET '/session/0cb16b85fd54d24cec88c6f1e9eb2ebd/screenshot'
18:46:08.657 [AsyncHttpClient-1-1] DEBUG org.asynchttpclient.netty.channel.DefaultChannelPool -- Entry count for : http://localhost:51952 : 1
18:46:08.773 [AsyncHttpClient-1-2] DEBUG org.asynchttpclient.netty.handler.HttpHandler -- 

Request DefaultFullHttpRequest(decodeResult: success, version: HTTP/1.1, content: EmptyByteBufBE)
GET /session/0cb16b85fd54d24cec88c6f1e9eb2ebd/screenshot HTTP/1.1
User-Agent: selenium/4.9.0 (java windows)
Cache-Control: no-cache
Content-Type: application/json; charset=utf-8
host: localhost:18862
accept: */*

Response DefaultHttpResponse(decodeResult: success, version: HTTP/1.1)
HTTP/1.1 200 OK
Content-Length: 219632
Content-Type: application/json; charset=utf-8
cache-control: no-cache

18:46:08.773 [AsyncHttpClient-1-2] DEBUG org.asynchttpclient.netty.channel.ChannelManager -- Adding key: http://localhost:18862 for channel [id: 0x1d483681, L:/127.0.0.1:51948 - R:localhost/127.0.0.1:18862]
18:46:08.788 [Test worker] DEBUG net.serenitybdd.core.photography.Darkroom -- Send negative for processing for C:\Users\kguer\IdeaProjects\retoDemoBlaze\target\site\serenity\164135fb624ab817b167444e0efe5092b5725dbf8a7bb4b173d0b79977a6d294.png
18:46:08.788 [Test worker] DEBUG net.thucydides.core.steps.StepInterceptor -- STEP DONE: performAs
18:46:08.852 [Test worker] DEBUG net.serenitybdd.screenplay.targets.IFrameSwitcher -- default content already selected for Button to add cart
18:46:08.857 [Forwarding findElements on session 0cb16b85fd54d24cec88c6f1e9eb2ebd to remote] DEBUG org.asynchttpclient.netty.request.NettyRequestSender -- Using pooled Channel '[id: 0x1d483681, L:/127.0.0.1:51948 - R:localhost/127.0.0.1:18862]' for 'POST' to 'http://localhost:18862/session/0cb16b85fd54d24cec88c6f1e9eb2ebd/elements'
18:46:08.857 [Forwarding findElements on session 0cb16b85fd54d24cec88c6f1e9eb2ebd to remote] DEBUG org.asynchttpclient.netty.request.NettyRequestSender -- Using open Channel [id: 0x1d483681, L:/127.0.0.1:51948 - R:localhost/127.0.0.1:18862] for POST '/session/0cb16b85fd54d24cec88c6f1e9eb2ebd/elements'
18:46:08.875 [AsyncHttpClient-1-2] DEBUG org.asynchttpclient.netty.handler.HttpHandler -- 

Request DefaultHttpRequest(decodeResult: success, version: HTTP/1.1)
POST /session/0cb16b85fd54d24cec88c6f1e9eb2ebd/elements HTTP/1.1
User-Agent: selenium/4.9.0 (java windows)
Content-Length: 83
Content-Type: application/json; charset=utf-8
host: localhost:18862
accept: */*

Response DefaultHttpResponse(decodeResult: success, version: HTTP/1.1)
HTTP/1.1 200 OK
Content-Length: 129
Content-Type: application/json; charset=utf-8
cache-control: no-cache

18:46:08.875 [AsyncHttpClient-1-2] DEBUG org.asynchttpclient.netty.channel.ChannelManager -- Adding key: http://localhost:18862 for channel [id: 0x1d483681, L:/127.0.0.1:51948 - R:localhost/127.0.0.1:18862]
18:46:08.947 [Forwarding isElementDisplayed on session 0cb16b85fd54d24cec88c6f1e9eb2ebd to remote] DEBUG org.asynchttpclient.netty.request.NettyRequestSender -- Using pooled Channel '[id: 0x1d483681, L:/127.0.0.1:51948 - R:localhost/127.0.0.1:18862]' for 'POST' to 'http://localhost:18862/session/0cb16b85fd54d24cec88c6f1e9eb2ebd/execute/sync'
18:46:08.947 [Forwarding isElementDisplayed on session 0cb16b85fd54d24cec88c6f1e9eb2ebd to remote] DEBUG org.asynchttpclient.netty.request.NettyRequestSender -- Using open Channel [id: 0x1d483681, L:/127.0.0.1:51948 - R:localhost/127.0.0.1:18862] for POST '/session/0cb16b85fd54d24cec88c6f1e9eb2ebd/execute/sync'
18:46:08.965 [AsyncHttpClient-1-2] DEBUG org.asynchttpclient.netty.handler.HttpHandler -- 

Request DefaultHttpRequest(decodeResult: success, version: HTTP/1.1)
POST /session/0cb16b85fd54d24cec88c6f1e9eb2ebd/execute/sync HTTP/1.1
User-Agent: selenium/4.9.0 (java windows)
Content-Length: 48846
Content-Type: application/json; charset=utf-8
host: localhost:18862
accept: */*

Response DefaultHttpResponse(decodeResult: success, version: HTTP/1.1)
HTTP/1.1 200 OK
Content-Length: 14
Content-Type: application/json; charset=utf-8
cache-control: no-cache

18:46:08.965 [AsyncHttpClient-1-2] DEBUG org.asynchttpclient.netty.channel.ChannelManager -- Adding key: http://localhost:18862 for channel [id: 0x1d483681, L:/127.0.0.1:51948 - R:localhost/127.0.0.1:18862]
18:46:08.974 [Forwarding isElementDisplayed on session 0cb16b85fd54d24cec88c6f1e9eb2ebd to remote] DEBUG org.asynchttpclient.netty.request.NettyRequestSender -- Using pooled Channel '[id: 0x1d483681, L:/127.0.0.1:51948 - R:localhost/127.0.0.1:18862]' for 'POST' to 'http://localhost:18862/session/0cb16b85fd54d24cec88c6f1e9eb2ebd/execute/sync'
18:46:08.974 [Forwarding isElementDisplayed on session 0cb16b85fd54d24cec88c6f1e9eb2ebd to remote] DEBUG org.asynchttpclient.netty.request.NettyRequestSender -- Using open Channel [id: 0x1d483681, L:/127.0.0.1:51948 - R:localhost/127.0.0.1:18862] for POST '/session/0cb16b85fd54d24cec88c6f1e9eb2ebd/execute/sync'
18:46:08.979 [AsyncHttpClient-1-2] DEBUG org.asynchttpclient.netty.handler.HttpHandler -- 

Request DefaultHttpRequest(decodeResult: success, version: HTTP/1.1)
POST /session/0cb16b85fd54d24cec88c6f1e9eb2ebd/execute/sync HTTP/1.1
User-Agent: selenium/4.9.0 (java windows)
Content-Length: 48846
Content-Type: application/json; charset=utf-8
host: localhost:18862
accept: */*

Response DefaultHttpResponse(decodeResult: success, version: HTTP/1.1)
HTTP/1.1 200 OK
Content-Length: 14
Content-Type: application/json; charset=utf-8
cache-control: no-cache

18:46:08.979 [AsyncHttpClient-1-2] DEBUG org.asynchttpclient.netty.channel.ChannelManager -- Adding key: http://localhost:18862 for channel [id: 0x1d483681, L:/127.0.0.1:51948 - R:localhost/127.0.0.1:18862]
18:46:09.075 [Forwarding getAlertText on session 0cb16b85fd54d24cec88c6f1e9eb2ebd to remote] DEBUG org.asynchttpclient.netty.request.NettyRequestSender -- Using pooled Channel '[id: 0x1d483681, L:/127.0.0.1:51948 - R:localhost/127.0.0.1:18862]' for 'GET' to 'http://localhost:18862/session/0cb16b85fd54d24cec88c6f1e9eb2ebd/alert/text'
18:46:09.075 [Forwarding getAlertText on session 0cb16b85fd54d24cec88c6f1e9eb2ebd to remote] DEBUG org.asynchttpclient.netty.request.NettyRequestSender -- Using open Channel [id: 0x1d483681, L:/127.0.0.1:51948 - R:localhost/127.0.0.1:18862] for GET '/session/0cb16b85fd54d24cec88c6f1e9eb2ebd/alert/text'
18:46:09.075 [AsyncHttpClient-1-2] DEBUG org.asynchttpclient.netty.handler.HttpHandler -- 

Request DefaultFullHttpRequest(decodeResult: success, version: HTTP/1.1, content: EmptyByteBufBE)
GET /session/0cb16b85fd54d24cec88c6f1e9eb2ebd/alert/text HTTP/1.1
User-Agent: selenium/4.9.0 (java windows)
Cache-Control: no-cache
Content-Type: application/json; charset=utf-8
host: localhost:18862
accept: */*

Response DefaultHttpResponse(decodeResult: success, version: HTTP/1.1)
HTTP/1.1 404 Not Found
Content-Length: 926
Content-Type: application/json; charset=utf-8
cache-control: no-cache

18:46:09.075 [AsyncHttpClient-1-2] DEBUG org.asynchttpclient.netty.channel.ChannelManager -- Adding key: http://localhost:18862 for channel [id: 0x1d483681, L:/127.0.0.1:51948 - R:localhost/127.0.0.1:18862]
18:46:09.075 [Forwarding getCurrentUrl on session 0cb16b85fd54d24cec88c6f1e9eb2ebd to remote] DEBUG org.asynchttpclient.netty.request.NettyRequestSender -- Using pooled Channel '[id: 0x1d483681, L:/127.0.0.1:51948 - R:localhost/127.0.0.1:18862]' for 'GET' to 'http://localhost:18862/session/0cb16b85fd54d24cec88c6f1e9eb2ebd/url'
18:46:09.075 [Forwarding getCurrentUrl on session 0cb16b85fd54d24cec88c6f1e9eb2ebd to remote] DEBUG org.asynchttpclient.netty.request.NettyRequestSender -- Using open Channel [id: 0x1d483681, L:/127.0.0.1:51948 - R:localhost/127.0.0.1:18862] for GET '/session/0cb16b85fd54d24cec88c6f1e9eb2ebd/url'
18:46:09.090 [AsyncHttpClient-1-2] DEBUG org.asynchttpclient.netty.handler.HttpHandler -- 

Request DefaultFullHttpRequest(decodeResult: success, version: HTTP/1.1, content: EmptyByteBufBE)
GET /session/0cb16b85fd54d24cec88c6f1e9eb2ebd/url HTTP/1.1
User-Agent: selenium/4.9.0 (java windows)
Cache-Control: no-cache
Content-Type: application/json; charset=utf-8
host: localhost:18862
accept: */*

Response DefaultHttpResponse(decodeResult: success, version: HTTP/1.1)
HTTP/1.1 200 OK
Content-Length: 54
Content-Type: application/json; charset=utf-8
cache-control: no-cache

18:46:09.090 [AsyncHttpClient-1-2] DEBUG org.asynchttpclient.netty.channel.ChannelManager -- Adding key: http://localhost:18862 for channel [id: 0x1d483681, L:/127.0.0.1:51948 - R:localhost/127.0.0.1:18862]
18:46:09.090 [Forwarding screenshot on session 0cb16b85fd54d24cec88c6f1e9eb2ebd to remote] DEBUG org.asynchttpclient.netty.request.NettyRequestSender -- Using pooled Channel '[id: 0x1d483681, L:/127.0.0.1:51948 - R:localhost/127.0.0.1:18862]' for 'GET' to 'http://localhost:18862/session/0cb16b85fd54d24cec88c6f1e9eb2ebd/screenshot'
18:46:09.090 [Forwarding screenshot on session 0cb16b85fd54d24cec88c6f1e9eb2ebd to remote] DEBUG org.asynchttpclient.netty.request.NettyRequestSender -- Using open Channel [id: 0x1d483681, L:/127.0.0.1:51948 - R:localhost/127.0.0.1:18862] for GET '/session/0cb16b85fd54d24cec88c6f1e9eb2ebd/screenshot'
18:46:09.207 [AsyncHttpClient-1-2] DEBUG org.asynchttpclient.netty.handler.HttpHandler -- 

Request DefaultFullHttpRequest(decodeResult: success, version: HTTP/1.1, content: EmptyByteBufBE)
GET /session/0cb16b85fd54d24cec88c6f1e9eb2ebd/screenshot HTTP/1.1
User-Agent: selenium/4.9.0 (java windows)
Cache-Control: no-cache
Content-Type: application/json; charset=utf-8
host: localhost:18862
accept: */*

Response DefaultHttpResponse(decodeResult: success, version: HTTP/1.1)
HTTP/1.1 200 OK
Content-Length: 285216
Content-Type: application/json; charset=utf-8
cache-control: no-cache

18:46:09.207 [AsyncHttpClient-1-2] DEBUG org.asynchttpclient.netty.channel.ChannelManager -- Adding key: http://localhost:18862 for channel [id: 0x1d483681, L:/127.0.0.1:51948 - R:localhost/127.0.0.1:18862]
18:46:09.238 [Test worker] DEBUG net.serenitybdd.core.photography.Darkroom -- Send negative for processing for C:\Users\kguer\IdeaProjects\retoDemoBlaze\target\site\serenity\a84d400d62a3cf69f1266f2439bf20f4d94d6c192f742392e18bb80533236928.png
18:46:09.270 [Forwarding getPageSource on session 0cb16b85fd54d24cec88c6f1e9eb2ebd to remote] DEBUG org.asynchttpclient.netty.request.NettyRequestSender -- Using pooled Channel '[id: 0x1d483681, L:/127.0.0.1:51948 - R:localhost/127.0.0.1:18862]' for 'POST' to 'http://localhost:18862/session/0cb16b85fd54d24cec88c6f1e9eb2ebd/execute/sync'
18:46:09.270 [Forwarding getPageSource on session 0cb16b85fd54d24cec88c6f1e9eb2ebd to remote] DEBUG org.asynchttpclient.netty.request.NettyRequestSender -- Using open Channel [id: 0x1d483681, L:/127.0.0.1:51948 - R:localhost/127.0.0.1:18862] for POST '/session/0cb16b85fd54d24cec88c6f1e9eb2ebd/execute/sync'
18:46:09.285 [AsyncHttpClient-1-2] DEBUG org.asynchttpclient.netty.handler.HttpHandler -- 

Request DefaultHttpRequest(decodeResult: success, version: HTTP/1.1)
POST /session/0cb16b85fd54d24cec88c6f1e9eb2ebd/execute/sync HTTP/1.1
User-Agent: selenium/4.9.0 (java windows)
Content-Length: 176
Content-Type: application/json; charset=utf-8
host: localhost:18862
accept: */*

Response DefaultHttpResponse(decodeResult: success, version: HTTP/1.1)
HTTP/1.1 200 OK
Content-Length: 54754
Content-Type: application/json; charset=utf-8
cache-control: no-cache

18:46:09.285 [AsyncHttpClient-1-2] DEBUG org.asynchttpclient.netty.channel.ChannelManager -- Adding key: http://localhost:18862 for channel [id: 0x1d483681, L:/127.0.0.1:51948 - R:localhost/127.0.0.1:18862]
18:46:09.303 [Forwarding getCurrentUrl on session 0cb16b85fd54d24cec88c6f1e9eb2ebd to remote] DEBUG org.asynchttpclient.netty.request.NettyRequestSender -- Using pooled Channel '[id: 0x1d483681, L:/127.0.0.1:51948 - R:localhost/127.0.0.1:18862]' for 'GET' to 'http://localhost:18862/session/0cb16b85fd54d24cec88c6f1e9eb2ebd/url'
18:46:09.303 [Forwarding getCurrentUrl on session 0cb16b85fd54d24cec88c6f1e9eb2ebd to remote] DEBUG org.asynchttpclient.netty.request.NettyRequestSender -- Using open Channel [id: 0x1d483681, L:/127.0.0.1:51948 - R:localhost/127.0.0.1:18862] for GET '/session/0cb16b85fd54d24cec88c6f1e9eb2ebd/url'
18:46:09.303 [AsyncHttpClient-1-2] DEBUG org.asynchttpclient.netty.handler.HttpHandler -- 

Request DefaultFullHttpRequest(decodeResult: success, version: HTTP/1.1, content: EmptyByteBufBE)
GET /session/0cb16b85fd54d24cec88c6f1e9eb2ebd/url HTTP/1.1
User-Agent: selenium/4.9.0 (java windows)
Cache-Control: no-cache
Content-Type: application/json; charset=utf-8
host: localhost:18862
accept: */*

Response DefaultHttpResponse(decodeResult: success, version: HTTP/1.1)
HTTP/1.1 200 OK
Content-Length: 54
Content-Type: application/json; charset=utf-8
cache-control: no-cache

18:46:09.303 [AsyncHttpClient-1-2] DEBUG org.asynchttpclient.netty.channel.ChannelManager -- Adding key: http://localhost:18862 for channel [id: 0x1d483681, L:/127.0.0.1:51948 - R:localhost/127.0.0.1:18862]
18:46:09.319 [Test worker] DEBUG net.thucydides.core.steps.StepInterceptor -- STARTING STEP: AddProductsToCartInteraction.performAs - {0} clicks on #target
18:46:09.319 [Test worker] DEBUG net.serenitybdd.screenplay.targets.IFrameSwitcher -- default content already selected for Button to add cart
18:46:09.759 [AsyncHttpClient-1-1] DEBUG org.asynchttpclient.netty.channel.DefaultChannelPool -- Entry count for : http://localhost:51952 : 1
18:46:09.759 [AsyncHttpClient-1-1] DEBUG org.asynchttpclient.netty.channel.DefaultChannelPool -- Entry count for : http://localhost:18862 : 1
18:46:10.646 [Forwarding findElement on session 0cb16b85fd54d24cec88c6f1e9eb2ebd to remote] DEBUG org.asynchttpclient.netty.request.NettyRequestSender -- Using pooled Channel '[id: 0x1d483681, L:/127.0.0.1:51948 - R:localhost/127.0.0.1:18862]' for 'POST' to 'http://localhost:18862/session/0cb16b85fd54d24cec88c6f1e9eb2ebd/element'
18:46:10.646 [Forwarding findElement on session 0cb16b85fd54d24cec88c6f1e9eb2ebd to remote] DEBUG org.asynchttpclient.netty.request.NettyRequestSender -- Using open Channel [id: 0x1d483681, L:/127.0.0.1:51948 - R:localhost/127.0.0.1:18862] for POST '/session/0cb16b85fd54d24cec88c6f1e9eb2ebd/element'
18:46:10.661 [AsyncHttpClient-1-2] DEBUG org.asynchttpclient.netty.handler.HttpHandler -- 

Request DefaultHttpRequest(decodeResult: success, version: HTTP/1.1)
POST /session/0cb16b85fd54d24cec88c6f1e9eb2ebd/element HTTP/1.1
User-Agent: selenium/4.9.0 (java windows)
Content-Length: 83
Content-Type: application/json; charset=utf-8
host: localhost:18862
accept: */*

Response DefaultHttpResponse(decodeResult: success, version: HTTP/1.1)
HTTP/1.1 200 OK
Content-Length: 127
Content-Type: application/json; charset=utf-8
cache-control: no-cache

18:46:10.661 [AsyncHttpClient-1-2] DEBUG org.asynchttpclient.netty.channel.ChannelManager -- Adding key: http://localhost:18862 for channel [id: 0x1d483681, L:/127.0.0.1:51948 - R:localhost/127.0.0.1:18862]
18:46:10.692 [Forwarding isElementDisplayed on session 0cb16b85fd54d24cec88c6f1e9eb2ebd to remote] DEBUG org.asynchttpclient.netty.request.NettyRequestSender -- Using pooled Channel '[id: 0x1d483681, L:/127.0.0.1:51948 - R:localhost/127.0.0.1:18862]' for 'POST' to 'http://localhost:18862/session/0cb16b85fd54d24cec88c6f1e9eb2ebd/execute/sync'
18:46:10.692 [Forwarding isElementDisplayed on session 0cb16b85fd54d24cec88c6f1e9eb2ebd to remote] DEBUG org.asynchttpclient.netty.request.NettyRequestSender -- Using open Channel [id: 0x1d483681, L:/127.0.0.1:51948 - R:localhost/127.0.0.1:18862] for POST '/session/0cb16b85fd54d24cec88c6f1e9eb2ebd/execute/sync'
18:46:10.709 [AsyncHttpClient-1-2] DEBUG org.asynchttpclient.netty.handler.HttpHandler -- 

Request DefaultHttpRequest(decodeResult: success, version: HTTP/1.1)
POST /session/0cb16b85fd54d24cec88c6f1e9eb2ebd/execute/sync HTTP/1.1
User-Agent: selenium/4.9.0 (java windows)
Content-Length: 48846
Content-Type: application/json; charset=utf-8
host: localhost:18862
accept: */*

Response DefaultHttpResponse(decodeResult: success, version: HTTP/1.1)
HTTP/1.1 200 OK
Content-Length: 14
Content-Type: application/json; charset=utf-8
cache-control: no-cache

18:46:10.709 [AsyncHttpClient-1-2] DEBUG org.asynchttpclient.netty.channel.ChannelManager -- Adding key: http://localhost:18862 for channel [id: 0x1d483681, L:/127.0.0.1:51948 - R:localhost/127.0.0.1:18862]
18:46:10.726 [Forwarding findElement on session 0cb16b85fd54d24cec88c6f1e9eb2ebd to remote] DEBUG org.asynchttpclient.netty.request.NettyRequestSender -- Using pooled Channel '[id: 0x1d483681, L:/127.0.0.1:51948 - R:localhost/127.0.0.1:18862]' for 'POST' to 'http://localhost:18862/session/0cb16b85fd54d24cec88c6f1e9eb2ebd/element'
18:46:10.726 [Forwarding findElement on session 0cb16b85fd54d24cec88c6f1e9eb2ebd to remote] DEBUG org.asynchttpclient.netty.request.NettyRequestSender -- Using open Channel [id: 0x1d483681, L:/127.0.0.1:51948 - R:localhost/127.0.0.1:18862] for POST '/session/0cb16b85fd54d24cec88c6f1e9eb2ebd/element'
18:46:10.741 [AsyncHttpClient-1-2] DEBUG org.asynchttpclient.netty.handler.HttpHandler -- 

Request DefaultHttpRequest(decodeResult: success, version: HTTP/1.1)
POST /session/0cb16b85fd54d24cec88c6f1e9eb2ebd/element HTTP/1.1
User-Agent: selenium/4.9.0 (java windows)
Content-Length: 83
Content-Type: application/json; charset=utf-8
host: localhost:18862
accept: */*

Response DefaultHttpResponse(decodeResult: success, version: HTTP/1.1)
HTTP/1.1 200 OK
Content-Length: 127
Content-Type: application/json; charset=utf-8
cache-control: no-cache

18:46:10.741 [AsyncHttpClient-1-2] DEBUG org.asynchttpclient.netty.channel.ChannelManager -- Adding key: http://localhost:18862 for channel [id: 0x1d483681, L:/127.0.0.1:51948 - R:localhost/127.0.0.1:18862]
18:46:10.741 [Forwarding clickElement on session 0cb16b85fd54d24cec88c6f1e9eb2ebd to remote] DEBUG org.asynchttpclient.netty.request.NettyRequestSender -- Using pooled Channel '[id: 0x1d483681, L:/127.0.0.1:51948 - R:localhost/127.0.0.1:18862]' for 'POST' to 'http://localhost:18862/session/0cb16b85fd54d24cec88c6f1e9eb2ebd/element/f.F3D8E0C449C07D1F7D6153FC9DF4AACD.d.1FC42ABB085996E3C98DEDEC578C3EBF.e.132/click'
18:46:10.741 [Forwarding clickElement on session 0cb16b85fd54d24cec88c6f1e9eb2ebd to remote] DEBUG org.asynchttpclient.netty.request.NettyRequestSender -- Using open Channel [id: 0x1d483681, L:/127.0.0.1:51948 - R:localhost/127.0.0.1:18862] for POST '/session/0cb16b85fd54d24cec88c6f1e9eb2ebd/element/f.F3D8E0C449C07D1F7D6153FC9DF4AACD.d.1FC42ABB085996E3C98DEDEC578C3EBF.e.132/click'
18:46:10.791 [AsyncHttpClient-1-2] DEBUG org.asynchttpclient.netty.handler.HttpHandler -- 

Request DefaultHttpRequest(decodeResult: success, version: HTTP/1.1)
POST /session/0cb16b85fd54d24cec88c6f1e9eb2ebd/element/f.F3D8E0C449C07D1F7D6153FC9DF4AACD.d.1FC42ABB085996E3C98DEDEC578C3EBF.e.132/click HTTP/1.1
User-Agent: selenium/4.9.0 (java windows)
Content-Length: 89
Content-Type: application/json; charset=utf-8
host: localhost:18862
accept: */*

Response DefaultHttpResponse(decodeResult: success, version: HTTP/1.1)
HTTP/1.1 200 OK
Content-Length: 14
Content-Type: application/json; charset=utf-8
cache-control: no-cache

18:46:10.792 [AsyncHttpClient-1-2] DEBUG org.asynchttpclient.netty.channel.ChannelManager -- Adding key: http://localhost:18862 for channel [id: 0x1d483681, L:/127.0.0.1:51948 - R:localhost/127.0.0.1:18862]
18:46:10.843 [Forwarding getAlertText on session 0cb16b85fd54d24cec88c6f1e9eb2ebd to remote] DEBUG org.asynchttpclient.netty.request.NettyRequestSender -- Using pooled Channel '[id: 0x1d483681, L:/127.0.0.1:51948 - R:localhost/127.0.0.1:18862]' for 'GET' to 'http://localhost:18862/session/0cb16b85fd54d24cec88c6f1e9eb2ebd/alert/text'
18:46:10.843 [Forwarding getAlertText on session 0cb16b85fd54d24cec88c6f1e9eb2ebd to remote] DEBUG org.asynchttpclient.netty.request.NettyRequestSender -- Using open Channel [id: 0x1d483681, L:/127.0.0.1:51948 - R:localhost/127.0.0.1:18862] for GET '/session/0cb16b85fd54d24cec88c6f1e9eb2ebd/alert/text'
18:46:10.843 [AsyncHttpClient-1-2] DEBUG org.asynchttpclient.netty.handler.HttpHandler -- 

Request DefaultFullHttpRequest(decodeResult: success, version: HTTP/1.1, content: EmptyByteBufBE)
GET /session/0cb16b85fd54d24cec88c6f1e9eb2ebd/alert/text HTTP/1.1
User-Agent: selenium/4.9.0 (java windows)
Cache-Control: no-cache
Content-Type: application/json; charset=utf-8
host: localhost:18862
accept: */*

Response DefaultHttpResponse(decodeResult: success, version: HTTP/1.1)
HTTP/1.1 404 Not Found
Content-Length: 926
Content-Type: application/json; charset=utf-8
cache-control: no-cache

18:46:10.843 [AsyncHttpClient-1-2] DEBUG org.asynchttpclient.netty.channel.ChannelManager -- Adding key: http://localhost:18862 for channel [id: 0x1d483681, L:/127.0.0.1:51948 - R:localhost/127.0.0.1:18862]
18:46:10.849 [Forwarding getCurrentUrl on session 0cb16b85fd54d24cec88c6f1e9eb2ebd to remote] DEBUG org.asynchttpclient.netty.request.NettyRequestSender -- Using pooled Channel '[id: 0x1d483681, L:/127.0.0.1:51948 - R:localhost/127.0.0.1:18862]' for 'GET' to 'http://localhost:18862/session/0cb16b85fd54d24cec88c6f1e9eb2ebd/url'
18:46:10.849 [Forwarding getCurrentUrl on session 0cb16b85fd54d24cec88c6f1e9eb2ebd to remote] DEBUG org.asynchttpclient.netty.request.NettyRequestSender -- Using open Channel [id: 0x1d483681, L:/127.0.0.1:51948 - R:localhost/127.0.0.1:18862] for GET '/session/0cb16b85fd54d24cec88c6f1e9eb2ebd/url'
18:46:10.849 [AsyncHttpClient-1-2] DEBUG org.asynchttpclient.netty.handler.HttpHandler -- 

Request DefaultFullHttpRequest(decodeResult: success, version: HTTP/1.1, content: EmptyByteBufBE)
GET /session/0cb16b85fd54d24cec88c6f1e9eb2ebd/url HTTP/1.1
User-Agent: selenium/4.9.0 (java windows)
Cache-Control: no-cache
Content-Type: application/json; charset=utf-8
host: localhost:18862
accept: */*

Response DefaultHttpResponse(decodeResult: success, version: HTTP/1.1)
HTTP/1.1 200 OK
Content-Length: 55
Content-Type: application/json; charset=utf-8
cache-control: no-cache

18:46:10.849 [AsyncHttpClient-1-2] DEBUG org.asynchttpclient.netty.channel.ChannelManager -- Adding key: http://localhost:18862 for channel [id: 0x1d483681, L:/127.0.0.1:51948 - R:localhost/127.0.0.1:18862]
18:46:10.858 [Forwarding screenshot on session 0cb16b85fd54d24cec88c6f1e9eb2ebd to remote] DEBUG org.asynchttpclient.netty.request.NettyRequestSender -- Using pooled Channel '[id: 0x1d483681, L:/127.0.0.1:51948 - R:localhost/127.0.0.1:18862]' for 'GET' to 'http://localhost:18862/session/0cb16b85fd54d24cec88c6f1e9eb2ebd/screenshot'
18:46:10.858 [AsyncHttpClient-1-1] DEBUG org.asynchttpclient.netty.channel.DefaultChannelPool -- Entry count for : http://localhost:51952 : 1
18:46:10.858 [Forwarding screenshot on session 0cb16b85fd54d24cec88c6f1e9eb2ebd to remote] DEBUG org.asynchttpclient.netty.request.NettyRequestSender -- Using open Channel [id: 0x1d483681, L:/127.0.0.1:51948 - R:localhost/127.0.0.1:18862] for GET '/session/0cb16b85fd54d24cec88c6f1e9eb2ebd/screenshot'
18:46:11.017 [AsyncHttpClient-1-2] DEBUG org.asynchttpclient.netty.handler.HttpHandler -- 

Request DefaultFullHttpRequest(decodeResult: success, version: HTTP/1.1, content: EmptyByteBufBE)
GET /session/0cb16b85fd54d24cec88c6f1e9eb2ebd/screenshot HTTP/1.1
User-Agent: selenium/4.9.0 (java windows)
Cache-Control: no-cache
Content-Type: application/json; charset=utf-8
host: localhost:18862
accept: */*

Response DefaultHttpResponse(decodeResult: success, version: HTTP/1.1)
HTTP/1.1 200 OK
Content-Length: 285528
Content-Type: application/json; charset=utf-8
cache-control: no-cache

18:46:11.018 [AsyncHttpClient-1-2] DEBUG org.asynchttpclient.netty.channel.ChannelManager -- Adding key: http://localhost:18862 for channel [id: 0x1d483681, L:/127.0.0.1:51948 - R:localhost/127.0.0.1:18862]
18:46:11.029 [Test worker] DEBUG net.serenitybdd.core.photography.Darkroom -- Send negative for processing for C:\Users\kguer\IdeaProjects\retoDemoBlaze\target\site\serenity\a53564ce87619ee049d3e4ac2bac946fd7f3393d7e508920ceadc32420f6810c.png
18:46:11.045 [Forwarding getPageSource on session 0cb16b85fd54d24cec88c6f1e9eb2ebd to remote] DEBUG org.asynchttpclient.netty.request.NettyRequestSender -- Using pooled Channel '[id: 0x1d483681, L:/127.0.0.1:51948 - R:localhost/127.0.0.1:18862]' for 'POST' to 'http://localhost:18862/session/0cb16b85fd54d24cec88c6f1e9eb2ebd/execute/sync'
18:46:11.046 [Forwarding getPageSource on session 0cb16b85fd54d24cec88c6f1e9eb2ebd to remote] DEBUG org.asynchttpclient.netty.request.NettyRequestSender -- Using open Channel [id: 0x1d483681, L:/127.0.0.1:51948 - R:localhost/127.0.0.1:18862] for POST '/session/0cb16b85fd54d24cec88c6f1e9eb2ebd/execute/sync'
18:46:11.055 [AsyncHttpClient-1-2] DEBUG org.asynchttpclient.netty.handler.HttpHandler -- 

Request DefaultHttpRequest(decodeResult: success, version: HTTP/1.1)
POST /session/0cb16b85fd54d24cec88c6f1e9eb2ebd/execute/sync HTTP/1.1
User-Agent: selenium/4.9.0 (java windows)
Content-Length: 176
Content-Type: application/json; charset=utf-8
host: localhost:18862
accept: */*

Response DefaultHttpResponse(decodeResult: success, version: HTTP/1.1)
HTTP/1.1 200 OK
Content-Length: 54754
Content-Type: application/json; charset=utf-8
cache-control: no-cache

18:46:11.055 [AsyncHttpClient-1-2] DEBUG org.asynchttpclient.netty.channel.ChannelManager -- Adding key: http://localhost:18862 for channel [id: 0x1d483681, L:/127.0.0.1:51948 - R:localhost/127.0.0.1:18862]
18:46:11.062 [Forwarding getCurrentUrl on session 0cb16b85fd54d24cec88c6f1e9eb2ebd to remote] DEBUG org.asynchttpclient.netty.request.NettyRequestSender -- Using pooled Channel '[id: 0x1d483681, L:/127.0.0.1:51948 - R:localhost/127.0.0.1:18862]' for 'GET' to 'http://localhost:18862/session/0cb16b85fd54d24cec88c6f1e9eb2ebd/url'
18:46:11.062 [Forwarding getCurrentUrl on session 0cb16b85fd54d24cec88c6f1e9eb2ebd to remote] DEBUG org.asynchttpclient.netty.request.NettyRequestSender -- Using open Channel [id: 0x1d483681, L:/127.0.0.1:51948 - R:localhost/127.0.0.1:18862] for GET '/session/0cb16b85fd54d24cec88c6f1e9eb2ebd/url'
18:46:11.062 [AsyncHttpClient-1-2] DEBUG org.asynchttpclient.netty.handler.HttpHandler -- 

Request DefaultFullHttpRequest(decodeResult: success, version: HTTP/1.1, content: EmptyByteBufBE)
GET /session/0cb16b85fd54d24cec88c6f1e9eb2ebd/url HTTP/1.1
User-Agent: selenium/4.9.0 (java windows)
Cache-Control: no-cache
Content-Type: application/json; charset=utf-8
host: localhost:18862
accept: */*

Response DefaultHttpResponse(decodeResult: success, version: HTTP/1.1)
HTTP/1.1 200 OK
Content-Length: 55
Content-Type: application/json; charset=utf-8
cache-control: no-cache

18:46:11.062 [AsyncHttpClient-1-2] DEBUG org.asynchttpclient.netty.channel.ChannelManager -- Adding key: http://localhost:18862 for channel [id: 0x1d483681, L:/127.0.0.1:51948 - R:localhost/127.0.0.1:18862]
18:46:11.138 [Forwarding getAlertText on session 0cb16b85fd54d24cec88c6f1e9eb2ebd to remote] DEBUG org.asynchttpclient.netty.request.NettyRequestSender -- Using pooled Channel '[id: 0x1d483681, L:/127.0.0.1:51948 - R:localhost/127.0.0.1:18862]' for 'GET' to 'http://localhost:18862/session/0cb16b85fd54d24cec88c6f1e9eb2ebd/alert/text'
18:46:11.138 [Forwarding getAlertText on session 0cb16b85fd54d24cec88c6f1e9eb2ebd to remote] DEBUG org.asynchttpclient.netty.request.NettyRequestSender -- Using open Channel [id: 0x1d483681, L:/127.0.0.1:51948 - R:localhost/127.0.0.1:18862] for GET '/session/0cb16b85fd54d24cec88c6f1e9eb2ebd/alert/text'
18:46:11.142 [AsyncHttpClient-1-2] DEBUG org.asynchttpclient.netty.handler.HttpHandler -- 

Request DefaultFullHttpRequest(decodeResult: success, version: HTTP/1.1, content: EmptyByteBufBE)
GET /session/0cb16b85fd54d24cec88c6f1e9eb2ebd/alert/text HTTP/1.1
User-Agent: selenium/4.9.0 (java windows)
Cache-Control: no-cache
Content-Type: application/json; charset=utf-8
host: localhost:18862
accept: */*

Response DefaultHttpResponse(decodeResult: success, version: HTTP/1.1)
HTTP/1.1 404 Not Found
Content-Length: 926
Content-Type: application/json; charset=utf-8
cache-control: no-cache

18:46:11.142 [AsyncHttpClient-1-2] DEBUG org.asynchttpclient.netty.channel.ChannelManager -- Adding key: http://localhost:18862 for channel [id: 0x1d483681, L:/127.0.0.1:51948 - R:localhost/127.0.0.1:18862]
18:46:11.142 [Forwarding getCurrentUrl on session 0cb16b85fd54d24cec88c6f1e9eb2ebd to remote] DEBUG org.asynchttpclient.netty.request.NettyRequestSender -- Using pooled Channel '[id: 0x1d483681, L:/127.0.0.1:51948 - R:localhost/127.0.0.1:18862]' for 'GET' to 'http://localhost:18862/session/0cb16b85fd54d24cec88c6f1e9eb2ebd/url'
18:46:11.142 [Forwarding getCurrentUrl on session 0cb16b85fd54d24cec88c6f1e9eb2ebd to remote] DEBUG org.asynchttpclient.netty.request.NettyRequestSender -- Using open Channel [id: 0x1d483681, L:/127.0.0.1:51948 - R:localhost/127.0.0.1:18862] for GET '/session/0cb16b85fd54d24cec88c6f1e9eb2ebd/url'
18:46:11.154 [AsyncHttpClient-1-2] DEBUG org.asynchttpclient.netty.handler.HttpHandler -- 

Request DefaultFullHttpRequest(decodeResult: success, version: HTTP/1.1, content: EmptyByteBufBE)
GET /session/0cb16b85fd54d24cec88c6f1e9eb2ebd/url HTTP/1.1
User-Agent: selenium/4.9.0 (java windows)
Cache-Control: no-cache
Content-Type: application/json; charset=utf-8
host: localhost:18862
accept: */*

Response DefaultHttpResponse(decodeResult: success, version: HTTP/1.1)
HTTP/1.1 200 OK
Content-Length: 55
Content-Type: application/json; charset=utf-8
cache-control: no-cache

18:46:11.154 [AsyncHttpClient-1-2] DEBUG org.asynchttpclient.netty.channel.ChannelManager -- Adding key: http://localhost:18862 for channel [id: 0x1d483681, L:/127.0.0.1:51948 - R:localhost/127.0.0.1:18862]
18:46:11.154 [Forwarding screenshot on session 0cb16b85fd54d24cec88c6f1e9eb2ebd to remote] DEBUG org.asynchttpclient.netty.request.NettyRequestSender -- Using pooled Channel '[id: 0x1d483681, L:/127.0.0.1:51948 - R:localhost/127.0.0.1:18862]' for 'GET' to 'http://localhost:18862/session/0cb16b85fd54d24cec88c6f1e9eb2ebd/screenshot'
18:46:11.154 [Forwarding screenshot on session 0cb16b85fd54d24cec88c6f1e9eb2ebd to remote] DEBUG org.asynchttpclient.netty.request.NettyRequestSender -- Using open Channel [id: 0x1d483681, L:/127.0.0.1:51948 - R:localhost/127.0.0.1:18862] for GET '/session/0cb16b85fd54d24cec88c6f1e9eb2ebd/screenshot'
18:46:11.293 [AsyncHttpClient-1-2] DEBUG org.asynchttpclient.netty.handler.HttpHandler -- 

Request DefaultFullHttpRequest(decodeResult: success, version: HTTP/1.1, content: EmptyByteBufBE)
GET /session/0cb16b85fd54d24cec88c6f1e9eb2ebd/screenshot HTTP/1.1
User-Agent: selenium/4.9.0 (java windows)
Cache-Control: no-cache
Content-Type: application/json; charset=utf-8
host: localhost:18862
accept: */*

Response DefaultHttpResponse(decodeResult: success, version: HTTP/1.1)
HTTP/1.1 200 OK
Content-Length: 285496
Content-Type: application/json; charset=utf-8
cache-control: no-cache

18:46:11.293 [AsyncHttpClient-1-2] DEBUG org.asynchttpclient.netty.channel.ChannelManager -- Adding key: http://localhost:18862 for channel [id: 0x1d483681, L:/127.0.0.1:51948 - R:localhost/127.0.0.1:18862]
18:46:11.310 [Test worker] DEBUG net.serenitybdd.core.photography.Darkroom -- Send negative for processing for C:\Users\kguer\IdeaProjects\retoDemoBlaze\target\site\serenity\b4db67e742c4c5d45c9432de5135ed69a86c681950c297b37fab218488c0718d.png
18:46:11.311 [Test worker] DEBUG net.thucydides.core.steps.StepInterceptor -- STEP DONE: {0} clicks on #target
18:46:11.363 [Forwarding getPageSource on session 0cb16b85fd54d24cec88c6f1e9eb2ebd to remote] DEBUG org.asynchttpclient.netty.request.NettyRequestSender -- Using pooled Channel '[id: 0x1d483681, L:/127.0.0.1:51948 - R:localhost/127.0.0.1:18862]' for 'POST' to 'http://localhost:18862/session/0cb16b85fd54d24cec88c6f1e9eb2ebd/execute/sync'
18:46:11.363 [Forwarding getPageSource on session 0cb16b85fd54d24cec88c6f1e9eb2ebd to remote] DEBUG org.asynchttpclient.netty.request.NettyRequestSender -- Using open Channel [id: 0x1d483681, L:/127.0.0.1:51948 - R:localhost/127.0.0.1:18862] for POST '/session/0cb16b85fd54d24cec88c6f1e9eb2ebd/execute/sync'
18:46:11.371 [AsyncHttpClient-1-2] DEBUG org.asynchttpclient.netty.handler.HttpHandler -- 

Request DefaultHttpRequest(decodeResult: success, version: HTTP/1.1)
POST /session/0cb16b85fd54d24cec88c6f1e9eb2ebd/execute/sync HTTP/1.1
User-Agent: selenium/4.9.0 (java windows)
Content-Length: 176
Content-Type: application/json; charset=utf-8
host: localhost:18862
accept: */*

Response DefaultHttpResponse(decodeResult: success, version: HTTP/1.1)
HTTP/1.1 500 Internal Server Error
Content-Length: 896
Content-Type: application/json; charset=utf-8
cache-control: no-cache

18:46:11.371 [AsyncHttpClient-1-2] DEBUG org.asynchttpclient.netty.channel.ChannelManager -- Adding key: http://localhost:18862 for channel [id: 0x1d483681, L:/127.0.0.1:51948 - R:localhost/127.0.0.1:18862]
18:46:11.376 [Forwarding getCurrentUrl on session 0cb16b85fd54d24cec88c6f1e9eb2ebd to remote] DEBUG org.asynchttpclient.netty.request.NettyRequestSender -- Using pooled Channel '[id: 0x1d483681, L:/127.0.0.1:51948 - R:localhost/127.0.0.1:18862]' for 'GET' to 'http://localhost:18862/session/0cb16b85fd54d24cec88c6f1e9eb2ebd/url'
18:46:11.388 [Forwarding getCurrentUrl on session 0cb16b85fd54d24cec88c6f1e9eb2ebd to remote] DEBUG org.asynchttpclient.netty.request.NettyRequestSender -- Using open Channel [id: 0x1d483681, L:/127.0.0.1:51948 - R:localhost/127.0.0.1:18862] for GET '/session/0cb16b85fd54d24cec88c6f1e9eb2ebd/url'
18:46:11.395 [AsyncHttpClient-1-2] DEBUG org.asynchttpclient.netty.handler.HttpHandler -- 

Request DefaultFullHttpRequest(decodeResult: success, version: HTTP/1.1, content: EmptyByteBufBE)
GET /session/0cb16b85fd54d24cec88c6f1e9eb2ebd/url HTTP/1.1
User-Agent: selenium/4.9.0 (java windows)
Cache-Control: no-cache
Content-Type: application/json; charset=utf-8
host: localhost:18862
accept: */*

Response DefaultHttpResponse(decodeResult: success, version: HTTP/1.1)
HTTP/1.1 200 OK
Content-Length: 55
Content-Type: application/json; charset=utf-8
cache-control: no-cache

18:46:11.395 [AsyncHttpClient-1-2] DEBUG org.asynchttpclient.netty.channel.ChannelManager -- Adding key: http://localhost:18862 for channel [id: 0x1d483681, L:/127.0.0.1:51948 - R:localhost/127.0.0.1:18862]
18:46:11.398 [Test worker] DEBUG net.thucydides.core.steps.StepInterceptor -- STARTING STEP: AddProductsToCartInteraction.performAs - performAs
18:46:11.412 [Forwarding goBack on session 0cb16b85fd54d24cec88c6f1e9eb2ebd to remote] DEBUG org.asynchttpclient.netty.request.NettyRequestSender -- Using pooled Channel '[id: 0x1d483681, L:/127.0.0.1:51948 - R:localhost/127.0.0.1:18862]' for 'POST' to 'http://localhost:18862/session/0cb16b85fd54d24cec88c6f1e9eb2ebd/back'
18:46:11.412 [Forwarding goBack on session 0cb16b85fd54d24cec88c6f1e9eb2ebd to remote] DEBUG org.asynchttpclient.netty.request.NettyRequestSender -- Using open Channel [id: 0x1d483681, L:/127.0.0.1:51948 - R:localhost/127.0.0.1:18862] for POST '/session/0cb16b85fd54d24cec88c6f1e9eb2ebd/back'
18:46:11.425 [AsyncHttpClient-1-2] DEBUG org.asynchttpclient.netty.handler.HttpHandler -- 

Request DefaultHttpRequest(decodeResult: success, version: HTTP/1.1)
POST /session/0cb16b85fd54d24cec88c6f1e9eb2ebd/back HTTP/1.1
User-Agent: selenium/4.9.0 (java windows)
Content-Length: 3
Content-Type: application/json; charset=utf-8
host: localhost:18862
accept: */*

Response DefaultHttpResponse(decodeResult: success, version: HTTP/1.1)
HTTP/1.1 200 OK
Content-Length: 14
Content-Type: application/json; charset=utf-8
cache-control: no-cache

18:46:11.426 [AsyncHttpClient-1-2] DEBUG org.asynchttpclient.netty.channel.ChannelManager -- Adding key: http://localhost:18862 for channel [id: 0x1d483681, L:/127.0.0.1:51948 - R:localhost/127.0.0.1:18862]
18:46:11.508 [Forwarding getAlertText on session 0cb16b85fd54d24cec88c6f1e9eb2ebd to remote] DEBUG org.asynchttpclient.netty.request.NettyRequestSender -- Using pooled Channel '[id: 0x1d483681, L:/127.0.0.1:51948 - R:localhost/127.0.0.1:18862]' for 'GET' to 'http://localhost:18862/session/0cb16b85fd54d24cec88c6f1e9eb2ebd/alert/text'
18:46:11.508 [Forwarding getAlertText on session 0cb16b85fd54d24cec88c6f1e9eb2ebd to remote] DEBUG org.asynchttpclient.netty.request.NettyRequestSender -- Using open Channel [id: 0x1d483681, L:/127.0.0.1:51948 - R:localhost/127.0.0.1:18862] for GET '/session/0cb16b85fd54d24cec88c6f1e9eb2ebd/alert/text'
18:46:11.513 [AsyncHttpClient-1-2] DEBUG org.asynchttpclient.netty.handler.HttpHandler -- 

Request DefaultFullHttpRequest(decodeResult: success, version: HTTP/1.1, content: EmptyByteBufBE)
GET /session/0cb16b85fd54d24cec88c6f1e9eb2ebd/alert/text HTTP/1.1
User-Agent: selenium/4.9.0 (java windows)
Cache-Control: no-cache
Content-Type: application/json; charset=utf-8
host: localhost:18862
accept: */*

Response DefaultHttpResponse(decodeResult: success, version: HTTP/1.1)
HTTP/1.1 404 Not Found
Content-Length: 926
Content-Type: application/json; charset=utf-8
cache-control: no-cache

18:46:11.513 [AsyncHttpClient-1-2] DEBUG org.asynchttpclient.netty.channel.ChannelManager -- Adding key: http://localhost:18862 for channel [id: 0x1d483681, L:/127.0.0.1:51948 - R:localhost/127.0.0.1:18862]
18:46:11.513 [Forwarding getCurrentUrl on session 0cb16b85fd54d24cec88c6f1e9eb2ebd to remote] DEBUG org.asynchttpclient.netty.request.NettyRequestSender -- Using pooled Channel '[id: 0x1d483681, L:/127.0.0.1:51948 - R:localhost/127.0.0.1:18862]' for 'GET' to 'http://localhost:18862/session/0cb16b85fd54d24cec88c6f1e9eb2ebd/url'
18:46:11.518 [Forwarding getCurrentUrl on session 0cb16b85fd54d24cec88c6f1e9eb2ebd to remote] DEBUG org.asynchttpclient.netty.request.NettyRequestSender -- Using open Channel [id: 0x1d483681, L:/127.0.0.1:51948 - R:localhost/127.0.0.1:18862] for GET '/session/0cb16b85fd54d24cec88c6f1e9eb2ebd/url'
18:46:11.525 [AsyncHttpClient-1-2] DEBUG org.asynchttpclient.netty.handler.HttpHandler -- 

Request DefaultFullHttpRequest(decodeResult: success, version: HTTP/1.1, content: EmptyByteBufBE)
GET /session/0cb16b85fd54d24cec88c6f1e9eb2ebd/url HTTP/1.1
User-Agent: selenium/4.9.0 (java windows)
Cache-Control: no-cache
Content-Type: application/json; charset=utf-8
host: localhost:18862
accept: */*

Response DefaultHttpResponse(decodeResult: success, version: HTTP/1.1)
HTTP/1.1 200 OK
Content-Length: 54
Content-Type: application/json; charset=utf-8
cache-control: no-cache

18:46:11.525 [AsyncHttpClient-1-2] DEBUG org.asynchttpclient.netty.channel.ChannelManager -- Adding key: http://localhost:18862 for channel [id: 0x1d483681, L:/127.0.0.1:51948 - R:localhost/127.0.0.1:18862]
18:46:11.525 [Forwarding screenshot on session 0cb16b85fd54d24cec88c6f1e9eb2ebd to remote] DEBUG org.asynchttpclient.netty.request.NettyRequestSender -- Using pooled Channel '[id: 0x1d483681, L:/127.0.0.1:51948 - R:localhost/127.0.0.1:18862]' for 'GET' to 'http://localhost:18862/session/0cb16b85fd54d24cec88c6f1e9eb2ebd/screenshot'
18:46:11.525 [Forwarding screenshot on session 0cb16b85fd54d24cec88c6f1e9eb2ebd to remote] DEBUG org.asynchttpclient.netty.request.NettyRequestSender -- Using open Channel [id: 0x1d483681, L:/127.0.0.1:51948 - R:localhost/127.0.0.1:18862] for GET '/session/0cb16b85fd54d24cec88c6f1e9eb2ebd/screenshot'
18:46:11.663 [AsyncHttpClient-1-2] DEBUG org.asynchttpclient.netty.handler.HttpHandler -- 

Request DefaultFullHttpRequest(decodeResult: success, version: HTTP/1.1, content: EmptyByteBufBE)
GET /session/0cb16b85fd54d24cec88c6f1e9eb2ebd/screenshot HTTP/1.1
User-Agent: selenium/4.9.0 (java windows)
Cache-Control: no-cache
Content-Type: application/json; charset=utf-8
host: localhost:18862
accept: */*

Response DefaultHttpResponse(decodeResult: success, version: HTTP/1.1)
HTTP/1.1 200 OK
Content-Length: 285496
Content-Type: application/json; charset=utf-8
cache-control: no-cache

18:46:11.671 [AsyncHttpClient-1-2] DEBUG org.asynchttpclient.netty.channel.ChannelManager -- Adding key: http://localhost:18862 for channel [id: 0x1d483681, L:/127.0.0.1:51948 - R:localhost/127.0.0.1:18862]
18:46:11.678 [Test worker] DEBUG net.serenitybdd.core.photography.Darkroom -- Send negative for processing for C:\Users\kguer\IdeaProjects\retoDemoBlaze\target\site\serenity\b4db67e742c4c5d45c9432de5135ed69a86c681950c297b37fab218488c0718d.png
18:46:11.678 [Test worker] DEBUG net.thucydides.core.steps.StepInterceptor -- STEP DONE: performAs
18:46:11.738 [Forwarding getPageSource on session 0cb16b85fd54d24cec88c6f1e9eb2ebd to remote] DEBUG org.asynchttpclient.netty.request.NettyRequestSender -- Using pooled Channel '[id: 0x1d483681, L:/127.0.0.1:51948 - R:localhost/127.0.0.1:18862]' for 'POST' to 'http://localhost:18862/session/0cb16b85fd54d24cec88c6f1e9eb2ebd/execute/sync'
18:46:11.738 [Forwarding getPageSource on session 0cb16b85fd54d24cec88c6f1e9eb2ebd to remote] DEBUG org.asynchttpclient.netty.request.NettyRequestSender -- Using open Channel [id: 0x1d483681, L:/127.0.0.1:51948 - R:localhost/127.0.0.1:18862] for POST '/session/0cb16b85fd54d24cec88c6f1e9eb2ebd/execute/sync'
18:46:11.754 [AsyncHttpClient-1-2] DEBUG org.asynchttpclient.netty.handler.HttpHandler -- 

Request DefaultHttpRequest(decodeResult: success, version: HTTP/1.1)
POST /session/0cb16b85fd54d24cec88c6f1e9eb2ebd/execute/sync HTTP/1.1
User-Agent: selenium/4.9.0 (java windows)
Content-Length: 176
Content-Type: application/json; charset=utf-8
host: localhost:18862
accept: */*

Response DefaultHttpResponse(decodeResult: success, version: HTTP/1.1)
HTTP/1.1 200 OK
Content-Length: 54754
Content-Type: application/json; charset=utf-8
cache-control: no-cache

18:46:11.754 [AsyncHttpClient-1-2] DEBUG org.asynchttpclient.netty.channel.ChannelManager -- Adding key: http://localhost:18862 for channel [id: 0x1d483681, L:/127.0.0.1:51948 - R:localhost/127.0.0.1:18862]
18:46:11.762 [Forwarding getCurrentUrl on session 0cb16b85fd54d24cec88c6f1e9eb2ebd to remote] DEBUG org.asynchttpclient.netty.request.NettyRequestSender -- Using pooled Channel '[id: 0x1d483681, L:/127.0.0.1:51948 - R:localhost/127.0.0.1:18862]' for 'GET' to 'http://localhost:18862/session/0cb16b85fd54d24cec88c6f1e9eb2ebd/url'
18:46:11.762 [Forwarding getCurrentUrl on session 0cb16b85fd54d24cec88c6f1e9eb2ebd to remote] DEBUG org.asynchttpclient.netty.request.NettyRequestSender -- Using open Channel [id: 0x1d483681, L:/127.0.0.1:51948 - R:localhost/127.0.0.1:18862] for GET '/session/0cb16b85fd54d24cec88c6f1e9eb2ebd/url'
18:46:11.773 [AsyncHttpClient-1-2] DEBUG org.asynchttpclient.netty.handler.HttpHandler -- 

Request DefaultFullHttpRequest(decodeResult: success, version: HTTP/1.1, content: EmptyByteBufBE)
GET /session/0cb16b85fd54d24cec88c6f1e9eb2ebd/url HTTP/1.1
User-Agent: selenium/4.9.0 (java windows)
Cache-Control: no-cache
Content-Type: application/json; charset=utf-8
host: localhost:18862
accept: */*

Response DefaultHttpResponse(decodeResult: success, version: HTTP/1.1)
HTTP/1.1 200 OK
Content-Length: 54
Content-Type: application/json; charset=utf-8
cache-control: no-cache

18:46:11.773 [AsyncHttpClient-1-2] DEBUG org.asynchttpclient.netty.channel.ChannelManager -- Adding key: http://localhost:18862 for channel [id: 0x1d483681, L:/127.0.0.1:51948 - R:localhost/127.0.0.1:18862]
18:46:11.781 [Test worker] DEBUG net.thucydides.core.steps.StepInterceptor -- STARTING STEP: AddProductsToCartInteraction.performAs - performAs
18:46:11.803 [Forwarding goBack on session 0cb16b85fd54d24cec88c6f1e9eb2ebd to remote] DEBUG org.asynchttpclient.netty.request.NettyRequestSender -- Using pooled Channel '[id: 0x1d483681, L:/127.0.0.1:51948 - R:localhost/127.0.0.1:18862]' for 'POST' to 'http://localhost:18862/session/0cb16b85fd54d24cec88c6f1e9eb2ebd/back'
18:46:11.803 [Forwarding goBack on session 0cb16b85fd54d24cec88c6f1e9eb2ebd to remote] DEBUG org.asynchttpclient.netty.request.NettyRequestSender -- Using open Channel [id: 0x1d483681, L:/127.0.0.1:51948 - R:localhost/127.0.0.1:18862] for POST '/session/0cb16b85fd54d24cec88c6f1e9eb2ebd/back'
18:46:11.830 [AsyncHttpClient-1-2] DEBUG org.asynchttpclient.netty.handler.HttpHandler -- 

Request DefaultHttpRequest(decodeResult: success, version: HTTP/1.1)
POST /session/0cb16b85fd54d24cec88c6f1e9eb2ebd/back HTTP/1.1
User-Agent: selenium/4.9.0 (java windows)
Content-Length: 3
Content-Type: application/json; charset=utf-8
host: localhost:18862
accept: */*

Response DefaultHttpResponse(decodeResult: success, version: HTTP/1.1)
HTTP/1.1 200 OK
Content-Length: 14
Content-Type: application/json; charset=utf-8
cache-control: no-cache

18:46:11.831 [AsyncHttpClient-1-2] DEBUG org.asynchttpclient.netty.channel.ChannelManager -- Adding key: http://localhost:18862 for channel [id: 0x1d483681, L:/127.0.0.1:51948 - R:localhost/127.0.0.1:18862]
18:46:11.888 [Forwarding getAlertText on session 0cb16b85fd54d24cec88c6f1e9eb2ebd to remote] DEBUG org.asynchttpclient.netty.request.NettyRequestSender -- Using pooled Channel '[id: 0x1d483681, L:/127.0.0.1:51948 - R:localhost/127.0.0.1:18862]' for 'GET' to 'http://localhost:18862/session/0cb16b85fd54d24cec88c6f1e9eb2ebd/alert/text'
18:46:11.889 [Forwarding getAlertText on session 0cb16b85fd54d24cec88c6f1e9eb2ebd to remote] DEBUG org.asynchttpclient.netty.request.NettyRequestSender -- Using open Channel [id: 0x1d483681, L:/127.0.0.1:51948 - R:localhost/127.0.0.1:18862] for GET '/session/0cb16b85fd54d24cec88c6f1e9eb2ebd/alert/text'
18:46:11.891 [AsyncHttpClient-1-2] DEBUG org.asynchttpclient.netty.handler.HttpHandler -- 

Request DefaultFullHttpRequest(decodeResult: success, version: HTTP/1.1, content: EmptyByteBufBE)
GET /session/0cb16b85fd54d24cec88c6f1e9eb2ebd/alert/text HTTP/1.1
User-Agent: selenium/4.9.0 (java windows)
Cache-Control: no-cache
Content-Type: application/json; charset=utf-8
host: localhost:18862
accept: */*

Response DefaultHttpResponse(decodeResult: success, version: HTTP/1.1)
HTTP/1.1 404 Not Found
Content-Length: 926
Content-Type: application/json; charset=utf-8
cache-control: no-cache

18:46:11.891 [AsyncHttpClient-1-2] DEBUG org.asynchttpclient.netty.channel.ChannelManager -- Adding key: http://localhost:18862 for channel [id: 0x1d483681, L:/127.0.0.1:51948 - R:localhost/127.0.0.1:18862]
18:46:11.893 [Forwarding getCurrentUrl on session 0cb16b85fd54d24cec88c6f1e9eb2ebd to remote] DEBUG org.asynchttpclient.netty.request.NettyRequestSender -- Using pooled Channel '[id: 0x1d483681, L:/127.0.0.1:51948 - R:localhost/127.0.0.1:18862]' for 'GET' to 'http://localhost:18862/session/0cb16b85fd54d24cec88c6f1e9eb2ebd/url'
18:46:11.894 [Forwarding getCurrentUrl on session 0cb16b85fd54d24cec88c6f1e9eb2ebd to remote] DEBUG org.asynchttpclient.netty.request.NettyRequestSender -- Using open Channel [id: 0x1d483681, L:/127.0.0.1:51948 - R:localhost/127.0.0.1:18862] for GET '/session/0cb16b85fd54d24cec88c6f1e9eb2ebd/url'
18:46:11.899 [AsyncHttpClient-1-2] DEBUG org.asynchttpclient.netty.handler.HttpHandler -- 

Request DefaultFullHttpRequest(decodeResult: success, version: HTTP/1.1, content: EmptyByteBufBE)
GET /session/0cb16b85fd54d24cec88c6f1e9eb2ebd/url HTTP/1.1
User-Agent: selenium/4.9.0 (java windows)
Cache-Control: no-cache
Content-Type: application/json; charset=utf-8
host: localhost:18862
accept: */*

Response DefaultHttpResponse(decodeResult: success, version: HTTP/1.1)
HTTP/1.1 200 OK
Content-Length: 38
Content-Type: application/json; charset=utf-8
cache-control: no-cache

18:46:11.899 [AsyncHttpClient-1-2] DEBUG org.asynchttpclient.netty.channel.ChannelManager -- Adding key: http://localhost:18862 for channel [id: 0x1d483681, L:/127.0.0.1:51948 - R:localhost/127.0.0.1:18862]
18:46:11.900 [Forwarding screenshot on session 0cb16b85fd54d24cec88c6f1e9eb2ebd to remote] DEBUG org.asynchttpclient.netty.request.NettyRequestSender -- Using pooled Channel '[id: 0x1d483681, L:/127.0.0.1:51948 - R:localhost/127.0.0.1:18862]' for 'GET' to 'http://localhost:18862/session/0cb16b85fd54d24cec88c6f1e9eb2ebd/screenshot'
18:46:11.901 [Forwarding screenshot on session 0cb16b85fd54d24cec88c6f1e9eb2ebd to remote] DEBUG org.asynchttpclient.netty.request.NettyRequestSender -- Using open Channel [id: 0x1d483681, L:/127.0.0.1:51948 - R:localhost/127.0.0.1:18862] for GET '/session/0cb16b85fd54d24cec88c6f1e9eb2ebd/screenshot'
18:46:11.957 [AsyncHttpClient-1-1] DEBUG org.asynchttpclient.netty.channel.DefaultChannelPool -- Entry count for : http://localhost:51952 : 1
18:46:12.062 [AsyncHttpClient-1-2] DEBUG org.asynchttpclient.netty.handler.HttpHandler -- 

Request DefaultFullHttpRequest(decodeResult: success, version: HTTP/1.1, content: EmptyByteBufBE)
GET /session/0cb16b85fd54d24cec88c6f1e9eb2ebd/screenshot HTTP/1.1
User-Agent: selenium/4.9.0 (java windows)
Cache-Control: no-cache
Content-Type: application/json; charset=utf-8
host: localhost:18862
accept: */*

Response DefaultHttpResponse(decodeResult: success, version: HTTP/1.1)
HTTP/1.1 500 Internal Server Error
Content-Length: 1125
Content-Type: application/json; charset=utf-8
cache-control: no-cache

18:46:12.062 [AsyncHttpClient-1-2] DEBUG org.asynchttpclient.netty.channel.ChannelManager -- Adding key: http://localhost:18862 for channel [id: 0x1d483681, L:/127.0.0.1:51948 - R:localhost/127.0.0.1:18862]
18:46:12.066 [Test worker] WARN net.thucydides.core.webdriver.WebDriverFacade -- Failed to take screenshot (unknown error: unhandled inspector error: {"code":-32000,"message":"Unable to capture screenshot"}
  (Session info: chrome=123.0.6312.122)
Build info: version: '4.9.0', revision: 'd7057100a6'
System info: os.name: 'Windows 11', os.arch: 'amd64', os.version: '10.0', java.version: '11.0.15'
Driver info: org.openqa.selenium.chrome.ChromeDriver
Command: [0cb16b85fd54d24cec88c6f1e9eb2ebd, screenshot {}]
Capabilities {acceptInsecureCerts: true, browserName: chrome, browserVersion: 123.0.6312.122, chrome: {chromedriverVersion: 123.0.6312.122 (31f8248cdd9..., userDataDir: C:\Users\kguer\AppData\Loca...}, fedcm:accounts: true, goog:chromeOptions: {debuggerAddress: localhost:51952}, networkConnectionEnabled: false, pageLoadStrategy: normal, platformName: WINDOWS, proxy: Proxy(), se:cdp: ws://localhost:51952/devtoo..., se:cdpVersion: 123.0.6312.122, setWindowRect: true, strictFileInteractability: false, timeouts: {implicit: 0, pageLoad: 300000, script: 30000}, unhandledPromptBehavior: dismiss and notify, webauthn:extension:credBlob: true, webauthn:extension:largeBlob: true, webauthn:extension:minPinLength: true, webauthn:extension:prf: true, webauthn:virtualAuthenticators: true}
Session ID: 0cb16b85fd54d24cec88c6f1e9eb2ebd)
18:46:12.066 [Test worker] DEBUG net.thucydides.core.steps.StepInterceptor -- STEP DONE: performAs
18:46:12.103 [Test worker] DEBUG net.serenitybdd.screenplay.targets.IFrameSwitcher -- default content already selected for Button to productos
18:46:12.123 [Forwarding findElements on session 0cb16b85fd54d24cec88c6f1e9eb2ebd to remote] DEBUG org.asynchttpclient.netty.request.NettyRequestSender -- Using pooled Channel '[id: 0x1d483681, L:/127.0.0.1:51948 - R:localhost/127.0.0.1:18862]' for 'POST' to 'http://localhost:18862/session/0cb16b85fd54d24cec88c6f1e9eb2ebd/elements'
18:46:12.123 [Forwarding findElements on session 0cb16b85fd54d24cec88c6f1e9eb2ebd to remote] DEBUG org.asynchttpclient.netty.request.NettyRequestSender -- Using open Channel [id: 0x1d483681, L:/127.0.0.1:51948 - R:localhost/127.0.0.1:18862] for POST '/session/0cb16b85fd54d24cec88c6f1e9eb2ebd/elements'
18:46:12.134 [AsyncHttpClient-1-2] DEBUG org.asynchttpclient.netty.handler.HttpHandler -- 

Request DefaultHttpRequest(decodeResult: success, version: HTTP/1.1)
POST /session/0cb16b85fd54d24cec88c6f1e9eb2ebd/elements HTTP/1.1
User-Agent: selenium/4.9.0 (java windows)
Content-Length: 67
Content-Type: application/json; charset=utf-8
host: localhost:18862
accept: */*

Response DefaultHttpResponse(decodeResult: success, version: HTTP/1.1)
HTTP/1.1 200 OK
Content-Length: 1064
Content-Type: application/json; charset=utf-8
cache-control: no-cache

18:46:12.135 [AsyncHttpClient-1-2] DEBUG org.asynchttpclient.netty.channel.ChannelManager -- Adding key: http://localhost:18862 for channel [id: 0x1d483681, L:/127.0.0.1:51948 - R:localhost/127.0.0.1:18862]
18:46:12.192 [Forwarding isElementDisplayed on session 0cb16b85fd54d24cec88c6f1e9eb2ebd to remote] DEBUG org.asynchttpclient.netty.request.NettyRequestSender -- Using pooled Channel '[id: 0x1d483681, L:/127.0.0.1:51948 - R:localhost/127.0.0.1:18862]' for 'POST' to 'http://localhost:18862/session/0cb16b85fd54d24cec88c6f1e9eb2ebd/execute/sync'
18:46:12.192 [Forwarding isElementDisplayed on session 0cb16b85fd54d24cec88c6f1e9eb2ebd to remote] DEBUG org.asynchttpclient.netty.request.NettyRequestSender -- Using open Channel [id: 0x1d483681, L:/127.0.0.1:51948 - R:localhost/127.0.0.1:18862] for POST '/session/0cb16b85fd54d24cec88c6f1e9eb2ebd/execute/sync'
18:46:12.210 [AsyncHttpClient-1-2] DEBUG org.asynchttpclient.netty.handler.HttpHandler -- 

Request DefaultHttpRequest(decodeResult: success, version: HTTP/1.1)
POST /session/0cb16b85fd54d24cec88c6f1e9eb2ebd/execute/sync HTTP/1.1
User-Agent: selenium/4.9.0 (java windows)
Content-Length: 48845
Content-Type: application/json; charset=utf-8
host: localhost:18862
accept: */*

Response DefaultHttpResponse(decodeResult: success, version: HTTP/1.1)
HTTP/1.1 200 OK
Content-Length: 14
Content-Type: application/json; charset=utf-8
cache-control: no-cache

18:46:12.211 [AsyncHttpClient-1-2] DEBUG org.asynchttpclient.netty.channel.ChannelManager -- Adding key: http://localhost:18862 for channel [id: 0x1d483681, L:/127.0.0.1:51948 - R:localhost/127.0.0.1:18862]
18:46:12.217 [Forwarding isElementDisplayed on session 0cb16b85fd54d24cec88c6f1e9eb2ebd to remote] DEBUG org.asynchttpclient.netty.request.NettyRequestSender -- Using pooled Channel '[id: 0x1d483681, L:/127.0.0.1:51948 - R:localhost/127.0.0.1:18862]' for 'POST' to 'http://localhost:18862/session/0cb16b85fd54d24cec88c6f1e9eb2ebd/execute/sync'
18:46:12.217 [Forwarding isElementDisplayed on session 0cb16b85fd54d24cec88c6f1e9eb2ebd to remote] DEBUG org.asynchttpclient.netty.request.NettyRequestSender -- Using open Channel [id: 0x1d483681, L:/127.0.0.1:51948 - R:localhost/127.0.0.1:18862] for POST '/session/0cb16b85fd54d24cec88c6f1e9eb2ebd/execute/sync'
18:46:12.236 [AsyncHttpClient-1-2] DEBUG org.asynchttpclient.netty.handler.HttpHandler -- 

Request DefaultHttpRequest(decodeResult: success, version: HTTP/1.1)
POST /session/0cb16b85fd54d24cec88c6f1e9eb2ebd/execute/sync HTTP/1.1
User-Agent: selenium/4.9.0 (java windows)
Content-Length: 48845
Content-Type: application/json; charset=utf-8
host: localhost:18862
accept: */*

Response DefaultHttpResponse(decodeResult: success, version: HTTP/1.1)
HTTP/1.1 200 OK
Content-Length: 14
Content-Type: application/json; charset=utf-8
cache-control: no-cache

18:46:12.236 [AsyncHttpClient-1-2] DEBUG org.asynchttpclient.netty.channel.ChannelManager -- Adding key: http://localhost:18862 for channel [id: 0x1d483681, L:/127.0.0.1:51948 - R:localhost/127.0.0.1:18862]
18:46:12.350 [Forwarding getAlertText on session 0cb16b85fd54d24cec88c6f1e9eb2ebd to remote] DEBUG org.asynchttpclient.netty.request.NettyRequestSender -- Using pooled Channel '[id: 0x1d483681, L:/127.0.0.1:51948 - R:localhost/127.0.0.1:18862]' for 'GET' to 'http://localhost:18862/session/0cb16b85fd54d24cec88c6f1e9eb2ebd/alert/text'
18:46:12.351 [Forwarding getAlertText on session 0cb16b85fd54d24cec88c6f1e9eb2ebd to remote] DEBUG org.asynchttpclient.netty.request.NettyRequestSender -- Using open Channel [id: 0x1d483681, L:/127.0.0.1:51948 - R:localhost/127.0.0.1:18862] for GET '/session/0cb16b85fd54d24cec88c6f1e9eb2ebd/alert/text'
18:46:12.355 [AsyncHttpClient-1-2] DEBUG org.asynchttpclient.netty.handler.HttpHandler -- 

Request DefaultFullHttpRequest(decodeResult: success, version: HTTP/1.1, content: EmptyByteBufBE)
GET /session/0cb16b85fd54d24cec88c6f1e9eb2ebd/alert/text HTTP/1.1
User-Agent: selenium/4.9.0 (java windows)
Cache-Control: no-cache
Content-Type: application/json; charset=utf-8
host: localhost:18862
accept: */*

Response DefaultHttpResponse(decodeResult: success, version: HTTP/1.1)
HTTP/1.1 404 Not Found
Content-Length: 926
Content-Type: application/json; charset=utf-8
cache-control: no-cache

18:46:12.355 [AsyncHttpClient-1-2] DEBUG org.asynchttpclient.netty.channel.ChannelManager -- Adding key: http://localhost:18862 for channel [id: 0x1d483681, L:/127.0.0.1:51948 - R:localhost/127.0.0.1:18862]
18:46:12.359 [Forwarding getCurrentUrl on session 0cb16b85fd54d24cec88c6f1e9eb2ebd to remote] DEBUG org.asynchttpclient.netty.request.NettyRequestSender -- Using pooled Channel '[id: 0x1d483681, L:/127.0.0.1:51948 - R:localhost/127.0.0.1:18862]' for 'GET' to 'http://localhost:18862/session/0cb16b85fd54d24cec88c6f1e9eb2ebd/url'
18:46:12.359 [Forwarding getCurrentUrl on session 0cb16b85fd54d24cec88c6f1e9eb2ebd to remote] DEBUG org.asynchttpclient.netty.request.NettyRequestSender -- Using open Channel [id: 0x1d483681, L:/127.0.0.1:51948 - R:localhost/127.0.0.1:18862] for GET '/session/0cb16b85fd54d24cec88c6f1e9eb2ebd/url'
18:46:12.368 [AsyncHttpClient-1-2] DEBUG org.asynchttpclient.netty.handler.HttpHandler -- 

Request DefaultFullHttpRequest(decodeResult: success, version: HTTP/1.1, content: EmptyByteBufBE)
GET /session/0cb16b85fd54d24cec88c6f1e9eb2ebd/url HTTP/1.1
User-Agent: selenium/4.9.0 (java windows)
Cache-Control: no-cache
Content-Type: application/json; charset=utf-8
host: localhost:18862
accept: */*

Response DefaultHttpResponse(decodeResult: success, version: HTTP/1.1)
HTTP/1.1 200 OK
Content-Length: 38
Content-Type: application/json; charset=utf-8
cache-control: no-cache

18:46:12.369 [AsyncHttpClient-1-2] DEBUG org.asynchttpclient.netty.channel.ChannelManager -- Adding key: http://localhost:18862 for channel [id: 0x1d483681, L:/127.0.0.1:51948 - R:localhost/127.0.0.1:18862]
18:46:12.370 [Forwarding screenshot on session 0cb16b85fd54d24cec88c6f1e9eb2ebd to remote] DEBUG org.asynchttpclient.netty.request.NettyRequestSender -- Using pooled Channel '[id: 0x1d483681, L:/127.0.0.1:51948 - R:localhost/127.0.0.1:18862]' for 'GET' to 'http://localhost:18862/session/0cb16b85fd54d24cec88c6f1e9eb2ebd/screenshot'
18:46:12.370 [Forwarding screenshot on session 0cb16b85fd54d24cec88c6f1e9eb2ebd to remote] DEBUG org.asynchttpclient.netty.request.NettyRequestSender -- Using open Channel [id: 0x1d483681, L:/127.0.0.1:51948 - R:localhost/127.0.0.1:18862] for GET '/session/0cb16b85fd54d24cec88c6f1e9eb2ebd/screenshot'
18:46:12.515 [AsyncHttpClient-1-2] DEBUG org.asynchttpclient.netty.handler.HttpHandler -- 

Request DefaultFullHttpRequest(decodeResult: success, version: HTTP/1.1, content: EmptyByteBufBE)
GET /session/0cb16b85fd54d24cec88c6f1e9eb2ebd/screenshot HTTP/1.1
User-Agent: selenium/4.9.0 (java windows)
Cache-Control: no-cache
Content-Type: application/json; charset=utf-8
host: localhost:18862
accept: */*

Response DefaultHttpResponse(decodeResult: success, version: HTTP/1.1)
HTTP/1.1 500 Internal Server Error
Content-Length: 1125
Content-Type: application/json; charset=utf-8
cache-control: no-cache

18:46:12.516 [AsyncHttpClient-1-2] DEBUG org.asynchttpclient.netty.channel.ChannelManager -- Adding key: http://localhost:18862 for channel [id: 0x1d483681, L:/127.0.0.1:51948 - R:localhost/127.0.0.1:18862]
18:46:12.517 [Test worker] WARN net.thucydides.core.webdriver.WebDriverFacade -- Failed to take screenshot (unknown error: unhandled inspector error: {"code":-32000,"message":"Unable to capture screenshot"}
  (Session info: chrome=123.0.6312.122)
Build info: version: '4.9.0', revision: 'd7057100a6'
System info: os.name: 'Windows 11', os.arch: 'amd64', os.version: '10.0', java.version: '11.0.15'
Driver info: org.openqa.selenium.chrome.ChromeDriver
Command: [0cb16b85fd54d24cec88c6f1e9eb2ebd, screenshot {}]
Capabilities {acceptInsecureCerts: true, browserName: chrome, browserVersion: 123.0.6312.122, chrome: {chromedriverVersion: 123.0.6312.122 (31f8248cdd9..., userDataDir: C:\Users\kguer\AppData\Loca...}, fedcm:accounts: true, goog:chromeOptions: {debuggerAddress: localhost:51952}, networkConnectionEnabled: false, pageLoadStrategy: normal, platformName: WINDOWS, proxy: Proxy(), se:cdp: ws://localhost:51952/devtoo..., se:cdpVersion: 123.0.6312.122, setWindowRect: true, strictFileInteractability: false, timeouts: {implicit: 0, pageLoad: 300000, script: 30000}, unhandledPromptBehavior: dismiss and notify, webauthn:extension:credBlob: true, webauthn:extension:largeBlob: true, webauthn:extension:minPinLength: true, webauthn:extension:prf: true, webauthn:virtualAuthenticators: true}
Session ID: 0cb16b85fd54d24cec88c6f1e9eb2ebd)
18:46:12.534 [Forwarding getPageSource on session 0cb16b85fd54d24cec88c6f1e9eb2ebd to remote] DEBUG org.asynchttpclient.netty.request.NettyRequestSender -- Using pooled Channel '[id: 0x1d483681, L:/127.0.0.1:51948 - R:localhost/127.0.0.1:18862]' for 'POST' to 'http://localhost:18862/session/0cb16b85fd54d24cec88c6f1e9eb2ebd/execute/sync'
18:46:12.535 [Forwarding getPageSource on session 0cb16b85fd54d24cec88c6f1e9eb2ebd to remote] DEBUG org.asynchttpclient.netty.request.NettyRequestSender -- Using open Channel [id: 0x1d483681, L:/127.0.0.1:51948 - R:localhost/127.0.0.1:18862] for POST '/session/0cb16b85fd54d24cec88c6f1e9eb2ebd/execute/sync'
18:46:12.551 [AsyncHttpClient-1-2] DEBUG org.asynchttpclient.netty.handler.HttpHandler -- 

Request DefaultHttpRequest(decodeResult: success, version: HTTP/1.1)
POST /session/0cb16b85fd54d24cec88c6f1e9eb2ebd/execute/sync HTTP/1.1
User-Agent: selenium/4.9.0 (java windows)
Content-Length: 176
Content-Type: application/json; charset=utf-8
host: localhost:18862
accept: */*

Response DefaultHttpResponse(decodeResult: success, version: HTTP/1.1)
HTTP/1.1 200 OK
Content-Length: 57592
Content-Type: application/json; charset=utf-8
cache-control: no-cache

18:46:12.552 [AsyncHttpClient-1-2] DEBUG org.asynchttpclient.netty.channel.ChannelManager -- Adding key: http://localhost:18862 for channel [id: 0x1d483681, L:/127.0.0.1:51948 - R:localhost/127.0.0.1:18862]
18:46:12.566 [Forwarding getCurrentUrl on session 0cb16b85fd54d24cec88c6f1e9eb2ebd to remote] DEBUG org.asynchttpclient.netty.request.NettyRequestSender -- Using pooled Channel '[id: 0x1d483681, L:/127.0.0.1:51948 - R:localhost/127.0.0.1:18862]' for 'GET' to 'http://localhost:18862/session/0cb16b85fd54d24cec88c6f1e9eb2ebd/url'
18:46:12.566 [Forwarding getCurrentUrl on session 0cb16b85fd54d24cec88c6f1e9eb2ebd to remote] DEBUG org.asynchttpclient.netty.request.NettyRequestSender -- Using open Channel [id: 0x1d483681, L:/127.0.0.1:51948 - R:localhost/127.0.0.1:18862] for GET '/session/0cb16b85fd54d24cec88c6f1e9eb2ebd/url'
18:46:12.575 [AsyncHttpClient-1-2] DEBUG org.asynchttpclient.netty.handler.HttpHandler -- 

Request DefaultFullHttpRequest(decodeResult: success, version: HTTP/1.1, content: EmptyByteBufBE)
GET /session/0cb16b85fd54d24cec88c6f1e9eb2ebd/url HTTP/1.1
User-Agent: selenium/4.9.0 (java windows)
Cache-Control: no-cache
Content-Type: application/json; charset=utf-8
host: localhost:18862
accept: */*

Response DefaultHttpResponse(decodeResult: success, version: HTTP/1.1)
HTTP/1.1 200 OK
Content-Length: 38
Content-Type: application/json; charset=utf-8
cache-control: no-cache

18:46:12.576 [AsyncHttpClient-1-2] DEBUG org.asynchttpclient.netty.channel.ChannelManager -- Adding key: http://localhost:18862 for channel [id: 0x1d483681, L:/127.0.0.1:51948 - R:localhost/127.0.0.1:18862]
18:46:12.580 [Test worker] DEBUG net.thucydides.core.steps.StepInterceptor -- STARTING STEP: AddProductsToCartInteraction.performAs - performAs
18:46:12.581 [Test worker] DEBUG net.serenitybdd.screenplay.targets.IFrameSwitcher -- default content already selected for Button to productos
18:46:12.598 [Forwarding findElements on session 0cb16b85fd54d24cec88c6f1e9eb2ebd to remote] DEBUG org.asynchttpclient.netty.request.NettyRequestSender -- Using pooled Channel '[id: 0x1d483681, L:/127.0.0.1:51948 - R:localhost/127.0.0.1:18862]' for 'POST' to 'http://localhost:18862/session/0cb16b85fd54d24cec88c6f1e9eb2ebd/elements'
18:46:12.598 [Forwarding findElements on session 0cb16b85fd54d24cec88c6f1e9eb2ebd to remote] DEBUG org.asynchttpclient.netty.request.NettyRequestSender -- Using open Channel [id: 0x1d483681, L:/127.0.0.1:51948 - R:localhost/127.0.0.1:18862] for POST '/session/0cb16b85fd54d24cec88c6f1e9eb2ebd/elements'
18:46:12.615 [AsyncHttpClient-1-2] DEBUG org.asynchttpclient.netty.handler.HttpHandler -- 

Request DefaultHttpRequest(decodeResult: success, version: HTTP/1.1)
POST /session/0cb16b85fd54d24cec88c6f1e9eb2ebd/elements HTTP/1.1
User-Agent: selenium/4.9.0 (java windows)
Content-Length: 67
Content-Type: application/json; charset=utf-8
host: localhost:18862
accept: */*

Response DefaultHttpResponse(decodeResult: success, version: HTTP/1.1)
HTTP/1.1 200 OK
Content-Length: 1064
Content-Type: application/json; charset=utf-8
cache-control: no-cache

18:46:12.615 [AsyncHttpClient-1-2] DEBUG org.asynchttpclient.netty.channel.ChannelManager -- Adding key: http://localhost:18862 for channel [id: 0x1d483681, L:/127.0.0.1:51948 - R:localhost/127.0.0.1:18862]
18:46:12.703 [Forwarding getElementTagName on session 0cb16b85fd54d24cec88c6f1e9eb2ebd to remote] DEBUG org.asynchttpclient.netty.request.NettyRequestSender -- Using pooled Channel '[id: 0x1d483681, L:/127.0.0.1:51948 - R:localhost/127.0.0.1:18862]' for 'GET' to 'http://localhost:18862/session/0cb16b85fd54d24cec88c6f1e9eb2ebd/element/f.F3D8E0C449C07D1F7D6153FC9DF4AACD.d.3E9CEB7A6B226BAC3E26FFE94D3E02AA.e.73/name'
18:46:12.703 [Forwarding getElementTagName on session 0cb16b85fd54d24cec88c6f1e9eb2ebd to remote] DEBUG org.asynchttpclient.netty.request.NettyRequestSender -- Using open Channel [id: 0x1d483681, L:/127.0.0.1:51948 - R:localhost/127.0.0.1:18862] for GET '/session/0cb16b85fd54d24cec88c6f1e9eb2ebd/element/f.F3D8E0C449C07D1F7D6153FC9DF4AACD.d.3E9CEB7A6B226BAC3E26FFE94D3E02AA.e.73/name'
18:46:12.710 [AsyncHttpClient-1-2] DEBUG org.asynchttpclient.netty.handler.HttpHandler -- 

Request DefaultFullHttpRequest(decodeResult: success, version: HTTP/1.1, content: EmptyByteBufBE)
GET /session/0cb16b85fd54d24cec88c6f1e9eb2ebd/element/f.F3D8E0C449C07D1F7D6153FC9DF4AACD.d.3E9CEB7A6B226BAC3E26FFE94D3E02AA.e.73/name HTTP/1.1
User-Agent: selenium/4.9.0 (java windows)
Cache-Control: no-cache
Content-Type: application/json; charset=utf-8
host: localhost:18862
accept: */*

Response DefaultHttpResponse(decodeResult: success, version: HTTP/1.1)
HTTP/1.1 200 OK
Content-Length: 13
Content-Type: application/json; charset=utf-8
cache-control: no-cache

18:46:12.711 [AsyncHttpClient-1-2] DEBUG org.asynchttpclient.netty.channel.ChannelManager -- Adding key: http://localhost:18862 for channel [id: 0x1d483681, L:/127.0.0.1:51948 - R:localhost/127.0.0.1:18862]
18:46:12.721 [Forwarding getElementTagName on session 0cb16b85fd54d24cec88c6f1e9eb2ebd to remote] DEBUG org.asynchttpclient.netty.request.NettyRequestSender -- Using pooled Channel '[id: 0x1d483681, L:/127.0.0.1:51948 - R:localhost/127.0.0.1:18862]' for 'GET' to 'http://localhost:18862/session/0cb16b85fd54d24cec88c6f1e9eb2ebd/element/f.F3D8E0C449C07D1F7D6153FC9DF4AACD.d.3E9CEB7A6B226BAC3E26FFE94D3E02AA.e.73/name'
18:46:12.722 [Forwarding getElementTagName on session 0cb16b85fd54d24cec88c6f1e9eb2ebd to remote] DEBUG org.asynchttpclient.netty.request.NettyRequestSender -- Using open Channel [id: 0x1d483681, L:/127.0.0.1:51948 - R:localhost/127.0.0.1:18862] for GET '/session/0cb16b85fd54d24cec88c6f1e9eb2ebd/element/f.F3D8E0C449C07D1F7D6153FC9DF4AACD.d.3E9CEB7A6B226BAC3E26FFE94D3E02AA.e.73/name'
18:46:12.730 [AsyncHttpClient-1-2] DEBUG org.asynchttpclient.netty.handler.HttpHandler -- 

Request DefaultFullHttpRequest(decodeResult: success, version: HTTP/1.1, content: EmptyByteBufBE)
GET /session/0cb16b85fd54d24cec88c6f1e9eb2ebd/element/f.F3D8E0C449C07D1F7D6153FC9DF4AACD.d.3E9CEB7A6B226BAC3E26FFE94D3E02AA.e.73/name HTTP/1.1
User-Agent: selenium/4.9.0 (java windows)
Cache-Control: no-cache
Content-Type: application/json; charset=utf-8
host: localhost:18862
accept: */*

Response DefaultHttpResponse(decodeResult: success, version: HTTP/1.1)
HTTP/1.1 200 OK
Content-Length: 13
Content-Type: application/json; charset=utf-8
cache-control: no-cache

18:46:12.730 [AsyncHttpClient-1-2] DEBUG org.asynchttpclient.netty.channel.ChannelManager -- Adding key: http://localhost:18862 for channel [id: 0x1d483681, L:/127.0.0.1:51948 - R:localhost/127.0.0.1:18862]
18:46:12.742 [Forwarding clickElement on session 0cb16b85fd54d24cec88c6f1e9eb2ebd to remote] DEBUG org.asynchttpclient.netty.request.NettyRequestSender -- Using pooled Channel '[id: 0x1d483681, L:/127.0.0.1:51948 - R:localhost/127.0.0.1:18862]' for 'POST' to 'http://localhost:18862/session/0cb16b85fd54d24cec88c6f1e9eb2ebd/element/f.F3D8E0C449C07D1F7D6153FC9DF4AACD.d.3E9CEB7A6B226BAC3E26FFE94D3E02AA.e.73/click'
18:46:12.744 [Forwarding clickElement on session 0cb16b85fd54d24cec88c6f1e9eb2ebd to remote] DEBUG org.asynchttpclient.netty.request.NettyRequestSender -- Using open Channel [id: 0x1d483681, L:/127.0.0.1:51948 - R:localhost/127.0.0.1:18862] for POST '/session/0cb16b85fd54d24cec88c6f1e9eb2ebd/element/f.F3D8E0C449C07D1F7D6153FC9DF4AACD.d.3E9CEB7A6B226BAC3E26FFE94D3E02AA.e.73/click'
18:46:13.057 [AsyncHttpClient-1-1] DEBUG org.asynchttpclient.netty.channel.DefaultChannelPool -- Entry count for : http://localhost:51952 : 1
18:46:13.307 [AsyncHttpClient-1-2] DEBUG org.asynchttpclient.netty.handler.HttpHandler -- 

Request DefaultHttpRequest(decodeResult: success, version: HTTP/1.1)
POST /session/0cb16b85fd54d24cec88c6f1e9eb2ebd/element/f.F3D8E0C449C07D1F7D6153FC9DF4AACD.d.3E9CEB7A6B226BAC3E26FFE94D3E02AA.e.73/click HTTP/1.1
User-Agent: selenium/4.9.0 (java windows)
Content-Length: 88
Content-Type: application/json; charset=utf-8
host: localhost:18862
accept: */*

Response DefaultHttpResponse(decodeResult: success, version: HTTP/1.1)
HTTP/1.1 200 OK
Content-Length: 14
Content-Type: application/json; charset=utf-8
cache-control: no-cache

18:46:13.307 [AsyncHttpClient-1-2] DEBUG org.asynchttpclient.netty.channel.ChannelManager -- Adding key: http://localhost:18862 for channel [id: 0x1d483681, L:/127.0.0.1:51948 - R:localhost/127.0.0.1:18862]
18:46:13.358 [Forwarding getAlertText on session 0cb16b85fd54d24cec88c6f1e9eb2ebd to remote] DEBUG org.asynchttpclient.netty.request.NettyRequestSender -- Using pooled Channel '[id: 0x1d483681, L:/127.0.0.1:51948 - R:localhost/127.0.0.1:18862]' for 'GET' to 'http://localhost:18862/session/0cb16b85fd54d24cec88c6f1e9eb2ebd/alert/text'
18:46:13.358 [Forwarding getAlertText on session 0cb16b85fd54d24cec88c6f1e9eb2ebd to remote] DEBUG org.asynchttpclient.netty.request.NettyRequestSender -- Using open Channel [id: 0x1d483681, L:/127.0.0.1:51948 - R:localhost/127.0.0.1:18862] for GET '/session/0cb16b85fd54d24cec88c6f1e9eb2ebd/alert/text'
18:46:13.363 [AsyncHttpClient-1-2] DEBUG org.asynchttpclient.netty.handler.HttpHandler -- 

Request DefaultFullHttpRequest(decodeResult: success, version: HTTP/1.1, content: EmptyByteBufBE)
GET /session/0cb16b85fd54d24cec88c6f1e9eb2ebd/alert/text HTTP/1.1
User-Agent: selenium/4.9.0 (java windows)
Cache-Control: no-cache
Content-Type: application/json; charset=utf-8
host: localhost:18862
accept: */*

Response DefaultHttpResponse(decodeResult: success, version: HTTP/1.1)
HTTP/1.1 404 Not Found
Content-Length: 926
Content-Type: application/json; charset=utf-8
cache-control: no-cache

18:46:13.363 [AsyncHttpClient-1-2] DEBUG org.asynchttpclient.netty.channel.ChannelManager -- Adding key: http://localhost:18862 for channel [id: 0x1d483681, L:/127.0.0.1:51948 - R:localhost/127.0.0.1:18862]
18:46:13.363 [Forwarding getCurrentUrl on session 0cb16b85fd54d24cec88c6f1e9eb2ebd to remote] DEBUG org.asynchttpclient.netty.request.NettyRequestSender -- Using pooled Channel '[id: 0x1d483681, L:/127.0.0.1:51948 - R:localhost/127.0.0.1:18862]' for 'GET' to 'http://localhost:18862/session/0cb16b85fd54d24cec88c6f1e9eb2ebd/url'
18:46:13.363 [Forwarding getCurrentUrl on session 0cb16b85fd54d24cec88c6f1e9eb2ebd to remote] DEBUG org.asynchttpclient.netty.request.NettyRequestSender -- Using open Channel [id: 0x1d483681, L:/127.0.0.1:51948 - R:localhost/127.0.0.1:18862] for GET '/session/0cb16b85fd54d24cec88c6f1e9eb2ebd/url'
18:46:13.375 [AsyncHttpClient-1-2] DEBUG org.asynchttpclient.netty.handler.HttpHandler -- 

Request DefaultFullHttpRequest(decodeResult: success, version: HTTP/1.1, content: EmptyByteBufBE)
GET /session/0cb16b85fd54d24cec88c6f1e9eb2ebd/url HTTP/1.1
User-Agent: selenium/4.9.0 (java windows)
Cache-Control: no-cache
Content-Type: application/json; charset=utf-8
host: localhost:18862
accept: */*

Response DefaultHttpResponse(decodeResult: success, version: HTTP/1.1)
HTTP/1.1 200 OK
Content-Length: 54
Content-Type: application/json; charset=utf-8
cache-control: no-cache

18:46:13.375 [AsyncHttpClient-1-2] DEBUG org.asynchttpclient.netty.channel.ChannelManager -- Adding key: http://localhost:18862 for channel [id: 0x1d483681, L:/127.0.0.1:51948 - R:localhost/127.0.0.1:18862]
18:46:13.375 [Forwarding screenshot on session 0cb16b85fd54d24cec88c6f1e9eb2ebd to remote] DEBUG org.asynchttpclient.netty.request.NettyRequestSender -- Using pooled Channel '[id: 0x1d483681, L:/127.0.0.1:51948 - R:localhost/127.0.0.1:18862]' for 'GET' to 'http://localhost:18862/session/0cb16b85fd54d24cec88c6f1e9eb2ebd/screenshot'
18:46:13.375 [Forwarding screenshot on session 0cb16b85fd54d24cec88c6f1e9eb2ebd to remote] DEBUG org.asynchttpclient.netty.request.NettyRequestSender -- Using open Channel [id: 0x1d483681, L:/127.0.0.1:51948 - R:localhost/127.0.0.1:18862] for GET '/session/0cb16b85fd54d24cec88c6f1e9eb2ebd/screenshot'
18:46:13.541 [AsyncHttpClient-1-2] DEBUG org.asynchttpclient.netty.handler.HttpHandler -- 

Request DefaultFullHttpRequest(decodeResult: success, version: HTTP/1.1, content: EmptyByteBufBE)
GET /session/0cb16b85fd54d24cec88c6f1e9eb2ebd/screenshot HTTP/1.1
User-Agent: selenium/4.9.0 (java windows)
Cache-Control: no-cache
Content-Type: application/json; charset=utf-8
host: localhost:18862
accept: */*

Response DefaultHttpResponse(decodeResult: success, version: HTTP/1.1)
HTTP/1.1 200 OK
Content-Length: 219632
Content-Type: application/json; charset=utf-8
cache-control: no-cache

18:46:13.543 [AsyncHttpClient-1-2] DEBUG org.asynchttpclient.netty.channel.ChannelManager -- Adding key: http://localhost:18862 for channel [id: 0x1d483681, L:/127.0.0.1:51948 - R:localhost/127.0.0.1:18862]
18:46:13.549 [Test worker] DEBUG net.serenitybdd.core.photography.Darkroom -- Send negative for processing for C:\Users\kguer\IdeaProjects\retoDemoBlaze\target\site\serenity\164135fb624ab817b167444e0efe5092b5725dbf8a7bb4b173d0b79977a6d294.png
18:46:13.559 [Forwarding getPageSource on session 0cb16b85fd54d24cec88c6f1e9eb2ebd to remote] DEBUG org.asynchttpclient.netty.request.NettyRequestSender -- Using pooled Channel '[id: 0x1d483681, L:/127.0.0.1:51948 - R:localhost/127.0.0.1:18862]' for 'POST' to 'http://localhost:18862/session/0cb16b85fd54d24cec88c6f1e9eb2ebd/execute/sync'
18:46:13.560 [Forwarding getPageSource on session 0cb16b85fd54d24cec88c6f1e9eb2ebd to remote] DEBUG org.asynchttpclient.netty.request.NettyRequestSender -- Using open Channel [id: 0x1d483681, L:/127.0.0.1:51948 - R:localhost/127.0.0.1:18862] for POST '/session/0cb16b85fd54d24cec88c6f1e9eb2ebd/execute/sync'
18:46:13.571 [AsyncHttpClient-1-2] DEBUG org.asynchttpclient.netty.handler.HttpHandler -- 

Request DefaultHttpRequest(decodeResult: success, version: HTTP/1.1)
POST /session/0cb16b85fd54d24cec88c6f1e9eb2ebd/execute/sync HTTP/1.1
User-Agent: selenium/4.9.0 (java windows)
Content-Length: 176
Content-Type: application/json; charset=utf-8
host: localhost:18862
accept: */*

Response DefaultHttpResponse(decodeResult: success, version: HTTP/1.1)
HTTP/1.1 200 OK
Content-Length: 53717
Content-Type: application/json; charset=utf-8
cache-control: no-cache

18:46:13.572 [AsyncHttpClient-1-2] DEBUG org.asynchttpclient.netty.channel.ChannelManager -- Adding key: http://localhost:18862 for channel [id: 0x1d483681, L:/127.0.0.1:51948 - R:localhost/127.0.0.1:18862]
18:46:13.583 [Forwarding getCurrentUrl on session 0cb16b85fd54d24cec88c6f1e9eb2ebd to remote] DEBUG org.asynchttpclient.netty.request.NettyRequestSender -- Using pooled Channel '[id: 0x1d483681, L:/127.0.0.1:51948 - R:localhost/127.0.0.1:18862]' for 'GET' to 'http://localhost:18862/session/0cb16b85fd54d24cec88c6f1e9eb2ebd/url'
18:46:13.584 [Forwarding getCurrentUrl on session 0cb16b85fd54d24cec88c6f1e9eb2ebd to remote] DEBUG org.asynchttpclient.netty.request.NettyRequestSender -- Using open Channel [id: 0x1d483681, L:/127.0.0.1:51948 - R:localhost/127.0.0.1:18862] for GET '/session/0cb16b85fd54d24cec88c6f1e9eb2ebd/url'
18:46:13.590 [AsyncHttpClient-1-2] DEBUG org.asynchttpclient.netty.handler.HttpHandler -- 

Request DefaultFullHttpRequest(decodeResult: success, version: HTTP/1.1, content: EmptyByteBufBE)
GET /session/0cb16b85fd54d24cec88c6f1e9eb2ebd/url HTTP/1.1
User-Agent: selenium/4.9.0 (java windows)
Cache-Control: no-cache
Content-Type: application/json; charset=utf-8
host: localhost:18862
accept: */*

Response DefaultHttpResponse(decodeResult: success, version: HTTP/1.1)
HTTP/1.1 200 OK
Content-Length: 54
Content-Type: application/json; charset=utf-8
cache-control: no-cache

18:46:13.590 [AsyncHttpClient-1-2] DEBUG org.asynchttpclient.netty.channel.ChannelManager -- Adding key: http://localhost:18862 for channel [id: 0x1d483681, L:/127.0.0.1:51948 - R:localhost/127.0.0.1:18862]
18:46:13.633 [Forwarding getAlertText on session 0cb16b85fd54d24cec88c6f1e9eb2ebd to remote] DEBUG org.asynchttpclient.netty.request.NettyRequestSender -- Using pooled Channel '[id: 0x1d483681, L:/127.0.0.1:51948 - R:localhost/127.0.0.1:18862]' for 'GET' to 'http://localhost:18862/session/0cb16b85fd54d24cec88c6f1e9eb2ebd/alert/text'
18:46:13.633 [Forwarding getAlertText on session 0cb16b85fd54d24cec88c6f1e9eb2ebd to remote] DEBUG org.asynchttpclient.netty.request.NettyRequestSender -- Using open Channel [id: 0x1d483681, L:/127.0.0.1:51948 - R:localhost/127.0.0.1:18862] for GET '/session/0cb16b85fd54d24cec88c6f1e9eb2ebd/alert/text'
18:46:13.638 [AsyncHttpClient-1-2] DEBUG org.asynchttpclient.netty.handler.HttpHandler -- 

Request DefaultFullHttpRequest(decodeResult: success, version: HTTP/1.1, content: EmptyByteBufBE)
GET /session/0cb16b85fd54d24cec88c6f1e9eb2ebd/alert/text HTTP/1.1
User-Agent: selenium/4.9.0 (java windows)
Cache-Control: no-cache
Content-Type: application/json; charset=utf-8
host: localhost:18862
accept: */*

Response DefaultHttpResponse(decodeResult: success, version: HTTP/1.1)
HTTP/1.1 404 Not Found
Content-Length: 926
Content-Type: application/json; charset=utf-8
cache-control: no-cache

18:46:13.638 [AsyncHttpClient-1-2] DEBUG org.asynchttpclient.netty.channel.ChannelManager -- Adding key: http://localhost:18862 for channel [id: 0x1d483681, L:/127.0.0.1:51948 - R:localhost/127.0.0.1:18862]
18:46:13.639 [Forwarding getCurrentUrl on session 0cb16b85fd54d24cec88c6f1e9eb2ebd to remote] DEBUG org.asynchttpclient.netty.request.NettyRequestSender -- Using pooled Channel '[id: 0x1d483681, L:/127.0.0.1:51948 - R:localhost/127.0.0.1:18862]' for 'GET' to 'http://localhost:18862/session/0cb16b85fd54d24cec88c6f1e9eb2ebd/url'
18:46:13.639 [Forwarding getCurrentUrl on session 0cb16b85fd54d24cec88c6f1e9eb2ebd to remote] DEBUG org.asynchttpclient.netty.request.NettyRequestSender -- Using open Channel [id: 0x1d483681, L:/127.0.0.1:51948 - R:localhost/127.0.0.1:18862] for GET '/session/0cb16b85fd54d24cec88c6f1e9eb2ebd/url'
18:46:13.644 [AsyncHttpClient-1-2] DEBUG org.asynchttpclient.netty.handler.HttpHandler -- 

Request DefaultFullHttpRequest(decodeResult: success, version: HTTP/1.1, content: EmptyByteBufBE)
GET /session/0cb16b85fd54d24cec88c6f1e9eb2ebd/url HTTP/1.1
User-Agent: selenium/4.9.0 (java windows)
Cache-Control: no-cache
Content-Type: application/json; charset=utf-8
host: localhost:18862
accept: */*

Response DefaultHttpResponse(decodeResult: success, version: HTTP/1.1)
HTTP/1.1 200 OK
Content-Length: 54
Content-Type: application/json; charset=utf-8
cache-control: no-cache

18:46:13.644 [AsyncHttpClient-1-2] DEBUG org.asynchttpclient.netty.channel.ChannelManager -- Adding key: http://localhost:18862 for channel [id: 0x1d483681, L:/127.0.0.1:51948 - R:localhost/127.0.0.1:18862]
18:46:13.644 [Forwarding screenshot on session 0cb16b85fd54d24cec88c6f1e9eb2ebd to remote] DEBUG org.asynchttpclient.netty.request.NettyRequestSender -- Using pooled Channel '[id: 0x1d483681, L:/127.0.0.1:51948 - R:localhost/127.0.0.1:18862]' for 'GET' to 'http://localhost:18862/session/0cb16b85fd54d24cec88c6f1e9eb2ebd/screenshot'
18:46:13.644 [Forwarding screenshot on session 0cb16b85fd54d24cec88c6f1e9eb2ebd to remote] DEBUG org.asynchttpclient.netty.request.NettyRequestSender -- Using open Channel [id: 0x1d483681, L:/127.0.0.1:51948 - R:localhost/127.0.0.1:18862] for GET '/session/0cb16b85fd54d24cec88c6f1e9eb2ebd/screenshot'
18:46:13.793 [AsyncHttpClient-1-2] DEBUG org.asynchttpclient.netty.handler.HttpHandler -- 

Request DefaultFullHttpRequest(decodeResult: success, version: HTTP/1.1, content: EmptyByteBufBE)
GET /session/0cb16b85fd54d24cec88c6f1e9eb2ebd/screenshot HTTP/1.1
User-Agent: selenium/4.9.0 (java windows)
Cache-Control: no-cache
Content-Type: application/json; charset=utf-8
host: localhost:18862
accept: */*

Response DefaultHttpResponse(decodeResult: success, version: HTTP/1.1)
HTTP/1.1 200 OK
Content-Length: 219632
Content-Type: application/json; charset=utf-8
cache-control: no-cache

18:46:13.793 [AsyncHttpClient-1-2] DEBUG org.asynchttpclient.netty.channel.ChannelManager -- Adding key: http://localhost:18862 for channel [id: 0x1d483681, L:/127.0.0.1:51948 - R:localhost/127.0.0.1:18862]
18:46:13.793 [Test worker] DEBUG net.serenitybdd.core.photography.Darkroom -- Send negative for processing for C:\Users\kguer\IdeaProjects\retoDemoBlaze\target\site\serenity\164135fb624ab817b167444e0efe5092b5725dbf8a7bb4b173d0b79977a6d294.png
18:46:13.793 [Test worker] DEBUG net.thucydides.core.steps.StepInterceptor -- STEP DONE: performAs
18:46:13.836 [Test worker] DEBUG net.serenitybdd.screenplay.targets.IFrameSwitcher -- default content already selected for Button to add cart
18:46:13.863 [Forwarding findElements on session 0cb16b85fd54d24cec88c6f1e9eb2ebd to remote] DEBUG org.asynchttpclient.netty.request.NettyRequestSender -- Using pooled Channel '[id: 0x1d483681, L:/127.0.0.1:51948 - R:localhost/127.0.0.1:18862]' for 'POST' to 'http://localhost:18862/session/0cb16b85fd54d24cec88c6f1e9eb2ebd/elements'
18:46:13.863 [Forwarding findElements on session 0cb16b85fd54d24cec88c6f1e9eb2ebd to remote] DEBUG org.asynchttpclient.netty.request.NettyRequestSender -- Using open Channel [id: 0x1d483681, L:/127.0.0.1:51948 - R:localhost/127.0.0.1:18862] for POST '/session/0cb16b85fd54d24cec88c6f1e9eb2ebd/elements'
18:46:13.873 [AsyncHttpClient-1-2] DEBUG org.asynchttpclient.netty.handler.HttpHandler -- 

Request DefaultHttpRequest(decodeResult: success, version: HTTP/1.1)
POST /session/0cb16b85fd54d24cec88c6f1e9eb2ebd/elements HTTP/1.1
User-Agent: selenium/4.9.0 (java windows)
Content-Length: 83
Content-Type: application/json; charset=utf-8
host: localhost:18862
accept: */*

Response DefaultHttpResponse(decodeResult: success, version: HTTP/1.1)
HTTP/1.1 200 OK
Content-Length: 129
Content-Type: application/json; charset=utf-8
cache-control: no-cache

18:46:13.873 [AsyncHttpClient-1-2] DEBUG org.asynchttpclient.netty.channel.ChannelManager -- Adding key: http://localhost:18862 for channel [id: 0x1d483681, L:/127.0.0.1:51948 - R:localhost/127.0.0.1:18862]
18:46:13.923 [Forwarding isElementDisplayed on session 0cb16b85fd54d24cec88c6f1e9eb2ebd to remote] DEBUG org.asynchttpclient.netty.request.NettyRequestSender -- Using pooled Channel '[id: 0x1d483681, L:/127.0.0.1:51948 - R:localhost/127.0.0.1:18862]' for 'POST' to 'http://localhost:18862/session/0cb16b85fd54d24cec88c6f1e9eb2ebd/execute/sync'
18:46:13.923 [Forwarding isElementDisplayed on session 0cb16b85fd54d24cec88c6f1e9eb2ebd to remote] DEBUG org.asynchttpclient.netty.request.NettyRequestSender -- Using open Channel [id: 0x1d483681, L:/127.0.0.1:51948 - R:localhost/127.0.0.1:18862] for POST '/session/0cb16b85fd54d24cec88c6f1e9eb2ebd/execute/sync'
18:46:13.947 [AsyncHttpClient-1-2] DEBUG org.asynchttpclient.netty.handler.HttpHandler -- 

Request DefaultHttpRequest(decodeResult: success, version: HTTP/1.1)
POST /session/0cb16b85fd54d24cec88c6f1e9eb2ebd/execute/sync HTTP/1.1
User-Agent: selenium/4.9.0 (java windows)
Content-Length: 48846
Content-Type: application/json; charset=utf-8
host: localhost:18862
accept: */*

Response DefaultHttpResponse(decodeResult: success, version: HTTP/1.1)
HTTP/1.1 200 OK
Content-Length: 14
Content-Type: application/json; charset=utf-8
cache-control: no-cache

18:46:13.947 [AsyncHttpClient-1-2] DEBUG org.asynchttpclient.netty.channel.ChannelManager -- Adding key: http://localhost:18862 for channel [id: 0x1d483681, L:/127.0.0.1:51948 - R:localhost/127.0.0.1:18862]
18:46:13.952 [Forwarding isElementDisplayed on session 0cb16b85fd54d24cec88c6f1e9eb2ebd to remote] DEBUG org.asynchttpclient.netty.request.NettyRequestSender -- Using pooled Channel '[id: 0x1d483681, L:/127.0.0.1:51948 - R:localhost/127.0.0.1:18862]' for 'POST' to 'http://localhost:18862/session/0cb16b85fd54d24cec88c6f1e9eb2ebd/execute/sync'
18:46:13.952 [Forwarding isElementDisplayed on session 0cb16b85fd54d24cec88c6f1e9eb2ebd to remote] DEBUG org.asynchttpclient.netty.request.NettyRequestSender -- Using open Channel [id: 0x1d483681, L:/127.0.0.1:51948 - R:localhost/127.0.0.1:18862] for POST '/session/0cb16b85fd54d24cec88c6f1e9eb2ebd/execute/sync'
18:46:13.973 [AsyncHttpClient-1-2] DEBUG org.asynchttpclient.netty.handler.HttpHandler -- 

Request DefaultHttpRequest(decodeResult: success, version: HTTP/1.1)
POST /session/0cb16b85fd54d24cec88c6f1e9eb2ebd/execute/sync HTTP/1.1
User-Agent: selenium/4.9.0 (java windows)
Content-Length: 48846
Content-Type: application/json; charset=utf-8
host: localhost:18862
accept: */*

Response DefaultHttpResponse(decodeResult: success, version: HTTP/1.1)
HTTP/1.1 200 OK
Content-Length: 14
Content-Type: application/json; charset=utf-8
cache-control: no-cache

18:46:13.973 [AsyncHttpClient-1-2] DEBUG org.asynchttpclient.netty.channel.ChannelManager -- Adding key: http://localhost:18862 for channel [id: 0x1d483681, L:/127.0.0.1:51948 - R:localhost/127.0.0.1:18862]
18:46:14.063 [Forwarding getAlertText on session 0cb16b85fd54d24cec88c6f1e9eb2ebd to remote] DEBUG org.asynchttpclient.netty.request.NettyRequestSender -- Using pooled Channel '[id: 0x1d483681, L:/127.0.0.1:51948 - R:localhost/127.0.0.1:18862]' for 'GET' to 'http://localhost:18862/session/0cb16b85fd54d24cec88c6f1e9eb2ebd/alert/text'
18:46:14.063 [Forwarding getAlertText on session 0cb16b85fd54d24cec88c6f1e9eb2ebd to remote] DEBUG org.asynchttpclient.netty.request.NettyRequestSender -- Using open Channel [id: 0x1d483681, L:/127.0.0.1:51948 - R:localhost/127.0.0.1:18862] for GET '/session/0cb16b85fd54d24cec88c6f1e9eb2ebd/alert/text'
18:46:14.063 [AsyncHttpClient-1-2] DEBUG org.asynchttpclient.netty.handler.HttpHandler -- 

Request DefaultFullHttpRequest(decodeResult: success, version: HTTP/1.1, content: EmptyByteBufBE)
GET /session/0cb16b85fd54d24cec88c6f1e9eb2ebd/alert/text HTTP/1.1
User-Agent: selenium/4.9.0 (java windows)
Cache-Control: no-cache
Content-Type: application/json; charset=utf-8
host: localhost:18862
accept: */*

Response DefaultHttpResponse(decodeResult: success, version: HTTP/1.1)
HTTP/1.1 404 Not Found
Content-Length: 926
Content-Type: application/json; charset=utf-8
cache-control: no-cache

18:46:14.063 [AsyncHttpClient-1-2] DEBUG org.asynchttpclient.netty.channel.ChannelManager -- Adding key: http://localhost:18862 for channel [id: 0x1d483681, L:/127.0.0.1:51948 - R:localhost/127.0.0.1:18862]
18:46:14.063 [Forwarding getCurrentUrl on session 0cb16b85fd54d24cec88c6f1e9eb2ebd to remote] DEBUG org.asynchttpclient.netty.request.NettyRequestSender -- Using pooled Channel '[id: 0x1d483681, L:/127.0.0.1:51948 - R:localhost/127.0.0.1:18862]' for 'GET' to 'http://localhost:18862/session/0cb16b85fd54d24cec88c6f1e9eb2ebd/url'
18:46:14.063 [Forwarding getCurrentUrl on session 0cb16b85fd54d24cec88c6f1e9eb2ebd to remote] DEBUG org.asynchttpclient.netty.request.NettyRequestSender -- Using open Channel [id: 0x1d483681, L:/127.0.0.1:51948 - R:localhost/127.0.0.1:18862] for GET '/session/0cb16b85fd54d24cec88c6f1e9eb2ebd/url'
18:46:14.073 [AsyncHttpClient-1-2] DEBUG org.asynchttpclient.netty.handler.HttpHandler -- 

Request DefaultFullHttpRequest(decodeResult: success, version: HTTP/1.1, content: EmptyByteBufBE)
GET /session/0cb16b85fd54d24cec88c6f1e9eb2ebd/url HTTP/1.1
User-Agent: selenium/4.9.0 (java windows)
Cache-Control: no-cache
Content-Type: application/json; charset=utf-8
host: localhost:18862
accept: */*

Response DefaultHttpResponse(decodeResult: success, version: HTTP/1.1)
HTTP/1.1 200 OK
Content-Length: 54
Content-Type: application/json; charset=utf-8
cache-control: no-cache

18:46:14.073 [AsyncHttpClient-1-2] DEBUG org.asynchttpclient.netty.channel.ChannelManager -- Adding key: http://localhost:18862 for channel [id: 0x1d483681, L:/127.0.0.1:51948 - R:localhost/127.0.0.1:18862]
18:46:14.073 [Forwarding screenshot on session 0cb16b85fd54d24cec88c6f1e9eb2ebd to remote] DEBUG org.asynchttpclient.netty.request.NettyRequestSender -- Using pooled Channel '[id: 0x1d483681, L:/127.0.0.1:51948 - R:localhost/127.0.0.1:18862]' for 'GET' to 'http://localhost:18862/session/0cb16b85fd54d24cec88c6f1e9eb2ebd/screenshot'
18:46:14.073 [Forwarding screenshot on session 0cb16b85fd54d24cec88c6f1e9eb2ebd to remote] DEBUG org.asynchttpclient.netty.request.NettyRequestSender -- Using open Channel [id: 0x1d483681, L:/127.0.0.1:51948 - R:localhost/127.0.0.1:18862] for GET '/session/0cb16b85fd54d24cec88c6f1e9eb2ebd/screenshot'
18:46:14.156 [AsyncHttpClient-1-1] DEBUG org.asynchttpclient.netty.channel.DefaultChannelPool -- Entry count for : http://localhost:51952 : 1
18:46:14.222 [AsyncHttpClient-1-2] DEBUG org.asynchttpclient.netty.handler.HttpHandler -- 

Request DefaultFullHttpRequest(decodeResult: success, version: HTTP/1.1, content: EmptyByteBufBE)
GET /session/0cb16b85fd54d24cec88c6f1e9eb2ebd/screenshot HTTP/1.1
User-Agent: selenium/4.9.0 (java windows)
Cache-Control: no-cache
Content-Type: application/json; charset=utf-8
host: localhost:18862
accept: */*

Response DefaultHttpResponse(decodeResult: success, version: HTTP/1.1)
HTTP/1.1 200 OK
Content-Length: 279932
Content-Type: application/json; charset=utf-8
cache-control: no-cache

18:46:14.222 [AsyncHttpClient-1-2] DEBUG org.asynchttpclient.netty.channel.ChannelManager -- Adding key: http://localhost:18862 for channel [id: 0x1d483681, L:/127.0.0.1:51948 - R:localhost/127.0.0.1:18862]
18:46:14.233 [Test worker] DEBUG net.serenitybdd.core.photography.Darkroom -- Send negative for processing for C:\Users\kguer\IdeaProjects\retoDemoBlaze\target\site\serenity\782bfb2b1c72635b92938711a1a37093723c152f1ec03dc9794313ed762defb4.png
18:46:14.243 [Forwarding getPageSource on session 0cb16b85fd54d24cec88c6f1e9eb2ebd to remote] DEBUG org.asynchttpclient.netty.request.NettyRequestSender -- Using pooled Channel '[id: 0x1d483681, L:/127.0.0.1:51948 - R:localhost/127.0.0.1:18862]' for 'POST' to 'http://localhost:18862/session/0cb16b85fd54d24cec88c6f1e9eb2ebd/execute/sync'
18:46:14.243 [Forwarding getPageSource on session 0cb16b85fd54d24cec88c6f1e9eb2ebd to remote] DEBUG org.asynchttpclient.netty.request.NettyRequestSender -- Using open Channel [id: 0x1d483681, L:/127.0.0.1:51948 - R:localhost/127.0.0.1:18862] for POST '/session/0cb16b85fd54d24cec88c6f1e9eb2ebd/execute/sync'
18:46:14.253 [AsyncHttpClient-1-2] DEBUG org.asynchttpclient.netty.handler.HttpHandler -- 

Request DefaultHttpRequest(decodeResult: success, version: HTTP/1.1)
POST /session/0cb16b85fd54d24cec88c6f1e9eb2ebd/execute/sync HTTP/1.1
User-Agent: selenium/4.9.0 (java windows)
Content-Length: 176
Content-Type: application/json; charset=utf-8
host: localhost:18862
accept: */*

Response DefaultHttpResponse(decodeResult: success, version: HTTP/1.1)
HTTP/1.1 200 OK
Content-Length: 54693
Content-Type: application/json; charset=utf-8
cache-control: no-cache

18:46:14.253 [AsyncHttpClient-1-2] DEBUG org.asynchttpclient.netty.channel.ChannelManager -- Adding key: http://localhost:18862 for channel [id: 0x1d483681, L:/127.0.0.1:51948 - R:localhost/127.0.0.1:18862]
18:46:14.263 [Forwarding getCurrentUrl on session 0cb16b85fd54d24cec88c6f1e9eb2ebd to remote] DEBUG org.asynchttpclient.netty.request.NettyRequestSender -- Using pooled Channel '[id: 0x1d483681, L:/127.0.0.1:51948 - R:localhost/127.0.0.1:18862]' for 'GET' to 'http://localhost:18862/session/0cb16b85fd54d24cec88c6f1e9eb2ebd/url'
18:46:14.263 [Forwarding getCurrentUrl on session 0cb16b85fd54d24cec88c6f1e9eb2ebd to remote] DEBUG org.asynchttpclient.netty.request.NettyRequestSender -- Using open Channel [id: 0x1d483681, L:/127.0.0.1:51948 - R:localhost/127.0.0.1:18862] for GET '/session/0cb16b85fd54d24cec88c6f1e9eb2ebd/url'
18:46:14.272 [AsyncHttpClient-1-2] DEBUG org.asynchttpclient.netty.handler.HttpHandler -- 

Request DefaultFullHttpRequest(decodeResult: success, version: HTTP/1.1, content: EmptyByteBufBE)
GET /session/0cb16b85fd54d24cec88c6f1e9eb2ebd/url HTTP/1.1
User-Agent: selenium/4.9.0 (java windows)
Cache-Control: no-cache
Content-Type: application/json; charset=utf-8
host: localhost:18862
accept: */*

Response DefaultHttpResponse(decodeResult: success, version: HTTP/1.1)
HTTP/1.1 200 OK
Content-Length: 54
Content-Type: application/json; charset=utf-8
cache-control: no-cache

18:46:14.272 [AsyncHttpClient-1-2] DEBUG org.asynchttpclient.netty.channel.ChannelManager -- Adding key: http://localhost:18862 for channel [id: 0x1d483681, L:/127.0.0.1:51948 - R:localhost/127.0.0.1:18862]
18:46:14.272 [Test worker] DEBUG net.thucydides.core.steps.StepInterceptor -- STARTING STEP: AddProductsToCartInteraction.performAs - {0} clicks on #target
18:46:14.272 [Test worker] DEBUG net.serenitybdd.screenplay.targets.IFrameSwitcher -- default content already selected for Button to add cart
18:46:14.364 [Forwarding findElement on session 0cb16b85fd54d24cec88c6f1e9eb2ebd to remote] DEBUG org.asynchttpclient.netty.request.NettyRequestSender -- Using pooled Channel '[id: 0x1d483681, L:/127.0.0.1:51948 - R:localhost/127.0.0.1:18862]' for 'POST' to 'http://localhost:18862/session/0cb16b85fd54d24cec88c6f1e9eb2ebd/element'
18:46:14.364 [Forwarding findElement on session 0cb16b85fd54d24cec88c6f1e9eb2ebd to remote] DEBUG org.asynchttpclient.netty.request.NettyRequestSender -- Using open Channel [id: 0x1d483681, L:/127.0.0.1:51948 - R:localhost/127.0.0.1:18862] for POST '/session/0cb16b85fd54d24cec88c6f1e9eb2ebd/element'
18:46:14.380 [AsyncHttpClient-1-2] DEBUG org.asynchttpclient.netty.handler.HttpHandler -- 

Request DefaultHttpRequest(decodeResult: success, version: HTTP/1.1)
POST /session/0cb16b85fd54d24cec88c6f1e9eb2ebd/element HTTP/1.1
User-Agent: selenium/4.9.0 (java windows)
Content-Length: 83
Content-Type: application/json; charset=utf-8
host: localhost:18862
accept: */*

Response DefaultHttpResponse(decodeResult: success, version: HTTP/1.1)
HTTP/1.1 200 OK
Content-Length: 127
Content-Type: application/json; charset=utf-8
cache-control: no-cache

18:46:14.380 [AsyncHttpClient-1-2] DEBUG org.asynchttpclient.netty.channel.ChannelManager -- Adding key: http://localhost:18862 for channel [id: 0x1d483681, L:/127.0.0.1:51948 - R:localhost/127.0.0.1:18862]
18:46:14.397 [Forwarding isElementDisplayed on session 0cb16b85fd54d24cec88c6f1e9eb2ebd to remote] DEBUG org.asynchttpclient.netty.request.NettyRequestSender -- Using pooled Channel '[id: 0x1d483681, L:/127.0.0.1:51948 - R:localhost/127.0.0.1:18862]' for 'POST' to 'http://localhost:18862/session/0cb16b85fd54d24cec88c6f1e9eb2ebd/execute/sync'
18:46:14.397 [Forwarding isElementDisplayed on session 0cb16b85fd54d24cec88c6f1e9eb2ebd to remote] DEBUG org.asynchttpclient.netty.request.NettyRequestSender -- Using open Channel [id: 0x1d483681, L:/127.0.0.1:51948 - R:localhost/127.0.0.1:18862] for POST '/session/0cb16b85fd54d24cec88c6f1e9eb2ebd/execute/sync'
18:46:14.403 [AsyncHttpClient-1-2] DEBUG org.asynchttpclient.netty.handler.HttpHandler -- 

Request DefaultHttpRequest(decodeResult: success, version: HTTP/1.1)
POST /session/0cb16b85fd54d24cec88c6f1e9eb2ebd/execute/sync HTTP/1.1
User-Agent: selenium/4.9.0 (java windows)
Content-Length: 48846
Content-Type: application/json; charset=utf-8
host: localhost:18862
accept: */*

Response DefaultHttpResponse(decodeResult: success, version: HTTP/1.1)
HTTP/1.1 200 OK
Content-Length: 14
Content-Type: application/json; charset=utf-8
cache-control: no-cache

18:46:14.403 [AsyncHttpClient-1-2] DEBUG org.asynchttpclient.netty.channel.ChannelManager -- Adding key: http://localhost:18862 for channel [id: 0x1d483681, L:/127.0.0.1:51948 - R:localhost/127.0.0.1:18862]
18:46:14.433 [Forwarding findElement on session 0cb16b85fd54d24cec88c6f1e9eb2ebd to remote] DEBUG org.asynchttpclient.netty.request.NettyRequestSender -- Using pooled Channel '[id: 0x1d483681, L:/127.0.0.1:51948 - R:localhost/127.0.0.1:18862]' for 'POST' to 'http://localhost:18862/session/0cb16b85fd54d24cec88c6f1e9eb2ebd/element'
18:46:14.433 [Forwarding findElement on session 0cb16b85fd54d24cec88c6f1e9eb2ebd to remote] DEBUG org.asynchttpclient.netty.request.NettyRequestSender -- Using open Channel [id: 0x1d483681, L:/127.0.0.1:51948 - R:localhost/127.0.0.1:18862] for POST '/session/0cb16b85fd54d24cec88c6f1e9eb2ebd/element'
18:46:14.452 [AsyncHttpClient-1-2] DEBUG org.asynchttpclient.netty.handler.HttpHandler -- 

Request DefaultHttpRequest(decodeResult: success, version: HTTP/1.1)
POST /session/0cb16b85fd54d24cec88c6f1e9eb2ebd/element HTTP/1.1
User-Agent: selenium/4.9.0 (java windows)
Content-Length: 83
Content-Type: application/json; charset=utf-8
host: localhost:18862
accept: */*

Response DefaultHttpResponse(decodeResult: success, version: HTTP/1.1)
HTTP/1.1 200 OK
Content-Length: 127
Content-Type: application/json; charset=utf-8
cache-control: no-cache

18:46:14.452 [AsyncHttpClient-1-2] DEBUG org.asynchttpclient.netty.channel.ChannelManager -- Adding key: http://localhost:18862 for channel [id: 0x1d483681, L:/127.0.0.1:51948 - R:localhost/127.0.0.1:18862]
18:46:14.452 [Forwarding clickElement on session 0cb16b85fd54d24cec88c6f1e9eb2ebd to remote] DEBUG org.asynchttpclient.netty.request.NettyRequestSender -- Using pooled Channel '[id: 0x1d483681, L:/127.0.0.1:51948 - R:localhost/127.0.0.1:18862]' for 'POST' to 'http://localhost:18862/session/0cb16b85fd54d24cec88c6f1e9eb2ebd/element/f.F3D8E0C449C07D1F7D6153FC9DF4AACD.d.D3AC6453A3FF8423CB0223A73523A36E.e.187/click'
18:46:14.452 [Forwarding clickElement on session 0cb16b85fd54d24cec88c6f1e9eb2ebd to remote] DEBUG org.asynchttpclient.netty.request.NettyRequestSender -- Using open Channel [id: 0x1d483681, L:/127.0.0.1:51948 - R:localhost/127.0.0.1:18862] for POST '/session/0cb16b85fd54d24cec88c6f1e9eb2ebd/element/f.F3D8E0C449C07D1F7D6153FC9DF4AACD.d.D3AC6453A3FF8423CB0223A73523A36E.e.187/click'
18:46:14.511 [AsyncHttpClient-1-2] DEBUG org.asynchttpclient.netty.handler.HttpHandler -- 

Request DefaultHttpRequest(decodeResult: success, version: HTTP/1.1)
POST /session/0cb16b85fd54d24cec88c6f1e9eb2ebd/element/f.F3D8E0C449C07D1F7D6153FC9DF4AACD.d.D3AC6453A3FF8423CB0223A73523A36E.e.187/click HTTP/1.1
User-Agent: selenium/4.9.0 (java windows)
Content-Length: 89
Content-Type: application/json; charset=utf-8
host: localhost:18862
accept: */*

Response DefaultHttpResponse(decodeResult: success, version: HTTP/1.1)
HTTP/1.1 200 OK
Content-Length: 14
Content-Type: application/json; charset=utf-8
cache-control: no-cache

18:46:14.512 [AsyncHttpClient-1-2] DEBUG org.asynchttpclient.netty.channel.ChannelManager -- Adding key: http://localhost:18862 for channel [id: 0x1d483681, L:/127.0.0.1:51948 - R:localhost/127.0.0.1:18862]
18:46:14.558 [Forwarding getAlertText on session 0cb16b85fd54d24cec88c6f1e9eb2ebd to remote] DEBUG org.asynchttpclient.netty.request.NettyRequestSender -- Using pooled Channel '[id: 0x1d483681, L:/127.0.0.1:51948 - R:localhost/127.0.0.1:18862]' for 'GET' to 'http://localhost:18862/session/0cb16b85fd54d24cec88c6f1e9eb2ebd/alert/text'
18:46:14.563 [Forwarding getAlertText on session 0cb16b85fd54d24cec88c6f1e9eb2ebd to remote] DEBUG org.asynchttpclient.netty.request.NettyRequestSender -- Using open Channel [id: 0x1d483681, L:/127.0.0.1:51948 - R:localhost/127.0.0.1:18862] for GET '/session/0cb16b85fd54d24cec88c6f1e9eb2ebd/alert/text'
18:46:14.563 [AsyncHttpClient-1-2] DEBUG org.asynchttpclient.netty.handler.HttpHandler -- 

Request DefaultFullHttpRequest(decodeResult: success, version: HTTP/1.1, content: EmptyByteBufBE)
GET /session/0cb16b85fd54d24cec88c6f1e9eb2ebd/alert/text HTTP/1.1
User-Agent: selenium/4.9.0 (java windows)
Cache-Control: no-cache
Content-Type: application/json; charset=utf-8
host: localhost:18862
accept: */*

Response DefaultHttpResponse(decodeResult: success, version: HTTP/1.1)
HTTP/1.1 404 Not Found
Content-Length: 926
Content-Type: application/json; charset=utf-8
cache-control: no-cache

18:46:14.563 [AsyncHttpClient-1-2] DEBUG org.asynchttpclient.netty.channel.ChannelManager -- Adding key: http://localhost:18862 for channel [id: 0x1d483681, L:/127.0.0.1:51948 - R:localhost/127.0.0.1:18862]
18:46:14.563 [Forwarding getCurrentUrl on session 0cb16b85fd54d24cec88c6f1e9eb2ebd to remote] DEBUG org.asynchttpclient.netty.request.NettyRequestSender -- Using pooled Channel '[id: 0x1d483681, L:/127.0.0.1:51948 - R:localhost/127.0.0.1:18862]' for 'GET' to 'http://localhost:18862/session/0cb16b85fd54d24cec88c6f1e9eb2ebd/url'
18:46:14.563 [Forwarding getCurrentUrl on session 0cb16b85fd54d24cec88c6f1e9eb2ebd to remote] DEBUG org.asynchttpclient.netty.request.NettyRequestSender -- Using open Channel [id: 0x1d483681, L:/127.0.0.1:51948 - R:localhost/127.0.0.1:18862] for GET '/session/0cb16b85fd54d24cec88c6f1e9eb2ebd/url'
18:46:14.573 [AsyncHttpClient-1-2] DEBUG org.asynchttpclient.netty.handler.HttpHandler -- 

Request DefaultFullHttpRequest(decodeResult: success, version: HTTP/1.1, content: EmptyByteBufBE)
GET /session/0cb16b85fd54d24cec88c6f1e9eb2ebd/url HTTP/1.1
User-Agent: selenium/4.9.0 (java windows)
Cache-Control: no-cache
Content-Type: application/json; charset=utf-8
host: localhost:18862
accept: */*

Response DefaultHttpResponse(decodeResult: success, version: HTTP/1.1)
HTTP/1.1 200 OK
Content-Length: 55
Content-Type: application/json; charset=utf-8
cache-control: no-cache

18:46:14.573 [AsyncHttpClient-1-2] DEBUG org.asynchttpclient.netty.channel.ChannelManager -- Adding key: http://localhost:18862 for channel [id: 0x1d483681, L:/127.0.0.1:51948 - R:localhost/127.0.0.1:18862]
18:46:14.575 [Forwarding screenshot on session 0cb16b85fd54d24cec88c6f1e9eb2ebd to remote] DEBUG org.asynchttpclient.netty.request.NettyRequestSender -- Using pooled Channel '[id: 0x1d483681, L:/127.0.0.1:51948 - R:localhost/127.0.0.1:18862]' for 'GET' to 'http://localhost:18862/session/0cb16b85fd54d24cec88c6f1e9eb2ebd/screenshot'
18:46:14.575 [Forwarding screenshot on session 0cb16b85fd54d24cec88c6f1e9eb2ebd to remote] DEBUG org.asynchttpclient.netty.request.NettyRequestSender -- Using open Channel [id: 0x1d483681, L:/127.0.0.1:51948 - R:localhost/127.0.0.1:18862] for GET '/session/0cb16b85fd54d24cec88c6f1e9eb2ebd/screenshot'
18:46:14.738 [AsyncHttpClient-1-2] DEBUG org.asynchttpclient.netty.handler.HttpHandler -- 

Request DefaultFullHttpRequest(decodeResult: success, version: HTTP/1.1, content: EmptyByteBufBE)
GET /session/0cb16b85fd54d24cec88c6f1e9eb2ebd/screenshot HTTP/1.1
User-Agent: selenium/4.9.0 (java windows)
Cache-Control: no-cache
Content-Type: application/json; charset=utf-8
host: localhost:18862
accept: */*

Response DefaultHttpResponse(decodeResult: success, version: HTTP/1.1)
HTTP/1.1 200 OK
Content-Length: 280352
Content-Type: application/json; charset=utf-8
cache-control: no-cache

18:46:14.741 [AsyncHttpClient-1-2] DEBUG org.asynchttpclient.netty.channel.ChannelManager -- Adding key: http://localhost:18862 for channel [id: 0x1d483681, L:/127.0.0.1:51948 - R:localhost/127.0.0.1:18862]
18:46:14.754 [Test worker] DEBUG net.serenitybdd.core.photography.Darkroom -- Send negative for processing for C:\Users\kguer\IdeaProjects\retoDemoBlaze\target\site\serenity\5280526334fab0dc55c6b7e47f182682e70ed1ed8c3d7e6e82a9327b4f31e608.png
18:46:14.775 [Forwarding getPageSource on session 0cb16b85fd54d24cec88c6f1e9eb2ebd to remote] DEBUG org.asynchttpclient.netty.request.NettyRequestSender -- Using pooled Channel '[id: 0x1d483681, L:/127.0.0.1:51948 - R:localhost/127.0.0.1:18862]' for 'POST' to 'http://localhost:18862/session/0cb16b85fd54d24cec88c6f1e9eb2ebd/execute/sync'
18:46:14.775 [Forwarding getPageSource on session 0cb16b85fd54d24cec88c6f1e9eb2ebd to remote] DEBUG org.asynchttpclient.netty.request.NettyRequestSender -- Using open Channel [id: 0x1d483681, L:/127.0.0.1:51948 - R:localhost/127.0.0.1:18862] for POST '/session/0cb16b85fd54d24cec88c6f1e9eb2ebd/execute/sync'
18:46:14.786 [AsyncHttpClient-1-2] DEBUG org.asynchttpclient.netty.handler.HttpHandler -- 

Request DefaultHttpRequest(decodeResult: success, version: HTTP/1.1)
POST /session/0cb16b85fd54d24cec88c6f1e9eb2ebd/execute/sync HTTP/1.1
User-Agent: selenium/4.9.0 (java windows)
Content-Length: 176
Content-Type: application/json; charset=utf-8
host: localhost:18862
accept: */*

Response DefaultHttpResponse(decodeResult: success, version: HTTP/1.1)
HTTP/1.1 200 OK
Content-Length: 54693
Content-Type: application/json; charset=utf-8
cache-control: no-cache

18:46:14.787 [AsyncHttpClient-1-2] DEBUG org.asynchttpclient.netty.channel.ChannelManager -- Adding key: http://localhost:18862 for channel [id: 0x1d483681, L:/127.0.0.1:51948 - R:localhost/127.0.0.1:18862]
18:46:14.792 [Forwarding getCurrentUrl on session 0cb16b85fd54d24cec88c6f1e9eb2ebd to remote] DEBUG org.asynchttpclient.netty.request.NettyRequestSender -- Using pooled Channel '[id: 0x1d483681, L:/127.0.0.1:51948 - R:localhost/127.0.0.1:18862]' for 'GET' to 'http://localhost:18862/session/0cb16b85fd54d24cec88c6f1e9eb2ebd/url'
18:46:14.792 [Forwarding getCurrentUrl on session 0cb16b85fd54d24cec88c6f1e9eb2ebd to remote] DEBUG org.asynchttpclient.netty.request.NettyRequestSender -- Using open Channel [id: 0x1d483681, L:/127.0.0.1:51948 - R:localhost/127.0.0.1:18862] for GET '/session/0cb16b85fd54d24cec88c6f1e9eb2ebd/url'
18:46:14.792 [AsyncHttpClient-1-2] DEBUG org.asynchttpclient.netty.handler.HttpHandler -- 

Request DefaultFullHttpRequest(decodeResult: success, version: HTTP/1.1, content: EmptyByteBufBE)
GET /session/0cb16b85fd54d24cec88c6f1e9eb2ebd/url HTTP/1.1
User-Agent: selenium/4.9.0 (java windows)
Cache-Control: no-cache
Content-Type: application/json; charset=utf-8
host: localhost:18862
accept: */*

Response DefaultHttpResponse(decodeResult: success, version: HTTP/1.1)
HTTP/1.1 200 OK
Content-Length: 55
Content-Type: application/json; charset=utf-8
cache-control: no-cache

18:46:14.792 [AsyncHttpClient-1-2] DEBUG org.asynchttpclient.netty.channel.ChannelManager -- Adding key: http://localhost:18862 for channel [id: 0x1d483681, L:/127.0.0.1:51948 - R:localhost/127.0.0.1:18862]
18:46:14.848 [Forwarding getAlertText on session 0cb16b85fd54d24cec88c6f1e9eb2ebd to remote] DEBUG org.asynchttpclient.netty.request.NettyRequestSender -- Using pooled Channel '[id: 0x1d483681, L:/127.0.0.1:51948 - R:localhost/127.0.0.1:18862]' for 'GET' to 'http://localhost:18862/session/0cb16b85fd54d24cec88c6f1e9eb2ebd/alert/text'
18:46:14.848 [Forwarding getAlertText on session 0cb16b85fd54d24cec88c6f1e9eb2ebd to remote] DEBUG org.asynchttpclient.netty.request.NettyRequestSender -- Using open Channel [id: 0x1d483681, L:/127.0.0.1:51948 - R:localhost/127.0.0.1:18862] for GET '/session/0cb16b85fd54d24cec88c6f1e9eb2ebd/alert/text'
18:46:14.848 [AsyncHttpClient-1-2] DEBUG org.asynchttpclient.netty.handler.HttpHandler -- 

Request DefaultFullHttpRequest(decodeResult: success, version: HTTP/1.1, content: EmptyByteBufBE)
GET /session/0cb16b85fd54d24cec88c6f1e9eb2ebd/alert/text HTTP/1.1
User-Agent: selenium/4.9.0 (java windows)
Cache-Control: no-cache
Content-Type: application/json; charset=utf-8
host: localhost:18862
accept: */*

Response DefaultHttpResponse(decodeResult: success, version: HTTP/1.1)
HTTP/1.1 404 Not Found
Content-Length: 926
Content-Type: application/json; charset=utf-8
cache-control: no-cache

18:46:14.848 [AsyncHttpClient-1-2] DEBUG org.asynchttpclient.netty.channel.ChannelManager -- Adding key: http://localhost:18862 for channel [id: 0x1d483681, L:/127.0.0.1:51948 - R:localhost/127.0.0.1:18862]
18:46:14.853 [Forwarding getCurrentUrl on session 0cb16b85fd54d24cec88c6f1e9eb2ebd to remote] DEBUG org.asynchttpclient.netty.request.NettyRequestSender -- Using pooled Channel '[id: 0x1d483681, L:/127.0.0.1:51948 - R:localhost/127.0.0.1:18862]' for 'GET' to 'http://localhost:18862/session/0cb16b85fd54d24cec88c6f1e9eb2ebd/url'
18:46:14.853 [Forwarding getCurrentUrl on session 0cb16b85fd54d24cec88c6f1e9eb2ebd to remote] DEBUG org.asynchttpclient.netty.request.NettyRequestSender -- Using open Channel [id: 0x1d483681, L:/127.0.0.1:51948 - R:localhost/127.0.0.1:18862] for GET '/session/0cb16b85fd54d24cec88c6f1e9eb2ebd/url'
18:46:14.855 [AsyncHttpClient-1-2] DEBUG org.asynchttpclient.netty.handler.HttpHandler -- 

Request DefaultFullHttpRequest(decodeResult: success, version: HTTP/1.1, content: EmptyByteBufBE)
GET /session/0cb16b85fd54d24cec88c6f1e9eb2ebd/url HTTP/1.1
User-Agent: selenium/4.9.0 (java windows)
Cache-Control: no-cache
Content-Type: application/json; charset=utf-8
host: localhost:18862
accept: */*

Response DefaultHttpResponse(decodeResult: success, version: HTTP/1.1)
HTTP/1.1 200 OK
Content-Length: 55
Content-Type: application/json; charset=utf-8
cache-control: no-cache

18:46:14.855 [AsyncHttpClient-1-2] DEBUG org.asynchttpclient.netty.channel.ChannelManager -- Adding key: http://localhost:18862 for channel [id: 0x1d483681, L:/127.0.0.1:51948 - R:localhost/127.0.0.1:18862]
18:46:14.855 [Forwarding screenshot on session 0cb16b85fd54d24cec88c6f1e9eb2ebd to remote] DEBUG org.asynchttpclient.netty.request.NettyRequestSender -- Using pooled Channel '[id: 0x1d483681, L:/127.0.0.1:51948 - R:localhost/127.0.0.1:18862]' for 'GET' to 'http://localhost:18862/session/0cb16b85fd54d24cec88c6f1e9eb2ebd/screenshot'
18:46:14.855 [Forwarding screenshot on session 0cb16b85fd54d24cec88c6f1e9eb2ebd to remote] DEBUG org.asynchttpclient.netty.request.NettyRequestSender -- Using open Channel [id: 0x1d483681, L:/127.0.0.1:51948 - R:localhost/127.0.0.1:18862] for GET '/session/0cb16b85fd54d24cec88c6f1e9eb2ebd/screenshot'
18:46:14.875 [AsyncHttpClient-1-2] DEBUG org.asynchttpclient.netty.handler.HttpHandler -- 

Request DefaultFullHttpRequest(decodeResult: success, version: HTTP/1.1, content: EmptyByteBufBE)
GET /session/0cb16b85fd54d24cec88c6f1e9eb2ebd/screenshot HTTP/1.1
User-Agent: selenium/4.9.0 (java windows)
Cache-Control: no-cache
Content-Type: application/json; charset=utf-8
host: localhost:18862
accept: */*

Response DefaultHttpResponse(decodeResult: success, version: HTTP/1.1)
HTTP/1.1 500 Internal Server Error
Content-Length: 869
Content-Type: application/json; charset=utf-8
cache-control: no-cache

18:46:14.875 [AsyncHttpClient-1-2] DEBUG org.asynchttpclient.netty.channel.ChannelManager -- Adding key: http://localhost:18862 for channel [id: 0x1d483681, L:/127.0.0.1:51948 - R:localhost/127.0.0.1:18862]
18:46:14.877 [Test worker] WARN net.thucydides.core.webdriver.WebDriverFacade -- Failed to take screenshot (unexpected alert open: <unknown>
  (Session info: chrome=123.0.6312.122): 
Build info: version: '4.9.0', revision: 'd7057100a6'
System info: os.name: 'Windows 11', os.arch: 'amd64', os.version: '10.0', java.version: '11.0.15'
Driver info: org.openqa.selenium.chrome.ChromeDriver
Command: [0cb16b85fd54d24cec88c6f1e9eb2ebd, screenshot {}]
Capabilities {acceptInsecureCerts: true, browserName: chrome, browserVersion: 123.0.6312.122, chrome: {chromedriverVersion: 123.0.6312.122 (31f8248cdd9..., userDataDir: C:\Users\kguer\AppData\Loca...}, fedcm:accounts: true, goog:chromeOptions: {debuggerAddress: localhost:51952}, networkConnectionEnabled: false, pageLoadStrategy: normal, platformName: WINDOWS, proxy: Proxy(), se:cdp: ws://localhost:51952/devtoo..., se:cdpVersion: 123.0.6312.122, setWindowRect: true, strictFileInteractability: false, timeouts: {implicit: 0, pageLoad: 300000, script: 30000}, unhandledPromptBehavior: dismiss and notify, webauthn:extension:credBlob: true, webauthn:extension:largeBlob: true, webauthn:extension:minPinLength: true, webauthn:extension:prf: true, webauthn:virtualAuthenticators: true}
Session ID: 0cb16b85fd54d24cec88c6f1e9eb2ebd)
18:46:14.877 [Test worker] DEBUG net.thucydides.core.steps.StepInterceptor -- STEP DONE: {0} clicks on #target
18:46:14.918 [Forwarding getAlertText on session 0cb16b85fd54d24cec88c6f1e9eb2ebd to remote] DEBUG org.asynchttpclient.netty.request.NettyRequestSender -- Using pooled Channel '[id: 0x1d483681, L:/127.0.0.1:51948 - R:localhost/127.0.0.1:18862]' for 'GET' to 'http://localhost:18862/session/0cb16b85fd54d24cec88c6f1e9eb2ebd/alert/text'
18:46:14.918 [Forwarding getAlertText on session 0cb16b85fd54d24cec88c6f1e9eb2ebd to remote] DEBUG org.asynchttpclient.netty.request.NettyRequestSender -- Using open Channel [id: 0x1d483681, L:/127.0.0.1:51948 - R:localhost/127.0.0.1:18862] for GET '/session/0cb16b85fd54d24cec88c6f1e9eb2ebd/alert/text'
18:46:14.925 [AsyncHttpClient-1-2] DEBUG org.asynchttpclient.netty.handler.HttpHandler -- 

Request DefaultFullHttpRequest(decodeResult: success, version: HTTP/1.1, content: EmptyByteBufBE)
GET /session/0cb16b85fd54d24cec88c6f1e9eb2ebd/alert/text HTTP/1.1
User-Agent: selenium/4.9.0 (java windows)
Cache-Control: no-cache
Content-Type: application/json; charset=utf-8
host: localhost:18862
accept: */*

Response DefaultHttpResponse(decodeResult: success, version: HTTP/1.1)
HTTP/1.1 200 OK
Content-Length: 25
Content-Type: application/json; charset=utf-8
cache-control: no-cache

18:46:14.925 [AsyncHttpClient-1-2] DEBUG org.asynchttpclient.netty.channel.ChannelManager -- Adding key: http://localhost:18862 for channel [id: 0x1d483681, L:/127.0.0.1:51948 - R:localhost/127.0.0.1:18862]
18:46:14.932 [Forwarding getPageSource on session 0cb16b85fd54d24cec88c6f1e9eb2ebd to remote] DEBUG org.asynchttpclient.netty.request.NettyRequestSender -- Using pooled Channel '[id: 0x1d483681, L:/127.0.0.1:51948 - R:localhost/127.0.0.1:18862]' for 'POST' to 'http://localhost:18862/session/0cb16b85fd54d24cec88c6f1e9eb2ebd/execute/sync'
18:46:14.932 [Forwarding getPageSource on session 0cb16b85fd54d24cec88c6f1e9eb2ebd to remote] DEBUG org.asynchttpclient.netty.request.NettyRequestSender -- Using open Channel [id: 0x1d483681, L:/127.0.0.1:51948 - R:localhost/127.0.0.1:18862] for POST '/session/0cb16b85fd54d24cec88c6f1e9eb2ebd/execute/sync'
18:46:14.944 [AsyncHttpClient-1-2] DEBUG org.asynchttpclient.netty.handler.HttpHandler -- 

Request DefaultHttpRequest(decodeResult: success, version: HTTP/1.1)
POST /session/0cb16b85fd54d24cec88c6f1e9eb2ebd/execute/sync HTTP/1.1
User-Agent: selenium/4.9.0 (java windows)
Content-Length: 176
Content-Type: application/json; charset=utf-8
host: localhost:18862
accept: */*

Response DefaultHttpResponse(decodeResult: success, version: HTTP/1.1)
HTTP/1.1 500 Internal Server Error
Content-Length: 896
Content-Type: application/json; charset=utf-8
cache-control: no-cache

18:46:14.945 [AsyncHttpClient-1-2] DEBUG org.asynchttpclient.netty.channel.ChannelManager -- Adding key: http://localhost:18862 for channel [id: 0x1d483681, L:/127.0.0.1:51948 - R:localhost/127.0.0.1:18862]
18:46:14.946 [Forwarding getCurrentUrl on session 0cb16b85fd54d24cec88c6f1e9eb2ebd to remote] DEBUG org.asynchttpclient.netty.request.NettyRequestSender -- Using pooled Channel '[id: 0x1d483681, L:/127.0.0.1:51948 - R:localhost/127.0.0.1:18862]' for 'GET' to 'http://localhost:18862/session/0cb16b85fd54d24cec88c6f1e9eb2ebd/url'
18:46:14.946 [Forwarding getCurrentUrl on session 0cb16b85fd54d24cec88c6f1e9eb2ebd to remote] DEBUG org.asynchttpclient.netty.request.NettyRequestSender -- Using open Channel [id: 0x1d483681, L:/127.0.0.1:51948 - R:localhost/127.0.0.1:18862] for GET '/session/0cb16b85fd54d24cec88c6f1e9eb2ebd/url'
18:46:14.950 [AsyncHttpClient-1-2] DEBUG org.asynchttpclient.netty.handler.HttpHandler -- 

Request DefaultFullHttpRequest(decodeResult: success, version: HTTP/1.1, content: EmptyByteBufBE)
GET /session/0cb16b85fd54d24cec88c6f1e9eb2ebd/url HTTP/1.1
User-Agent: selenium/4.9.0 (java windows)
Cache-Control: no-cache
Content-Type: application/json; charset=utf-8
host: localhost:18862
accept: */*

Response DefaultHttpResponse(decodeResult: success, version: HTTP/1.1)
HTTP/1.1 200 OK
Content-Length: 55
Content-Type: application/json; charset=utf-8
cache-control: no-cache

18:46:14.950 [AsyncHttpClient-1-2] DEBUG org.asynchttpclient.netty.channel.ChannelManager -- Adding key: http://localhost:18862 for channel [id: 0x1d483681, L:/127.0.0.1:51948 - R:localhost/127.0.0.1:18862]
18:46:14.952 [Test worker] DEBUG net.thucydides.core.steps.StepInterceptor -- STARTING STEP: AddProductsToCartInteraction.performAs - performAs
18:46:14.966 [Forwarding goBack on session 0cb16b85fd54d24cec88c6f1e9eb2ebd to remote] DEBUG org.asynchttpclient.netty.request.NettyRequestSender -- Using pooled Channel '[id: 0x1d483681, L:/127.0.0.1:51948 - R:localhost/127.0.0.1:18862]' for 'POST' to 'http://localhost:18862/session/0cb16b85fd54d24cec88c6f1e9eb2ebd/back'
18:46:14.966 [Forwarding goBack on session 0cb16b85fd54d24cec88c6f1e9eb2ebd to remote] DEBUG org.asynchttpclient.netty.request.NettyRequestSender -- Using open Channel [id: 0x1d483681, L:/127.0.0.1:51948 - R:localhost/127.0.0.1:18862] for POST '/session/0cb16b85fd54d24cec88c6f1e9eb2ebd/back'
18:46:15.074 [AsyncHttpClient-1-2] DEBUG org.asynchttpclient.netty.handler.HttpHandler -- 

Request DefaultHttpRequest(decodeResult: success, version: HTTP/1.1)
POST /session/0cb16b85fd54d24cec88c6f1e9eb2ebd/back HTTP/1.1
User-Agent: selenium/4.9.0 (java windows)
Content-Length: 3
Content-Type: application/json; charset=utf-8
host: localhost:18862
accept: */*

Response DefaultHttpResponse(decodeResult: success, version: HTTP/1.1)
HTTP/1.1 200 OK
Content-Length: 14
Content-Type: application/json; charset=utf-8
cache-control: no-cache

18:46:15.074 [AsyncHttpClient-1-2] DEBUG org.asynchttpclient.netty.channel.ChannelManager -- Adding key: http://localhost:18862 for channel [id: 0x1d483681, L:/127.0.0.1:51948 - R:localhost/127.0.0.1:18862]
18:46:15.143 [Forwarding getAlertText on session 0cb16b85fd54d24cec88c6f1e9eb2ebd to remote] DEBUG org.asynchttpclient.netty.request.NettyRequestSender -- Using pooled Channel '[id: 0x1d483681, L:/127.0.0.1:51948 - R:localhost/127.0.0.1:18862]' for 'GET' to 'http://localhost:18862/session/0cb16b85fd54d24cec88c6f1e9eb2ebd/alert/text'
18:46:15.143 [Forwarding getAlertText on session 0cb16b85fd54d24cec88c6f1e9eb2ebd to remote] DEBUG org.asynchttpclient.netty.request.NettyRequestSender -- Using open Channel [id: 0x1d483681, L:/127.0.0.1:51948 - R:localhost/127.0.0.1:18862] for GET '/session/0cb16b85fd54d24cec88c6f1e9eb2ebd/alert/text'
18:46:15.148 [AsyncHttpClient-1-2] DEBUG org.asynchttpclient.netty.handler.HttpHandler -- 

Request DefaultFullHttpRequest(decodeResult: success, version: HTTP/1.1, content: EmptyByteBufBE)
GET /session/0cb16b85fd54d24cec88c6f1e9eb2ebd/alert/text HTTP/1.1
User-Agent: selenium/4.9.0 (java windows)
Cache-Control: no-cache
Content-Type: application/json; charset=utf-8
host: localhost:18862
accept: */*

Response DefaultHttpResponse(decodeResult: success, version: HTTP/1.1)
HTTP/1.1 404 Not Found
Content-Length: 926
Content-Type: application/json; charset=utf-8
cache-control: no-cache

18:46:15.148 [AsyncHttpClient-1-2] DEBUG org.asynchttpclient.netty.channel.ChannelManager -- Adding key: http://localhost:18862 for channel [id: 0x1d483681, L:/127.0.0.1:51948 - R:localhost/127.0.0.1:18862]
18:46:15.148 [Forwarding getCurrentUrl on session 0cb16b85fd54d24cec88c6f1e9eb2ebd to remote] DEBUG org.asynchttpclient.netty.request.NettyRequestSender -- Using pooled Channel '[id: 0x1d483681, L:/127.0.0.1:51948 - R:localhost/127.0.0.1:18862]' for 'GET' to 'http://localhost:18862/session/0cb16b85fd54d24cec88c6f1e9eb2ebd/url'
18:46:15.148 [Forwarding getCurrentUrl on session 0cb16b85fd54d24cec88c6f1e9eb2ebd to remote] DEBUG org.asynchttpclient.netty.request.NettyRequestSender -- Using open Channel [id: 0x1d483681, L:/127.0.0.1:51948 - R:localhost/127.0.0.1:18862] for GET '/session/0cb16b85fd54d24cec88c6f1e9eb2ebd/url'
18:46:15.152 [AsyncHttpClient-1-2] DEBUG org.asynchttpclient.netty.handler.HttpHandler -- 

Request DefaultFullHttpRequest(decodeResult: success, version: HTTP/1.1, content: EmptyByteBufBE)
GET /session/0cb16b85fd54d24cec88c6f1e9eb2ebd/url HTTP/1.1
User-Agent: selenium/4.9.0 (java windows)
Cache-Control: no-cache
Content-Type: application/json; charset=utf-8
host: localhost:18862
accept: */*

Response DefaultHttpResponse(decodeResult: success, version: HTTP/1.1)
HTTP/1.1 200 OK
Content-Length: 54
Content-Type: application/json; charset=utf-8
cache-control: no-cache

18:46:15.152 [AsyncHttpClient-1-2] DEBUG org.asynchttpclient.netty.channel.ChannelManager -- Adding key: http://localhost:18862 for channel [id: 0x1d483681, L:/127.0.0.1:51948 - R:localhost/127.0.0.1:18862]
18:46:15.152 [Forwarding screenshot on session 0cb16b85fd54d24cec88c6f1e9eb2ebd to remote] DEBUG org.asynchttpclient.netty.request.NettyRequestSender -- Using pooled Channel '[id: 0x1d483681, L:/127.0.0.1:51948 - R:localhost/127.0.0.1:18862]' for 'GET' to 'http://localhost:18862/session/0cb16b85fd54d24cec88c6f1e9eb2ebd/screenshot'
18:46:15.152 [Forwarding screenshot on session 0cb16b85fd54d24cec88c6f1e9eb2ebd to remote] DEBUG org.asynchttpclient.netty.request.NettyRequestSender -- Using open Channel [id: 0x1d483681, L:/127.0.0.1:51948 - R:localhost/127.0.0.1:18862] for GET '/session/0cb16b85fd54d24cec88c6f1e9eb2ebd/screenshot'
18:46:15.269 [AsyncHttpClient-1-1] DEBUG org.asynchttpclient.netty.channel.DefaultChannelPool -- Entry count for : http://localhost:51952 : 1
18:46:15.343 [AsyncHttpClient-1-2] DEBUG org.asynchttpclient.netty.handler.HttpHandler -- 

Request DefaultFullHttpRequest(decodeResult: success, version: HTTP/1.1, content: EmptyByteBufBE)
GET /session/0cb16b85fd54d24cec88c6f1e9eb2ebd/screenshot HTTP/1.1
User-Agent: selenium/4.9.0 (java windows)
Cache-Control: no-cache
Content-Type: application/json; charset=utf-8
host: localhost:18862
accept: */*

Response DefaultHttpResponse(decodeResult: success, version: HTTP/1.1)
HTTP/1.1 200 OK
Content-Length: 280308
Content-Type: application/json; charset=utf-8
cache-control: no-cache

18:46:15.352 [AsyncHttpClient-1-2] DEBUG org.asynchttpclient.netty.channel.ChannelManager -- Adding key: http://localhost:18862 for channel [id: 0x1d483681, L:/127.0.0.1:51948 - R:localhost/127.0.0.1:18862]
18:46:15.360 [Test worker] DEBUG net.serenitybdd.core.photography.Darkroom -- Send negative for processing for C:\Users\kguer\IdeaProjects\retoDemoBlaze\target\site\serenity\082a3f95cfe6a6dbf0c558cc3a3caec9e34988d2f9388261599445efdd92cd4a.png
18:46:15.360 [Test worker] DEBUG net.thucydides.core.steps.StepInterceptor -- STEP DONE: performAs
18:46:15.422 [Forwarding getPageSource on session 0cb16b85fd54d24cec88c6f1e9eb2ebd to remote] DEBUG org.asynchttpclient.netty.request.NettyRequestSender -- Using pooled Channel '[id: 0x1d483681, L:/127.0.0.1:51948 - R:localhost/127.0.0.1:18862]' for 'POST' to 'http://localhost:18862/session/0cb16b85fd54d24cec88c6f1e9eb2ebd/execute/sync'
18:46:15.422 [Forwarding getPageSource on session 0cb16b85fd54d24cec88c6f1e9eb2ebd to remote] DEBUG org.asynchttpclient.netty.request.NettyRequestSender -- Using open Channel [id: 0x1d483681, L:/127.0.0.1:51948 - R:localhost/127.0.0.1:18862] for POST '/session/0cb16b85fd54d24cec88c6f1e9eb2ebd/execute/sync'
18:46:15.432 [AsyncHttpClient-1-2] DEBUG org.asynchttpclient.netty.handler.HttpHandler -- 

Request DefaultHttpRequest(decodeResult: success, version: HTTP/1.1)
POST /session/0cb16b85fd54d24cec88c6f1e9eb2ebd/execute/sync HTTP/1.1
User-Agent: selenium/4.9.0 (java windows)
Content-Length: 176
Content-Type: application/json; charset=utf-8
host: localhost:18862
accept: */*

Response DefaultHttpResponse(decodeResult: success, version: HTTP/1.1)
HTTP/1.1 200 OK
Content-Length: 54693
Content-Type: application/json; charset=utf-8
cache-control: no-cache

18:46:15.432 [AsyncHttpClient-1-2] DEBUG org.asynchttpclient.netty.channel.ChannelManager -- Adding key: http://localhost:18862 for channel [id: 0x1d483681, L:/127.0.0.1:51948 - R:localhost/127.0.0.1:18862]
18:46:15.438 [Forwarding getCurrentUrl on session 0cb16b85fd54d24cec88c6f1e9eb2ebd to remote] DEBUG org.asynchttpclient.netty.request.NettyRequestSender -- Using pooled Channel '[id: 0x1d483681, L:/127.0.0.1:51948 - R:localhost/127.0.0.1:18862]' for 'GET' to 'http://localhost:18862/session/0cb16b85fd54d24cec88c6f1e9eb2ebd/url'
18:46:15.438 [Forwarding getCurrentUrl on session 0cb16b85fd54d24cec88c6f1e9eb2ebd to remote] DEBUG org.asynchttpclient.netty.request.NettyRequestSender -- Using open Channel [id: 0x1d483681, L:/127.0.0.1:51948 - R:localhost/127.0.0.1:18862] for GET '/session/0cb16b85fd54d24cec88c6f1e9eb2ebd/url'
18:46:15.443 [AsyncHttpClient-1-2] DEBUG org.asynchttpclient.netty.handler.HttpHandler -- 

Request DefaultFullHttpRequest(decodeResult: success, version: HTTP/1.1, content: EmptyByteBufBE)
GET /session/0cb16b85fd54d24cec88c6f1e9eb2ebd/url HTTP/1.1
User-Agent: selenium/4.9.0 (java windows)
Cache-Control: no-cache
Content-Type: application/json; charset=utf-8
host: localhost:18862
accept: */*

Response DefaultHttpResponse(decodeResult: success, version: HTTP/1.1)
HTTP/1.1 200 OK
Content-Length: 54
Content-Type: application/json; charset=utf-8
cache-control: no-cache

18:46:15.443 [AsyncHttpClient-1-2] DEBUG org.asynchttpclient.netty.channel.ChannelManager -- Adding key: http://localhost:18862 for channel [id: 0x1d483681, L:/127.0.0.1:51948 - R:localhost/127.0.0.1:18862]
18:46:15.448 [Test worker] DEBUG net.thucydides.core.steps.StepInterceptor -- STARTING STEP: AddProductsToCartInteraction.performAs - performAs
18:46:15.454 [Forwarding goBack on session 0cb16b85fd54d24cec88c6f1e9eb2ebd to remote] DEBUG org.asynchttpclient.netty.request.NettyRequestSender -- Using pooled Channel '[id: 0x1d483681, L:/127.0.0.1:51948 - R:localhost/127.0.0.1:18862]' for 'POST' to 'http://localhost:18862/session/0cb16b85fd54d24cec88c6f1e9eb2ebd/back'
18:46:15.454 [Forwarding goBack on session 0cb16b85fd54d24cec88c6f1e9eb2ebd to remote] DEBUG org.asynchttpclient.netty.request.NettyRequestSender -- Using open Channel [id: 0x1d483681, L:/127.0.0.1:51948 - R:localhost/127.0.0.1:18862] for POST '/session/0cb16b85fd54d24cec88c6f1e9eb2ebd/back'
18:46:15.482 [AsyncHttpClient-1-2] DEBUG org.asynchttpclient.netty.handler.HttpHandler -- 

Request DefaultHttpRequest(decodeResult: success, version: HTTP/1.1)
POST /session/0cb16b85fd54d24cec88c6f1e9eb2ebd/back HTTP/1.1
User-Agent: selenium/4.9.0 (java windows)
Content-Length: 3
Content-Type: application/json; charset=utf-8
host: localhost:18862
accept: */*

Response DefaultHttpResponse(decodeResult: success, version: HTTP/1.1)
HTTP/1.1 200 OK
Content-Length: 14
Content-Type: application/json; charset=utf-8
cache-control: no-cache

18:46:15.482 [AsyncHttpClient-1-2] DEBUG org.asynchttpclient.netty.channel.ChannelManager -- Adding key: http://localhost:18862 for channel [id: 0x1d483681, L:/127.0.0.1:51948 - R:localhost/127.0.0.1:18862]
18:46:15.542 [Forwarding getAlertText on session 0cb16b85fd54d24cec88c6f1e9eb2ebd to remote] DEBUG org.asynchttpclient.netty.request.NettyRequestSender -- Using pooled Channel '[id: 0x1d483681, L:/127.0.0.1:51948 - R:localhost/127.0.0.1:18862]' for 'GET' to 'http://localhost:18862/session/0cb16b85fd54d24cec88c6f1e9eb2ebd/alert/text'
18:46:15.542 [Forwarding getAlertText on session 0cb16b85fd54d24cec88c6f1e9eb2ebd to remote] DEBUG org.asynchttpclient.netty.request.NettyRequestSender -- Using open Channel [id: 0x1d483681, L:/127.0.0.1:51948 - R:localhost/127.0.0.1:18862] for GET '/session/0cb16b85fd54d24cec88c6f1e9eb2ebd/alert/text'
18:46:15.544 [AsyncHttpClient-1-2] DEBUG org.asynchttpclient.netty.handler.HttpHandler -- 

Request DefaultFullHttpRequest(decodeResult: success, version: HTTP/1.1, content: EmptyByteBufBE)
GET /session/0cb16b85fd54d24cec88c6f1e9eb2ebd/alert/text HTTP/1.1
User-Agent: selenium/4.9.0 (java windows)
Cache-Control: no-cache
Content-Type: application/json; charset=utf-8
host: localhost:18862
accept: */*

Response DefaultHttpResponse(decodeResult: success, version: HTTP/1.1)
HTTP/1.1 404 Not Found
Content-Length: 926
Content-Type: application/json; charset=utf-8
cache-control: no-cache

18:46:15.544 [AsyncHttpClient-1-2] DEBUG org.asynchttpclient.netty.channel.ChannelManager -- Adding key: http://localhost:18862 for channel [id: 0x1d483681, L:/127.0.0.1:51948 - R:localhost/127.0.0.1:18862]
18:46:15.545 [Forwarding getCurrentUrl on session 0cb16b85fd54d24cec88c6f1e9eb2ebd to remote] DEBUG org.asynchttpclient.netty.request.NettyRequestSender -- Using pooled Channel '[id: 0x1d483681, L:/127.0.0.1:51948 - R:localhost/127.0.0.1:18862]' for 'GET' to 'http://localhost:18862/session/0cb16b85fd54d24cec88c6f1e9eb2ebd/url'
18:46:15.545 [Forwarding getCurrentUrl on session 0cb16b85fd54d24cec88c6f1e9eb2ebd to remote] DEBUG org.asynchttpclient.netty.request.NettyRequestSender -- Using open Channel [id: 0x1d483681, L:/127.0.0.1:51948 - R:localhost/127.0.0.1:18862] for GET '/session/0cb16b85fd54d24cec88c6f1e9eb2ebd/url'
18:46:15.549 [AsyncHttpClient-1-2] DEBUG org.asynchttpclient.netty.handler.HttpHandler -- 

Request DefaultFullHttpRequest(decodeResult: success, version: HTTP/1.1, content: EmptyByteBufBE)
GET /session/0cb16b85fd54d24cec88c6f1e9eb2ebd/url HTTP/1.1
User-Agent: selenium/4.9.0 (java windows)
Cache-Control: no-cache
Content-Type: application/json; charset=utf-8
host: localhost:18862
accept: */*

Response DefaultHttpResponse(decodeResult: success, version: HTTP/1.1)
HTTP/1.1 200 OK
Content-Length: 38
Content-Type: application/json; charset=utf-8
cache-control: no-cache

18:46:15.549 [AsyncHttpClient-1-2] DEBUG org.asynchttpclient.netty.channel.ChannelManager -- Adding key: http://localhost:18862 for channel [id: 0x1d483681, L:/127.0.0.1:51948 - R:localhost/127.0.0.1:18862]
18:46:15.550 [Forwarding screenshot on session 0cb16b85fd54d24cec88c6f1e9eb2ebd to remote] DEBUG org.asynchttpclient.netty.request.NettyRequestSender -- Using pooled Channel '[id: 0x1d483681, L:/127.0.0.1:51948 - R:localhost/127.0.0.1:18862]' for 'GET' to 'http://localhost:18862/session/0cb16b85fd54d24cec88c6f1e9eb2ebd/screenshot'
18:46:15.550 [Forwarding screenshot on session 0cb16b85fd54d24cec88c6f1e9eb2ebd to remote] DEBUG org.asynchttpclient.netty.request.NettyRequestSender -- Using open Channel [id: 0x1d483681, L:/127.0.0.1:51948 - R:localhost/127.0.0.1:18862] for GET '/session/0cb16b85fd54d24cec88c6f1e9eb2ebd/screenshot'
18:46:15.734 [AsyncHttpClient-1-2] DEBUG org.asynchttpclient.netty.handler.HttpHandler -- 

Request DefaultFullHttpRequest(decodeResult: success, version: HTTP/1.1, content: EmptyByteBufBE)
GET /session/0cb16b85fd54d24cec88c6f1e9eb2ebd/screenshot HTTP/1.1
User-Agent: selenium/4.9.0 (java windows)
Cache-Control: no-cache
Content-Type: application/json; charset=utf-8
host: localhost:18862
accept: */*

Response DefaultHttpResponse(decodeResult: success, version: HTTP/1.1)
HTTP/1.1 200 OK
Content-Length: 486916
Content-Type: application/json; charset=utf-8
cache-control: no-cache

18:46:15.736 [AsyncHttpClient-1-2] DEBUG org.asynchttpclient.netty.channel.ChannelManager -- Adding key: http://localhost:18862 for channel [id: 0x1d483681, L:/127.0.0.1:51948 - R:localhost/127.0.0.1:18862]
18:46:15.753 [Test worker] DEBUG net.serenitybdd.core.photography.Darkroom -- Send negative for processing for C:\Users\kguer\IdeaProjects\retoDemoBlaze\target\site\serenity\f321176d1d699d7216150bfaac9f8ae61fb64aef3d55762f8ae09ab71399f7da.png
18:46:15.753 [Test worker] DEBUG net.thucydides.core.steps.StepInterceptor -- STEP DONE: performAs
18:46:15.784 [Test worker] DEBUG net.thucydides.core.steps.StepInterceptor -- STEP DONE: performAs
18:46:15.834 [Forwarding getAlertText on session 0cb16b85fd54d24cec88c6f1e9eb2ebd to remote] DEBUG org.asynchttpclient.netty.request.NettyRequestSender -- Using pooled Channel '[id: 0x1d483681, L:/127.0.0.1:51948 - R:localhost/127.0.0.1:18862]' for 'GET' to 'http://localhost:18862/session/0cb16b85fd54d24cec88c6f1e9eb2ebd/alert/text'
18:46:15.834 [Forwarding getAlertText on session 0cb16b85fd54d24cec88c6f1e9eb2ebd to remote] DEBUG org.asynchttpclient.netty.request.NettyRequestSender -- Using open Channel [id: 0x1d483681, L:/127.0.0.1:51948 - R:localhost/127.0.0.1:18862] for GET '/session/0cb16b85fd54d24cec88c6f1e9eb2ebd/alert/text'
18:46:15.836 [AsyncHttpClient-1-2] DEBUG org.asynchttpclient.netty.handler.HttpHandler -- 

Request DefaultFullHttpRequest(decodeResult: success, version: HTTP/1.1, content: EmptyByteBufBE)
GET /session/0cb16b85fd54d24cec88c6f1e9eb2ebd/alert/text HTTP/1.1
User-Agent: selenium/4.9.0 (java windows)
Cache-Control: no-cache
Content-Type: application/json; charset=utf-8
host: localhost:18862
accept: */*

Response DefaultHttpResponse(decodeResult: success, version: HTTP/1.1)
HTTP/1.1 404 Not Found
Content-Length: 926
Content-Type: application/json; charset=utf-8
cache-control: no-cache

18:46:15.837 [AsyncHttpClient-1-2] DEBUG org.asynchttpclient.netty.channel.ChannelManager -- Adding key: http://localhost:18862 for channel [id: 0x1d483681, L:/127.0.0.1:51948 - R:localhost/127.0.0.1:18862]
18:46:15.839 [Forwarding getCurrentUrl on session 0cb16b85fd54d24cec88c6f1e9eb2ebd to remote] DEBUG org.asynchttpclient.netty.request.NettyRequestSender -- Using pooled Channel '[id: 0x1d483681, L:/127.0.0.1:51948 - R:localhost/127.0.0.1:18862]' for 'GET' to 'http://localhost:18862/session/0cb16b85fd54d24cec88c6f1e9eb2ebd/url'
18:46:15.840 [Forwarding getCurrentUrl on session 0cb16b85fd54d24cec88c6f1e9eb2ebd to remote] DEBUG org.asynchttpclient.netty.request.NettyRequestSender -- Using open Channel [id: 0x1d483681, L:/127.0.0.1:51948 - R:localhost/127.0.0.1:18862] for GET '/session/0cb16b85fd54d24cec88c6f1e9eb2ebd/url'
18:46:15.848 [AsyncHttpClient-1-2] DEBUG org.asynchttpclient.netty.handler.HttpHandler -- 

Request DefaultFullHttpRequest(decodeResult: success, version: HTTP/1.1, content: EmptyByteBufBE)
GET /session/0cb16b85fd54d24cec88c6f1e9eb2ebd/url HTTP/1.1
User-Agent: selenium/4.9.0 (java windows)
Cache-Control: no-cache
Content-Type: application/json; charset=utf-8
host: localhost:18862
accept: */*

Response DefaultHttpResponse(decodeResult: success, version: HTTP/1.1)
HTTP/1.1 200 OK
Content-Length: 38
Content-Type: application/json; charset=utf-8
cache-control: no-cache

18:46:15.849 [AsyncHttpClient-1-2] DEBUG org.asynchttpclient.netty.channel.ChannelManager -- Adding key: http://localhost:18862 for channel [id: 0x1d483681, L:/127.0.0.1:51948 - R:localhost/127.0.0.1:18862]
18:46:15.850 [Forwarding screenshot on session 0cb16b85fd54d24cec88c6f1e9eb2ebd to remote] DEBUG org.asynchttpclient.netty.request.NettyRequestSender -- Using pooled Channel '[id: 0x1d483681, L:/127.0.0.1:51948 - R:localhost/127.0.0.1:18862]' for 'GET' to 'http://localhost:18862/session/0cb16b85fd54d24cec88c6f1e9eb2ebd/screenshot'
18:46:15.850 [Forwarding screenshot on session 0cb16b85fd54d24cec88c6f1e9eb2ebd to remote] DEBUG org.asynchttpclient.netty.request.NettyRequestSender -- Using open Channel [id: 0x1d483681, L:/127.0.0.1:51948 - R:localhost/127.0.0.1:18862] for GET '/session/0cb16b85fd54d24cec88c6f1e9eb2ebd/screenshot'
18:46:16.014 [AsyncHttpClient-1-2] DEBUG org.asynchttpclient.netty.handler.HttpHandler -- 

Request DefaultFullHttpRequest(decodeResult: success, version: HTTP/1.1, content: EmptyByteBufBE)
GET /session/0cb16b85fd54d24cec88c6f1e9eb2ebd/screenshot HTTP/1.1
User-Agent: selenium/4.9.0 (java windows)
Cache-Control: no-cache
Content-Type: application/json; charset=utf-8
host: localhost:18862
accept: */*

Response DefaultHttpResponse(decodeResult: success, version: HTTP/1.1)
HTTP/1.1 200 OK
Content-Length: 486916
Content-Type: application/json; charset=utf-8
cache-control: no-cache

18:46:16.016 [AsyncHttpClient-1-2] DEBUG org.asynchttpclient.netty.channel.ChannelManager -- Adding key: http://localhost:18862 for channel [id: 0x1d483681, L:/127.0.0.1:51948 - R:localhost/127.0.0.1:18862]
18:46:16.035 [Test worker] DEBUG net.serenitybdd.core.photography.Darkroom -- Send negative for processing for C:\Users\kguer\IdeaProjects\retoDemoBlaze\target\site\serenity\f321176d1d699d7216150bfaac9f8ae61fb64aef3d55762f8ae09ab71399f7da.png
18:46:16.055 [Forwarding getPageSource on session 0cb16b85fd54d24cec88c6f1e9eb2ebd to remote] DEBUG org.asynchttpclient.netty.request.NettyRequestSender -- Using pooled Channel '[id: 0x1d483681, L:/127.0.0.1:51948 - R:localhost/127.0.0.1:18862]' for 'POST' to 'http://localhost:18862/session/0cb16b85fd54d24cec88c6f1e9eb2ebd/execute/sync'
18:46:16.055 [Forwarding getPageSource on session 0cb16b85fd54d24cec88c6f1e9eb2ebd to remote] DEBUG org.asynchttpclient.netty.request.NettyRequestSender -- Using open Channel [id: 0x1d483681, L:/127.0.0.1:51948 - R:localhost/127.0.0.1:18862] for POST '/session/0cb16b85fd54d24cec88c6f1e9eb2ebd/execute/sync'
18:46:16.071 [AsyncHttpClient-1-2] DEBUG org.asynchttpclient.netty.handler.HttpHandler -- 

Request DefaultHttpRequest(decodeResult: success, version: HTTP/1.1)
POST /session/0cb16b85fd54d24cec88c6f1e9eb2ebd/execute/sync HTTP/1.1
User-Agent: selenium/4.9.0 (java windows)
Content-Length: 176
Content-Type: application/json; charset=utf-8
host: localhost:18862
accept: */*

Response DefaultHttpResponse(decodeResult: success, version: HTTP/1.1)
HTTP/1.1 200 OK
Content-Length: 57592
Content-Type: application/json; charset=utf-8
cache-control: no-cache

18:46:16.071 [AsyncHttpClient-1-2] DEBUG org.asynchttpclient.netty.channel.ChannelManager -- Adding key: http://localhost:18862 for channel [id: 0x1d483681, L:/127.0.0.1:51948 - R:localhost/127.0.0.1:18862]
18:46:16.081 [Forwarding getCurrentUrl on session 0cb16b85fd54d24cec88c6f1e9eb2ebd to remote] DEBUG org.asynchttpclient.netty.request.NettyRequestSender -- Using pooled Channel '[id: 0x1d483681, L:/127.0.0.1:51948 - R:localhost/127.0.0.1:18862]' for 'GET' to 'http://localhost:18862/session/0cb16b85fd54d24cec88c6f1e9eb2ebd/url'
18:46:16.082 [Forwarding getCurrentUrl on session 0cb16b85fd54d24cec88c6f1e9eb2ebd to remote] DEBUG org.asynchttpclient.netty.request.NettyRequestSender -- Using open Channel [id: 0x1d483681, L:/127.0.0.1:51948 - R:localhost/127.0.0.1:18862] for GET '/session/0cb16b85fd54d24cec88c6f1e9eb2ebd/url'
18:46:16.090 [AsyncHttpClient-1-2] DEBUG org.asynchttpclient.netty.handler.HttpHandler -- 

Request DefaultFullHttpRequest(decodeResult: success, version: HTTP/1.1, content: EmptyByteBufBE)
GET /session/0cb16b85fd54d24cec88c6f1e9eb2ebd/url HTTP/1.1
User-Agent: selenium/4.9.0 (java windows)
Cache-Control: no-cache
Content-Type: application/json; charset=utf-8
host: localhost:18862
accept: */*

Response DefaultHttpResponse(decodeResult: success, version: HTTP/1.1)
HTTP/1.1 200 OK
Content-Length: 38
Content-Type: application/json; charset=utf-8
cache-control: no-cache

18:46:16.090 [AsyncHttpClient-1-2] DEBUG org.asynchttpclient.netty.channel.ChannelManager -- Adding key: http://localhost:18862 for channel [id: 0x1d483681, L:/127.0.0.1:51948 - R:localhost/127.0.0.1:18862]
18:46:16.103 [Test worker] DEBUG net.thucydides.core.steps.StepInterceptor -- STARTING STEP: PurchaseFlowE2ETask.performAs - performAs
18:46:16.364 [AsyncHttpClient-1-1] DEBUG org.asynchttpclient.netty.channel.DefaultChannelPool -- Entry count for : http://localhost:51952 : 1
18:46:16.364 [AsyncHttpClient-1-1] DEBUG org.asynchttpclient.netty.channel.DefaultChannelPool -- Entry count for : http://localhost:18862 : 1
18:46:17.458 [AsyncHttpClient-1-1] DEBUG org.asynchttpclient.netty.channel.DefaultChannelPool -- Entry count for : http://localhost:51952 : 1
18:46:17.458 [AsyncHttpClient-1-1] DEBUG org.asynchttpclient.netty.channel.DefaultChannelPool -- Entry count for : http://localhost:18862 : 1
18:46:17.658 [Forwarding getAlertText on session 0cb16b85fd54d24cec88c6f1e9eb2ebd to remote] DEBUG org.asynchttpclient.netty.request.NettyRequestSender -- Using pooled Channel '[id: 0x1d483681, L:/127.0.0.1:51948 - R:localhost/127.0.0.1:18862]' for 'GET' to 'http://localhost:18862/session/0cb16b85fd54d24cec88c6f1e9eb2ebd/alert/text'
18:46:17.658 [Forwarding getAlertText on session 0cb16b85fd54d24cec88c6f1e9eb2ebd to remote] DEBUG org.asynchttpclient.netty.request.NettyRequestSender -- Using open Channel [id: 0x1d483681, L:/127.0.0.1:51948 - R:localhost/127.0.0.1:18862] for GET '/session/0cb16b85fd54d24cec88c6f1e9eb2ebd/alert/text'
18:46:17.661 [AsyncHttpClient-1-2] DEBUG org.asynchttpclient.netty.handler.HttpHandler -- 

Request DefaultFullHttpRequest(decodeResult: success, version: HTTP/1.1, content: EmptyByteBufBE)
GET /session/0cb16b85fd54d24cec88c6f1e9eb2ebd/alert/text HTTP/1.1
User-Agent: selenium/4.9.0 (java windows)
Cache-Control: no-cache
Content-Type: application/json; charset=utf-8
host: localhost:18862
accept: */*

Response DefaultHttpResponse(decodeResult: success, version: HTTP/1.1)
HTTP/1.1 404 Not Found
Content-Length: 926
Content-Type: application/json; charset=utf-8
cache-control: no-cache

18:46:17.662 [AsyncHttpClient-1-2] DEBUG org.asynchttpclient.netty.channel.ChannelManager -- Adding key: http://localhost:18862 for channel [id: 0x1d483681, L:/127.0.0.1:51948 - R:localhost/127.0.0.1:18862]
18:46:17.664 [Forwarding getCurrentUrl on session 0cb16b85fd54d24cec88c6f1e9eb2ebd to remote] DEBUG org.asynchttpclient.netty.request.NettyRequestSender -- Using pooled Channel '[id: 0x1d483681, L:/127.0.0.1:51948 - R:localhost/127.0.0.1:18862]' for 'GET' to 'http://localhost:18862/session/0cb16b85fd54d24cec88c6f1e9eb2ebd/url'
18:46:17.664 [Forwarding getCurrentUrl on session 0cb16b85fd54d24cec88c6f1e9eb2ebd to remote] DEBUG org.asynchttpclient.netty.request.NettyRequestSender -- Using open Channel [id: 0x1d483681, L:/127.0.0.1:51948 - R:localhost/127.0.0.1:18862] for GET '/session/0cb16b85fd54d24cec88c6f1e9eb2ebd/url'
18:46:17.669 [AsyncHttpClient-1-2] DEBUG org.asynchttpclient.netty.handler.HttpHandler -- 

Request DefaultFullHttpRequest(decodeResult: success, version: HTTP/1.1, content: EmptyByteBufBE)
GET /session/0cb16b85fd54d24cec88c6f1e9eb2ebd/url HTTP/1.1
User-Agent: selenium/4.9.0 (java windows)
Cache-Control: no-cache
Content-Type: application/json; charset=utf-8
host: localhost:18862
accept: */*

Response DefaultHttpResponse(decodeResult: success, version: HTTP/1.1)
HTTP/1.1 200 OK
Content-Length: 38
Content-Type: application/json; charset=utf-8
cache-control: no-cache

18:46:17.669 [AsyncHttpClient-1-2] DEBUG org.asynchttpclient.netty.channel.ChannelManager -- Adding key: http://localhost:18862 for channel [id: 0x1d483681, L:/127.0.0.1:51948 - R:localhost/127.0.0.1:18862]
18:46:17.670 [Forwarding screenshot on session 0cb16b85fd54d24cec88c6f1e9eb2ebd to remote] DEBUG org.asynchttpclient.netty.request.NettyRequestSender -- Using pooled Channel '[id: 0x1d483681, L:/127.0.0.1:51948 - R:localhost/127.0.0.1:18862]' for 'GET' to 'http://localhost:18862/session/0cb16b85fd54d24cec88c6f1e9eb2ebd/screenshot'
18:46:17.670 [Forwarding screenshot on session 0cb16b85fd54d24cec88c6f1e9eb2ebd to remote] DEBUG org.asynchttpclient.netty.request.NettyRequestSender -- Using open Channel [id: 0x1d483681, L:/127.0.0.1:51948 - R:localhost/127.0.0.1:18862] for GET '/session/0cb16b85fd54d24cec88c6f1e9eb2ebd/screenshot'
18:46:17.857 [AsyncHttpClient-1-2] DEBUG org.asynchttpclient.netty.handler.HttpHandler -- 

Request DefaultFullHttpRequest(decodeResult: success, version: HTTP/1.1, content: EmptyByteBufBE)
GET /session/0cb16b85fd54d24cec88c6f1e9eb2ebd/screenshot HTTP/1.1
User-Agent: selenium/4.9.0 (java windows)
Cache-Control: no-cache
Content-Type: application/json; charset=utf-8
host: localhost:18862
accept: */*

Response DefaultHttpResponse(decodeResult: success, version: HTTP/1.1)
HTTP/1.1 200 OK
Content-Length: 500608
Content-Type: application/json; charset=utf-8
cache-control: no-cache

18:46:17.858 [AsyncHttpClient-1-2] DEBUG org.asynchttpclient.netty.channel.ChannelManager -- Adding key: http://localhost:18862 for channel [id: 0x1d483681, L:/127.0.0.1:51948 - R:localhost/127.0.0.1:18862]
18:46:17.878 [Test worker] DEBUG net.serenitybdd.core.photography.Darkroom -- Send negative for processing for C:\Users\kguer\IdeaProjects\retoDemoBlaze\target\site\serenity\242aee50ec3855c644236ae5ee071166870f79c54e9d4c7971e5d3aad41c790c.png
18:46:17.903 [Forwarding getPageSource on session 0cb16b85fd54d24cec88c6f1e9eb2ebd to remote] DEBUG org.asynchttpclient.netty.request.NettyRequestSender -- Using pooled Channel '[id: 0x1d483681, L:/127.0.0.1:51948 - R:localhost/127.0.0.1:18862]' for 'POST' to 'http://localhost:18862/session/0cb16b85fd54d24cec88c6f1e9eb2ebd/execute/sync'
18:46:17.905 [Forwarding getPageSource on session 0cb16b85fd54d24cec88c6f1e9eb2ebd to remote] DEBUG org.asynchttpclient.netty.request.NettyRequestSender -- Using open Channel [id: 0x1d483681, L:/127.0.0.1:51948 - R:localhost/127.0.0.1:18862] for POST '/session/0cb16b85fd54d24cec88c6f1e9eb2ebd/execute/sync'
18:46:17.920 [AsyncHttpClient-1-2] DEBUG org.asynchttpclient.netty.handler.HttpHandler -- 

Request DefaultHttpRequest(decodeResult: success, version: HTTP/1.1)
POST /session/0cb16b85fd54d24cec88c6f1e9eb2ebd/execute/sync HTTP/1.1
User-Agent: selenium/4.9.0 (java windows)
Content-Length: 176
Content-Type: application/json; charset=utf-8
host: localhost:18862
accept: */*

Response DefaultHttpResponse(decodeResult: success, version: HTTP/1.1)
HTTP/1.1 200 OK
Content-Length: 57603
Content-Type: application/json; charset=utf-8
cache-control: no-cache

18:46:17.920 [AsyncHttpClient-1-2] DEBUG org.asynchttpclient.netty.channel.ChannelManager -- Adding key: http://localhost:18862 for channel [id: 0x1d483681, L:/127.0.0.1:51948 - R:localhost/127.0.0.1:18862]
18:46:17.936 [Forwarding getCurrentUrl on session 0cb16b85fd54d24cec88c6f1e9eb2ebd to remote] DEBUG org.asynchttpclient.netty.request.NettyRequestSender -- Using pooled Channel '[id: 0x1d483681, L:/127.0.0.1:51948 - R:localhost/127.0.0.1:18862]' for 'GET' to 'http://localhost:18862/session/0cb16b85fd54d24cec88c6f1e9eb2ebd/url'
18:46:17.937 [Forwarding getCurrentUrl on session 0cb16b85fd54d24cec88c6f1e9eb2ebd to remote] DEBUG org.asynchttpclient.netty.request.NettyRequestSender -- Using open Channel [id: 0x1d483681, L:/127.0.0.1:51948 - R:localhost/127.0.0.1:18862] for GET '/session/0cb16b85fd54d24cec88c6f1e9eb2ebd/url'
18:46:17.946 [AsyncHttpClient-1-2] DEBUG org.asynchttpclient.netty.handler.HttpHandler -- 

Request DefaultFullHttpRequest(decodeResult: success, version: HTTP/1.1, content: EmptyByteBufBE)
GET /session/0cb16b85fd54d24cec88c6f1e9eb2ebd/url HTTP/1.1
User-Agent: selenium/4.9.0 (java windows)
Cache-Control: no-cache
Content-Type: application/json; charset=utf-8
host: localhost:18862
accept: */*

Response DefaultHttpResponse(decodeResult: success, version: HTTP/1.1)
HTTP/1.1 200 OK
Content-Length: 38
Content-Type: application/json; charset=utf-8
cache-control: no-cache

18:46:17.946 [AsyncHttpClient-1-2] DEBUG org.asynchttpclient.netty.channel.ChannelManager -- Adding key: http://localhost:18862 for channel [id: 0x1d483681, L:/127.0.0.1:51948 - R:localhost/127.0.0.1:18862]
18:46:17.953 [Test worker] DEBUG net.thucydides.core.steps.StepInterceptor -- STARTING STEP: FillFormInteraction.performAs - {0} clicks on #target
18:46:17.954 [Test worker] DEBUG net.serenitybdd.screenplay.targets.IFrameSwitcher -- default content already selected for button to cart
18:46:18.089 [Forwarding findElement on session 0cb16b85fd54d24cec88c6f1e9eb2ebd to remote] DEBUG org.asynchttpclient.netty.request.NettyRequestSender -- Using pooled Channel '[id: 0x1d483681, L:/127.0.0.1:51948 - R:localhost/127.0.0.1:18862]' for 'POST' to 'http://localhost:18862/session/0cb16b85fd54d24cec88c6f1e9eb2ebd/element'
18:46:18.089 [Forwarding findElement on session 0cb16b85fd54d24cec88c6f1e9eb2ebd to remote] DEBUG org.asynchttpclient.netty.request.NettyRequestSender -- Using open Channel [id: 0x1d483681, L:/127.0.0.1:51948 - R:localhost/127.0.0.1:18862] for POST '/session/0cb16b85fd54d24cec88c6f1e9eb2ebd/element'
18:46:18.108 [AsyncHttpClient-1-2] DEBUG org.asynchttpclient.netty.handler.HttpHandler -- 

Request DefaultHttpRequest(decodeResult: success, version: HTTP/1.1)
POST /session/0cb16b85fd54d24cec88c6f1e9eb2ebd/element HTTP/1.1
User-Agent: selenium/4.9.0 (java windows)
Content-Length: 64
Content-Type: application/json; charset=utf-8
host: localhost:18862
accept: */*

Response DefaultHttpResponse(decodeResult: success, version: HTTP/1.1)
HTTP/1.1 200 OK
Content-Length: 127
Content-Type: application/json; charset=utf-8
cache-control: no-cache

18:46:18.108 [AsyncHttpClient-1-2] DEBUG org.asynchttpclient.netty.channel.ChannelManager -- Adding key: http://localhost:18862 for channel [id: 0x1d483681, L:/127.0.0.1:51948 - R:localhost/127.0.0.1:18862]
18:46:18.121 [Forwarding isElementDisplayed on session 0cb16b85fd54d24cec88c6f1e9eb2ebd to remote] DEBUG org.asynchttpclient.netty.request.NettyRequestSender -- Using pooled Channel '[id: 0x1d483681, L:/127.0.0.1:51948 - R:localhost/127.0.0.1:18862]' for 'POST' to 'http://localhost:18862/session/0cb16b85fd54d24cec88c6f1e9eb2ebd/execute/sync'
18:46:18.121 [Forwarding isElementDisplayed on session 0cb16b85fd54d24cec88c6f1e9eb2ebd to remote] DEBUG org.asynchttpclient.netty.request.NettyRequestSender -- Using open Channel [id: 0x1d483681, L:/127.0.0.1:51948 - R:localhost/127.0.0.1:18862] for POST '/session/0cb16b85fd54d24cec88c6f1e9eb2ebd/execute/sync'
18:46:18.135 [AsyncHttpClient-1-2] DEBUG org.asynchttpclient.netty.handler.HttpHandler -- 

Request DefaultHttpRequest(decodeResult: success, version: HTTP/1.1)
POST /session/0cb16b85fd54d24cec88c6f1e9eb2ebd/execute/sync HTTP/1.1
User-Agent: selenium/4.9.0 (java windows)
Content-Length: 48846
Content-Type: application/json; charset=utf-8
host: localhost:18862
accept: */*

Response DefaultHttpResponse(decodeResult: success, version: HTTP/1.1)
HTTP/1.1 200 OK
Content-Length: 14
Content-Type: application/json; charset=utf-8
cache-control: no-cache

18:46:18.135 [AsyncHttpClient-1-2] DEBUG org.asynchttpclient.netty.channel.ChannelManager -- Adding key: http://localhost:18862 for channel [id: 0x1d483681, L:/127.0.0.1:51948 - R:localhost/127.0.0.1:18862]
18:46:18.170 [Forwarding findElement on session 0cb16b85fd54d24cec88c6f1e9eb2ebd to remote] DEBUG org.asynchttpclient.netty.request.NettyRequestSender -- Using pooled Channel '[id: 0x1d483681, L:/127.0.0.1:51948 - R:localhost/127.0.0.1:18862]' for 'POST' to 'http://localhost:18862/session/0cb16b85fd54d24cec88c6f1e9eb2ebd/element'
18:46:18.170 [Forwarding findElement on session 0cb16b85fd54d24cec88c6f1e9eb2ebd to remote] DEBUG org.asynchttpclient.netty.request.NettyRequestSender -- Using open Channel [id: 0x1d483681, L:/127.0.0.1:51948 - R:localhost/127.0.0.1:18862] for POST '/session/0cb16b85fd54d24cec88c6f1e9eb2ebd/element'
18:46:18.181 [AsyncHttpClient-1-2] DEBUG org.asynchttpclient.netty.handler.HttpHandler -- 

Request DefaultHttpRequest(decodeResult: success, version: HTTP/1.1)
POST /session/0cb16b85fd54d24cec88c6f1e9eb2ebd/element HTTP/1.1
User-Agent: selenium/4.9.0 (java windows)
Content-Length: 64
Content-Type: application/json; charset=utf-8
host: localhost:18862
accept: */*

Response DefaultHttpResponse(decodeResult: success, version: HTTP/1.1)
HTTP/1.1 200 OK
Content-Length: 127
Content-Type: application/json; charset=utf-8
cache-control: no-cache

18:46:18.181 [AsyncHttpClient-1-2] DEBUG org.asynchttpclient.netty.channel.ChannelManager -- Adding key: http://localhost:18862 for channel [id: 0x1d483681, L:/127.0.0.1:51948 - R:localhost/127.0.0.1:18862]
18:46:18.183 [Forwarding clickElement on session 0cb16b85fd54d24cec88c6f1e9eb2ebd to remote] DEBUG org.asynchttpclient.netty.request.NettyRequestSender -- Using pooled Channel '[id: 0x1d483681, L:/127.0.0.1:51948 - R:localhost/127.0.0.1:18862]' for 'POST' to 'http://localhost:18862/session/0cb16b85fd54d24cec88c6f1e9eb2ebd/element/f.F3D8E0C449C07D1F7D6153FC9DF4AACD.d.3E9CEB7A6B226BAC3E26FFE94D3E02AA.e.190/click'
18:46:18.183 [Forwarding clickElement on session 0cb16b85fd54d24cec88c6f1e9eb2ebd to remote] DEBUG org.asynchttpclient.netty.request.NettyRequestSender -- Using open Channel [id: 0x1d483681, L:/127.0.0.1:51948 - R:localhost/127.0.0.1:18862] for POST '/session/0cb16b85fd54d24cec88c6f1e9eb2ebd/element/f.F3D8E0C449C07D1F7D6153FC9DF4AACD.d.3E9CEB7A6B226BAC3E26FFE94D3E02AA.e.190/click'
18:46:18.556 [AsyncHttpClient-1-1] DEBUG org.asynchttpclient.netty.channel.DefaultChannelPool -- Entry count for : http://localhost:51952 : 1
18:46:18.671 [AsyncHttpClient-1-2] DEBUG org.asynchttpclient.netty.handler.HttpHandler -- 

Request DefaultHttpRequest(decodeResult: success, version: HTTP/1.1)
POST /session/0cb16b85fd54d24cec88c6f1e9eb2ebd/element/f.F3D8E0C449C07D1F7D6153FC9DF4AACD.d.3E9CEB7A6B226BAC3E26FFE94D3E02AA.e.190/click HTTP/1.1
User-Agent: selenium/4.9.0 (java windows)
Content-Length: 89
Content-Type: application/json; charset=utf-8
host: localhost:18862
accept: */*

Response DefaultHttpResponse(decodeResult: success, version: HTTP/1.1)
HTTP/1.1 200 OK
Content-Length: 14
Content-Type: application/json; charset=utf-8
cache-control: no-cache

18:46:18.672 [AsyncHttpClient-1-2] DEBUG org.asynchttpclient.netty.channel.ChannelManager -- Adding key: http://localhost:18862 for channel [id: 0x1d483681, L:/127.0.0.1:51948 - R:localhost/127.0.0.1:18862]
18:46:18.718 [Forwarding getAlertText on session 0cb16b85fd54d24cec88c6f1e9eb2ebd to remote] DEBUG org.asynchttpclient.netty.request.NettyRequestSender -- Using pooled Channel '[id: 0x1d483681, L:/127.0.0.1:51948 - R:localhost/127.0.0.1:18862]' for 'GET' to 'http://localhost:18862/session/0cb16b85fd54d24cec88c6f1e9eb2ebd/alert/text'
18:46:18.719 [Forwarding getAlertText on session 0cb16b85fd54d24cec88c6f1e9eb2ebd to remote] DEBUG org.asynchttpclient.netty.request.NettyRequestSender -- Using open Channel [id: 0x1d483681, L:/127.0.0.1:51948 - R:localhost/127.0.0.1:18862] for GET '/session/0cb16b85fd54d24cec88c6f1e9eb2ebd/alert/text'
18:46:18.721 [AsyncHttpClient-1-2] DEBUG org.asynchttpclient.netty.handler.HttpHandler -- 

Request DefaultFullHttpRequest(decodeResult: success, version: HTTP/1.1, content: EmptyByteBufBE)
GET /session/0cb16b85fd54d24cec88c6f1e9eb2ebd/alert/text HTTP/1.1
User-Agent: selenium/4.9.0 (java windows)
Cache-Control: no-cache
Content-Type: application/json; charset=utf-8
host: localhost:18862
accept: */*

Response DefaultHttpResponse(decodeResult: success, version: HTTP/1.1)
HTTP/1.1 404 Not Found
Content-Length: 926
Content-Type: application/json; charset=utf-8
cache-control: no-cache

18:46:18.721 [AsyncHttpClient-1-2] DEBUG org.asynchttpclient.netty.channel.ChannelManager -- Adding key: http://localhost:18862 for channel [id: 0x1d483681, L:/127.0.0.1:51948 - R:localhost/127.0.0.1:18862]
18:46:18.722 [Forwarding getCurrentUrl on session 0cb16b85fd54d24cec88c6f1e9eb2ebd to remote] DEBUG org.asynchttpclient.netty.request.NettyRequestSender -- Using pooled Channel '[id: 0x1d483681, L:/127.0.0.1:51948 - R:localhost/127.0.0.1:18862]' for 'GET' to 'http://localhost:18862/session/0cb16b85fd54d24cec88c6f1e9eb2ebd/url'
18:46:18.722 [Forwarding getCurrentUrl on session 0cb16b85fd54d24cec88c6f1e9eb2ebd to remote] DEBUG org.asynchttpclient.netty.request.NettyRequestSender -- Using open Channel [id: 0x1d483681, L:/127.0.0.1:51948 - R:localhost/127.0.0.1:18862] for GET '/session/0cb16b85fd54d24cec88c6f1e9eb2ebd/url'
18:46:18.729 [AsyncHttpClient-1-2] DEBUG org.asynchttpclient.netty.handler.HttpHandler -- 

Request DefaultFullHttpRequest(decodeResult: success, version: HTTP/1.1, content: EmptyByteBufBE)
GET /session/0cb16b85fd54d24cec88c6f1e9eb2ebd/url HTTP/1.1
User-Agent: selenium/4.9.0 (java windows)
Cache-Control: no-cache
Content-Type: application/json; charset=utf-8
host: localhost:18862
accept: */*

Response DefaultHttpResponse(decodeResult: success, version: HTTP/1.1)
HTTP/1.1 200 OK
Content-Length: 47
Content-Type: application/json; charset=utf-8
cache-control: no-cache

18:46:18.729 [AsyncHttpClient-1-2] DEBUG org.asynchttpclient.netty.channel.ChannelManager -- Adding key: http://localhost:18862 for channel [id: 0x1d483681, L:/127.0.0.1:51948 - R:localhost/127.0.0.1:18862]
18:46:18.730 [Forwarding screenshot on session 0cb16b85fd54d24cec88c6f1e9eb2ebd to remote] DEBUG org.asynchttpclient.netty.request.NettyRequestSender -- Using pooled Channel '[id: 0x1d483681, L:/127.0.0.1:51948 - R:localhost/127.0.0.1:18862]' for 'GET' to 'http://localhost:18862/session/0cb16b85fd54d24cec88c6f1e9eb2ebd/screenshot'
18:46:18.730 [Forwarding screenshot on session 0cb16b85fd54d24cec88c6f1e9eb2ebd to remote] DEBUG org.asynchttpclient.netty.request.NettyRequestSender -- Using open Channel [id: 0x1d483681, L:/127.0.0.1:51948 - R:localhost/127.0.0.1:18862] for GET '/session/0cb16b85fd54d24cec88c6f1e9eb2ebd/screenshot'
18:46:18.934 [AsyncHttpClient-1-2] DEBUG org.asynchttpclient.netty.handler.HttpHandler -- 

Request DefaultFullHttpRequest(decodeResult: success, version: HTTP/1.1, content: EmptyByteBufBE)
GET /session/0cb16b85fd54d24cec88c6f1e9eb2ebd/screenshot HTTP/1.1
User-Agent: selenium/4.9.0 (java windows)
Cache-Control: no-cache
Content-Type: application/json; charset=utf-8
host: localhost:18862
accept: */*

Response DefaultHttpResponse(decodeResult: success, version: HTTP/1.1)
HTTP/1.1 200 OK
Content-Length: 277424
Content-Type: application/json; charset=utf-8
cache-control: no-cache

18:46:18.937 [AsyncHttpClient-1-2] DEBUG org.asynchttpclient.netty.channel.ChannelManager -- Adding key: http://localhost:18862 for channel [id: 0x1d483681, L:/127.0.0.1:51948 - R:localhost/127.0.0.1:18862]
18:46:18.947 [Test worker] DEBUG net.serenitybdd.core.photography.Darkroom -- Send negative for processing for C:\Users\kguer\IdeaProjects\retoDemoBlaze\target\site\serenity\180865e1a1bd7f656ca96840495a053dbf34ac421bf2f01e10aea13718bcb88b.png
18:46:18.966 [Forwarding getPageSource on session 0cb16b85fd54d24cec88c6f1e9eb2ebd to remote] DEBUG org.asynchttpclient.netty.request.NettyRequestSender -- Using pooled Channel '[id: 0x1d483681, L:/127.0.0.1:51948 - R:localhost/127.0.0.1:18862]' for 'POST' to 'http://localhost:18862/session/0cb16b85fd54d24cec88c6f1e9eb2ebd/execute/sync'
18:46:18.966 [Forwarding getPageSource on session 0cb16b85fd54d24cec88c6f1e9eb2ebd to remote] DEBUG org.asynchttpclient.netty.request.NettyRequestSender -- Using open Channel [id: 0x1d483681, L:/127.0.0.1:51948 - R:localhost/127.0.0.1:18862] for POST '/session/0cb16b85fd54d24cec88c6f1e9eb2ebd/execute/sync'
18:46:18.979 [AsyncHttpClient-1-2] DEBUG org.asynchttpclient.netty.handler.HttpHandler -- 

Request DefaultHttpRequest(decodeResult: success, version: HTTP/1.1)
POST /session/0cb16b85fd54d24cec88c6f1e9eb2ebd/execute/sync HTTP/1.1
User-Agent: selenium/4.9.0 (java windows)
Content-Length: 176
Content-Type: application/json; charset=utf-8
host: localhost:18862
accept: */*

Response DefaultHttpResponse(decodeResult: success, version: HTTP/1.1)
HTTP/1.1 200 OK
Content-Length: 56870
Content-Type: application/json; charset=utf-8
cache-control: no-cache

18:46:18.979 [AsyncHttpClient-1-2] DEBUG org.asynchttpclient.netty.channel.ChannelManager -- Adding key: http://localhost:18862 for channel [id: 0x1d483681, L:/127.0.0.1:51948 - R:localhost/127.0.0.1:18862]
18:46:18.988 [Forwarding getCurrentUrl on session 0cb16b85fd54d24cec88c6f1e9eb2ebd to remote] DEBUG org.asynchttpclient.netty.request.NettyRequestSender -- Using pooled Channel '[id: 0x1d483681, L:/127.0.0.1:51948 - R:localhost/127.0.0.1:18862]' for 'GET' to 'http://localhost:18862/session/0cb16b85fd54d24cec88c6f1e9eb2ebd/url'
18:46:18.988 [Forwarding getCurrentUrl on session 0cb16b85fd54d24cec88c6f1e9eb2ebd to remote] DEBUG org.asynchttpclient.netty.request.NettyRequestSender -- Using open Channel [id: 0x1d483681, L:/127.0.0.1:51948 - R:localhost/127.0.0.1:18862] for GET '/session/0cb16b85fd54d24cec88c6f1e9eb2ebd/url'
18:46:18.993 [AsyncHttpClient-1-2] DEBUG org.asynchttpclient.netty.handler.HttpHandler -- 

Request DefaultFullHttpRequest(decodeResult: success, version: HTTP/1.1, content: EmptyByteBufBE)
GET /session/0cb16b85fd54d24cec88c6f1e9eb2ebd/url HTTP/1.1
User-Agent: selenium/4.9.0 (java windows)
Cache-Control: no-cache
Content-Type: application/json; charset=utf-8
host: localhost:18862
accept: */*

Response DefaultHttpResponse(decodeResult: success, version: HTTP/1.1)
HTTP/1.1 200 OK
Content-Length: 47
Content-Type: application/json; charset=utf-8
cache-control: no-cache

18:46:18.993 [AsyncHttpClient-1-2] DEBUG org.asynchttpclient.netty.channel.ChannelManager -- Adding key: http://localhost:18862 for channel [id: 0x1d483681, L:/127.0.0.1:51948 - R:localhost/127.0.0.1:18862]
18:46:19.032 [Forwarding getAlertText on session 0cb16b85fd54d24cec88c6f1e9eb2ebd to remote] DEBUG org.asynchttpclient.netty.request.NettyRequestSender -- Using pooled Channel '[id: 0x1d483681, L:/127.0.0.1:51948 - R:localhost/127.0.0.1:18862]' for 'GET' to 'http://localhost:18862/session/0cb16b85fd54d24cec88c6f1e9eb2ebd/alert/text'
18:46:19.032 [Forwarding getAlertText on session 0cb16b85fd54d24cec88c6f1e9eb2ebd to remote] DEBUG org.asynchttpclient.netty.request.NettyRequestSender -- Using open Channel [id: 0x1d483681, L:/127.0.0.1:51948 - R:localhost/127.0.0.1:18862] for GET '/session/0cb16b85fd54d24cec88c6f1e9eb2ebd/alert/text'
18:46:19.038 [AsyncHttpClient-1-2] DEBUG org.asynchttpclient.netty.handler.HttpHandler -- 

Request DefaultFullHttpRequest(decodeResult: success, version: HTTP/1.1, content: EmptyByteBufBE)
GET /session/0cb16b85fd54d24cec88c6f1e9eb2ebd/alert/text HTTP/1.1
User-Agent: selenium/4.9.0 (java windows)
Cache-Control: no-cache
Content-Type: application/json; charset=utf-8
host: localhost:18862
accept: */*

Response DefaultHttpResponse(decodeResult: success, version: HTTP/1.1)
HTTP/1.1 404 Not Found
Content-Length: 926
Content-Type: application/json; charset=utf-8
cache-control: no-cache

18:46:19.038 [AsyncHttpClient-1-2] DEBUG org.asynchttpclient.netty.channel.ChannelManager -- Adding key: http://localhost:18862 for channel [id: 0x1d483681, L:/127.0.0.1:51948 - R:localhost/127.0.0.1:18862]
18:46:19.040 [Forwarding getCurrentUrl on session 0cb16b85fd54d24cec88c6f1e9eb2ebd to remote] DEBUG org.asynchttpclient.netty.request.NettyRequestSender -- Using pooled Channel '[id: 0x1d483681, L:/127.0.0.1:51948 - R:localhost/127.0.0.1:18862]' for 'GET' to 'http://localhost:18862/session/0cb16b85fd54d24cec88c6f1e9eb2ebd/url'
18:46:19.040 [Forwarding getCurrentUrl on session 0cb16b85fd54d24cec88c6f1e9eb2ebd to remote] DEBUG org.asynchttpclient.netty.request.NettyRequestSender -- Using open Channel [id: 0x1d483681, L:/127.0.0.1:51948 - R:localhost/127.0.0.1:18862] for GET '/session/0cb16b85fd54d24cec88c6f1e9eb2ebd/url'
18:46:19.044 [AsyncHttpClient-1-2] DEBUG org.asynchttpclient.netty.handler.HttpHandler -- 

Request DefaultFullHttpRequest(decodeResult: success, version: HTTP/1.1, content: EmptyByteBufBE)
GET /session/0cb16b85fd54d24cec88c6f1e9eb2ebd/url HTTP/1.1
User-Agent: selenium/4.9.0 (java windows)
Cache-Control: no-cache
Content-Type: application/json; charset=utf-8
host: localhost:18862
accept: */*

Response DefaultHttpResponse(decodeResult: success, version: HTTP/1.1)
HTTP/1.1 200 OK
Content-Length: 47
Content-Type: application/json; charset=utf-8
cache-control: no-cache

18:46:19.044 [AsyncHttpClient-1-2] DEBUG org.asynchttpclient.netty.channel.ChannelManager -- Adding key: http://localhost:18862 for channel [id: 0x1d483681, L:/127.0.0.1:51948 - R:localhost/127.0.0.1:18862]
18:46:19.044 [Forwarding screenshot on session 0cb16b85fd54d24cec88c6f1e9eb2ebd to remote] DEBUG org.asynchttpclient.netty.request.NettyRequestSender -- Using pooled Channel '[id: 0x1d483681, L:/127.0.0.1:51948 - R:localhost/127.0.0.1:18862]' for 'GET' to 'http://localhost:18862/session/0cb16b85fd54d24cec88c6f1e9eb2ebd/screenshot'
18:46:19.044 [Forwarding screenshot on session 0cb16b85fd54d24cec88c6f1e9eb2ebd to remote] DEBUG org.asynchttpclient.netty.request.NettyRequestSender -- Using open Channel [id: 0x1d483681, L:/127.0.0.1:51948 - R:localhost/127.0.0.1:18862] for GET '/session/0cb16b85fd54d24cec88c6f1e9eb2ebd/screenshot'
18:46:19.212 [AsyncHttpClient-1-2] DEBUG org.asynchttpclient.netty.handler.HttpHandler -- 

Request DefaultFullHttpRequest(decodeResult: success, version: HTTP/1.1, content: EmptyByteBufBE)
GET /session/0cb16b85fd54d24cec88c6f1e9eb2ebd/screenshot HTTP/1.1
User-Agent: selenium/4.9.0 (java windows)
Cache-Control: no-cache
Content-Type: application/json; charset=utf-8
host: localhost:18862
accept: */*

Response DefaultHttpResponse(decodeResult: success, version: HTTP/1.1)
HTTP/1.1 200 OK
Content-Length: 277424
Content-Type: application/json; charset=utf-8
cache-control: no-cache

18:46:19.212 [AsyncHttpClient-1-2] DEBUG org.asynchttpclient.netty.channel.ChannelManager -- Adding key: http://localhost:18862 for channel [id: 0x1d483681, L:/127.0.0.1:51948 - R:localhost/127.0.0.1:18862]
18:46:19.224 [Test worker] DEBUG net.serenitybdd.core.photography.Darkroom -- Send negative for processing for C:\Users\kguer\IdeaProjects\retoDemoBlaze\target\site\serenity\180865e1a1bd7f656ca96840495a053dbf34ac421bf2f01e10aea13718bcb88b.png
18:46:19.224 [Test worker] DEBUG net.thucydides.core.steps.StepInterceptor -- STEP DONE: {0} clicks on #target
18:46:19.252 [Test worker] DEBUG net.serenitybdd.screenplay.targets.IFrameSwitcher -- default content already selected for button to delete product
18:46:19.262 [Forwarding findElements on session 0cb16b85fd54d24cec88c6f1e9eb2ebd to remote] DEBUG org.asynchttpclient.netty.request.NettyRequestSender -- Using pooled Channel '[id: 0x1d483681, L:/127.0.0.1:51948 - R:localhost/127.0.0.1:18862]' for 'POST' to 'http://localhost:18862/session/0cb16b85fd54d24cec88c6f1e9eb2ebd/elements'
18:46:19.262 [Forwarding findElements on session 0cb16b85fd54d24cec88c6f1e9eb2ebd to remote] DEBUG org.asynchttpclient.netty.request.NettyRequestSender -- Using open Channel [id: 0x1d483681, L:/127.0.0.1:51948 - R:localhost/127.0.0.1:18862] for POST '/session/0cb16b85fd54d24cec88c6f1e9eb2ebd/elements'
18:46:19.474 [AsyncHttpClient-1-2] DEBUG org.asynchttpclient.netty.handler.HttpHandler -- 

Request DefaultHttpRequest(decodeResult: success, version: HTTP/1.1)
POST /session/0cb16b85fd54d24cec88c6f1e9eb2ebd/elements HTTP/1.1
User-Agent: selenium/4.9.0 (java windows)
Content-Length: 78
Content-Type: application/json; charset=utf-8
host: localhost:18862
accept: */*

Response DefaultHttpResponse(decodeResult: success, version: HTTP/1.1)
HTTP/1.1 200 OK
Content-Length: 247
Content-Type: application/json; charset=utf-8
cache-control: no-cache

18:46:19.476 [AsyncHttpClient-1-2] DEBUG org.asynchttpclient.netty.channel.ChannelManager -- Adding key: http://localhost:18862 for channel [id: 0x1d483681, L:/127.0.0.1:51948 - R:localhost/127.0.0.1:18862]
18:46:19.516 [Forwarding isElementDisplayed on session 0cb16b85fd54d24cec88c6f1e9eb2ebd to remote] DEBUG org.asynchttpclient.netty.request.NettyRequestSender -- Using pooled Channel '[id: 0x1d483681, L:/127.0.0.1:51948 - R:localhost/127.0.0.1:18862]' for 'POST' to 'http://localhost:18862/session/0cb16b85fd54d24cec88c6f1e9eb2ebd/execute/sync'
18:46:19.516 [Forwarding isElementDisplayed on session 0cb16b85fd54d24cec88c6f1e9eb2ebd to remote] DEBUG org.asynchttpclient.netty.request.NettyRequestSender -- Using open Channel [id: 0x1d483681, L:/127.0.0.1:51948 - R:localhost/127.0.0.1:18862] for POST '/session/0cb16b85fd54d24cec88c6f1e9eb2ebd/execute/sync'
18:46:19.530 [AsyncHttpClient-1-2] DEBUG org.asynchttpclient.netty.handler.HttpHandler -- 

Request DefaultHttpRequest(decodeResult: success, version: HTTP/1.1)
POST /session/0cb16b85fd54d24cec88c6f1e9eb2ebd/execute/sync HTTP/1.1
User-Agent: selenium/4.9.0 (java windows)
Content-Length: 48846
Content-Type: application/json; charset=utf-8
host: localhost:18862
accept: */*

Response DefaultHttpResponse(decodeResult: success, version: HTTP/1.1)
HTTP/1.1 200 OK
Content-Length: 14
Content-Type: application/json; charset=utf-8
cache-control: no-cache

18:46:19.530 [AsyncHttpClient-1-2] DEBUG org.asynchttpclient.netty.channel.ChannelManager -- Adding key: http://localhost:18862 for channel [id: 0x1d483681, L:/127.0.0.1:51948 - R:localhost/127.0.0.1:18862]
18:46:19.534 [Forwarding isElementDisplayed on session 0cb16b85fd54d24cec88c6f1e9eb2ebd to remote] DEBUG org.asynchttpclient.netty.request.NettyRequestSender -- Using pooled Channel '[id: 0x1d483681, L:/127.0.0.1:51948 - R:localhost/127.0.0.1:18862]' for 'POST' to 'http://localhost:18862/session/0cb16b85fd54d24cec88c6f1e9eb2ebd/execute/sync'
18:46:19.534 [Forwarding isElementDisplayed on session 0cb16b85fd54d24cec88c6f1e9eb2ebd to remote] DEBUG org.asynchttpclient.netty.request.NettyRequestSender -- Using open Channel [id: 0x1d483681, L:/127.0.0.1:51948 - R:localhost/127.0.0.1:18862] for POST '/session/0cb16b85fd54d24cec88c6f1e9eb2ebd/execute/sync'
18:46:19.543 [AsyncHttpClient-1-2] DEBUG org.asynchttpclient.netty.handler.HttpHandler -- 

Request DefaultHttpRequest(decodeResult: success, version: HTTP/1.1)
POST /session/0cb16b85fd54d24cec88c6f1e9eb2ebd/execute/sync HTTP/1.1
User-Agent: selenium/4.9.0 (java windows)
Content-Length: 48846
Content-Type: application/json; charset=utf-8
host: localhost:18862
accept: */*

Response DefaultHttpResponse(decodeResult: success, version: HTTP/1.1)
HTTP/1.1 200 OK
Content-Length: 14
Content-Type: application/json; charset=utf-8
cache-control: no-cache

18:46:19.543 [AsyncHttpClient-1-2] DEBUG org.asynchttpclient.netty.channel.ChannelManager -- Adding key: http://localhost:18862 for channel [id: 0x1d483681, L:/127.0.0.1:51948 - R:localhost/127.0.0.1:18862]
18:46:19.642 [Forwarding getAlertText on session 0cb16b85fd54d24cec88c6f1e9eb2ebd to remote] DEBUG org.asynchttpclient.netty.request.NettyRequestSender -- Using pooled Channel '[id: 0x1d483681, L:/127.0.0.1:51948 - R:localhost/127.0.0.1:18862]' for 'GET' to 'http://localhost:18862/session/0cb16b85fd54d24cec88c6f1e9eb2ebd/alert/text'
18:46:19.642 [Forwarding getAlertText on session 0cb16b85fd54d24cec88c6f1e9eb2ebd to remote] DEBUG org.asynchttpclient.netty.request.NettyRequestSender -- Using open Channel [id: 0x1d483681, L:/127.0.0.1:51948 - R:localhost/127.0.0.1:18862] for GET '/session/0cb16b85fd54d24cec88c6f1e9eb2ebd/alert/text'
18:46:19.649 [AsyncHttpClient-1-2] DEBUG org.asynchttpclient.netty.handler.HttpHandler -- 

Request DefaultFullHttpRequest(decodeResult: success, version: HTTP/1.1, content: EmptyByteBufBE)
GET /session/0cb16b85fd54d24cec88c6f1e9eb2ebd/alert/text HTTP/1.1
User-Agent: selenium/4.9.0 (java windows)
Cache-Control: no-cache
Content-Type: application/json; charset=utf-8
host: localhost:18862
accept: */*

Response DefaultHttpResponse(decodeResult: success, version: HTTP/1.1)
HTTP/1.1 404 Not Found
Content-Length: 926
Content-Type: application/json; charset=utf-8
cache-control: no-cache

18:46:19.649 [AsyncHttpClient-1-2] DEBUG org.asynchttpclient.netty.channel.ChannelManager -- Adding key: http://localhost:18862 for channel [id: 0x1d483681, L:/127.0.0.1:51948 - R:localhost/127.0.0.1:18862]
18:46:19.649 [Forwarding getCurrentUrl on session 0cb16b85fd54d24cec88c6f1e9eb2ebd to remote] DEBUG org.asynchttpclient.netty.request.NettyRequestSender -- Using pooled Channel '[id: 0x1d483681, L:/127.0.0.1:51948 - R:localhost/127.0.0.1:18862]' for 'GET' to 'http://localhost:18862/session/0cb16b85fd54d24cec88c6f1e9eb2ebd/url'
18:46:19.649 [Forwarding getCurrentUrl on session 0cb16b85fd54d24cec88c6f1e9eb2ebd to remote] DEBUG org.asynchttpclient.netty.request.NettyRequestSender -- Using open Channel [id: 0x1d483681, L:/127.0.0.1:51948 - R:localhost/127.0.0.1:18862] for GET '/session/0cb16b85fd54d24cec88c6f1e9eb2ebd/url'
18:46:19.652 [AsyncHttpClient-1-2] DEBUG org.asynchttpclient.netty.handler.HttpHandler -- 

Request DefaultFullHttpRequest(decodeResult: success, version: HTTP/1.1, content: EmptyByteBufBE)
GET /session/0cb16b85fd54d24cec88c6f1e9eb2ebd/url HTTP/1.1
User-Agent: selenium/4.9.0 (java windows)
Cache-Control: no-cache
Content-Type: application/json; charset=utf-8
host: localhost:18862
accept: */*

Response DefaultHttpResponse(decodeResult: success, version: HTTP/1.1)
HTTP/1.1 200 OK
Content-Length: 47
Content-Type: application/json; charset=utf-8
cache-control: no-cache

18:46:19.652 [AsyncHttpClient-1-2] DEBUG org.asynchttpclient.netty.channel.ChannelManager -- Adding key: http://localhost:18862 for channel [id: 0x1d483681, L:/127.0.0.1:51948 - R:localhost/127.0.0.1:18862]
18:46:19.652 [Forwarding screenshot on session 0cb16b85fd54d24cec88c6f1e9eb2ebd to remote] DEBUG org.asynchttpclient.netty.request.NettyRequestSender -- Using pooled Channel '[id: 0x1d483681, L:/127.0.0.1:51948 - R:localhost/127.0.0.1:18862]' for 'GET' to 'http://localhost:18862/session/0cb16b85fd54d24cec88c6f1e9eb2ebd/screenshot'
18:46:19.652 [Forwarding screenshot on session 0cb16b85fd54d24cec88c6f1e9eb2ebd to remote] DEBUG org.asynchttpclient.netty.request.NettyRequestSender -- Using open Channel [id: 0x1d483681, L:/127.0.0.1:51948 - R:localhost/127.0.0.1:18862] for GET '/session/0cb16b85fd54d24cec88c6f1e9eb2ebd/screenshot'
18:46:19.665 [AsyncHttpClient-1-1] DEBUG org.asynchttpclient.netty.channel.DefaultChannelPool -- Entry count for : http://localhost:51952 : 1
18:46:19.806 [AsyncHttpClient-1-2] DEBUG org.asynchttpclient.netty.handler.HttpHandler -- 

Request DefaultFullHttpRequest(decodeResult: success, version: HTTP/1.1, content: EmptyByteBufBE)
GET /session/0cb16b85fd54d24cec88c6f1e9eb2ebd/screenshot HTTP/1.1
User-Agent: selenium/4.9.0 (java windows)
Cache-Control: no-cache
Content-Type: application/json; charset=utf-8
host: localhost:18862
accept: */*

Response DefaultHttpResponse(decodeResult: success, version: HTTP/1.1)
HTTP/1.1 200 OK
Content-Length: 267428
Content-Type: application/json; charset=utf-8
cache-control: no-cache

18:46:19.806 [AsyncHttpClient-1-2] DEBUG org.asynchttpclient.netty.channel.ChannelManager -- Adding key: http://localhost:18862 for channel [id: 0x1d483681, L:/127.0.0.1:51948 - R:localhost/127.0.0.1:18862]
18:46:19.813 [Test worker] DEBUG net.serenitybdd.core.photography.Darkroom -- Send negative for processing for C:\Users\kguer\IdeaProjects\retoDemoBlaze\target\site\serenity\dd901e11c9f9f274324fb08e41f3f33c0f1c5cd8534fdcb59cc833b665a188b9.png
18:46:19.824 [Forwarding getPageSource on session 0cb16b85fd54d24cec88c6f1e9eb2ebd to remote] DEBUG org.asynchttpclient.netty.request.NettyRequestSender -- Using pooled Channel '[id: 0x1d483681, L:/127.0.0.1:51948 - R:localhost/127.0.0.1:18862]' for 'POST' to 'http://localhost:18862/session/0cb16b85fd54d24cec88c6f1e9eb2ebd/execute/sync'
18:46:19.824 [Forwarding getPageSource on session 0cb16b85fd54d24cec88c6f1e9eb2ebd to remote] DEBUG org.asynchttpclient.netty.request.NettyRequestSender -- Using open Channel [id: 0x1d483681, L:/127.0.0.1:51948 - R:localhost/127.0.0.1:18862] for POST '/session/0cb16b85fd54d24cec88c6f1e9eb2ebd/execute/sync'
18:46:19.838 [AsyncHttpClient-1-2] DEBUG org.asynchttpclient.netty.handler.HttpHandler -- 

Request DefaultHttpRequest(decodeResult: success, version: HTTP/1.1)
POST /session/0cb16b85fd54d24cec88c6f1e9eb2ebd/execute/sync HTTP/1.1
User-Agent: selenium/4.9.0 (java windows)
Content-Length: 176
Content-Type: application/json; charset=utf-8
host: localhost:18862
accept: */*

Response DefaultHttpResponse(decodeResult: success, version: HTTP/1.1)
HTTP/1.1 200 OK
Content-Length: 57471
Content-Type: application/json; charset=utf-8
cache-control: no-cache

18:46:19.838 [AsyncHttpClient-1-2] DEBUG org.asynchttpclient.netty.channel.ChannelManager -- Adding key: http://localhost:18862 for channel [id: 0x1d483681, L:/127.0.0.1:51948 - R:localhost/127.0.0.1:18862]
18:46:19.853 [Forwarding getCurrentUrl on session 0cb16b85fd54d24cec88c6f1e9eb2ebd to remote] DEBUG org.asynchttpclient.netty.request.NettyRequestSender -- Using pooled Channel '[id: 0x1d483681, L:/127.0.0.1:51948 - R:localhost/127.0.0.1:18862]' for 'GET' to 'http://localhost:18862/session/0cb16b85fd54d24cec88c6f1e9eb2ebd/url'
18:46:19.853 [Forwarding getCurrentUrl on session 0cb16b85fd54d24cec88c6f1e9eb2ebd to remote] DEBUG org.asynchttpclient.netty.request.NettyRequestSender -- Using open Channel [id: 0x1d483681, L:/127.0.0.1:51948 - R:localhost/127.0.0.1:18862] for GET '/session/0cb16b85fd54d24cec88c6f1e9eb2ebd/url'
18:46:19.862 [AsyncHttpClient-1-2] DEBUG org.asynchttpclient.netty.handler.HttpHandler -- 

Request DefaultFullHttpRequest(decodeResult: success, version: HTTP/1.1, content: EmptyByteBufBE)
GET /session/0cb16b85fd54d24cec88c6f1e9eb2ebd/url HTTP/1.1
User-Agent: selenium/4.9.0 (java windows)
Cache-Control: no-cache
Content-Type: application/json; charset=utf-8
host: localhost:18862
accept: */*

Response DefaultHttpResponse(decodeResult: success, version: HTTP/1.1)
HTTP/1.1 200 OK
Content-Length: 47
Content-Type: application/json; charset=utf-8
cache-control: no-cache

18:46:19.862 [AsyncHttpClient-1-2] DEBUG org.asynchttpclient.netty.channel.ChannelManager -- Adding key: http://localhost:18862 for channel [id: 0x1d483681, L:/127.0.0.1:51948 - R:localhost/127.0.0.1:18862]
18:46:19.862 [Test worker] DEBUG net.thucydides.core.steps.StepInterceptor -- STARTING STEP: FillFormInteraction.performAs - {0} clicks on #target
18:46:19.862 [Test worker] DEBUG net.serenitybdd.screenplay.targets.IFrameSwitcher -- default content already selected for button to place order
18:46:19.933 [Forwarding findElement on session 0cb16b85fd54d24cec88c6f1e9eb2ebd to remote] DEBUG org.asynchttpclient.netty.request.NettyRequestSender -- Using pooled Channel '[id: 0x1d483681, L:/127.0.0.1:51948 - R:localhost/127.0.0.1:18862]' for 'POST' to 'http://localhost:18862/session/0cb16b85fd54d24cec88c6f1e9eb2ebd/element'
18:46:19.933 [Forwarding findElement on session 0cb16b85fd54d24cec88c6f1e9eb2ebd to remote] DEBUG org.asynchttpclient.netty.request.NettyRequestSender -- Using open Channel [id: 0x1d483681, L:/127.0.0.1:51948 - R:localhost/127.0.0.1:18862] for POST '/session/0cb16b85fd54d24cec88c6f1e9eb2ebd/element'
18:46:19.952 [AsyncHttpClient-1-2] DEBUG org.asynchttpclient.netty.handler.HttpHandler -- 

Request DefaultHttpRequest(decodeResult: success, version: HTTP/1.1)
POST /session/0cb16b85fd54d24cec88c6f1e9eb2ebd/element HTTP/1.1
User-Agent: selenium/4.9.0 (java windows)
Content-Length: 88
Content-Type: application/json; charset=utf-8
host: localhost:18862
accept: */*

Response DefaultHttpResponse(decodeResult: success, version: HTTP/1.1)
HTTP/1.1 200 OK
Content-Length: 127
Content-Type: application/json; charset=utf-8
cache-control: no-cache

18:46:19.952 [AsyncHttpClient-1-2] DEBUG org.asynchttpclient.netty.channel.ChannelManager -- Adding key: http://localhost:18862 for channel [id: 0x1d483681, L:/127.0.0.1:51948 - R:localhost/127.0.0.1:18862]
18:46:19.965 [Forwarding isElementDisplayed on session 0cb16b85fd54d24cec88c6f1e9eb2ebd to remote] DEBUG org.asynchttpclient.netty.request.NettyRequestSender -- Using pooled Channel '[id: 0x1d483681, L:/127.0.0.1:51948 - R:localhost/127.0.0.1:18862]' for 'POST' to 'http://localhost:18862/session/0cb16b85fd54d24cec88c6f1e9eb2ebd/execute/sync'
18:46:19.965 [Forwarding isElementDisplayed on session 0cb16b85fd54d24cec88c6f1e9eb2ebd to remote] DEBUG org.asynchttpclient.netty.request.NettyRequestSender -- Using open Channel [id: 0x1d483681, L:/127.0.0.1:51948 - R:localhost/127.0.0.1:18862] for POST '/session/0cb16b85fd54d24cec88c6f1e9eb2ebd/execute/sync'
18:46:19.988 [AsyncHttpClient-1-2] DEBUG org.asynchttpclient.netty.handler.HttpHandler -- 

Request DefaultHttpRequest(decodeResult: success, version: HTTP/1.1)
POST /session/0cb16b85fd54d24cec88c6f1e9eb2ebd/execute/sync HTTP/1.1
User-Agent: selenium/4.9.0 (java windows)
Content-Length: 48846
Content-Type: application/json; charset=utf-8
host: localhost:18862
accept: */*

Response DefaultHttpResponse(decodeResult: success, version: HTTP/1.1)
HTTP/1.1 200 OK
Content-Length: 14
Content-Type: application/json; charset=utf-8
cache-control: no-cache

18:46:19.988 [AsyncHttpClient-1-2] DEBUG org.asynchttpclient.netty.channel.ChannelManager -- Adding key: http://localhost:18862 for channel [id: 0x1d483681, L:/127.0.0.1:51948 - R:localhost/127.0.0.1:18862]
18:46:20.024 [Forwarding findElement on session 0cb16b85fd54d24cec88c6f1e9eb2ebd to remote] DEBUG org.asynchttpclient.netty.request.NettyRequestSender -- Using pooled Channel '[id: 0x1d483681, L:/127.0.0.1:51948 - R:localhost/127.0.0.1:18862]' for 'POST' to 'http://localhost:18862/session/0cb16b85fd54d24cec88c6f1e9eb2ebd/element'
18:46:20.024 [Forwarding findElement on session 0cb16b85fd54d24cec88c6f1e9eb2ebd to remote] DEBUG org.asynchttpclient.netty.request.NettyRequestSender -- Using open Channel [id: 0x1d483681, L:/127.0.0.1:51948 - R:localhost/127.0.0.1:18862] for POST '/session/0cb16b85fd54d24cec88c6f1e9eb2ebd/element'
18:46:20.032 [AsyncHttpClient-1-2] DEBUG org.asynchttpclient.netty.handler.HttpHandler -- 

Request DefaultHttpRequest(decodeResult: success, version: HTTP/1.1)
POST /session/0cb16b85fd54d24cec88c6f1e9eb2ebd/element HTTP/1.1
User-Agent: selenium/4.9.0 (java windows)
Content-Length: 88
Content-Type: application/json; charset=utf-8
host: localhost:18862
accept: */*

Response DefaultHttpResponse(decodeResult: success, version: HTTP/1.1)
HTTP/1.1 200 OK
Content-Length: 127
Content-Type: application/json; charset=utf-8
cache-control: no-cache

18:46:20.032 [AsyncHttpClient-1-2] DEBUG org.asynchttpclient.netty.channel.ChannelManager -- Adding key: http://localhost:18862 for channel [id: 0x1d483681, L:/127.0.0.1:51948 - R:localhost/127.0.0.1:18862]
18:46:20.032 [Forwarding clickElement on session 0cb16b85fd54d24cec88c6f1e9eb2ebd to remote] DEBUG org.asynchttpclient.netty.request.NettyRequestSender -- Using pooled Channel '[id: 0x1d483681, L:/127.0.0.1:51948 - R:localhost/127.0.0.1:18862]' for 'POST' to 'http://localhost:18862/session/0cb16b85fd54d24cec88c6f1e9eb2ebd/element/f.F3D8E0C449C07D1F7D6153FC9DF4AACD.d.24B9062BC7168E22645E2EB2A4299F69.e.220/click'
18:46:20.032 [Forwarding clickElement on session 0cb16b85fd54d24cec88c6f1e9eb2ebd to remote] DEBUG org.asynchttpclient.netty.request.NettyRequestSender -- Using open Channel [id: 0x1d483681, L:/127.0.0.1:51948 - R:localhost/127.0.0.1:18862] for POST '/session/0cb16b85fd54d24cec88c6f1e9eb2ebd/element/f.F3D8E0C449C07D1F7D6153FC9DF4AACD.d.24B9062BC7168E22645E2EB2A4299F69.e.220/click'
18:46:20.075 [AsyncHttpClient-1-2] DEBUG org.asynchttpclient.netty.handler.HttpHandler -- 

Request DefaultHttpRequest(decodeResult: success, version: HTTP/1.1)
POST /session/0cb16b85fd54d24cec88c6f1e9eb2ebd/element/f.F3D8E0C449C07D1F7D6153FC9DF4AACD.d.24B9062BC7168E22645E2EB2A4299F69.e.220/click HTTP/1.1
User-Agent: selenium/4.9.0 (java windows)
Content-Length: 89
Content-Type: application/json; charset=utf-8
host: localhost:18862
accept: */*

Response DefaultHttpResponse(decodeResult: success, version: HTTP/1.1)
HTTP/1.1 200 OK
Content-Length: 14
Content-Type: application/json; charset=utf-8
cache-control: no-cache

18:46:20.075 [AsyncHttpClient-1-2] DEBUG org.asynchttpclient.netty.channel.ChannelManager -- Adding key: http://localhost:18862 for channel [id: 0x1d483681, L:/127.0.0.1:51948 - R:localhost/127.0.0.1:18862]
18:46:20.125 [Forwarding getAlertText on session 0cb16b85fd54d24cec88c6f1e9eb2ebd to remote] DEBUG org.asynchttpclient.netty.request.NettyRequestSender -- Using pooled Channel '[id: 0x1d483681, L:/127.0.0.1:51948 - R:localhost/127.0.0.1:18862]' for 'GET' to 'http://localhost:18862/session/0cb16b85fd54d24cec88c6f1e9eb2ebd/alert/text'
18:46:20.125 [Forwarding getAlertText on session 0cb16b85fd54d24cec88c6f1e9eb2ebd to remote] DEBUG org.asynchttpclient.netty.request.NettyRequestSender -- Using open Channel [id: 0x1d483681, L:/127.0.0.1:51948 - R:localhost/127.0.0.1:18862] for GET '/session/0cb16b85fd54d24cec88c6f1e9eb2ebd/alert/text'
18:46:20.125 [AsyncHttpClient-1-2] DEBUG org.asynchttpclient.netty.handler.HttpHandler -- 

Request DefaultFullHttpRequest(decodeResult: success, version: HTTP/1.1, content: EmptyByteBufBE)
GET /session/0cb16b85fd54d24cec88c6f1e9eb2ebd/alert/text HTTP/1.1
User-Agent: selenium/4.9.0 (java windows)
Cache-Control: no-cache
Content-Type: application/json; charset=utf-8
host: localhost:18862
accept: */*

Response DefaultHttpResponse(decodeResult: success, version: HTTP/1.1)
HTTP/1.1 404 Not Found
Content-Length: 926
Content-Type: application/json; charset=utf-8
cache-control: no-cache

18:46:20.125 [AsyncHttpClient-1-2] DEBUG org.asynchttpclient.netty.channel.ChannelManager -- Adding key: http://localhost:18862 for channel [id: 0x1d483681, L:/127.0.0.1:51948 - R:localhost/127.0.0.1:18862]
18:46:20.132 [Forwarding getCurrentUrl on session 0cb16b85fd54d24cec88c6f1e9eb2ebd to remote] DEBUG org.asynchttpclient.netty.request.NettyRequestSender -- Using pooled Channel '[id: 0x1d483681, L:/127.0.0.1:51948 - R:localhost/127.0.0.1:18862]' for 'GET' to 'http://localhost:18862/session/0cb16b85fd54d24cec88c6f1e9eb2ebd/url'
18:46:20.132 [Forwarding getCurrentUrl on session 0cb16b85fd54d24cec88c6f1e9eb2ebd to remote] DEBUG org.asynchttpclient.netty.request.NettyRequestSender -- Using open Channel [id: 0x1d483681, L:/127.0.0.1:51948 - R:localhost/127.0.0.1:18862] for GET '/session/0cb16b85fd54d24cec88c6f1e9eb2ebd/url'
18:46:20.140 [AsyncHttpClient-1-2] DEBUG org.asynchttpclient.netty.handler.HttpHandler -- 

Request DefaultFullHttpRequest(decodeResult: success, version: HTTP/1.1, content: EmptyByteBufBE)
GET /session/0cb16b85fd54d24cec88c6f1e9eb2ebd/url HTTP/1.1
User-Agent: selenium/4.9.0 (java windows)
Cache-Control: no-cache
Content-Type: application/json; charset=utf-8
host: localhost:18862
accept: */*

Response DefaultHttpResponse(decodeResult: success, version: HTTP/1.1)
HTTP/1.1 200 OK
Content-Length: 47
Content-Type: application/json; charset=utf-8
cache-control: no-cache

18:46:20.140 [AsyncHttpClient-1-2] DEBUG org.asynchttpclient.netty.channel.ChannelManager -- Adding key: http://localhost:18862 for channel [id: 0x1d483681, L:/127.0.0.1:51948 - R:localhost/127.0.0.1:18862]
18:46:20.142 [Forwarding screenshot on session 0cb16b85fd54d24cec88c6f1e9eb2ebd to remote] DEBUG org.asynchttpclient.netty.request.NettyRequestSender -- Using pooled Channel '[id: 0x1d483681, L:/127.0.0.1:51948 - R:localhost/127.0.0.1:18862]' for 'GET' to 'http://localhost:18862/session/0cb16b85fd54d24cec88c6f1e9eb2ebd/screenshot'
18:46:20.142 [Forwarding screenshot on session 0cb16b85fd54d24cec88c6f1e9eb2ebd to remote] DEBUG org.asynchttpclient.netty.request.NettyRequestSender -- Using open Channel [id: 0x1d483681, L:/127.0.0.1:51948 - R:localhost/127.0.0.1:18862] for GET '/session/0cb16b85fd54d24cec88c6f1e9eb2ebd/screenshot'
18:46:20.317 [AsyncHttpClient-1-2] DEBUG org.asynchttpclient.netty.handler.HttpHandler -- 

Request DefaultFullHttpRequest(decodeResult: success, version: HTTP/1.1, content: EmptyByteBufBE)
GET /session/0cb16b85fd54d24cec88c6f1e9eb2ebd/screenshot HTTP/1.1
User-Agent: selenium/4.9.0 (java windows)
Cache-Control: no-cache
Content-Type: application/json; charset=utf-8
host: localhost:18862
accept: */*

Response DefaultHttpResponse(decodeResult: success, version: HTTP/1.1)
HTTP/1.1 200 OK
Content-Length: 221952
Content-Type: application/json; charset=utf-8
cache-control: no-cache

18:46:20.317 [AsyncHttpClient-1-2] DEBUG org.asynchttpclient.netty.channel.ChannelManager -- Adding key: http://localhost:18862 for channel [id: 0x1d483681, L:/127.0.0.1:51948 - R:localhost/127.0.0.1:18862]
18:46:20.325 [Test worker] DEBUG net.serenitybdd.core.photography.Darkroom -- Send negative for processing for C:\Users\kguer\IdeaProjects\retoDemoBlaze\target\site\serenity\9f91b79b65c9c847ebf90f8be742add8dfdb04ee35cbe3309273a970f9ed3de5.png
18:46:20.325 [Darkroom Processing Line] DEBUG net.serenitybdd.core.photography.DarkroomProcessingLine -- Processing screenshot image in /var/screenshots/screenshot-1419036084850387654
18:46:20.325 [Darkroom Processing Line] DEBUG net.serenitybdd.core.photography.DarkroomProcessingLine -- Saving screenshot to C:\Users\kguer\IdeaProjects\retoDemoBlaze\target\site\serenity\9f91b79b65c9c847ebf90f8be742add8dfdb04ee35cbe3309273a970f9ed3de5.png
18:46:20.352 [Forwarding getPageSource on session 0cb16b85fd54d24cec88c6f1e9eb2ebd to remote] DEBUG org.asynchttpclient.netty.request.NettyRequestSender -- Using pooled Channel '[id: 0x1d483681, L:/127.0.0.1:51948 - R:localhost/127.0.0.1:18862]' for 'POST' to 'http://localhost:18862/session/0cb16b85fd54d24cec88c6f1e9eb2ebd/execute/sync'
18:46:20.352 [Forwarding getPageSource on session 0cb16b85fd54d24cec88c6f1e9eb2ebd to remote] DEBUG org.asynchttpclient.netty.request.NettyRequestSender -- Using open Channel [id: 0x1d483681, L:/127.0.0.1:51948 - R:localhost/127.0.0.1:18862] for POST '/session/0cb16b85fd54d24cec88c6f1e9eb2ebd/execute/sync'
18:46:20.364 [AsyncHttpClient-1-2] DEBUG org.asynchttpclient.netty.handler.HttpHandler -- 

Request DefaultHttpRequest(decodeResult: success, version: HTTP/1.1)
POST /session/0cb16b85fd54d24cec88c6f1e9eb2ebd/execute/sync HTTP/1.1
User-Agent: selenium/4.9.0 (java windows)
Content-Length: 176
Content-Type: application/json; charset=utf-8
host: localhost:18862
accept: */*

Response DefaultHttpResponse(decodeResult: success, version: HTTP/1.1)
HTTP/1.1 200 OK
Content-Length: 57589
Content-Type: application/json; charset=utf-8
cache-control: no-cache

18:46:20.364 [AsyncHttpClient-1-2] DEBUG org.asynchttpclient.netty.channel.ChannelManager -- Adding key: http://localhost:18862 for channel [id: 0x1d483681, L:/127.0.0.1:51948 - R:localhost/127.0.0.1:18862]
18:46:20.375 [Forwarding getCurrentUrl on session 0cb16b85fd54d24cec88c6f1e9eb2ebd to remote] DEBUG org.asynchttpclient.netty.request.NettyRequestSender -- Using pooled Channel '[id: 0x1d483681, L:/127.0.0.1:51948 - R:localhost/127.0.0.1:18862]' for 'GET' to 'http://localhost:18862/session/0cb16b85fd54d24cec88c6f1e9eb2ebd/url'
18:46:20.375 [Forwarding getCurrentUrl on session 0cb16b85fd54d24cec88c6f1e9eb2ebd to remote] DEBUG org.asynchttpclient.netty.request.NettyRequestSender -- Using open Channel [id: 0x1d483681, L:/127.0.0.1:51948 - R:localhost/127.0.0.1:18862] for GET '/session/0cb16b85fd54d24cec88c6f1e9eb2ebd/url'
18:46:20.382 [AsyncHttpClient-1-2] DEBUG org.asynchttpclient.netty.handler.HttpHandler -- 

Request DefaultFullHttpRequest(decodeResult: success, version: HTTP/1.1, content: EmptyByteBufBE)
GET /session/0cb16b85fd54d24cec88c6f1e9eb2ebd/url HTTP/1.1
User-Agent: selenium/4.9.0 (java windows)
Cache-Control: no-cache
Content-Type: application/json; charset=utf-8
host: localhost:18862
accept: */*

Response DefaultHttpResponse(decodeResult: success, version: HTTP/1.1)
HTTP/1.1 200 OK
Content-Length: 47
Content-Type: application/json; charset=utf-8
cache-control: no-cache

18:46:20.382 [AsyncHttpClient-1-2] DEBUG org.asynchttpclient.netty.channel.ChannelManager -- Adding key: http://localhost:18862 for channel [id: 0x1d483681, L:/127.0.0.1:51948 - R:localhost/127.0.0.1:18862]
18:46:20.432 [Forwarding getAlertText on session 0cb16b85fd54d24cec88c6f1e9eb2ebd to remote] DEBUG org.asynchttpclient.netty.request.NettyRequestSender -- Using pooled Channel '[id: 0x1d483681, L:/127.0.0.1:51948 - R:localhost/127.0.0.1:18862]' for 'GET' to 'http://localhost:18862/session/0cb16b85fd54d24cec88c6f1e9eb2ebd/alert/text'
18:46:20.432 [Forwarding getAlertText on session 0cb16b85fd54d24cec88c6f1e9eb2ebd to remote] DEBUG org.asynchttpclient.netty.request.NettyRequestSender -- Using open Channel [id: 0x1d483681, L:/127.0.0.1:51948 - R:localhost/127.0.0.1:18862] for GET '/session/0cb16b85fd54d24cec88c6f1e9eb2ebd/alert/text'
18:46:20.432 [AsyncHttpClient-1-2] DEBUG org.asynchttpclient.netty.handler.HttpHandler -- 

Request DefaultFullHttpRequest(decodeResult: success, version: HTTP/1.1, content: EmptyByteBufBE)
GET /session/0cb16b85fd54d24cec88c6f1e9eb2ebd/alert/text HTTP/1.1
User-Agent: selenium/4.9.0 (java windows)
Cache-Control: no-cache
Content-Type: application/json; charset=utf-8
host: localhost:18862
accept: */*

Response DefaultHttpResponse(decodeResult: success, version: HTTP/1.1)
HTTP/1.1 404 Not Found
Content-Length: 926
Content-Type: application/json; charset=utf-8
cache-control: no-cache

18:46:20.442 [AsyncHttpClient-1-2] DEBUG org.asynchttpclient.netty.channel.ChannelManager -- Adding key: http://localhost:18862 for channel [id: 0x1d483681, L:/127.0.0.1:51948 - R:localhost/127.0.0.1:18862]
18:46:20.442 [Forwarding getCurrentUrl on session 0cb16b85fd54d24cec88c6f1e9eb2ebd to remote] DEBUG org.asynchttpclient.netty.request.NettyRequestSender -- Using pooled Channel '[id: 0x1d483681, L:/127.0.0.1:51948 - R:localhost/127.0.0.1:18862]' for 'GET' to 'http://localhost:18862/session/0cb16b85fd54d24cec88c6f1e9eb2ebd/url'
18:46:20.442 [Forwarding getCurrentUrl on session 0cb16b85fd54d24cec88c6f1e9eb2ebd to remote] DEBUG org.asynchttpclient.netty.request.NettyRequestSender -- Using open Channel [id: 0x1d483681, L:/127.0.0.1:51948 - R:localhost/127.0.0.1:18862] for GET '/session/0cb16b85fd54d24cec88c6f1e9eb2ebd/url'
18:46:20.442 [AsyncHttpClient-1-2] DEBUG org.asynchttpclient.netty.handler.HttpHandler -- 

Request DefaultFullHttpRequest(decodeResult: success, version: HTTP/1.1, content: EmptyByteBufBE)
GET /session/0cb16b85fd54d24cec88c6f1e9eb2ebd/url HTTP/1.1
User-Agent: selenium/4.9.0 (java windows)
Cache-Control: no-cache
Content-Type: application/json; charset=utf-8
host: localhost:18862
accept: */*

Response DefaultHttpResponse(decodeResult: success, version: HTTP/1.1)
HTTP/1.1 200 OK
Content-Length: 47
Content-Type: application/json; charset=utf-8
cache-control: no-cache

18:46:20.442 [AsyncHttpClient-1-2] DEBUG org.asynchttpclient.netty.channel.ChannelManager -- Adding key: http://localhost:18862 for channel [id: 0x1d483681, L:/127.0.0.1:51948 - R:localhost/127.0.0.1:18862]
18:46:20.442 [Forwarding screenshot on session 0cb16b85fd54d24cec88c6f1e9eb2ebd to remote] DEBUG org.asynchttpclient.netty.request.NettyRequestSender -- Using pooled Channel '[id: 0x1d483681, L:/127.0.0.1:51948 - R:localhost/127.0.0.1:18862]' for 'GET' to 'http://localhost:18862/session/0cb16b85fd54d24cec88c6f1e9eb2ebd/screenshot'
18:46:20.442 [Forwarding screenshot on session 0cb16b85fd54d24cec88c6f1e9eb2ebd to remote] DEBUG org.asynchttpclient.netty.request.NettyRequestSender -- Using open Channel [id: 0x1d483681, L:/127.0.0.1:51948 - R:localhost/127.0.0.1:18862] for GET '/session/0cb16b85fd54d24cec88c6f1e9eb2ebd/screenshot'
18:46:20.575 [AsyncHttpClient-1-2] DEBUG org.asynchttpclient.netty.handler.HttpHandler -- 

Request DefaultFullHttpRequest(decodeResult: success, version: HTTP/1.1, content: EmptyByteBufBE)
GET /session/0cb16b85fd54d24cec88c6f1e9eb2ebd/screenshot HTTP/1.1
User-Agent: selenium/4.9.0 (java windows)
Cache-Control: no-cache
Content-Type: application/json; charset=utf-8
host: localhost:18862
accept: */*

Response DefaultHttpResponse(decodeResult: success, version: HTTP/1.1)
HTTP/1.1 200 OK
Content-Length: 161716
Content-Type: application/json; charset=utf-8
cache-control: no-cache

18:46:20.582 [AsyncHttpClient-1-2] DEBUG org.asynchttpclient.netty.channel.ChannelManager -- Adding key: http://localhost:18862 for channel [id: 0x1d483681, L:/127.0.0.1:51948 - R:localhost/127.0.0.1:18862]
18:46:20.590 [Test worker] DEBUG net.serenitybdd.core.photography.Darkroom -- Send negative for processing for C:\Users\kguer\IdeaProjects\retoDemoBlaze\target\site\serenity\1e2e34660d60931e935e8f5eb0e753faeabf6564f5f6b9c071945114838263b1.png
18:46:20.591 [Test worker] DEBUG net.thucydides.core.steps.StepInterceptor -- STEP DONE: {0} clicks on #target
18:46:20.592 [Darkroom Processing Line] DEBUG net.serenitybdd.core.photography.DarkroomProcessingLine -- Processing screenshot image in /var/screenshots/screenshot-796636031734537846
18:46:20.592 [Darkroom Processing Line] DEBUG net.serenitybdd.core.photography.DarkroomProcessingLine -- Saving screenshot to C:\Users\kguer\IdeaProjects\retoDemoBlaze\target\site\serenity\1e2e34660d60931e935e8f5eb0e753faeabf6564f5f6b9c071945114838263b1.png
18:46:20.632 [Forwarding getPageSource on session 0cb16b85fd54d24cec88c6f1e9eb2ebd to remote] DEBUG org.asynchttpclient.netty.request.NettyRequestSender -- Using pooled Channel '[id: 0x1d483681, L:/127.0.0.1:51948 - R:localhost/127.0.0.1:18862]' for 'POST' to 'http://localhost:18862/session/0cb16b85fd54d24cec88c6f1e9eb2ebd/execute/sync'
18:46:20.632 [Forwarding getPageSource on session 0cb16b85fd54d24cec88c6f1e9eb2ebd to remote] DEBUG org.asynchttpclient.netty.request.NettyRequestSender -- Using open Channel [id: 0x1d483681, L:/127.0.0.1:51948 - R:localhost/127.0.0.1:18862] for POST '/session/0cb16b85fd54d24cec88c6f1e9eb2ebd/execute/sync'
18:46:20.652 [AsyncHttpClient-1-2] DEBUG org.asynchttpclient.netty.handler.HttpHandler -- 

Request DefaultHttpRequest(decodeResult: success, version: HTTP/1.1)
POST /session/0cb16b85fd54d24cec88c6f1e9eb2ebd/execute/sync HTTP/1.1
User-Agent: selenium/4.9.0 (java windows)
Content-Length: 176
Content-Type: application/json; charset=utf-8
host: localhost:18862
accept: */*

Response DefaultHttpResponse(decodeResult: success, version: HTTP/1.1)
HTTP/1.1 200 OK
Content-Length: 57589
Content-Type: application/json; charset=utf-8
cache-control: no-cache

18:46:20.652 [AsyncHttpClient-1-2] DEBUG org.asynchttpclient.netty.channel.ChannelManager -- Adding key: http://localhost:18862 for channel [id: 0x1d483681, L:/127.0.0.1:51948 - R:localhost/127.0.0.1:18862]
18:46:20.663 [Forwarding getCurrentUrl on session 0cb16b85fd54d24cec88c6f1e9eb2ebd to remote] DEBUG org.asynchttpclient.netty.request.NettyRequestSender -- Using pooled Channel '[id: 0x1d483681, L:/127.0.0.1:51948 - R:localhost/127.0.0.1:18862]' for 'GET' to 'http://localhost:18862/session/0cb16b85fd54d24cec88c6f1e9eb2ebd/url'
18:46:20.663 [Forwarding getCurrentUrl on session 0cb16b85fd54d24cec88c6f1e9eb2ebd to remote] DEBUG org.asynchttpclient.netty.request.NettyRequestSender -- Using open Channel [id: 0x1d483681, L:/127.0.0.1:51948 - R:localhost/127.0.0.1:18862] for GET '/session/0cb16b85fd54d24cec88c6f1e9eb2ebd/url'
18:46:20.667 [AsyncHttpClient-1-2] DEBUG org.asynchttpclient.netty.handler.HttpHandler -- 

Request DefaultFullHttpRequest(decodeResult: success, version: HTTP/1.1, content: EmptyByteBufBE)
GET /session/0cb16b85fd54d24cec88c6f1e9eb2ebd/url HTTP/1.1
User-Agent: selenium/4.9.0 (java windows)
Cache-Control: no-cache
Content-Type: application/json; charset=utf-8
host: localhost:18862
accept: */*

Response DefaultHttpResponse(decodeResult: success, version: HTTP/1.1)
HTTP/1.1 200 OK
Content-Length: 47
Content-Type: application/json; charset=utf-8
cache-control: no-cache

18:46:20.667 [AsyncHttpClient-1-2] DEBUG org.asynchttpclient.netty.channel.ChannelManager -- Adding key: http://localhost:18862 for channel [id: 0x1d483681, L:/127.0.0.1:51948 - R:localhost/127.0.0.1:18862]
18:46:20.675 [Test worker] DEBUG net.thucydides.core.steps.StepInterceptor -- STARTING STEP: FillFormInteraction.performAs - {0} enters #theTextAsAString into #target
18:46:20.692 [Test worker] DEBUG net.serenitybdd.screenplay.targets.IFrameSwitcher -- default content already selected for input name in the form
18:46:20.733 [Forwarding findElement on session 0cb16b85fd54d24cec88c6f1e9eb2ebd to remote] DEBUG org.asynchttpclient.netty.request.NettyRequestSender -- Using pooled Channel '[id: 0x1d483681, L:/127.0.0.1:51948 - R:localhost/127.0.0.1:18862]' for 'POST' to 'http://localhost:18862/session/0cb16b85fd54d24cec88c6f1e9eb2ebd/element'
18:46:20.733 [Forwarding findElement on session 0cb16b85fd54d24cec88c6f1e9eb2ebd to remote] DEBUG org.asynchttpclient.netty.request.NettyRequestSender -- Using open Channel [id: 0x1d483681, L:/127.0.0.1:51948 - R:localhost/127.0.0.1:18862] for POST '/session/0cb16b85fd54d24cec88c6f1e9eb2ebd/element'
18:46:20.742 [AsyncHttpClient-1-2] DEBUG org.asynchttpclient.netty.handler.HttpHandler -- 

Request DefaultHttpRequest(decodeResult: success, version: HTTP/1.1)
POST /session/0cb16b85fd54d24cec88c6f1e9eb2ebd/element HTTP/1.1
User-Agent: selenium/4.9.0 (java windows)
Content-Length: 66
Content-Type: application/json; charset=utf-8
host: localhost:18862
accept: */*

Response DefaultHttpResponse(decodeResult: success, version: HTTP/1.1)
HTTP/1.1 200 OK
Content-Length: 127
Content-Type: application/json; charset=utf-8
cache-control: no-cache

18:46:20.742 [AsyncHttpClient-1-2] DEBUG org.asynchttpclient.netty.channel.ChannelManager -- Adding key: http://localhost:18862 for channel [id: 0x1d483681, L:/127.0.0.1:51948 - R:localhost/127.0.0.1:18862]
18:46:20.757 [AsyncHttpClient-1-1] DEBUG org.asynchttpclient.netty.channel.DefaultChannelPool -- Entry count for : http://localhost:51952 : 1
18:46:20.757 [AsyncHttpClient-1-1] DEBUG org.asynchttpclient.netty.channel.DefaultChannelPool -- Entry count for : http://localhost:18862 : 1
18:46:20.758 [Forwarding sendKeysToElement on session 0cb16b85fd54d24cec88c6f1e9eb2ebd to remote] DEBUG org.asynchttpclient.netty.request.NettyRequestSender -- Using pooled Channel '[id: 0x1d483681, L:/127.0.0.1:51948 - R:localhost/127.0.0.1:18862]' for 'POST' to 'http://localhost:18862/session/0cb16b85fd54d24cec88c6f1e9eb2ebd/element/f.F3D8E0C449C07D1F7D6153FC9DF4AACD.d.24B9062BC7168E22645E2EB2A4299F69.e.199/value'
18:46:20.758 [Forwarding sendKeysToElement on session 0cb16b85fd54d24cec88c6f1e9eb2ebd to remote] DEBUG org.asynchttpclient.netty.request.NettyRequestSender -- Using open Channel [id: 0x1d483681, L:/127.0.0.1:51948 - R:localhost/127.0.0.1:18862] for POST '/session/0cb16b85fd54d24cec88c6f1e9eb2ebd/element/f.F3D8E0C449C07D1F7D6153FC9DF4AACD.d.24B9062BC7168E22645E2EB2A4299F69.e.199/value'
18:46:20.908 [AsyncHttpClient-1-2] DEBUG org.asynchttpclient.netty.handler.HttpHandler -- 

Request DefaultHttpRequest(decodeResult: success, version: HTTP/1.1)
POST /session/0cb16b85fd54d24cec88c6f1e9eb2ebd/element/f.F3D8E0C449C07D1F7D6153FC9DF4AACD.d.24B9062BC7168E22645E2EB2A4299F69.e.199/value HTTP/1.1
User-Agent: selenium/4.9.0 (java windows)
Content-Length: 330
Content-Type: application/json; charset=utf-8
host: localhost:18862
accept: */*

Response DefaultHttpResponse(decodeResult: success, version: HTTP/1.1)
HTTP/1.1 200 OK
Content-Length: 14
Content-Type: application/json; charset=utf-8
cache-control: no-cache

18:46:20.908 [AsyncHttpClient-1-2] DEBUG org.asynchttpclient.netty.channel.ChannelManager -- Adding key: http://localhost:18862 for channel [id: 0x1d483681, L:/127.0.0.1:51948 - R:localhost/127.0.0.1:18862]
18:46:20.976 [Forwarding getAlertText on session 0cb16b85fd54d24cec88c6f1e9eb2ebd to remote] DEBUG org.asynchttpclient.netty.request.NettyRequestSender -- Using pooled Channel '[id: 0x1d483681, L:/127.0.0.1:51948 - R:localhost/127.0.0.1:18862]' for 'GET' to 'http://localhost:18862/session/0cb16b85fd54d24cec88c6f1e9eb2ebd/alert/text'
18:46:20.976 [Forwarding getAlertText on session 0cb16b85fd54d24cec88c6f1e9eb2ebd to remote] DEBUG org.asynchttpclient.netty.request.NettyRequestSender -- Using open Channel [id: 0x1d483681, L:/127.0.0.1:51948 - R:localhost/127.0.0.1:18862] for GET '/session/0cb16b85fd54d24cec88c6f1e9eb2ebd/alert/text'
18:46:20.976 [AsyncHttpClient-1-2] DEBUG org.asynchttpclient.netty.handler.HttpHandler -- 

Request DefaultFullHttpRequest(decodeResult: success, version: HTTP/1.1, content: EmptyByteBufBE)
GET /session/0cb16b85fd54d24cec88c6f1e9eb2ebd/alert/text HTTP/1.1
User-Agent: selenium/4.9.0 (java windows)
Cache-Control: no-cache
Content-Type: application/json; charset=utf-8
host: localhost:18862
accept: */*

Response DefaultHttpResponse(decodeResult: success, version: HTTP/1.1)
HTTP/1.1 404 Not Found
Content-Length: 926
Content-Type: application/json; charset=utf-8
cache-control: no-cache

18:46:20.976 [AsyncHttpClient-1-2] DEBUG org.asynchttpclient.netty.channel.ChannelManager -- Adding key: http://localhost:18862 for channel [id: 0x1d483681, L:/127.0.0.1:51948 - R:localhost/127.0.0.1:18862]
18:46:20.982 [Forwarding getCurrentUrl on session 0cb16b85fd54d24cec88c6f1e9eb2ebd to remote] DEBUG org.asynchttpclient.netty.request.NettyRequestSender -- Using pooled Channel '[id: 0x1d483681, L:/127.0.0.1:51948 - R:localhost/127.0.0.1:18862]' for 'GET' to 'http://localhost:18862/session/0cb16b85fd54d24cec88c6f1e9eb2ebd/url'
18:46:20.982 [Forwarding getCurrentUrl on session 0cb16b85fd54d24cec88c6f1e9eb2ebd to remote] DEBUG org.asynchttpclient.netty.request.NettyRequestSender -- Using open Channel [id: 0x1d483681, L:/127.0.0.1:51948 - R:localhost/127.0.0.1:18862] for GET '/session/0cb16b85fd54d24cec88c6f1e9eb2ebd/url'
18:46:20.992 [AsyncHttpClient-1-2] DEBUG org.asynchttpclient.netty.handler.HttpHandler -- 

Request DefaultFullHttpRequest(decodeResult: success, version: HTTP/1.1, content: EmptyByteBufBE)
GET /session/0cb16b85fd54d24cec88c6f1e9eb2ebd/url HTTP/1.1
User-Agent: selenium/4.9.0 (java windows)
Cache-Control: no-cache
Content-Type: application/json; charset=utf-8
host: localhost:18862
accept: */*

Response DefaultHttpResponse(decodeResult: success, version: HTTP/1.1)
HTTP/1.1 200 OK
Content-Length: 47
Content-Type: application/json; charset=utf-8
cache-control: no-cache

18:46:20.992 [AsyncHttpClient-1-2] DEBUG org.asynchttpclient.netty.channel.ChannelManager -- Adding key: http://localhost:18862 for channel [id: 0x1d483681, L:/127.0.0.1:51948 - R:localhost/127.0.0.1:18862]
18:46:20.992 [Forwarding screenshot on session 0cb16b85fd54d24cec88c6f1e9eb2ebd to remote] DEBUG org.asynchttpclient.netty.request.NettyRequestSender -- Using pooled Channel '[id: 0x1d483681, L:/127.0.0.1:51948 - R:localhost/127.0.0.1:18862]' for 'GET' to 'http://localhost:18862/session/0cb16b85fd54d24cec88c6f1e9eb2ebd/screenshot'
18:46:20.992 [Forwarding screenshot on session 0cb16b85fd54d24cec88c6f1e9eb2ebd to remote] DEBUG org.asynchttpclient.netty.request.NettyRequestSender -- Using open Channel [id: 0x1d483681, L:/127.0.0.1:51948 - R:localhost/127.0.0.1:18862] for GET '/session/0cb16b85fd54d24cec88c6f1e9eb2ebd/screenshot'
18:46:21.112 [AsyncHttpClient-1-2] DEBUG org.asynchttpclient.netty.handler.HttpHandler -- 

Request DefaultFullHttpRequest(decodeResult: success, version: HTTP/1.1, content: EmptyByteBufBE)
GET /session/0cb16b85fd54d24cec88c6f1e9eb2ebd/screenshot HTTP/1.1
User-Agent: selenium/4.9.0 (java windows)
Cache-Control: no-cache
Content-Type: application/json; charset=utf-8
host: localhost:18862
accept: */*

Response DefaultHttpResponse(decodeResult: success, version: HTTP/1.1)
HTTP/1.1 200 OK
Content-Length: 164132
Content-Type: application/json; charset=utf-8
cache-control: no-cache

18:46:21.112 [AsyncHttpClient-1-2] DEBUG org.asynchttpclient.netty.channel.ChannelManager -- Adding key: http://localhost:18862 for channel [id: 0x1d483681, L:/127.0.0.1:51948 - R:localhost/127.0.0.1:18862]
18:46:21.126 [Test worker] DEBUG net.serenitybdd.core.photography.Darkroom -- Send negative for processing for C:\Users\kguer\IdeaProjects\retoDemoBlaze\target\site\serenity\ba55f7874b54af9e56eaab6d0d2412c07294cffb002759425f4bb80b30c526fa.png
18:46:21.126 [Test worker] DEBUG net.thucydides.core.steps.StepInterceptor -- STEP DONE: {0} enters #theTextAsAString into #target
18:46:21.178 [Forwarding getPageSource on session 0cb16b85fd54d24cec88c6f1e9eb2ebd to remote] DEBUG org.asynchttpclient.netty.request.NettyRequestSender -- Using pooled Channel '[id: 0x1d483681, L:/127.0.0.1:51948 - R:localhost/127.0.0.1:18862]' for 'POST' to 'http://localhost:18862/session/0cb16b85fd54d24cec88c6f1e9eb2ebd/execute/sync'
18:46:21.178 [Forwarding getPageSource on session 0cb16b85fd54d24cec88c6f1e9eb2ebd to remote] DEBUG org.asynchttpclient.netty.request.NettyRequestSender -- Using open Channel [id: 0x1d483681, L:/127.0.0.1:51948 - R:localhost/127.0.0.1:18862] for POST '/session/0cb16b85fd54d24cec88c6f1e9eb2ebd/execute/sync'
18:46:21.187 [AsyncHttpClient-1-2] DEBUG org.asynchttpclient.netty.handler.HttpHandler -- 

Request DefaultHttpRequest(decodeResult: success, version: HTTP/1.1)
POST /session/0cb16b85fd54d24cec88c6f1e9eb2ebd/execute/sync HTTP/1.1
User-Agent: selenium/4.9.0 (java windows)
Content-Length: 176
Content-Type: application/json; charset=utf-8
host: localhost:18862
accept: */*

Response DefaultHttpResponse(decodeResult: success, version: HTTP/1.1)
HTTP/1.1 200 OK
Content-Length: 57589
Content-Type: application/json; charset=utf-8
cache-control: no-cache

18:46:21.187 [AsyncHttpClient-1-2] DEBUG org.asynchttpclient.netty.channel.ChannelManager -- Adding key: http://localhost:18862 for channel [id: 0x1d483681, L:/127.0.0.1:51948 - R:localhost/127.0.0.1:18862]
18:46:21.193 [Forwarding getCurrentUrl on session 0cb16b85fd54d24cec88c6f1e9eb2ebd to remote] DEBUG org.asynchttpclient.netty.request.NettyRequestSender -- Using pooled Channel '[id: 0x1d483681, L:/127.0.0.1:51948 - R:localhost/127.0.0.1:18862]' for 'GET' to 'http://localhost:18862/session/0cb16b85fd54d24cec88c6f1e9eb2ebd/url'
18:46:21.193 [Forwarding getCurrentUrl on session 0cb16b85fd54d24cec88c6f1e9eb2ebd to remote] DEBUG org.asynchttpclient.netty.request.NettyRequestSender -- Using open Channel [id: 0x1d483681, L:/127.0.0.1:51948 - R:localhost/127.0.0.1:18862] for GET '/session/0cb16b85fd54d24cec88c6f1e9eb2ebd/url'
18:46:21.204 [AsyncHttpClient-1-2] DEBUG org.asynchttpclient.netty.handler.HttpHandler -- 

Request DefaultFullHttpRequest(decodeResult: success, version: HTTP/1.1, content: EmptyByteBufBE)
GET /session/0cb16b85fd54d24cec88c6f1e9eb2ebd/url HTTP/1.1
User-Agent: selenium/4.9.0 (java windows)
Cache-Control: no-cache
Content-Type: application/json; charset=utf-8
host: localhost:18862
accept: */*

Response DefaultHttpResponse(decodeResult: success, version: HTTP/1.1)
HTTP/1.1 200 OK
Content-Length: 47
Content-Type: application/json; charset=utf-8
cache-control: no-cache

18:46:21.204 [AsyncHttpClient-1-2] DEBUG org.asynchttpclient.netty.channel.ChannelManager -- Adding key: http://localhost:18862 for channel [id: 0x1d483681, L:/127.0.0.1:51948 - R:localhost/127.0.0.1:18862]
18:46:21.204 [Test worker] DEBUG net.thucydides.core.steps.StepInterceptor -- STARTING STEP: FillFormInteraction.performAs - {0} enters #theTextAsAString into #target
18:46:21.222 [Test worker] DEBUG net.serenitybdd.screenplay.targets.IFrameSwitcher -- default content already selected for input country in the form
18:46:21.253 [Forwarding findElement on session 0cb16b85fd54d24cec88c6f1e9eb2ebd to remote] DEBUG org.asynchttpclient.netty.request.NettyRequestSender -- Using pooled Channel '[id: 0x1d483681, L:/127.0.0.1:51948 - R:localhost/127.0.0.1:18862]' for 'POST' to 'http://localhost:18862/session/0cb16b85fd54d24cec88c6f1e9eb2ebd/element'
18:46:21.253 [Forwarding findElement on session 0cb16b85fd54d24cec88c6f1e9eb2ebd to remote] DEBUG org.asynchttpclient.netty.request.NettyRequestSender -- Using open Channel [id: 0x1d483681, L:/127.0.0.1:51948 - R:localhost/127.0.0.1:18862] for POST '/session/0cb16b85fd54d24cec88c6f1e9eb2ebd/element'
18:46:21.273 [AsyncHttpClient-1-2] DEBUG org.asynchttpclient.netty.handler.HttpHandler -- 

Request DefaultHttpRequest(decodeResult: success, version: HTTP/1.1)
POST /session/0cb16b85fd54d24cec88c6f1e9eb2ebd/element HTTP/1.1
User-Agent: selenium/4.9.0 (java windows)
Content-Length: 52
Content-Type: application/json; charset=utf-8
host: localhost:18862
accept: */*

Response DefaultHttpResponse(decodeResult: success, version: HTTP/1.1)
HTTP/1.1 200 OK
Content-Length: 127
Content-Type: application/json; charset=utf-8
cache-control: no-cache

18:46:21.273 [AsyncHttpClient-1-2] DEBUG org.asynchttpclient.netty.channel.ChannelManager -- Adding key: http://localhost:18862 for channel [id: 0x1d483681, L:/127.0.0.1:51948 - R:localhost/127.0.0.1:18862]
18:46:21.273 [Forwarding sendKeysToElement on session 0cb16b85fd54d24cec88c6f1e9eb2ebd to remote] DEBUG org.asynchttpclient.netty.request.NettyRequestSender -- Using pooled Channel '[id: 0x1d483681, L:/127.0.0.1:51948 - R:localhost/127.0.0.1:18862]' for 'POST' to 'http://localhost:18862/session/0cb16b85fd54d24cec88c6f1e9eb2ebd/element/f.F3D8E0C449C07D1F7D6153FC9DF4AACD.d.24B9062BC7168E22645E2EB2A4299F69.e.200/value'
18:46:21.273 [Forwarding sendKeysToElement on session 0cb16b85fd54d24cec88c6f1e9eb2ebd to remote] DEBUG org.asynchttpclient.netty.request.NettyRequestSender -- Using open Channel [id: 0x1d483681, L:/127.0.0.1:51948 - R:localhost/127.0.0.1:18862] for POST '/session/0cb16b85fd54d24cec88c6f1e9eb2ebd/element/f.F3D8E0C449C07D1F7D6153FC9DF4AACD.d.24B9062BC7168E22645E2EB2A4299F69.e.200/value'
18:46:21.375 [AsyncHttpClient-1-2] DEBUG org.asynchttpclient.netty.handler.HttpHandler -- 

Request DefaultHttpRequest(decodeResult: success, version: HTTP/1.1)
POST /session/0cb16b85fd54d24cec88c6f1e9eb2ebd/element/f.F3D8E0C449C07D1F7D6153FC9DF4AACD.d.24B9062BC7168E22645E2EB2A4299F69.e.200/value HTTP/1.1
User-Agent: selenium/4.9.0 (java windows)
Content-Length: 200
Content-Type: application/json; charset=utf-8
host: localhost:18862
accept: */*

Response DefaultHttpResponse(decodeResult: success, version: HTTP/1.1)
HTTP/1.1 200 OK
Content-Length: 14
Content-Type: application/json; charset=utf-8
cache-control: no-cache

18:46:21.375 [AsyncHttpClient-1-2] DEBUG org.asynchttpclient.netty.channel.ChannelManager -- Adding key: http://localhost:18862 for channel [id: 0x1d483681, L:/127.0.0.1:51948 - R:localhost/127.0.0.1:18862]
18:46:21.413 [Forwarding getAlertText on session 0cb16b85fd54d24cec88c6f1e9eb2ebd to remote] DEBUG org.asynchttpclient.netty.request.NettyRequestSender -- Using pooled Channel '[id: 0x1d483681, L:/127.0.0.1:51948 - R:localhost/127.0.0.1:18862]' for 'GET' to 'http://localhost:18862/session/0cb16b85fd54d24cec88c6f1e9eb2ebd/alert/text'
18:46:21.413 [Forwarding getAlertText on session 0cb16b85fd54d24cec88c6f1e9eb2ebd to remote] DEBUG org.asynchttpclient.netty.request.NettyRequestSender -- Using open Channel [id: 0x1d483681, L:/127.0.0.1:51948 - R:localhost/127.0.0.1:18862] for GET '/session/0cb16b85fd54d24cec88c6f1e9eb2ebd/alert/text'
18:46:21.425 [AsyncHttpClient-1-2] DEBUG org.asynchttpclient.netty.handler.HttpHandler -- 

Request DefaultFullHttpRequest(decodeResult: success, version: HTTP/1.1, content: EmptyByteBufBE)
GET /session/0cb16b85fd54d24cec88c6f1e9eb2ebd/alert/text HTTP/1.1
User-Agent: selenium/4.9.0 (java windows)
Cache-Control: no-cache
Content-Type: application/json; charset=utf-8
host: localhost:18862
accept: */*

Response DefaultHttpResponse(decodeResult: success, version: HTTP/1.1)
HTTP/1.1 404 Not Found
Content-Length: 926
Content-Type: application/json; charset=utf-8
cache-control: no-cache

18:46:21.425 [AsyncHttpClient-1-2] DEBUG org.asynchttpclient.netty.channel.ChannelManager -- Adding key: http://localhost:18862 for channel [id: 0x1d483681, L:/127.0.0.1:51948 - R:localhost/127.0.0.1:18862]
18:46:21.428 [Forwarding getCurrentUrl on session 0cb16b85fd54d24cec88c6f1e9eb2ebd to remote] DEBUG org.asynchttpclient.netty.request.NettyRequestSender -- Using pooled Channel '[id: 0x1d483681, L:/127.0.0.1:51948 - R:localhost/127.0.0.1:18862]' for 'GET' to 'http://localhost:18862/session/0cb16b85fd54d24cec88c6f1e9eb2ebd/url'
18:46:21.428 [Forwarding getCurrentUrl on session 0cb16b85fd54d24cec88c6f1e9eb2ebd to remote] DEBUG org.asynchttpclient.netty.request.NettyRequestSender -- Using open Channel [id: 0x1d483681, L:/127.0.0.1:51948 - R:localhost/127.0.0.1:18862] for GET '/session/0cb16b85fd54d24cec88c6f1e9eb2ebd/url'
18:46:21.432 [AsyncHttpClient-1-2] DEBUG org.asynchttpclient.netty.handler.HttpHandler -- 

Request DefaultFullHttpRequest(decodeResult: success, version: HTTP/1.1, content: EmptyByteBufBE)
GET /session/0cb16b85fd54d24cec88c6f1e9eb2ebd/url HTTP/1.1
User-Agent: selenium/4.9.0 (java windows)
Cache-Control: no-cache
Content-Type: application/json; charset=utf-8
host: localhost:18862
accept: */*

Response DefaultHttpResponse(decodeResult: success, version: HTTP/1.1)
HTTP/1.1 200 OK
Content-Length: 47
Content-Type: application/json; charset=utf-8
cache-control: no-cache

18:46:21.432 [AsyncHttpClient-1-2] DEBUG org.asynchttpclient.netty.channel.ChannelManager -- Adding key: http://localhost:18862 for channel [id: 0x1d483681, L:/127.0.0.1:51948 - R:localhost/127.0.0.1:18862]
18:46:21.432 [Forwarding screenshot on session 0cb16b85fd54d24cec88c6f1e9eb2ebd to remote] DEBUG org.asynchttpclient.netty.request.NettyRequestSender -- Using pooled Channel '[id: 0x1d483681, L:/127.0.0.1:51948 - R:localhost/127.0.0.1:18862]' for 'GET' to 'http://localhost:18862/session/0cb16b85fd54d24cec88c6f1e9eb2ebd/screenshot'
18:46:21.432 [Forwarding screenshot on session 0cb16b85fd54d24cec88c6f1e9eb2ebd to remote] DEBUG org.asynchttpclient.netty.request.NettyRequestSender -- Using open Channel [id: 0x1d483681, L:/127.0.0.1:51948 - R:localhost/127.0.0.1:18862] for GET '/session/0cb16b85fd54d24cec88c6f1e9eb2ebd/screenshot'
18:46:21.572 [AsyncHttpClient-1-2] DEBUG org.asynchttpclient.netty.handler.HttpHandler -- 

Request DefaultFullHttpRequest(decodeResult: success, version: HTTP/1.1, content: EmptyByteBufBE)
GET /session/0cb16b85fd54d24cec88c6f1e9eb2ebd/screenshot HTTP/1.1
User-Agent: selenium/4.9.0 (java windows)
Cache-Control: no-cache
Content-Type: application/json; charset=utf-8
host: localhost:18862
accept: */*

Response DefaultHttpResponse(decodeResult: success, version: HTTP/1.1)
HTTP/1.1 200 OK
Content-Length: 165972
Content-Type: application/json; charset=utf-8
cache-control: no-cache

18:46:21.573 [AsyncHttpClient-1-2] DEBUG org.asynchttpclient.netty.channel.ChannelManager -- Adding key: http://localhost:18862 for channel [id: 0x1d483681, L:/127.0.0.1:51948 - R:localhost/127.0.0.1:18862]
18:46:21.573 [Test worker] DEBUG net.serenitybdd.core.photography.Darkroom -- Send negative for processing for C:\Users\kguer\IdeaProjects\retoDemoBlaze\target\site\serenity\ea075c6b916be823627858190618d3e840c7e1bb6eb2fb5455e1b8fe663c1cd1.png
18:46:21.573 [Test worker] DEBUG net.thucydides.core.steps.StepInterceptor -- STEP DONE: {0} enters #theTextAsAString into #target
18:46:21.633 [Forwarding getPageSource on session 0cb16b85fd54d24cec88c6f1e9eb2ebd to remote] DEBUG org.asynchttpclient.netty.request.NettyRequestSender -- Using pooled Channel '[id: 0x1d483681, L:/127.0.0.1:51948 - R:localhost/127.0.0.1:18862]' for 'POST' to 'http://localhost:18862/session/0cb16b85fd54d24cec88c6f1e9eb2ebd/execute/sync'
18:46:21.633 [Forwarding getPageSource on session 0cb16b85fd54d24cec88c6f1e9eb2ebd to remote] DEBUG org.asynchttpclient.netty.request.NettyRequestSender -- Using open Channel [id: 0x1d483681, L:/127.0.0.1:51948 - R:localhost/127.0.0.1:18862] for POST '/session/0cb16b85fd54d24cec88c6f1e9eb2ebd/execute/sync'
18:46:21.643 [AsyncHttpClient-1-2] DEBUG org.asynchttpclient.netty.handler.HttpHandler -- 

Request DefaultHttpRequest(decodeResult: success, version: HTTP/1.1)
POST /session/0cb16b85fd54d24cec88c6f1e9eb2ebd/execute/sync HTTP/1.1
User-Agent: selenium/4.9.0 (java windows)
Content-Length: 176
Content-Type: application/json; charset=utf-8
host: localhost:18862
accept: */*

Response DefaultHttpResponse(decodeResult: success, version: HTTP/1.1)
HTTP/1.1 200 OK
Content-Length: 57589
Content-Type: application/json; charset=utf-8
cache-control: no-cache

18:46:21.643 [AsyncHttpClient-1-2] DEBUG org.asynchttpclient.netty.channel.ChannelManager -- Adding key: http://localhost:18862 for channel [id: 0x1d483681, L:/127.0.0.1:51948 - R:localhost/127.0.0.1:18862]
18:46:21.662 [Forwarding getCurrentUrl on session 0cb16b85fd54d24cec88c6f1e9eb2ebd to remote] DEBUG org.asynchttpclient.netty.request.NettyRequestSender -- Using pooled Channel '[id: 0x1d483681, L:/127.0.0.1:51948 - R:localhost/127.0.0.1:18862]' for 'GET' to 'http://localhost:18862/session/0cb16b85fd54d24cec88c6f1e9eb2ebd/url'
18:46:21.662 [Forwarding getCurrentUrl on session 0cb16b85fd54d24cec88c6f1e9eb2ebd to remote] DEBUG org.asynchttpclient.netty.request.NettyRequestSender -- Using open Channel [id: 0x1d483681, L:/127.0.0.1:51948 - R:localhost/127.0.0.1:18862] for GET '/session/0cb16b85fd54d24cec88c6f1e9eb2ebd/url'
18:46:21.672 [AsyncHttpClient-1-2] DEBUG org.asynchttpclient.netty.handler.HttpHandler -- 

Request DefaultFullHttpRequest(decodeResult: success, version: HTTP/1.1, content: EmptyByteBufBE)
GET /session/0cb16b85fd54d24cec88c6f1e9eb2ebd/url HTTP/1.1
User-Agent: selenium/4.9.0 (java windows)
Cache-Control: no-cache
Content-Type: application/json; charset=utf-8
host: localhost:18862
accept: */*

Response DefaultHttpResponse(decodeResult: success, version: HTTP/1.1)
HTTP/1.1 200 OK
Content-Length: 47
Content-Type: application/json; charset=utf-8
cache-control: no-cache

18:46:21.672 [AsyncHttpClient-1-2] DEBUG org.asynchttpclient.netty.channel.ChannelManager -- Adding key: http://localhost:18862 for channel [id: 0x1d483681, L:/127.0.0.1:51948 - R:localhost/127.0.0.1:18862]
18:46:21.672 [Test worker] DEBUG net.thucydides.core.steps.StepInterceptor -- STARTING STEP: FillFormInteraction.performAs - {0} enters #theTextAsAString into #target
18:46:21.692 [Test worker] DEBUG net.serenitybdd.screenplay.targets.IFrameSwitcher -- default content already selected for input city in the form
18:46:21.715 [Forwarding findElement on session 0cb16b85fd54d24cec88c6f1e9eb2ebd to remote] DEBUG org.asynchttpclient.netty.request.NettyRequestSender -- Using pooled Channel '[id: 0x1d483681, L:/127.0.0.1:51948 - R:localhost/127.0.0.1:18862]' for 'POST' to 'http://localhost:18862/session/0cb16b85fd54d24cec88c6f1e9eb2ebd/element'
18:46:21.715 [Forwarding findElement on session 0cb16b85fd54d24cec88c6f1e9eb2ebd to remote] DEBUG org.asynchttpclient.netty.request.NettyRequestSender -- Using open Channel [id: 0x1d483681, L:/127.0.0.1:51948 - R:localhost/127.0.0.1:18862] for POST '/session/0cb16b85fd54d24cec88c6f1e9eb2ebd/element'
18:46:21.730 [AsyncHttpClient-1-2] DEBUG org.asynchttpclient.netty.handler.HttpHandler -- 

Request DefaultHttpRequest(decodeResult: success, version: HTTP/1.1)
POST /session/0cb16b85fd54d24cec88c6f1e9eb2ebd/element HTTP/1.1
User-Agent: selenium/4.9.0 (java windows)
Content-Length: 49
Content-Type: application/json; charset=utf-8
host: localhost:18862
accept: */*

Response DefaultHttpResponse(decodeResult: success, version: HTTP/1.1)
HTTP/1.1 200 OK
Content-Length: 127
Content-Type: application/json; charset=utf-8
cache-control: no-cache

18:46:21.732 [AsyncHttpClient-1-2] DEBUG org.asynchttpclient.netty.channel.ChannelManager -- Adding key: http://localhost:18862 for channel [id: 0x1d483681, L:/127.0.0.1:51948 - R:localhost/127.0.0.1:18862]
18:46:21.732 [Forwarding sendKeysToElement on session 0cb16b85fd54d24cec88c6f1e9eb2ebd to remote] DEBUG org.asynchttpclient.netty.request.NettyRequestSender -- Using pooled Channel '[id: 0x1d483681, L:/127.0.0.1:51948 - R:localhost/127.0.0.1:18862]' for 'POST' to 'http://localhost:18862/session/0cb16b85fd54d24cec88c6f1e9eb2ebd/element/f.F3D8E0C449C07D1F7D6153FC9DF4AACD.d.24B9062BC7168E22645E2EB2A4299F69.e.201/value'
18:46:21.732 [Forwarding sendKeysToElement on session 0cb16b85fd54d24cec88c6f1e9eb2ebd to remote] DEBUG org.asynchttpclient.netty.request.NettyRequestSender -- Using open Channel [id: 0x1d483681, L:/127.0.0.1:51948 - R:localhost/127.0.0.1:18862] for POST '/session/0cb16b85fd54d24cec88c6f1e9eb2ebd/element/f.F3D8E0C449C07D1F7D6153FC9DF4AACD.d.24B9062BC7168E22645E2EB2A4299F69.e.201/value'
18:46:21.801 [AsyncHttpClient-1-2] DEBUG org.asynchttpclient.netty.handler.HttpHandler -- 

Request DefaultHttpRequest(decodeResult: success, version: HTTP/1.1)
POST /session/0cb16b85fd54d24cec88c6f1e9eb2ebd/element/f.F3D8E0C449C07D1F7D6153FC9DF4AACD.d.24B9062BC7168E22645E2EB2A4299F69.e.201/value HTTP/1.1
User-Agent: selenium/4.9.0 (java windows)
Content-Length: 160
Content-Type: application/json; charset=utf-8
host: localhost:18862
accept: */*

Response DefaultHttpResponse(decodeResult: success, version: HTTP/1.1)
HTTP/1.1 200 OK
Content-Length: 14
Content-Type: application/json; charset=utf-8
cache-control: no-cache

18:46:21.801 [AsyncHttpClient-1-2] DEBUG org.asynchttpclient.netty.channel.ChannelManager -- Adding key: http://localhost:18862 for channel [id: 0x1d483681, L:/127.0.0.1:51948 - R:localhost/127.0.0.1:18862]
18:46:21.847 [Forwarding getAlertText on session 0cb16b85fd54d24cec88c6f1e9eb2ebd to remote] DEBUG org.asynchttpclient.netty.request.NettyRequestSender -- Using pooled Channel '[id: 0x1d483681, L:/127.0.0.1:51948 - R:localhost/127.0.0.1:18862]' for 'GET' to 'http://localhost:18862/session/0cb16b85fd54d24cec88c6f1e9eb2ebd/alert/text'
18:46:21.847 [Forwarding getAlertText on session 0cb16b85fd54d24cec88c6f1e9eb2ebd to remote] DEBUG org.asynchttpclient.netty.request.NettyRequestSender -- Using open Channel [id: 0x1d483681, L:/127.0.0.1:51948 - R:localhost/127.0.0.1:18862] for GET '/session/0cb16b85fd54d24cec88c6f1e9eb2ebd/alert/text'
18:46:21.853 [AsyncHttpClient-1-2] DEBUG org.asynchttpclient.netty.handler.HttpHandler -- 

Request DefaultFullHttpRequest(decodeResult: success, version: HTTP/1.1, content: EmptyByteBufBE)
GET /session/0cb16b85fd54d24cec88c6f1e9eb2ebd/alert/text HTTP/1.1
User-Agent: selenium/4.9.0 (java windows)
Cache-Control: no-cache
Content-Type: application/json; charset=utf-8
host: localhost:18862
accept: */*

Response DefaultHttpResponse(decodeResult: success, version: HTTP/1.1)
HTTP/1.1 404 Not Found
Content-Length: 926
Content-Type: application/json; charset=utf-8
cache-control: no-cache

18:46:21.853 [AsyncHttpClient-1-2] DEBUG org.asynchttpclient.netty.channel.ChannelManager -- Adding key: http://localhost:18862 for channel [id: 0x1d483681, L:/127.0.0.1:51948 - R:localhost/127.0.0.1:18862]
18:46:21.857 [Forwarding getCurrentUrl on session 0cb16b85fd54d24cec88c6f1e9eb2ebd to remote] DEBUG org.asynchttpclient.netty.request.NettyRequestSender -- Using pooled Channel '[id: 0x1d483681, L:/127.0.0.1:51948 - R:localhost/127.0.0.1:18862]' for 'GET' to 'http://localhost:18862/session/0cb16b85fd54d24cec88c6f1e9eb2ebd/url'
18:46:21.857 [Forwarding getCurrentUrl on session 0cb16b85fd54d24cec88c6f1e9eb2ebd to remote] DEBUG org.asynchttpclient.netty.request.NettyRequestSender -- Using open Channel [id: 0x1d483681, L:/127.0.0.1:51948 - R:localhost/127.0.0.1:18862] for GET '/session/0cb16b85fd54d24cec88c6f1e9eb2ebd/url'
18:46:21.863 [AsyncHttpClient-1-2] DEBUG org.asynchttpclient.netty.handler.HttpHandler -- 

Request DefaultFullHttpRequest(decodeResult: success, version: HTTP/1.1, content: EmptyByteBufBE)
GET /session/0cb16b85fd54d24cec88c6f1e9eb2ebd/url HTTP/1.1
User-Agent: selenium/4.9.0 (java windows)
Cache-Control: no-cache
Content-Type: application/json; charset=utf-8
host: localhost:18862
accept: */*

Response DefaultHttpResponse(decodeResult: success, version: HTTP/1.1)
HTTP/1.1 200 OK
Content-Length: 47
Content-Type: application/json; charset=utf-8
cache-control: no-cache

18:46:21.863 [AsyncHttpClient-1-2] DEBUG org.asynchttpclient.netty.channel.ChannelManager -- Adding key: http://localhost:18862 for channel [id: 0x1d483681, L:/127.0.0.1:51948 - R:localhost/127.0.0.1:18862]
18:46:21.863 [Forwarding screenshot on session 0cb16b85fd54d24cec88c6f1e9eb2ebd to remote] DEBUG org.asynchttpclient.netty.request.NettyRequestSender -- Using pooled Channel '[id: 0x1d483681, L:/127.0.0.1:51948 - R:localhost/127.0.0.1:18862]' for 'GET' to 'http://localhost:18862/session/0cb16b85fd54d24cec88c6f1e9eb2ebd/screenshot'
18:46:21.863 [Forwarding screenshot on session 0cb16b85fd54d24cec88c6f1e9eb2ebd to remote] DEBUG org.asynchttpclient.netty.request.NettyRequestSender -- Using open Channel [id: 0x1d483681, L:/127.0.0.1:51948 - R:localhost/127.0.0.1:18862] for GET '/session/0cb16b85fd54d24cec88c6f1e9eb2ebd/screenshot'
18:46:21.881 [AsyncHttpClient-1-1] DEBUG org.asynchttpclient.netty.channel.DefaultChannelPool -- Entry count for : http://localhost:51952 : 1
18:46:22.007 [AsyncHttpClient-1-2] DEBUG org.asynchttpclient.netty.handler.HttpHandler -- 

Request DefaultFullHttpRequest(decodeResult: success, version: HTTP/1.1, content: EmptyByteBufBE)
GET /session/0cb16b85fd54d24cec88c6f1e9eb2ebd/screenshot HTTP/1.1
User-Agent: selenium/4.9.0 (java windows)
Cache-Control: no-cache
Content-Type: application/json; charset=utf-8
host: localhost:18862
accept: */*

Response DefaultHttpResponse(decodeResult: success, version: HTTP/1.1)
HTTP/1.1 200 OK
Content-Length: 166732
Content-Type: application/json; charset=utf-8
cache-control: no-cache

18:46:22.007 [AsyncHttpClient-1-2] DEBUG org.asynchttpclient.netty.channel.ChannelManager -- Adding key: http://localhost:18862 for channel [id: 0x1d483681, L:/127.0.0.1:51948 - R:localhost/127.0.0.1:18862]
18:46:22.017 [Test worker] DEBUG net.serenitybdd.core.photography.Darkroom -- Send negative for processing for C:\Users\kguer\IdeaProjects\retoDemoBlaze\target\site\serenity\678ed7b06a8b4c3c6011f6f90c4c98708e88b4eba5caf15a787e758c0b62e131.png
18:46:22.017 [Test worker] DEBUG net.thucydides.core.steps.StepInterceptor -- STEP DONE: {0} enters #theTextAsAString into #target
18:46:22.017 [Darkroom Processing Line] DEBUG net.serenitybdd.core.photography.DarkroomProcessingLine -- Processing screenshot image in /var/screenshots/screenshot-4406863514018770085
18:46:22.017 [Darkroom Processing Line] DEBUG net.serenitybdd.core.photography.DarkroomProcessingLine -- Saving screenshot to C:\Users\kguer\IdeaProjects\retoDemoBlaze\target\site\serenity\678ed7b06a8b4c3c6011f6f90c4c98708e88b4eba5caf15a787e758c0b62e131.png
18:46:22.043 [Forwarding getPageSource on session 0cb16b85fd54d24cec88c6f1e9eb2ebd to remote] DEBUG org.asynchttpclient.netty.request.NettyRequestSender -- Using pooled Channel '[id: 0x1d483681, L:/127.0.0.1:51948 - R:localhost/127.0.0.1:18862]' for 'POST' to 'http://localhost:18862/session/0cb16b85fd54d24cec88c6f1e9eb2ebd/execute/sync'
18:46:22.043 [Forwarding getPageSource on session 0cb16b85fd54d24cec88c6f1e9eb2ebd to remote] DEBUG org.asynchttpclient.netty.request.NettyRequestSender -- Using open Channel [id: 0x1d483681, L:/127.0.0.1:51948 - R:localhost/127.0.0.1:18862] for POST '/session/0cb16b85fd54d24cec88c6f1e9eb2ebd/execute/sync'
18:46:22.063 [AsyncHttpClient-1-2] DEBUG org.asynchttpclient.netty.handler.HttpHandler -- 

Request DefaultHttpRequest(decodeResult: success, version: HTTP/1.1)
POST /session/0cb16b85fd54d24cec88c6f1e9eb2ebd/execute/sync HTTP/1.1
User-Agent: selenium/4.9.0 (java windows)
Content-Length: 176
Content-Type: application/json; charset=utf-8
host: localhost:18862
accept: */*

Response DefaultHttpResponse(decodeResult: success, version: HTTP/1.1)
HTTP/1.1 200 OK
Content-Length: 57589
Content-Type: application/json; charset=utf-8
cache-control: no-cache

18:46:22.063 [AsyncHttpClient-1-2] DEBUG org.asynchttpclient.netty.channel.ChannelManager -- Adding key: http://localhost:18862 for channel [id: 0x1d483681, L:/127.0.0.1:51948 - R:localhost/127.0.0.1:18862]
18:46:22.070 [Forwarding getCurrentUrl on session 0cb16b85fd54d24cec88c6f1e9eb2ebd to remote] DEBUG org.asynchttpclient.netty.request.NettyRequestSender -- Using pooled Channel '[id: 0x1d483681, L:/127.0.0.1:51948 - R:localhost/127.0.0.1:18862]' for 'GET' to 'http://localhost:18862/session/0cb16b85fd54d24cec88c6f1e9eb2ebd/url'
18:46:22.073 [Forwarding getCurrentUrl on session 0cb16b85fd54d24cec88c6f1e9eb2ebd to remote] DEBUG org.asynchttpclient.netty.request.NettyRequestSender -- Using open Channel [id: 0x1d483681, L:/127.0.0.1:51948 - R:localhost/127.0.0.1:18862] for GET '/session/0cb16b85fd54d24cec88c6f1e9eb2ebd/url'
18:46:22.082 [AsyncHttpClient-1-2] DEBUG org.asynchttpclient.netty.handler.HttpHandler -- 

Request DefaultFullHttpRequest(decodeResult: success, version: HTTP/1.1, content: EmptyByteBufBE)
GET /session/0cb16b85fd54d24cec88c6f1e9eb2ebd/url HTTP/1.1
User-Agent: selenium/4.9.0 (java windows)
Cache-Control: no-cache
Content-Type: application/json; charset=utf-8
host: localhost:18862
accept: */*

Response DefaultHttpResponse(decodeResult: success, version: HTTP/1.1)
HTTP/1.1 200 OK
Content-Length: 47
Content-Type: application/json; charset=utf-8
cache-control: no-cache

18:46:22.082 [AsyncHttpClient-1-2] DEBUG org.asynchttpclient.netty.channel.ChannelManager -- Adding key: http://localhost:18862 for channel [id: 0x1d483681, L:/127.0.0.1:51948 - R:localhost/127.0.0.1:18862]
18:46:22.085 [Test worker] DEBUG net.thucydides.core.steps.StepInterceptor -- STARTING STEP: FillFormInteraction.performAs - {0} enters #theTextAsAString into #target
18:46:22.098 [Test worker] DEBUG net.serenitybdd.screenplay.targets.IFrameSwitcher -- default content already selected for input credit cart form
18:46:22.113 [Forwarding findElement on session 0cb16b85fd54d24cec88c6f1e9eb2ebd to remote] DEBUG org.asynchttpclient.netty.request.NettyRequestSender -- Using pooled Channel '[id: 0x1d483681, L:/127.0.0.1:51948 - R:localhost/127.0.0.1:18862]' for 'POST' to 'http://localhost:18862/session/0cb16b85fd54d24cec88c6f1e9eb2ebd/element'
18:46:22.113 [Forwarding findElement on session 0cb16b85fd54d24cec88c6f1e9eb2ebd to remote] DEBUG org.asynchttpclient.netty.request.NettyRequestSender -- Using open Channel [id: 0x1d483681, L:/127.0.0.1:51948 - R:localhost/127.0.0.1:18862] for POST '/session/0cb16b85fd54d24cec88c6f1e9eb2ebd/element'
18:46:22.128 [AsyncHttpClient-1-2] DEBUG org.asynchttpclient.netty.handler.HttpHandler -- 

Request DefaultHttpRequest(decodeResult: success, version: HTTP/1.1)
POST /session/0cb16b85fd54d24cec88c6f1e9eb2ebd/element HTTP/1.1
User-Agent: selenium/4.9.0 (java windows)
Content-Length: 49
Content-Type: application/json; charset=utf-8
host: localhost:18862
accept: */*

Response DefaultHttpResponse(decodeResult: success, version: HTTP/1.1)
HTTP/1.1 200 OK
Content-Length: 127
Content-Type: application/json; charset=utf-8
cache-control: no-cache

18:46:22.128 [AsyncHttpClient-1-2] DEBUG org.asynchttpclient.netty.channel.ChannelManager -- Adding key: http://localhost:18862 for channel [id: 0x1d483681, L:/127.0.0.1:51948 - R:localhost/127.0.0.1:18862]
18:46:22.132 [Forwarding sendKeysToElement on session 0cb16b85fd54d24cec88c6f1e9eb2ebd to remote] DEBUG org.asynchttpclient.netty.request.NettyRequestSender -- Using pooled Channel '[id: 0x1d483681, L:/127.0.0.1:51948 - R:localhost/127.0.0.1:18862]' for 'POST' to 'http://localhost:18862/session/0cb16b85fd54d24cec88c6f1e9eb2ebd/element/f.F3D8E0C449C07D1F7D6153FC9DF4AACD.d.24B9062BC7168E22645E2EB2A4299F69.e.202/value'
18:46:22.132 [Forwarding sendKeysToElement on session 0cb16b85fd54d24cec88c6f1e9eb2ebd to remote] DEBUG org.asynchttpclient.netty.request.NettyRequestSender -- Using open Channel [id: 0x1d483681, L:/127.0.0.1:51948 - R:localhost/127.0.0.1:18862] for POST '/session/0cb16b85fd54d24cec88c6f1e9eb2ebd/element/f.F3D8E0C449C07D1F7D6153FC9DF4AACD.d.24B9062BC7168E22645E2EB2A4299F69.e.202/value'
18:46:22.232 [AsyncHttpClient-1-2] DEBUG org.asynchttpclient.netty.handler.HttpHandler -- 

Request DefaultHttpRequest(decodeResult: success, version: HTTP/1.1)
POST /session/0cb16b85fd54d24cec88c6f1e9eb2ebd/element/f.F3D8E0C449C07D1F7D6153FC9DF4AACD.d.24B9062BC7168E22645E2EB2A4299F69.e.202/value HTTP/1.1
User-Agent: selenium/4.9.0 (java windows)
Content-Length: 210
Content-Type: application/json; charset=utf-8
host: localhost:18862
accept: */*

Response DefaultHttpResponse(decodeResult: success, version: HTTP/1.1)
HTTP/1.1 200 OK
Content-Length: 14
Content-Type: application/json; charset=utf-8
cache-control: no-cache

18:46:22.232 [AsyncHttpClient-1-2] DEBUG org.asynchttpclient.netty.channel.ChannelManager -- Adding key: http://localhost:18862 for channel [id: 0x1d483681, L:/127.0.0.1:51948 - R:localhost/127.0.0.1:18862]
18:46:22.282 [Forwarding getAlertText on session 0cb16b85fd54d24cec88c6f1e9eb2ebd to remote] DEBUG org.asynchttpclient.netty.request.NettyRequestSender -- Using pooled Channel '[id: 0x1d483681, L:/127.0.0.1:51948 - R:localhost/127.0.0.1:18862]' for 'GET' to 'http://localhost:18862/session/0cb16b85fd54d24cec88c6f1e9eb2ebd/alert/text'
18:46:22.282 [Forwarding getAlertText on session 0cb16b85fd54d24cec88c6f1e9eb2ebd to remote] DEBUG org.asynchttpclient.netty.request.NettyRequestSender -- Using open Channel [id: 0x1d483681, L:/127.0.0.1:51948 - R:localhost/127.0.0.1:18862] for GET '/session/0cb16b85fd54d24cec88c6f1e9eb2ebd/alert/text'
18:46:22.282 [AsyncHttpClient-1-2] DEBUG org.asynchttpclient.netty.handler.HttpHandler -- 

Request DefaultFullHttpRequest(decodeResult: success, version: HTTP/1.1, content: EmptyByteBufBE)
GET /session/0cb16b85fd54d24cec88c6f1e9eb2ebd/alert/text HTTP/1.1
User-Agent: selenium/4.9.0 (java windows)
Cache-Control: no-cache
Content-Type: application/json; charset=utf-8
host: localhost:18862
accept: */*

Response DefaultHttpResponse(decodeResult: success, version: HTTP/1.1)
HTTP/1.1 404 Not Found
Content-Length: 926
Content-Type: application/json; charset=utf-8
cache-control: no-cache

18:46:22.282 [AsyncHttpClient-1-2] DEBUG org.asynchttpclient.netty.channel.ChannelManager -- Adding key: http://localhost:18862 for channel [id: 0x1d483681, L:/127.0.0.1:51948 - R:localhost/127.0.0.1:18862]
18:46:22.282 [Forwarding getCurrentUrl on session 0cb16b85fd54d24cec88c6f1e9eb2ebd to remote] DEBUG org.asynchttpclient.netty.request.NettyRequestSender -- Using pooled Channel '[id: 0x1d483681, L:/127.0.0.1:51948 - R:localhost/127.0.0.1:18862]' for 'GET' to 'http://localhost:18862/session/0cb16b85fd54d24cec88c6f1e9eb2ebd/url'
18:46:22.282 [Forwarding getCurrentUrl on session 0cb16b85fd54d24cec88c6f1e9eb2ebd to remote] DEBUG org.asynchttpclient.netty.request.NettyRequestSender -- Using open Channel [id: 0x1d483681, L:/127.0.0.1:51948 - R:localhost/127.0.0.1:18862] for GET '/session/0cb16b85fd54d24cec88c6f1e9eb2ebd/url'
18:46:22.294 [AsyncHttpClient-1-2] DEBUG org.asynchttpclient.netty.handler.HttpHandler -- 

Request DefaultFullHttpRequest(decodeResult: success, version: HTTP/1.1, content: EmptyByteBufBE)
GET /session/0cb16b85fd54d24cec88c6f1e9eb2ebd/url HTTP/1.1
User-Agent: selenium/4.9.0 (java windows)
Cache-Control: no-cache
Content-Type: application/json; charset=utf-8
host: localhost:18862
accept: */*

Response DefaultHttpResponse(decodeResult: success, version: HTTP/1.1)
HTTP/1.1 200 OK
Content-Length: 47
Content-Type: application/json; charset=utf-8
cache-control: no-cache

18:46:22.294 [AsyncHttpClient-1-2] DEBUG org.asynchttpclient.netty.channel.ChannelManager -- Adding key: http://localhost:18862 for channel [id: 0x1d483681, L:/127.0.0.1:51948 - R:localhost/127.0.0.1:18862]
18:46:22.294 [Forwarding screenshot on session 0cb16b85fd54d24cec88c6f1e9eb2ebd to remote] DEBUG org.asynchttpclient.netty.request.NettyRequestSender -- Using pooled Channel '[id: 0x1d483681, L:/127.0.0.1:51948 - R:localhost/127.0.0.1:18862]' for 'GET' to 'http://localhost:18862/session/0cb16b85fd54d24cec88c6f1e9eb2ebd/screenshot'
18:46:22.294 [Forwarding screenshot on session 0cb16b85fd54d24cec88c6f1e9eb2ebd to remote] DEBUG org.asynchttpclient.netty.request.NettyRequestSender -- Using open Channel [id: 0x1d483681, L:/127.0.0.1:51948 - R:localhost/127.0.0.1:18862] for GET '/session/0cb16b85fd54d24cec88c6f1e9eb2ebd/screenshot'
18:46:22.413 [AsyncHttpClient-1-2] DEBUG org.asynchttpclient.netty.handler.HttpHandler -- 

Request DefaultFullHttpRequest(decodeResult: success, version: HTTP/1.1, content: EmptyByteBufBE)
GET /session/0cb16b85fd54d24cec88c6f1e9eb2ebd/screenshot HTTP/1.1
User-Agent: selenium/4.9.0 (java windows)
Cache-Control: no-cache
Content-Type: application/json; charset=utf-8
host: localhost:18862
accept: */*

Response DefaultHttpResponse(decodeResult: success, version: HTTP/1.1)
HTTP/1.1 200 OK
Content-Length: 169220
Content-Type: application/json; charset=utf-8
cache-control: no-cache

18:46:22.413 [AsyncHttpClient-1-2] DEBUG org.asynchttpclient.netty.channel.ChannelManager -- Adding key: http://localhost:18862 for channel [id: 0x1d483681, L:/127.0.0.1:51948 - R:localhost/127.0.0.1:18862]
18:46:22.413 [Test worker] DEBUG net.serenitybdd.core.photography.Darkroom -- Send negative for processing for C:\Users\kguer\IdeaProjects\retoDemoBlaze\target\site\serenity\efde96f014feea1ffb6fa53d6a9fa26a1dd03162bc6f695c0eee4f67374bbc60.png
18:46:22.413 [Test worker] DEBUG net.thucydides.core.steps.StepInterceptor -- STEP DONE: {0} enters #theTextAsAString into #target
18:46:22.471 [Forwarding getPageSource on session 0cb16b85fd54d24cec88c6f1e9eb2ebd to remote] DEBUG org.asynchttpclient.netty.request.NettyRequestSender -- Using pooled Channel '[id: 0x1d483681, L:/127.0.0.1:51948 - R:localhost/127.0.0.1:18862]' for 'POST' to 'http://localhost:18862/session/0cb16b85fd54d24cec88c6f1e9eb2ebd/execute/sync'
18:46:22.471 [Forwarding getPageSource on session 0cb16b85fd54d24cec88c6f1e9eb2ebd to remote] DEBUG org.asynchttpclient.netty.request.NettyRequestSender -- Using open Channel [id: 0x1d483681, L:/127.0.0.1:51948 - R:localhost/127.0.0.1:18862] for POST '/session/0cb16b85fd54d24cec88c6f1e9eb2ebd/execute/sync'
18:46:22.485 [AsyncHttpClient-1-2] DEBUG org.asynchttpclient.netty.handler.HttpHandler -- 

Request DefaultHttpRequest(decodeResult: success, version: HTTP/1.1)
POST /session/0cb16b85fd54d24cec88c6f1e9eb2ebd/execute/sync HTTP/1.1
User-Agent: selenium/4.9.0 (java windows)
Content-Length: 176
Content-Type: application/json; charset=utf-8
host: localhost:18862
accept: */*

Response DefaultHttpResponse(decodeResult: success, version: HTTP/1.1)
HTTP/1.1 200 OK
Content-Length: 57589
Content-Type: application/json; charset=utf-8
cache-control: no-cache

18:46:22.485 [AsyncHttpClient-1-2] DEBUG org.asynchttpclient.netty.channel.ChannelManager -- Adding key: http://localhost:18862 for channel [id: 0x1d483681, L:/127.0.0.1:51948 - R:localhost/127.0.0.1:18862]
18:46:22.492 [Forwarding getCurrentUrl on session 0cb16b85fd54d24cec88c6f1e9eb2ebd to remote] DEBUG org.asynchttpclient.netty.request.NettyRequestSender -- Using pooled Channel '[id: 0x1d483681, L:/127.0.0.1:51948 - R:localhost/127.0.0.1:18862]' for 'GET' to 'http://localhost:18862/session/0cb16b85fd54d24cec88c6f1e9eb2ebd/url'
18:46:22.492 [Forwarding getCurrentUrl on session 0cb16b85fd54d24cec88c6f1e9eb2ebd to remote] DEBUG org.asynchttpclient.netty.request.NettyRequestSender -- Using open Channel [id: 0x1d483681, L:/127.0.0.1:51948 - R:localhost/127.0.0.1:18862] for GET '/session/0cb16b85fd54d24cec88c6f1e9eb2ebd/url'
18:46:22.502 [AsyncHttpClient-1-2] DEBUG org.asynchttpclient.netty.handler.HttpHandler -- 

Request DefaultFullHttpRequest(decodeResult: success, version: HTTP/1.1, content: EmptyByteBufBE)
GET /session/0cb16b85fd54d24cec88c6f1e9eb2ebd/url HTTP/1.1
User-Agent: selenium/4.9.0 (java windows)
Cache-Control: no-cache
Content-Type: application/json; charset=utf-8
host: localhost:18862
accept: */*

Response DefaultHttpResponse(decodeResult: success, version: HTTP/1.1)
HTTP/1.1 200 OK
Content-Length: 47
Content-Type: application/json; charset=utf-8
cache-control: no-cache

18:46:22.502 [AsyncHttpClient-1-2] DEBUG org.asynchttpclient.netty.channel.ChannelManager -- Adding key: http://localhost:18862 for channel [id: 0x1d483681, L:/127.0.0.1:51948 - R:localhost/127.0.0.1:18862]
18:46:22.508 [Test worker] DEBUG net.thucydides.core.steps.StepInterceptor -- STARTING STEP: FillFormInteraction.performAs - {0} enters #theTextAsAString into #target
18:46:22.528 [Test worker] DEBUG net.serenitybdd.screenplay.targets.IFrameSwitcher -- default content already selected for input month in the form
18:46:22.558 [Forwarding findElement on session 0cb16b85fd54d24cec88c6f1e9eb2ebd to remote] DEBUG org.asynchttpclient.netty.request.NettyRequestSender -- Using pooled Channel '[id: 0x1d483681, L:/127.0.0.1:51948 - R:localhost/127.0.0.1:18862]' for 'POST' to 'http://localhost:18862/session/0cb16b85fd54d24cec88c6f1e9eb2ebd/element'
18:46:22.558 [Forwarding findElement on session 0cb16b85fd54d24cec88c6f1e9eb2ebd to remote] DEBUG org.asynchttpclient.netty.request.NettyRequestSender -- Using open Channel [id: 0x1d483681, L:/127.0.0.1:51948 - R:localhost/127.0.0.1:18862] for POST '/session/0cb16b85fd54d24cec88c6f1e9eb2ebd/element'
18:46:22.573 [AsyncHttpClient-1-2] DEBUG org.asynchttpclient.netty.handler.HttpHandler -- 

Request DefaultHttpRequest(decodeResult: success, version: HTTP/1.1)
POST /session/0cb16b85fd54d24cec88c6f1e9eb2ebd/element HTTP/1.1
User-Agent: selenium/4.9.0 (java windows)
Content-Length: 50
Content-Type: application/json; charset=utf-8
host: localhost:18862
accept: */*

Response DefaultHttpResponse(decodeResult: success, version: HTTP/1.1)
HTTP/1.1 200 OK
Content-Length: 127
Content-Type: application/json; charset=utf-8
cache-control: no-cache

18:46:22.573 [AsyncHttpClient-1-2] DEBUG org.asynchttpclient.netty.channel.ChannelManager -- Adding key: http://localhost:18862 for channel [id: 0x1d483681, L:/127.0.0.1:51948 - R:localhost/127.0.0.1:18862]
18:46:22.573 [Forwarding sendKeysToElement on session 0cb16b85fd54d24cec88c6f1e9eb2ebd to remote] DEBUG org.asynchttpclient.netty.request.NettyRequestSender -- Using pooled Channel '[id: 0x1d483681, L:/127.0.0.1:51948 - R:localhost/127.0.0.1:18862]' for 'POST' to 'http://localhost:18862/session/0cb16b85fd54d24cec88c6f1e9eb2ebd/element/f.F3D8E0C449C07D1F7D6153FC9DF4AACD.d.24B9062BC7168E22645E2EB2A4299F69.e.203/value'
18:46:22.573 [Forwarding sendKeysToElement on session 0cb16b85fd54d24cec88c6f1e9eb2ebd to remote] DEBUG org.asynchttpclient.netty.request.NettyRequestSender -- Using open Channel [id: 0x1d483681, L:/127.0.0.1:51948 - R:localhost/127.0.0.1:18862] for POST '/session/0cb16b85fd54d24cec88c6f1e9eb2ebd/element/f.F3D8E0C449C07D1F7D6153FC9DF4AACD.d.24B9062BC7168E22645E2EB2A4299F69.e.203/value'
18:46:22.676 [AsyncHttpClient-1-2] DEBUG org.asynchttpclient.netty.handler.HttpHandler -- 

Request DefaultHttpRequest(decodeResult: success, version: HTTP/1.1)
POST /session/0cb16b85fd54d24cec88c6f1e9eb2ebd/element/f.F3D8E0C449C07D1F7D6153FC9DF4AACD.d.24B9062BC7168E22645E2EB2A4299F69.e.203/value HTTP/1.1
User-Agent: selenium/4.9.0 (java windows)
Content-Length: 170
Content-Type: application/json; charset=utf-8
host: localhost:18862
accept: */*

Response DefaultHttpResponse(decodeResult: success, version: HTTP/1.1)
HTTP/1.1 200 OK
Content-Length: 14
Content-Type: application/json; charset=utf-8
cache-control: no-cache

18:46:22.676 [AsyncHttpClient-1-2] DEBUG org.asynchttpclient.netty.channel.ChannelManager -- Adding key: http://localhost:18862 for channel [id: 0x1d483681, L:/127.0.0.1:51948 - R:localhost/127.0.0.1:18862]
18:46:22.741 [Forwarding getAlertText on session 0cb16b85fd54d24cec88c6f1e9eb2ebd to remote] DEBUG org.asynchttpclient.netty.request.NettyRequestSender -- Using pooled Channel '[id: 0x1d483681, L:/127.0.0.1:51948 - R:localhost/127.0.0.1:18862]' for 'GET' to 'http://localhost:18862/session/0cb16b85fd54d24cec88c6f1e9eb2ebd/alert/text'
18:46:22.742 [Forwarding getAlertText on session 0cb16b85fd54d24cec88c6f1e9eb2ebd to remote] DEBUG org.asynchttpclient.netty.request.NettyRequestSender -- Using open Channel [id: 0x1d483681, L:/127.0.0.1:51948 - R:localhost/127.0.0.1:18862] for GET '/session/0cb16b85fd54d24cec88c6f1e9eb2ebd/alert/text'
18:46:22.742 [AsyncHttpClient-1-2] DEBUG org.asynchttpclient.netty.handler.HttpHandler -- 

Request DefaultFullHttpRequest(decodeResult: success, version: HTTP/1.1, content: EmptyByteBufBE)
GET /session/0cb16b85fd54d24cec88c6f1e9eb2ebd/alert/text HTTP/1.1
User-Agent: selenium/4.9.0 (java windows)
Cache-Control: no-cache
Content-Type: application/json; charset=utf-8
host: localhost:18862
accept: */*

Response DefaultHttpResponse(decodeResult: success, version: HTTP/1.1)
HTTP/1.1 404 Not Found
Content-Length: 926
Content-Type: application/json; charset=utf-8
cache-control: no-cache

18:46:22.742 [AsyncHttpClient-1-2] DEBUG org.asynchttpclient.netty.channel.ChannelManager -- Adding key: http://localhost:18862 for channel [id: 0x1d483681, L:/127.0.0.1:51948 - R:localhost/127.0.0.1:18862]
18:46:22.742 [Forwarding getCurrentUrl on session 0cb16b85fd54d24cec88c6f1e9eb2ebd to remote] DEBUG org.asynchttpclient.netty.request.NettyRequestSender -- Using pooled Channel '[id: 0x1d483681, L:/127.0.0.1:51948 - R:localhost/127.0.0.1:18862]' for 'GET' to 'http://localhost:18862/session/0cb16b85fd54d24cec88c6f1e9eb2ebd/url'
18:46:22.742 [Forwarding getCurrentUrl on session 0cb16b85fd54d24cec88c6f1e9eb2ebd to remote] DEBUG org.asynchttpclient.netty.request.NettyRequestSender -- Using open Channel [id: 0x1d483681, L:/127.0.0.1:51948 - R:localhost/127.0.0.1:18862] for GET '/session/0cb16b85fd54d24cec88c6f1e9eb2ebd/url'
18:46:22.757 [AsyncHttpClient-1-2] DEBUG org.asynchttpclient.netty.handler.HttpHandler -- 

Request DefaultFullHttpRequest(decodeResult: success, version: HTTP/1.1, content: EmptyByteBufBE)
GET /session/0cb16b85fd54d24cec88c6f1e9eb2ebd/url HTTP/1.1
User-Agent: selenium/4.9.0 (java windows)
Cache-Control: no-cache
Content-Type: application/json; charset=utf-8
host: localhost:18862
accept: */*

Response DefaultHttpResponse(decodeResult: success, version: HTTP/1.1)
HTTP/1.1 200 OK
Content-Length: 47
Content-Type: application/json; charset=utf-8
cache-control: no-cache

18:46:22.757 [AsyncHttpClient-1-2] DEBUG org.asynchttpclient.netty.channel.ChannelManager -- Adding key: http://localhost:18862 for channel [id: 0x1d483681, L:/127.0.0.1:51948 - R:localhost/127.0.0.1:18862]
18:46:22.758 [Forwarding screenshot on session 0cb16b85fd54d24cec88c6f1e9eb2ebd to remote] DEBUG org.asynchttpclient.netty.request.NettyRequestSender -- Using pooled Channel '[id: 0x1d483681, L:/127.0.0.1:51948 - R:localhost/127.0.0.1:18862]' for 'GET' to 'http://localhost:18862/session/0cb16b85fd54d24cec88c6f1e9eb2ebd/screenshot'
18:46:22.758 [Forwarding screenshot on session 0cb16b85fd54d24cec88c6f1e9eb2ebd to remote] DEBUG org.asynchttpclient.netty.request.NettyRequestSender -- Using open Channel [id: 0x1d483681, L:/127.0.0.1:51948 - R:localhost/127.0.0.1:18862] for GET '/session/0cb16b85fd54d24cec88c6f1e9eb2ebd/screenshot'
18:46:22.887 [AsyncHttpClient-1-2] DEBUG org.asynchttpclient.netty.handler.HttpHandler -- 

Request DefaultFullHttpRequest(decodeResult: success, version: HTTP/1.1, content: EmptyByteBufBE)
GET /session/0cb16b85fd54d24cec88c6f1e9eb2ebd/screenshot HTTP/1.1
User-Agent: selenium/4.9.0 (java windows)
Cache-Control: no-cache
Content-Type: application/json; charset=utf-8
host: localhost:18862
accept: */*

Response DefaultHttpResponse(decodeResult: success, version: HTTP/1.1)
HTTP/1.1 200 OK
Content-Length: 164936
Content-Type: application/json; charset=utf-8
cache-control: no-cache

18:46:22.887 [AsyncHttpClient-1-2] DEBUG org.asynchttpclient.netty.channel.ChannelManager -- Adding key: http://localhost:18862 for channel [id: 0x1d483681, L:/127.0.0.1:51948 - R:localhost/127.0.0.1:18862]
18:46:22.893 [Test worker] DEBUG net.serenitybdd.core.photography.Darkroom -- Send negative for processing for C:\Users\kguer\IdeaProjects\retoDemoBlaze\target\site\serenity\1dc497b962b1d7a616e43d4484b7895bff9a5a56c59768ea8f24fd8c5f7a04a4.png
18:46:22.893 [Test worker] DEBUG net.thucydides.core.steps.StepInterceptor -- STEP DONE: {0} enters #theTextAsAString into #target
18:46:22.938 [Forwarding getPageSource on session 0cb16b85fd54d24cec88c6f1e9eb2ebd to remote] DEBUG org.asynchttpclient.netty.request.NettyRequestSender -- Using pooled Channel '[id: 0x1d483681, L:/127.0.0.1:51948 - R:localhost/127.0.0.1:18862]' for 'POST' to 'http://localhost:18862/session/0cb16b85fd54d24cec88c6f1e9eb2ebd/execute/sync'
18:46:22.938 [Forwarding getPageSource on session 0cb16b85fd54d24cec88c6f1e9eb2ebd to remote] DEBUG org.asynchttpclient.netty.request.NettyRequestSender -- Using open Channel [id: 0x1d483681, L:/127.0.0.1:51948 - R:localhost/127.0.0.1:18862] for POST '/session/0cb16b85fd54d24cec88c6f1e9eb2ebd/execute/sync'
18:46:22.953 [AsyncHttpClient-1-2] DEBUG org.asynchttpclient.netty.handler.HttpHandler -- 

Request DefaultHttpRequest(decodeResult: success, version: HTTP/1.1)
POST /session/0cb16b85fd54d24cec88c6f1e9eb2ebd/execute/sync HTTP/1.1
User-Agent: selenium/4.9.0 (java windows)
Content-Length: 176
Content-Type: application/json; charset=utf-8
host: localhost:18862
accept: */*

Response DefaultHttpResponse(decodeResult: success, version: HTTP/1.1)
HTTP/1.1 200 OK
Content-Length: 57589
Content-Type: application/json; charset=utf-8
cache-control: no-cache

18:46:22.953 [AsyncHttpClient-1-2] DEBUG org.asynchttpclient.netty.channel.ChannelManager -- Adding key: http://localhost:18862 for channel [id: 0x1d483681, L:/127.0.0.1:51948 - R:localhost/127.0.0.1:18862]
18:46:22.966 [AsyncHttpClient-1-1] DEBUG org.asynchttpclient.netty.channel.DefaultChannelPool -- Entry count for : http://localhost:51952 : 1
18:46:22.966 [AsyncHttpClient-1-1] DEBUG org.asynchttpclient.netty.channel.DefaultChannelPool -- Entry count for : http://localhost:18862 : 1
18:46:22.966 [Forwarding getCurrentUrl on session 0cb16b85fd54d24cec88c6f1e9eb2ebd to remote] DEBUG org.asynchttpclient.netty.request.NettyRequestSender -- Using pooled Channel '[id: 0x1d483681, L:/127.0.0.1:51948 - R:localhost/127.0.0.1:18862]' for 'GET' to 'http://localhost:18862/session/0cb16b85fd54d24cec88c6f1e9eb2ebd/url'
18:46:22.966 [Forwarding getCurrentUrl on session 0cb16b85fd54d24cec88c6f1e9eb2ebd to remote] DEBUG org.asynchttpclient.netty.request.NettyRequestSender -- Using open Channel [id: 0x1d483681, L:/127.0.0.1:51948 - R:localhost/127.0.0.1:18862] for GET '/session/0cb16b85fd54d24cec88c6f1e9eb2ebd/url'
18:46:22.973 [AsyncHttpClient-1-2] DEBUG org.asynchttpclient.netty.handler.HttpHandler -- 

Request DefaultFullHttpRequest(decodeResult: success, version: HTTP/1.1, content: EmptyByteBufBE)
GET /session/0cb16b85fd54d24cec88c6f1e9eb2ebd/url HTTP/1.1
User-Agent: selenium/4.9.0 (java windows)
Cache-Control: no-cache
Content-Type: application/json; charset=utf-8
host: localhost:18862
accept: */*

Response DefaultHttpResponse(decodeResult: success, version: HTTP/1.1)
HTTP/1.1 200 OK
Content-Length: 47
Content-Type: application/json; charset=utf-8
cache-control: no-cache

18:46:22.973 [AsyncHttpClient-1-2] DEBUG org.asynchttpclient.netty.channel.ChannelManager -- Adding key: http://localhost:18862 for channel [id: 0x1d483681, L:/127.0.0.1:51948 - R:localhost/127.0.0.1:18862]
18:46:22.982 [Test worker] DEBUG net.thucydides.core.steps.StepInterceptor -- STARTING STEP: FillFormInteraction.performAs - {0} enters #theTextAsAString into #target
18:46:23.003 [Test worker] DEBUG net.serenitybdd.screenplay.targets.IFrameSwitcher -- default content already selected for input year in the form
18:46:23.023 [Forwarding findElement on session 0cb16b85fd54d24cec88c6f1e9eb2ebd to remote] DEBUG org.asynchttpclient.netty.request.NettyRequestSender -- Using pooled Channel '[id: 0x1d483681, L:/127.0.0.1:51948 - R:localhost/127.0.0.1:18862]' for 'POST' to 'http://localhost:18862/session/0cb16b85fd54d24cec88c6f1e9eb2ebd/element'
18:46:23.023 [Forwarding findElement on session 0cb16b85fd54d24cec88c6f1e9eb2ebd to remote] DEBUG org.asynchttpclient.netty.request.NettyRequestSender -- Using open Channel [id: 0x1d483681, L:/127.0.0.1:51948 - R:localhost/127.0.0.1:18862] for POST '/session/0cb16b85fd54d24cec88c6f1e9eb2ebd/element'
18:46:23.044 [AsyncHttpClient-1-2] DEBUG org.asynchttpclient.netty.handler.HttpHandler -- 

Request DefaultHttpRequest(decodeResult: success, version: HTTP/1.1)
POST /session/0cb16b85fd54d24cec88c6f1e9eb2ebd/element HTTP/1.1
User-Agent: selenium/4.9.0 (java windows)
Content-Length: 49
Content-Type: application/json; charset=utf-8
host: localhost:18862
accept: */*

Response DefaultHttpResponse(decodeResult: success, version: HTTP/1.1)
HTTP/1.1 200 OK
Content-Length: 127
Content-Type: application/json; charset=utf-8
cache-control: no-cache

18:46:23.044 [AsyncHttpClient-1-2] DEBUG org.asynchttpclient.netty.channel.ChannelManager -- Adding key: http://localhost:18862 for channel [id: 0x1d483681, L:/127.0.0.1:51948 - R:localhost/127.0.0.1:18862]
18:46:23.044 [Forwarding sendKeysToElement on session 0cb16b85fd54d24cec88c6f1e9eb2ebd to remote] DEBUG org.asynchttpclient.netty.request.NettyRequestSender -- Using pooled Channel '[id: 0x1d483681, L:/127.0.0.1:51948 - R:localhost/127.0.0.1:18862]' for 'POST' to 'http://localhost:18862/session/0cb16b85fd54d24cec88c6f1e9eb2ebd/element/f.F3D8E0C449C07D1F7D6153FC9DF4AACD.d.24B9062BC7168E22645E2EB2A4299F69.e.204/value'
18:46:23.044 [Forwarding sendKeysToElement on session 0cb16b85fd54d24cec88c6f1e9eb2ebd to remote] DEBUG org.asynchttpclient.netty.request.NettyRequestSender -- Using open Channel [id: 0x1d483681, L:/127.0.0.1:51948 - R:localhost/127.0.0.1:18862] for POST '/session/0cb16b85fd54d24cec88c6f1e9eb2ebd/element/f.F3D8E0C449C07D1F7D6153FC9DF4AACD.d.24B9062BC7168E22645E2EB2A4299F69.e.204/value'
18:46:23.128 [AsyncHttpClient-1-2] DEBUG org.asynchttpclient.netty.handler.HttpHandler -- 

Request DefaultHttpRequest(decodeResult: success, version: HTTP/1.1)
POST /session/0cb16b85fd54d24cec88c6f1e9eb2ebd/element/f.F3D8E0C449C07D1F7D6153FC9DF4AACD.d.24B9062BC7168E22645E2EB2A4299F69.e.204/value HTTP/1.1
User-Agent: selenium/4.9.0 (java windows)
Content-Length: 160
Content-Type: application/json; charset=utf-8
host: localhost:18862
accept: */*

Response DefaultHttpResponse(decodeResult: success, version: HTTP/1.1)
HTTP/1.1 200 OK
Content-Length: 14
Content-Type: application/json; charset=utf-8
cache-control: no-cache

18:46:23.128 [AsyncHttpClient-1-2] DEBUG org.asynchttpclient.netty.channel.ChannelManager -- Adding key: http://localhost:18862 for channel [id: 0x1d483681, L:/127.0.0.1:51948 - R:localhost/127.0.0.1:18862]
18:46:23.183 [Forwarding getAlertText on session 0cb16b85fd54d24cec88c6f1e9eb2ebd to remote] DEBUG org.asynchttpclient.netty.request.NettyRequestSender -- Using pooled Channel '[id: 0x1d483681, L:/127.0.0.1:51948 - R:localhost/127.0.0.1:18862]' for 'GET' to 'http://localhost:18862/session/0cb16b85fd54d24cec88c6f1e9eb2ebd/alert/text'
18:46:23.183 [Forwarding getAlertText on session 0cb16b85fd54d24cec88c6f1e9eb2ebd to remote] DEBUG org.asynchttpclient.netty.request.NettyRequestSender -- Using open Channel [id: 0x1d483681, L:/127.0.0.1:51948 - R:localhost/127.0.0.1:18862] for GET '/session/0cb16b85fd54d24cec88c6f1e9eb2ebd/alert/text'
18:46:23.183 [AsyncHttpClient-1-2] DEBUG org.asynchttpclient.netty.handler.HttpHandler -- 

Request DefaultFullHttpRequest(decodeResult: success, version: HTTP/1.1, content: EmptyByteBufBE)
GET /session/0cb16b85fd54d24cec88c6f1e9eb2ebd/alert/text HTTP/1.1
User-Agent: selenium/4.9.0 (java windows)
Cache-Control: no-cache
Content-Type: application/json; charset=utf-8
host: localhost:18862
accept: */*

Response DefaultHttpResponse(decodeResult: success, version: HTTP/1.1)
HTTP/1.1 404 Not Found
Content-Length: 926
Content-Type: application/json; charset=utf-8
cache-control: no-cache

18:46:23.183 [AsyncHttpClient-1-2] DEBUG org.asynchttpclient.netty.channel.ChannelManager -- Adding key: http://localhost:18862 for channel [id: 0x1d483681, L:/127.0.0.1:51948 - R:localhost/127.0.0.1:18862]
18:46:23.190 [Forwarding getCurrentUrl on session 0cb16b85fd54d24cec88c6f1e9eb2ebd to remote] DEBUG org.asynchttpclient.netty.request.NettyRequestSender -- Using pooled Channel '[id: 0x1d483681, L:/127.0.0.1:51948 - R:localhost/127.0.0.1:18862]' for 'GET' to 'http://localhost:18862/session/0cb16b85fd54d24cec88c6f1e9eb2ebd/url'
18:46:23.190 [Forwarding getCurrentUrl on session 0cb16b85fd54d24cec88c6f1e9eb2ebd to remote] DEBUG org.asynchttpclient.netty.request.NettyRequestSender -- Using open Channel [id: 0x1d483681, L:/127.0.0.1:51948 - R:localhost/127.0.0.1:18862] for GET '/session/0cb16b85fd54d24cec88c6f1e9eb2ebd/url'
18:46:23.194 [AsyncHttpClient-1-2] DEBUG org.asynchttpclient.netty.handler.HttpHandler -- 

Request DefaultFullHttpRequest(decodeResult: success, version: HTTP/1.1, content: EmptyByteBufBE)
GET /session/0cb16b85fd54d24cec88c6f1e9eb2ebd/url HTTP/1.1
User-Agent: selenium/4.9.0 (java windows)
Cache-Control: no-cache
Content-Type: application/json; charset=utf-8
host: localhost:18862
accept: */*

Response DefaultHttpResponse(decodeResult: success, version: HTTP/1.1)
HTTP/1.1 200 OK
Content-Length: 47
Content-Type: application/json; charset=utf-8
cache-control: no-cache

18:46:23.194 [AsyncHttpClient-1-2] DEBUG org.asynchttpclient.netty.channel.ChannelManager -- Adding key: http://localhost:18862 for channel [id: 0x1d483681, L:/127.0.0.1:51948 - R:localhost/127.0.0.1:18862]
18:46:23.194 [Forwarding screenshot on session 0cb16b85fd54d24cec88c6f1e9eb2ebd to remote] DEBUG org.asynchttpclient.netty.request.NettyRequestSender -- Using pooled Channel '[id: 0x1d483681, L:/127.0.0.1:51948 - R:localhost/127.0.0.1:18862]' for 'GET' to 'http://localhost:18862/session/0cb16b85fd54d24cec88c6f1e9eb2ebd/screenshot'
18:46:23.194 [Forwarding screenshot on session 0cb16b85fd54d24cec88c6f1e9eb2ebd to remote] DEBUG org.asynchttpclient.netty.request.NettyRequestSender -- Using open Channel [id: 0x1d483681, L:/127.0.0.1:51948 - R:localhost/127.0.0.1:18862] for GET '/session/0cb16b85fd54d24cec88c6f1e9eb2ebd/screenshot'
18:46:23.312 [AsyncHttpClient-1-2] DEBUG org.asynchttpclient.netty.handler.HttpHandler -- 

Request DefaultFullHttpRequest(decodeResult: success, version: HTTP/1.1, content: EmptyByteBufBE)
GET /session/0cb16b85fd54d24cec88c6f1e9eb2ebd/screenshot HTTP/1.1
User-Agent: selenium/4.9.0 (java windows)
Cache-Control: no-cache
Content-Type: application/json; charset=utf-8
host: localhost:18862
accept: */*

Response DefaultHttpResponse(decodeResult: success, version: HTTP/1.1)
HTTP/1.1 200 OK
Content-Length: 165892
Content-Type: application/json; charset=utf-8
cache-control: no-cache

18:46:23.318 [AsyncHttpClient-1-2] DEBUG org.asynchttpclient.netty.channel.ChannelManager -- Adding key: http://localhost:18862 for channel [id: 0x1d483681, L:/127.0.0.1:51948 - R:localhost/127.0.0.1:18862]
18:46:23.323 [Test worker] DEBUG net.serenitybdd.core.photography.Darkroom -- Send negative for processing for C:\Users\kguer\IdeaProjects\retoDemoBlaze\target\site\serenity\6cf74a4416746d9db915e2ae0c8cca1cf7e21d5a20c493f8d205dde948cd2575.png
18:46:23.323 [Test worker] DEBUG net.thucydides.core.steps.StepInterceptor -- STEP DONE: {0} enters #theTextAsAString into #target
18:46:23.403 [Forwarding getAlertText on session 0cb16b85fd54d24cec88c6f1e9eb2ebd to remote] DEBUG org.asynchttpclient.netty.request.NettyRequestSender -- Using pooled Channel '[id: 0x1d483681, L:/127.0.0.1:51948 - R:localhost/127.0.0.1:18862]' for 'GET' to 'http://localhost:18862/session/0cb16b85fd54d24cec88c6f1e9eb2ebd/alert/text'
18:46:23.403 [Forwarding getAlertText on session 0cb16b85fd54d24cec88c6f1e9eb2ebd to remote] DEBUG org.asynchttpclient.netty.request.NettyRequestSender -- Using open Channel [id: 0x1d483681, L:/127.0.0.1:51948 - R:localhost/127.0.0.1:18862] for GET '/session/0cb16b85fd54d24cec88c6f1e9eb2ebd/alert/text'
18:46:23.403 [AsyncHttpClient-1-2] DEBUG org.asynchttpclient.netty.handler.HttpHandler -- 

Request DefaultFullHttpRequest(decodeResult: success, version: HTTP/1.1, content: EmptyByteBufBE)
GET /session/0cb16b85fd54d24cec88c6f1e9eb2ebd/alert/text HTTP/1.1
User-Agent: selenium/4.9.0 (java windows)
Cache-Control: no-cache
Content-Type: application/json; charset=utf-8
host: localhost:18862
accept: */*

Response DefaultHttpResponse(decodeResult: success, version: HTTP/1.1)
HTTP/1.1 404 Not Found
Content-Length: 926
Content-Type: application/json; charset=utf-8
cache-control: no-cache

18:46:23.403 [AsyncHttpClient-1-2] DEBUG org.asynchttpclient.netty.channel.ChannelManager -- Adding key: http://localhost:18862 for channel [id: 0x1d483681, L:/127.0.0.1:51948 - R:localhost/127.0.0.1:18862]
18:46:23.403 [Forwarding getCurrentUrl on session 0cb16b85fd54d24cec88c6f1e9eb2ebd to remote] DEBUG org.asynchttpclient.netty.request.NettyRequestSender -- Using pooled Channel '[id: 0x1d483681, L:/127.0.0.1:51948 - R:localhost/127.0.0.1:18862]' for 'GET' to 'http://localhost:18862/session/0cb16b85fd54d24cec88c6f1e9eb2ebd/url'
18:46:23.403 [Forwarding getCurrentUrl on session 0cb16b85fd54d24cec88c6f1e9eb2ebd to remote] DEBUG org.asynchttpclient.netty.request.NettyRequestSender -- Using open Channel [id: 0x1d483681, L:/127.0.0.1:51948 - R:localhost/127.0.0.1:18862] for GET '/session/0cb16b85fd54d24cec88c6f1e9eb2ebd/url'
18:46:23.412 [AsyncHttpClient-1-2] DEBUG org.asynchttpclient.netty.handler.HttpHandler -- 

Request DefaultFullHttpRequest(decodeResult: success, version: HTTP/1.1, content: EmptyByteBufBE)
GET /session/0cb16b85fd54d24cec88c6f1e9eb2ebd/url HTTP/1.1
User-Agent: selenium/4.9.0 (java windows)
Cache-Control: no-cache
Content-Type: application/json; charset=utf-8
host: localhost:18862
accept: */*

Response DefaultHttpResponse(decodeResult: success, version: HTTP/1.1)
HTTP/1.1 200 OK
Content-Length: 47
Content-Type: application/json; charset=utf-8
cache-control: no-cache

18:46:23.412 [AsyncHttpClient-1-2] DEBUG org.asynchttpclient.netty.channel.ChannelManager -- Adding key: http://localhost:18862 for channel [id: 0x1d483681, L:/127.0.0.1:51948 - R:localhost/127.0.0.1:18862]
18:46:23.419 [Forwarding screenshot on session 0cb16b85fd54d24cec88c6f1e9eb2ebd to remote] DEBUG org.asynchttpclient.netty.request.NettyRequestSender -- Using pooled Channel '[id: 0x1d483681, L:/127.0.0.1:51948 - R:localhost/127.0.0.1:18862]' for 'GET' to 'http://localhost:18862/session/0cb16b85fd54d24cec88c6f1e9eb2ebd/screenshot'
18:46:23.420 [Forwarding screenshot on session 0cb16b85fd54d24cec88c6f1e9eb2ebd to remote] DEBUG org.asynchttpclient.netty.request.NettyRequestSender -- Using open Channel [id: 0x1d483681, L:/127.0.0.1:51948 - R:localhost/127.0.0.1:18862] for GET '/session/0cb16b85fd54d24cec88c6f1e9eb2ebd/screenshot'
18:46:23.528 [AsyncHttpClient-1-2] DEBUG org.asynchttpclient.netty.handler.HttpHandler -- 

Request DefaultFullHttpRequest(decodeResult: success, version: HTTP/1.1, content: EmptyByteBufBE)
GET /session/0cb16b85fd54d24cec88c6f1e9eb2ebd/screenshot HTTP/1.1
User-Agent: selenium/4.9.0 (java windows)
Cache-Control: no-cache
Content-Type: application/json; charset=utf-8
host: localhost:18862
accept: */*

Response DefaultHttpResponse(decodeResult: success, version: HTTP/1.1)
HTTP/1.1 200 OK
Content-Length: 165884
Content-Type: application/json; charset=utf-8
cache-control: no-cache

18:46:23.528 [AsyncHttpClient-1-2] DEBUG org.asynchttpclient.netty.channel.ChannelManager -- Adding key: http://localhost:18862 for channel [id: 0x1d483681, L:/127.0.0.1:51948 - R:localhost/127.0.0.1:18862]
18:46:23.533 [Test worker] DEBUG net.serenitybdd.core.photography.Darkroom -- Send negative for processing for C:\Users\kguer\IdeaProjects\retoDemoBlaze\target\site\serenity\247446209d691e3213cf050dd204a95a600ef9f141b919c6a05ce28708cf9a4b.png
18:46:23.555 [Forwarding getPageSource on session 0cb16b85fd54d24cec88c6f1e9eb2ebd to remote] DEBUG org.asynchttpclient.netty.request.NettyRequestSender -- Using pooled Channel '[id: 0x1d483681, L:/127.0.0.1:51948 - R:localhost/127.0.0.1:18862]' for 'POST' to 'http://localhost:18862/session/0cb16b85fd54d24cec88c6f1e9eb2ebd/execute/sync'
18:46:23.555 [Forwarding getPageSource on session 0cb16b85fd54d24cec88c6f1e9eb2ebd to remote] DEBUG org.asynchttpclient.netty.request.NettyRequestSender -- Using open Channel [id: 0x1d483681, L:/127.0.0.1:51948 - R:localhost/127.0.0.1:18862] for POST '/session/0cb16b85fd54d24cec88c6f1e9eb2ebd/execute/sync'
18:46:23.562 [AsyncHttpClient-1-2] DEBUG org.asynchttpclient.netty.handler.HttpHandler -- 

Request DefaultHttpRequest(decodeResult: success, version: HTTP/1.1)
POST /session/0cb16b85fd54d24cec88c6f1e9eb2ebd/execute/sync HTTP/1.1
User-Agent: selenium/4.9.0 (java windows)
Content-Length: 176
Content-Type: application/json; charset=utf-8
host: localhost:18862
accept: */*

Response DefaultHttpResponse(decodeResult: success, version: HTTP/1.1)
HTTP/1.1 200 OK
Content-Length: 57589
Content-Type: application/json; charset=utf-8
cache-control: no-cache

18:46:23.562 [AsyncHttpClient-1-2] DEBUG org.asynchttpclient.netty.channel.ChannelManager -- Adding key: http://localhost:18862 for channel [id: 0x1d483681, L:/127.0.0.1:51948 - R:localhost/127.0.0.1:18862]
18:46:23.577 [Forwarding getCurrentUrl on session 0cb16b85fd54d24cec88c6f1e9eb2ebd to remote] DEBUG org.asynchttpclient.netty.request.NettyRequestSender -- Using pooled Channel '[id: 0x1d483681, L:/127.0.0.1:51948 - R:localhost/127.0.0.1:18862]' for 'GET' to 'http://localhost:18862/session/0cb16b85fd54d24cec88c6f1e9eb2ebd/url'
18:46:23.577 [Forwarding getCurrentUrl on session 0cb16b85fd54d24cec88c6f1e9eb2ebd to remote] DEBUG org.asynchttpclient.netty.request.NettyRequestSender -- Using open Channel [id: 0x1d483681, L:/127.0.0.1:51948 - R:localhost/127.0.0.1:18862] for GET '/session/0cb16b85fd54d24cec88c6f1e9eb2ebd/url'
18:46:23.586 [AsyncHttpClient-1-2] DEBUG org.asynchttpclient.netty.handler.HttpHandler -- 

Request DefaultFullHttpRequest(decodeResult: success, version: HTTP/1.1, content: EmptyByteBufBE)
GET /session/0cb16b85fd54d24cec88c6f1e9eb2ebd/url HTTP/1.1
User-Agent: selenium/4.9.0 (java windows)
Cache-Control: no-cache
Content-Type: application/json; charset=utf-8
host: localhost:18862
accept: */*

Response DefaultHttpResponse(decodeResult: success, version: HTTP/1.1)
HTTP/1.1 200 OK
Content-Length: 47
Content-Type: application/json; charset=utf-8
cache-control: no-cache

18:46:23.586 [AsyncHttpClient-1-2] DEBUG org.asynchttpclient.netty.channel.ChannelManager -- Adding key: http://localhost:18862 for channel [id: 0x1d483681, L:/127.0.0.1:51948 - R:localhost/127.0.0.1:18862]
18:46:23.592 [Test worker] DEBUG net.thucydides.core.steps.StepInterceptor -- STARTING STEP: FillFormInteraction.performAs - {0} clicks on #target
18:46:23.592 [Test worker] DEBUG net.serenitybdd.screenplay.targets.IFrameSwitcher -- default content already selected for button to purchase
18:46:23.717 [Forwarding findElement on session 0cb16b85fd54d24cec88c6f1e9eb2ebd to remote] DEBUG org.asynchttpclient.netty.request.NettyRequestSender -- Using pooled Channel '[id: 0x1d483681, L:/127.0.0.1:51948 - R:localhost/127.0.0.1:18862]' for 'POST' to 'http://localhost:18862/session/0cb16b85fd54d24cec88c6f1e9eb2ebd/element'
18:46:23.717 [Forwarding findElement on session 0cb16b85fd54d24cec88c6f1e9eb2ebd to remote] DEBUG org.asynchttpclient.netty.request.NettyRequestSender -- Using open Channel [id: 0x1d483681, L:/127.0.0.1:51948 - R:localhost/127.0.0.1:18862] for POST '/session/0cb16b85fd54d24cec88c6f1e9eb2ebd/element'
18:46:23.733 [AsyncHttpClient-1-2] DEBUG org.asynchttpclient.netty.handler.HttpHandler -- 

Request DefaultHttpRequest(decodeResult: success, version: HTTP/1.1)
POST /session/0cb16b85fd54d24cec88c6f1e9eb2ebd/element HTTP/1.1
User-Agent: selenium/4.9.0 (java windows)
Content-Length: 83
Content-Type: application/json; charset=utf-8
host: localhost:18862
accept: */*

Response DefaultHttpResponse(decodeResult: success, version: HTTP/1.1)
HTTP/1.1 200 OK
Content-Length: 127
Content-Type: application/json; charset=utf-8
cache-control: no-cache

18:46:23.733 [AsyncHttpClient-1-2] DEBUG org.asynchttpclient.netty.channel.ChannelManager -- Adding key: http://localhost:18862 for channel [id: 0x1d483681, L:/127.0.0.1:51948 - R:localhost/127.0.0.1:18862]
18:46:23.763 [Forwarding isElementDisplayed on session 0cb16b85fd54d24cec88c6f1e9eb2ebd to remote] DEBUG org.asynchttpclient.netty.request.NettyRequestSender -- Using pooled Channel '[id: 0x1d483681, L:/127.0.0.1:51948 - R:localhost/127.0.0.1:18862]' for 'POST' to 'http://localhost:18862/session/0cb16b85fd54d24cec88c6f1e9eb2ebd/execute/sync'
18:46:23.763 [Forwarding isElementDisplayed on session 0cb16b85fd54d24cec88c6f1e9eb2ebd to remote] DEBUG org.asynchttpclient.netty.request.NettyRequestSender -- Using open Channel [id: 0x1d483681, L:/127.0.0.1:51948 - R:localhost/127.0.0.1:18862] for POST '/session/0cb16b85fd54d24cec88c6f1e9eb2ebd/execute/sync'
18:46:23.772 [AsyncHttpClient-1-2] DEBUG org.asynchttpclient.netty.handler.HttpHandler -- 

Request DefaultHttpRequest(decodeResult: success, version: HTTP/1.1)
POST /session/0cb16b85fd54d24cec88c6f1e9eb2ebd/execute/sync HTTP/1.1
User-Agent: selenium/4.9.0 (java windows)
Content-Length: 48846
Content-Type: application/json; charset=utf-8
host: localhost:18862
accept: */*

Response DefaultHttpResponse(decodeResult: success, version: HTTP/1.1)
HTTP/1.1 200 OK
Content-Length: 14
Content-Type: application/json; charset=utf-8
cache-control: no-cache

18:46:23.772 [AsyncHttpClient-1-2] DEBUG org.asynchttpclient.netty.channel.ChannelManager -- Adding key: http://localhost:18862 for channel [id: 0x1d483681, L:/127.0.0.1:51948 - R:localhost/127.0.0.1:18862]
18:46:23.813 [Forwarding findElement on session 0cb16b85fd54d24cec88c6f1e9eb2ebd to remote] DEBUG org.asynchttpclient.netty.request.NettyRequestSender -- Using pooled Channel '[id: 0x1d483681, L:/127.0.0.1:51948 - R:localhost/127.0.0.1:18862]' for 'POST' to 'http://localhost:18862/session/0cb16b85fd54d24cec88c6f1e9eb2ebd/element'
18:46:23.813 [Forwarding findElement on session 0cb16b85fd54d24cec88c6f1e9eb2ebd to remote] DEBUG org.asynchttpclient.netty.request.NettyRequestSender -- Using open Channel [id: 0x1d483681, L:/127.0.0.1:51948 - R:localhost/127.0.0.1:18862] for POST '/session/0cb16b85fd54d24cec88c6f1e9eb2ebd/element'
18:46:23.829 [AsyncHttpClient-1-2] DEBUG org.asynchttpclient.netty.handler.HttpHandler -- 

Request DefaultHttpRequest(decodeResult: success, version: HTTP/1.1)
POST /session/0cb16b85fd54d24cec88c6f1e9eb2ebd/element HTTP/1.1
User-Agent: selenium/4.9.0 (java windows)
Content-Length: 83
Content-Type: application/json; charset=utf-8
host: localhost:18862
accept: */*

Response DefaultHttpResponse(decodeResult: success, version: HTTP/1.1)
HTTP/1.1 200 OK
Content-Length: 127
Content-Type: application/json; charset=utf-8
cache-control: no-cache

18:46:23.829 [AsyncHttpClient-1-2] DEBUG org.asynchttpclient.netty.channel.ChannelManager -- Adding key: http://localhost:18862 for channel [id: 0x1d483681, L:/127.0.0.1:51948 - R:localhost/127.0.0.1:18862]
18:46:23.829 [Forwarding clickElement on session 0cb16b85fd54d24cec88c6f1e9eb2ebd to remote] DEBUG org.asynchttpclient.netty.request.NettyRequestSender -- Using pooled Channel '[id: 0x1d483681, L:/127.0.0.1:51948 - R:localhost/127.0.0.1:18862]' for 'POST' to 'http://localhost:18862/session/0cb16b85fd54d24cec88c6f1e9eb2ebd/element/f.F3D8E0C449C07D1F7D6153FC9DF4AACD.d.24B9062BC7168E22645E2EB2A4299F69.e.260/click'
18:46:23.829 [Forwarding clickElement on session 0cb16b85fd54d24cec88c6f1e9eb2ebd to remote] DEBUG org.asynchttpclient.netty.request.NettyRequestSender -- Using open Channel [id: 0x1d483681, L:/127.0.0.1:51948 - R:localhost/127.0.0.1:18862] for POST '/session/0cb16b85fd54d24cec88c6f1e9eb2ebd/element/f.F3D8E0C449C07D1F7D6153FC9DF4AACD.d.24B9062BC7168E22645E2EB2A4299F69.e.260/click'
18:46:23.935 [AsyncHttpClient-1-2] DEBUG org.asynchttpclient.netty.handler.HttpHandler -- 

Request DefaultHttpRequest(decodeResult: success, version: HTTP/1.1)
POST /session/0cb16b85fd54d24cec88c6f1e9eb2ebd/element/f.F3D8E0C449C07D1F7D6153FC9DF4AACD.d.24B9062BC7168E22645E2EB2A4299F69.e.260/click HTTP/1.1
User-Agent: selenium/4.9.0 (java windows)
Content-Length: 89
Content-Type: application/json; charset=utf-8
host: localhost:18862
accept: */*

Response DefaultHttpResponse(decodeResult: success, version: HTTP/1.1)
HTTP/1.1 200 OK
Content-Length: 14
Content-Type: application/json; charset=utf-8
cache-control: no-cache

18:46:23.935 [AsyncHttpClient-1-2] DEBUG org.asynchttpclient.netty.channel.ChannelManager -- Adding key: http://localhost:18862 for channel [id: 0x1d483681, L:/127.0.0.1:51948 - R:localhost/127.0.0.1:18862]
18:46:23.987 [Forwarding getAlertText on session 0cb16b85fd54d24cec88c6f1e9eb2ebd to remote] DEBUG org.asynchttpclient.netty.request.NettyRequestSender -- Using pooled Channel '[id: 0x1d483681, L:/127.0.0.1:51948 - R:localhost/127.0.0.1:18862]' for 'GET' to 'http://localhost:18862/session/0cb16b85fd54d24cec88c6f1e9eb2ebd/alert/text'
18:46:23.988 [Forwarding getAlertText on session 0cb16b85fd54d24cec88c6f1e9eb2ebd to remote] DEBUG org.asynchttpclient.netty.request.NettyRequestSender -- Using open Channel [id: 0x1d483681, L:/127.0.0.1:51948 - R:localhost/127.0.0.1:18862] for GET '/session/0cb16b85fd54d24cec88c6f1e9eb2ebd/alert/text'
18:46:23.994 [AsyncHttpClient-1-2] DEBUG org.asynchttpclient.netty.handler.HttpHandler -- 

Request DefaultFullHttpRequest(decodeResult: success, version: HTTP/1.1, content: EmptyByteBufBE)
GET /session/0cb16b85fd54d24cec88c6f1e9eb2ebd/alert/text HTTP/1.1
User-Agent: selenium/4.9.0 (java windows)
Cache-Control: no-cache
Content-Type: application/json; charset=utf-8
host: localhost:18862
accept: */*

Response DefaultHttpResponse(decodeResult: success, version: HTTP/1.1)
HTTP/1.1 404 Not Found
Content-Length: 926
Content-Type: application/json; charset=utf-8
cache-control: no-cache

18:46:23.994 [AsyncHttpClient-1-2] DEBUG org.asynchttpclient.netty.channel.ChannelManager -- Adding key: http://localhost:18862 for channel [id: 0x1d483681, L:/127.0.0.1:51948 - R:localhost/127.0.0.1:18862]
18:46:23.995 [Forwarding getCurrentUrl on session 0cb16b85fd54d24cec88c6f1e9eb2ebd to remote] DEBUG org.asynchttpclient.netty.request.NettyRequestSender -- Using pooled Channel '[id: 0x1d483681, L:/127.0.0.1:51948 - R:localhost/127.0.0.1:18862]' for 'GET' to 'http://localhost:18862/session/0cb16b85fd54d24cec88c6f1e9eb2ebd/url'
18:46:23.995 [Forwarding getCurrentUrl on session 0cb16b85fd54d24cec88c6f1e9eb2ebd to remote] DEBUG org.asynchttpclient.netty.request.NettyRequestSender -- Using open Channel [id: 0x1d483681, L:/127.0.0.1:51948 - R:localhost/127.0.0.1:18862] for GET '/session/0cb16b85fd54d24cec88c6f1e9eb2ebd/url'
18:46:24.005 [AsyncHttpClient-1-2] DEBUG org.asynchttpclient.netty.handler.HttpHandler -- 

Request DefaultFullHttpRequest(decodeResult: success, version: HTTP/1.1, content: EmptyByteBufBE)
GET /session/0cb16b85fd54d24cec88c6f1e9eb2ebd/url HTTP/1.1
User-Agent: selenium/4.9.0 (java windows)
Cache-Control: no-cache
Content-Type: application/json; charset=utf-8
host: localhost:18862
accept: */*

Response DefaultHttpResponse(decodeResult: success, version: HTTP/1.1)
HTTP/1.1 200 OK
Content-Length: 47
Content-Type: application/json; charset=utf-8
cache-control: no-cache

18:46:24.005 [AsyncHttpClient-1-2] DEBUG org.asynchttpclient.netty.channel.ChannelManager -- Adding key: http://localhost:18862 for channel [id: 0x1d483681, L:/127.0.0.1:51948 - R:localhost/127.0.0.1:18862]
18:46:24.006 [Forwarding screenshot on session 0cb16b85fd54d24cec88c6f1e9eb2ebd to remote] DEBUG org.asynchttpclient.netty.request.NettyRequestSender -- Using pooled Channel '[id: 0x1d483681, L:/127.0.0.1:51948 - R:localhost/127.0.0.1:18862]' for 'GET' to 'http://localhost:18862/session/0cb16b85fd54d24cec88c6f1e9eb2ebd/screenshot'
18:46:24.006 [Forwarding screenshot on session 0cb16b85fd54d24cec88c6f1e9eb2ebd to remote] DEBUG org.asynchttpclient.netty.request.NettyRequestSender -- Using open Channel [id: 0x1d483681, L:/127.0.0.1:51948 - R:localhost/127.0.0.1:18862] for GET '/session/0cb16b85fd54d24cec88c6f1e9eb2ebd/screenshot'
18:46:24.057 [AsyncHttpClient-1-1] DEBUG org.asynchttpclient.netty.channel.DefaultChannelPool -- Entry count for : http://localhost:51952 : 1
18:46:24.157 [AsyncHttpClient-1-2] DEBUG org.asynchttpclient.netty.handler.HttpHandler -- 

Request DefaultFullHttpRequest(decodeResult: success, version: HTTP/1.1, content: EmptyByteBufBE)
GET /session/0cb16b85fd54d24cec88c6f1e9eb2ebd/screenshot HTTP/1.1
User-Agent: selenium/4.9.0 (java windows)
Cache-Control: no-cache
Content-Type: application/json; charset=utf-8
host: localhost:18862
accept: */*

Response DefaultHttpResponse(decodeResult: success, version: HTTP/1.1)
HTTP/1.1 200 OK
Content-Length: 190308
Content-Type: application/json; charset=utf-8
cache-control: no-cache

18:46:24.163 [AsyncHttpClient-1-2] DEBUG org.asynchttpclient.netty.channel.ChannelManager -- Adding key: http://localhost:18862 for channel [id: 0x1d483681, L:/127.0.0.1:51948 - R:localhost/127.0.0.1:18862]
18:46:24.163 [Test worker] DEBUG net.serenitybdd.core.photography.Darkroom -- Send negative for processing for C:\Users\kguer\IdeaProjects\retoDemoBlaze\target\site\serenity\0fc95b380a0b06c7e810f8a455a7ffed179e803f7f559fef3deb804fb371de1e.png
18:46:24.163 [Darkroom Processing Line] DEBUG net.serenitybdd.core.photography.DarkroomProcessingLine -- Processing screenshot image in /var/screenshots/screenshot-14391029758335020027
18:46:24.163 [Darkroom Processing Line] DEBUG net.serenitybdd.core.photography.DarkroomProcessingLine -- Saving screenshot to C:\Users\kguer\IdeaProjects\retoDemoBlaze\target\site\serenity\0fc95b380a0b06c7e810f8a455a7ffed179e803f7f559fef3deb804fb371de1e.png
18:46:24.187 [Forwarding getPageSource on session 0cb16b85fd54d24cec88c6f1e9eb2ebd to remote] DEBUG org.asynchttpclient.netty.request.NettyRequestSender -- Using pooled Channel '[id: 0x1d483681, L:/127.0.0.1:51948 - R:localhost/127.0.0.1:18862]' for 'POST' to 'http://localhost:18862/session/0cb16b85fd54d24cec88c6f1e9eb2ebd/execute/sync'
18:46:24.187 [Forwarding getPageSource on session 0cb16b85fd54d24cec88c6f1e9eb2ebd to remote] DEBUG org.asynchttpclient.netty.request.NettyRequestSender -- Using open Channel [id: 0x1d483681, L:/127.0.0.1:51948 - R:localhost/127.0.0.1:18862] for POST '/session/0cb16b85fd54d24cec88c6f1e9eb2ebd/execute/sync'
18:46:24.193 [AsyncHttpClient-1-2] DEBUG org.asynchttpclient.netty.handler.HttpHandler -- 

Request DefaultHttpRequest(decodeResult: success, version: HTTP/1.1)
POST /session/0cb16b85fd54d24cec88c6f1e9eb2ebd/execute/sync HTTP/1.1
User-Agent: selenium/4.9.0 (java windows)
Content-Length: 176
Content-Type: application/json; charset=utf-8
host: localhost:18862
accept: */*

Response DefaultHttpResponse(decodeResult: success, version: HTTP/1.1)
HTTP/1.1 200 OK
Content-Length: 60086
Content-Type: application/json; charset=utf-8
cache-control: no-cache

18:46:24.193 [AsyncHttpClient-1-2] DEBUG org.asynchttpclient.netty.channel.ChannelManager -- Adding key: http://localhost:18862 for channel [id: 0x1d483681, L:/127.0.0.1:51948 - R:localhost/127.0.0.1:18862]
18:46:24.208 [Forwarding getCurrentUrl on session 0cb16b85fd54d24cec88c6f1e9eb2ebd to remote] DEBUG org.asynchttpclient.netty.request.NettyRequestSender -- Using pooled Channel '[id: 0x1d483681, L:/127.0.0.1:51948 - R:localhost/127.0.0.1:18862]' for 'GET' to 'http://localhost:18862/session/0cb16b85fd54d24cec88c6f1e9eb2ebd/url'
18:46:24.208 [Forwarding getCurrentUrl on session 0cb16b85fd54d24cec88c6f1e9eb2ebd to remote] DEBUG org.asynchttpclient.netty.request.NettyRequestSender -- Using open Channel [id: 0x1d483681, L:/127.0.0.1:51948 - R:localhost/127.0.0.1:18862] for GET '/session/0cb16b85fd54d24cec88c6f1e9eb2ebd/url'
18:46:24.213 [AsyncHttpClient-1-2] DEBUG org.asynchttpclient.netty.handler.HttpHandler -- 

Request DefaultFullHttpRequest(decodeResult: success, version: HTTP/1.1, content: EmptyByteBufBE)
GET /session/0cb16b85fd54d24cec88c6f1e9eb2ebd/url HTTP/1.1
User-Agent: selenium/4.9.0 (java windows)
Cache-Control: no-cache
Content-Type: application/json; charset=utf-8
host: localhost:18862
accept: */*

Response DefaultHttpResponse(decodeResult: success, version: HTTP/1.1)
HTTP/1.1 200 OK
Content-Length: 47
Content-Type: application/json; charset=utf-8
cache-control: no-cache

18:46:24.213 [AsyncHttpClient-1-2] DEBUG org.asynchttpclient.netty.channel.ChannelManager -- Adding key: http://localhost:18862 for channel [id: 0x1d483681, L:/127.0.0.1:51948 - R:localhost/127.0.0.1:18862]
18:46:24.274 [Forwarding getAlertText on session 0cb16b85fd54d24cec88c6f1e9eb2ebd to remote] DEBUG org.asynchttpclient.netty.request.NettyRequestSender -- Using pooled Channel '[id: 0x1d483681, L:/127.0.0.1:51948 - R:localhost/127.0.0.1:18862]' for 'GET' to 'http://localhost:18862/session/0cb16b85fd54d24cec88c6f1e9eb2ebd/alert/text'
18:46:24.274 [Forwarding getAlertText on session 0cb16b85fd54d24cec88c6f1e9eb2ebd to remote] DEBUG org.asynchttpclient.netty.request.NettyRequestSender -- Using open Channel [id: 0x1d483681, L:/127.0.0.1:51948 - R:localhost/127.0.0.1:18862] for GET '/session/0cb16b85fd54d24cec88c6f1e9eb2ebd/alert/text'
18:46:24.282 [AsyncHttpClient-1-2] DEBUG org.asynchttpclient.netty.handler.HttpHandler -- 

Request DefaultFullHttpRequest(decodeResult: success, version: HTTP/1.1, content: EmptyByteBufBE)
GET /session/0cb16b85fd54d24cec88c6f1e9eb2ebd/alert/text HTTP/1.1
User-Agent: selenium/4.9.0 (java windows)
Cache-Control: no-cache
Content-Type: application/json; charset=utf-8
host: localhost:18862
accept: */*

Response DefaultHttpResponse(decodeResult: success, version: HTTP/1.1)
HTTP/1.1 404 Not Found
Content-Length: 926
Content-Type: application/json; charset=utf-8
cache-control: no-cache

18:46:24.282 [AsyncHttpClient-1-2] DEBUG org.asynchttpclient.netty.channel.ChannelManager -- Adding key: http://localhost:18862 for channel [id: 0x1d483681, L:/127.0.0.1:51948 - R:localhost/127.0.0.1:18862]
18:46:24.282 [Forwarding getCurrentUrl on session 0cb16b85fd54d24cec88c6f1e9eb2ebd to remote] DEBUG org.asynchttpclient.netty.request.NettyRequestSender -- Using pooled Channel '[id: 0x1d483681, L:/127.0.0.1:51948 - R:localhost/127.0.0.1:18862]' for 'GET' to 'http://localhost:18862/session/0cb16b85fd54d24cec88c6f1e9eb2ebd/url'
18:46:24.282 [Forwarding getCurrentUrl on session 0cb16b85fd54d24cec88c6f1e9eb2ebd to remote] DEBUG org.asynchttpclient.netty.request.NettyRequestSender -- Using open Channel [id: 0x1d483681, L:/127.0.0.1:51948 - R:localhost/127.0.0.1:18862] for GET '/session/0cb16b85fd54d24cec88c6f1e9eb2ebd/url'
18:46:24.292 [AsyncHttpClient-1-2] DEBUG org.asynchttpclient.netty.handler.HttpHandler -- 

Request DefaultFullHttpRequest(decodeResult: success, version: HTTP/1.1, content: EmptyByteBufBE)
GET /session/0cb16b85fd54d24cec88c6f1e9eb2ebd/url HTTP/1.1
User-Agent: selenium/4.9.0 (java windows)
Cache-Control: no-cache
Content-Type: application/json; charset=utf-8
host: localhost:18862
accept: */*

Response DefaultHttpResponse(decodeResult: success, version: HTTP/1.1)
HTTP/1.1 200 OK
Content-Length: 47
Content-Type: application/json; charset=utf-8
cache-control: no-cache

18:46:24.292 [AsyncHttpClient-1-2] DEBUG org.asynchttpclient.netty.channel.ChannelManager -- Adding key: http://localhost:18862 for channel [id: 0x1d483681, L:/127.0.0.1:51948 - R:localhost/127.0.0.1:18862]
18:46:24.292 [Forwarding screenshot on session 0cb16b85fd54d24cec88c6f1e9eb2ebd to remote] DEBUG org.asynchttpclient.netty.request.NettyRequestSender -- Using pooled Channel '[id: 0x1d483681, L:/127.0.0.1:51948 - R:localhost/127.0.0.1:18862]' for 'GET' to 'http://localhost:18862/session/0cb16b85fd54d24cec88c6f1e9eb2ebd/screenshot'
18:46:24.292 [Forwarding screenshot on session 0cb16b85fd54d24cec88c6f1e9eb2ebd to remote] DEBUG org.asynchttpclient.netty.request.NettyRequestSender -- Using open Channel [id: 0x1d483681, L:/127.0.0.1:51948 - R:localhost/127.0.0.1:18862] for GET '/session/0cb16b85fd54d24cec88c6f1e9eb2ebd/screenshot'
18:46:24.413 [AsyncHttpClient-1-2] DEBUG org.asynchttpclient.netty.handler.HttpHandler -- 

Request DefaultFullHttpRequest(decodeResult: success, version: HTTP/1.1, content: EmptyByteBufBE)
GET /session/0cb16b85fd54d24cec88c6f1e9eb2ebd/screenshot HTTP/1.1
User-Agent: selenium/4.9.0 (java windows)
Cache-Control: no-cache
Content-Type: application/json; charset=utf-8
host: localhost:18862
accept: */*

Response DefaultHttpResponse(decodeResult: success, version: HTTP/1.1)
HTTP/1.1 200 OK
Content-Length: 170524
Content-Type: application/json; charset=utf-8
cache-control: no-cache

18:46:24.413 [AsyncHttpClient-1-2] DEBUG org.asynchttpclient.netty.channel.ChannelManager -- Adding key: http://localhost:18862 for channel [id: 0x1d483681, L:/127.0.0.1:51948 - R:localhost/127.0.0.1:18862]
18:46:24.426 [Test worker] DEBUG net.serenitybdd.core.photography.Darkroom -- Send negative for processing for C:\Users\kguer\IdeaProjects\retoDemoBlaze\target\site\serenity\65b025dba529b23badc7faf043b71790dbba3ef0371d769f81768175d71e6a2f.png
18:46:24.426 [Test worker] DEBUG net.thucydides.core.steps.StepInterceptor -- STEP DONE: {0} clicks on #target
18:46:24.426 [Darkroom Processing Line] DEBUG net.serenitybdd.core.photography.DarkroomProcessingLine -- Processing screenshot image in /var/screenshots/screenshot-5463007089256712276
18:46:24.426 [Darkroom Processing Line] DEBUG net.serenitybdd.core.photography.DarkroomProcessingLine -- Saving screenshot to C:\Users\kguer\IdeaProjects\retoDemoBlaze\target\site\serenity\65b025dba529b23badc7faf043b71790dbba3ef0371d769f81768175d71e6a2f.png
18:46:24.463 [Test worker] DEBUG net.serenitybdd.screenplay.targets.IFrameSwitcher -- default content already selected for text to purchase successful
18:46:24.476 [Forwarding findElements on session 0cb16b85fd54d24cec88c6f1e9eb2ebd to remote] DEBUG org.asynchttpclient.netty.request.NettyRequestSender -- Using pooled Channel '[id: 0x1d483681, L:/127.0.0.1:51948 - R:localhost/127.0.0.1:18862]' for 'POST' to 'http://localhost:18862/session/0cb16b85fd54d24cec88c6f1e9eb2ebd/elements'
18:46:24.476 [Forwarding findElements on session 0cb16b85fd54d24cec88c6f1e9eb2ebd to remote] DEBUG org.asynchttpclient.netty.request.NettyRequestSender -- Using open Channel [id: 0x1d483681, L:/127.0.0.1:51948 - R:localhost/127.0.0.1:18862] for POST '/session/0cb16b85fd54d24cec88c6f1e9eb2ebd/elements'
18:46:24.492 [AsyncHttpClient-1-2] DEBUG org.asynchttpclient.netty.handler.HttpHandler -- 

Request DefaultHttpRequest(decodeResult: success, version: HTTP/1.1)
POST /session/0cb16b85fd54d24cec88c6f1e9eb2ebd/elements HTTP/1.1
User-Agent: selenium/4.9.0 (java windows)
Content-Length: 100
Content-Type: application/json; charset=utf-8
host: localhost:18862
accept: */*

Response DefaultHttpResponse(decodeResult: success, version: HTTP/1.1)
HTTP/1.1 200 OK
Content-Length: 129
Content-Type: application/json; charset=utf-8
cache-control: no-cache

18:46:24.492 [AsyncHttpClient-1-2] DEBUG org.asynchttpclient.netty.channel.ChannelManager -- Adding key: http://localhost:18862 for channel [id: 0x1d483681, L:/127.0.0.1:51948 - R:localhost/127.0.0.1:18862]
18:46:24.512 [Forwarding isElementDisplayed on session 0cb16b85fd54d24cec88c6f1e9eb2ebd to remote] DEBUG org.asynchttpclient.netty.request.NettyRequestSender -- Using pooled Channel '[id: 0x1d483681, L:/127.0.0.1:51948 - R:localhost/127.0.0.1:18862]' for 'POST' to 'http://localhost:18862/session/0cb16b85fd54d24cec88c6f1e9eb2ebd/execute/sync'
18:46:24.512 [Forwarding isElementDisplayed on session 0cb16b85fd54d24cec88c6f1e9eb2ebd to remote] DEBUG org.asynchttpclient.netty.request.NettyRequestSender -- Using open Channel [id: 0x1d483681, L:/127.0.0.1:51948 - R:localhost/127.0.0.1:18862] for POST '/session/0cb16b85fd54d24cec88c6f1e9eb2ebd/execute/sync'
18:46:24.532 [AsyncHttpClient-1-2] DEBUG org.asynchttpclient.netty.handler.HttpHandler -- 

Request DefaultHttpRequest(decodeResult: success, version: HTTP/1.1)
POST /session/0cb16b85fd54d24cec88c6f1e9eb2ebd/execute/sync HTTP/1.1
User-Agent: selenium/4.9.0 (java windows)
Content-Length: 48846
Content-Type: application/json; charset=utf-8
host: localhost:18862
accept: */*

Response DefaultHttpResponse(decodeResult: success, version: HTTP/1.1)
HTTP/1.1 200 OK
Content-Length: 14
Content-Type: application/json; charset=utf-8
cache-control: no-cache

18:46:24.532 [AsyncHttpClient-1-2] DEBUG org.asynchttpclient.netty.channel.ChannelManager -- Adding key: http://localhost:18862 for channel [id: 0x1d483681, L:/127.0.0.1:51948 - R:localhost/127.0.0.1:18862]
18:46:24.532 [Forwarding isElementDisplayed on session 0cb16b85fd54d24cec88c6f1e9eb2ebd to remote] DEBUG org.asynchttpclient.netty.request.NettyRequestSender -- Using pooled Channel '[id: 0x1d483681, L:/127.0.0.1:51948 - R:localhost/127.0.0.1:18862]' for 'POST' to 'http://localhost:18862/session/0cb16b85fd54d24cec88c6f1e9eb2ebd/execute/sync'
18:46:24.532 [Forwarding isElementDisplayed on session 0cb16b85fd54d24cec88c6f1e9eb2ebd to remote] DEBUG org.asynchttpclient.netty.request.NettyRequestSender -- Using open Channel [id: 0x1d483681, L:/127.0.0.1:51948 - R:localhost/127.0.0.1:18862] for POST '/session/0cb16b85fd54d24cec88c6f1e9eb2ebd/execute/sync'
18:46:24.545 [AsyncHttpClient-1-2] DEBUG org.asynchttpclient.netty.handler.HttpHandler -- 

Request DefaultHttpRequest(decodeResult: success, version: HTTP/1.1)
POST /session/0cb16b85fd54d24cec88c6f1e9eb2ebd/execute/sync HTTP/1.1
User-Agent: selenium/4.9.0 (java windows)
Content-Length: 48846
Content-Type: application/json; charset=utf-8
host: localhost:18862
accept: */*

Response DefaultHttpResponse(decodeResult: success, version: HTTP/1.1)
HTTP/1.1 200 OK
Content-Length: 14
Content-Type: application/json; charset=utf-8
cache-control: no-cache

18:46:24.545 [AsyncHttpClient-1-2] DEBUG org.asynchttpclient.netty.channel.ChannelManager -- Adding key: http://localhost:18862 for channel [id: 0x1d483681, L:/127.0.0.1:51948 - R:localhost/127.0.0.1:18862]
18:46:24.629 [Forwarding getAlertText on session 0cb16b85fd54d24cec88c6f1e9eb2ebd to remote] DEBUG org.asynchttpclient.netty.request.NettyRequestSender -- Using pooled Channel '[id: 0x1d483681, L:/127.0.0.1:51948 - R:localhost/127.0.0.1:18862]' for 'GET' to 'http://localhost:18862/session/0cb16b85fd54d24cec88c6f1e9eb2ebd/alert/text'
18:46:24.629 [Forwarding getAlertText on session 0cb16b85fd54d24cec88c6f1e9eb2ebd to remote] DEBUG org.asynchttpclient.netty.request.NettyRequestSender -- Using open Channel [id: 0x1d483681, L:/127.0.0.1:51948 - R:localhost/127.0.0.1:18862] for GET '/session/0cb16b85fd54d24cec88c6f1e9eb2ebd/alert/text'
18:46:24.629 [AsyncHttpClient-1-2] DEBUG org.asynchttpclient.netty.handler.HttpHandler -- 

Request DefaultFullHttpRequest(decodeResult: success, version: HTTP/1.1, content: EmptyByteBufBE)
GET /session/0cb16b85fd54d24cec88c6f1e9eb2ebd/alert/text HTTP/1.1
User-Agent: selenium/4.9.0 (java windows)
Cache-Control: no-cache
Content-Type: application/json; charset=utf-8
host: localhost:18862
accept: */*

Response DefaultHttpResponse(decodeResult: success, version: HTTP/1.1)
HTTP/1.1 404 Not Found
Content-Length: 926
Content-Type: application/json; charset=utf-8
cache-control: no-cache

18:46:24.632 [AsyncHttpClient-1-2] DEBUG org.asynchttpclient.netty.channel.ChannelManager -- Adding key: http://localhost:18862 for channel [id: 0x1d483681, L:/127.0.0.1:51948 - R:localhost/127.0.0.1:18862]
18:46:24.632 [Forwarding getCurrentUrl on session 0cb16b85fd54d24cec88c6f1e9eb2ebd to remote] DEBUG org.asynchttpclient.netty.request.NettyRequestSender -- Using pooled Channel '[id: 0x1d483681, L:/127.0.0.1:51948 - R:localhost/127.0.0.1:18862]' for 'GET' to 'http://localhost:18862/session/0cb16b85fd54d24cec88c6f1e9eb2ebd/url'
18:46:24.632 [Forwarding getCurrentUrl on session 0cb16b85fd54d24cec88c6f1e9eb2ebd to remote] DEBUG org.asynchttpclient.netty.request.NettyRequestSender -- Using open Channel [id: 0x1d483681, L:/127.0.0.1:51948 - R:localhost/127.0.0.1:18862] for GET '/session/0cb16b85fd54d24cec88c6f1e9eb2ebd/url'
18:46:24.643 [AsyncHttpClient-1-2] DEBUG org.asynchttpclient.netty.handler.HttpHandler -- 

Request DefaultFullHttpRequest(decodeResult: success, version: HTTP/1.1, content: EmptyByteBufBE)
GET /session/0cb16b85fd54d24cec88c6f1e9eb2ebd/url HTTP/1.1
User-Agent: selenium/4.9.0 (java windows)
Cache-Control: no-cache
Content-Type: application/json; charset=utf-8
host: localhost:18862
accept: */*

Response DefaultHttpResponse(decodeResult: success, version: HTTP/1.1)
HTTP/1.1 200 OK
Content-Length: 47
Content-Type: application/json; charset=utf-8
cache-control: no-cache

18:46:24.643 [AsyncHttpClient-1-2] DEBUG org.asynchttpclient.netty.channel.ChannelManager -- Adding key: http://localhost:18862 for channel [id: 0x1d483681, L:/127.0.0.1:51948 - R:localhost/127.0.0.1:18862]
18:46:24.643 [Forwarding screenshot on session 0cb16b85fd54d24cec88c6f1e9eb2ebd to remote] DEBUG org.asynchttpclient.netty.request.NettyRequestSender -- Using pooled Channel '[id: 0x1d483681, L:/127.0.0.1:51948 - R:localhost/127.0.0.1:18862]' for 'GET' to 'http://localhost:18862/session/0cb16b85fd54d24cec88c6f1e9eb2ebd/screenshot'
18:46:24.643 [Forwarding screenshot on session 0cb16b85fd54d24cec88c6f1e9eb2ebd to remote] DEBUG org.asynchttpclient.netty.request.NettyRequestSender -- Using open Channel [id: 0x1d483681, L:/127.0.0.1:51948 - R:localhost/127.0.0.1:18862] for GET '/session/0cb16b85fd54d24cec88c6f1e9eb2ebd/screenshot'
18:46:24.759 [AsyncHttpClient-1-2] DEBUG org.asynchttpclient.netty.handler.HttpHandler -- 

Request DefaultFullHttpRequest(decodeResult: success, version: HTTP/1.1, content: EmptyByteBufBE)
GET /session/0cb16b85fd54d24cec88c6f1e9eb2ebd/screenshot HTTP/1.1
User-Agent: selenium/4.9.0 (java windows)
Cache-Control: no-cache
Content-Type: application/json; charset=utf-8
host: localhost:18862
accept: */*

Response DefaultHttpResponse(decodeResult: success, version: HTTP/1.1)
HTTP/1.1 200 OK
Content-Length: 170372
Content-Type: application/json; charset=utf-8
cache-control: no-cache

18:46:24.760 [AsyncHttpClient-1-2] DEBUG org.asynchttpclient.netty.channel.ChannelManager -- Adding key: http://localhost:18862 for channel [id: 0x1d483681, L:/127.0.0.1:51948 - R:localhost/127.0.0.1:18862]
18:46:24.763 [Test worker] DEBUG net.serenitybdd.core.photography.Darkroom -- Send negative for processing for C:\Users\kguer\IdeaProjects\retoDemoBlaze\target\site\serenity\9d16a080b9e2c3a0e06b6ffc2628a1b05162c256a44b91f3da246e94dd9b4505.png
18:46:24.764 [Test worker] DEBUG net.thucydides.core.steps.StepInterceptor -- STEP DONE: performAs
18:46:24.764 [Darkroom Processing Line] DEBUG net.serenitybdd.core.photography.DarkroomProcessingLine -- Processing screenshot image in /var/screenshots/screenshot-9090182164741826899
18:46:24.764 [Darkroom Processing Line] DEBUG net.serenitybdd.core.photography.DarkroomProcessingLine -- Saving screenshot to C:\Users\kguer\IdeaProjects\retoDemoBlaze\target\site\serenity\9d16a080b9e2c3a0e06b6ffc2628a1b05162c256a44b91f3da246e94dd9b4505.png
18:46:24.804 [Test worker] DEBUG net.thucydides.core.steps.StepInterceptor -- STEP DONE: performAs
18:46:24.863 [Forwarding getAlertText on session 0cb16b85fd54d24cec88c6f1e9eb2ebd to remote] DEBUG org.asynchttpclient.netty.request.NettyRequestSender -- Using pooled Channel '[id: 0x1d483681, L:/127.0.0.1:51948 - R:localhost/127.0.0.1:18862]' for 'GET' to 'http://localhost:18862/session/0cb16b85fd54d24cec88c6f1e9eb2ebd/alert/text'
18:46:24.863 [Forwarding getAlertText on session 0cb16b85fd54d24cec88c6f1e9eb2ebd to remote] DEBUG org.asynchttpclient.netty.request.NettyRequestSender -- Using open Channel [id: 0x1d483681, L:/127.0.0.1:51948 - R:localhost/127.0.0.1:18862] for GET '/session/0cb16b85fd54d24cec88c6f1e9eb2ebd/alert/text'
18:46:24.872 [AsyncHttpClient-1-2] DEBUG org.asynchttpclient.netty.handler.HttpHandler -- 

Request DefaultFullHttpRequest(decodeResult: success, version: HTTP/1.1, content: EmptyByteBufBE)
GET /session/0cb16b85fd54d24cec88c6f1e9eb2ebd/alert/text HTTP/1.1
User-Agent: selenium/4.9.0 (java windows)
Cache-Control: no-cache
Content-Type: application/json; charset=utf-8
host: localhost:18862
accept: */*

Response DefaultHttpResponse(decodeResult: success, version: HTTP/1.1)
HTTP/1.1 404 Not Found
Content-Length: 926
Content-Type: application/json; charset=utf-8
cache-control: no-cache

18:46:24.872 [AsyncHttpClient-1-2] DEBUG org.asynchttpclient.netty.channel.ChannelManager -- Adding key: http://localhost:18862 for channel [id: 0x1d483681, L:/127.0.0.1:51948 - R:localhost/127.0.0.1:18862]
18:46:24.876 [Forwarding getCurrentUrl on session 0cb16b85fd54d24cec88c6f1e9eb2ebd to remote] DEBUG org.asynchttpclient.netty.request.NettyRequestSender -- Using pooled Channel '[id: 0x1d483681, L:/127.0.0.1:51948 - R:localhost/127.0.0.1:18862]' for 'GET' to 'http://localhost:18862/session/0cb16b85fd54d24cec88c6f1e9eb2ebd/url'
18:46:24.876 [Forwarding getCurrentUrl on session 0cb16b85fd54d24cec88c6f1e9eb2ebd to remote] DEBUG org.asynchttpclient.netty.request.NettyRequestSender -- Using open Channel [id: 0x1d483681, L:/127.0.0.1:51948 - R:localhost/127.0.0.1:18862] for GET '/session/0cb16b85fd54d24cec88c6f1e9eb2ebd/url'
18:46:24.887 [AsyncHttpClient-1-2] DEBUG org.asynchttpclient.netty.handler.HttpHandler -- 

Request DefaultFullHttpRequest(decodeResult: success, version: HTTP/1.1, content: EmptyByteBufBE)
GET /session/0cb16b85fd54d24cec88c6f1e9eb2ebd/url HTTP/1.1
User-Agent: selenium/4.9.0 (java windows)
Cache-Control: no-cache
Content-Type: application/json; charset=utf-8
host: localhost:18862
accept: */*

Response DefaultHttpResponse(decodeResult: success, version: HTTP/1.1)
HTTP/1.1 200 OK
Content-Length: 47
Content-Type: application/json; charset=utf-8
cache-control: no-cache

18:46:24.888 [AsyncHttpClient-1-2] DEBUG org.asynchttpclient.netty.channel.ChannelManager -- Adding key: http://localhost:18862 for channel [id: 0x1d483681, L:/127.0.0.1:51948 - R:localhost/127.0.0.1:18862]
18:46:24.889 [Forwarding screenshot on session 0cb16b85fd54d24cec88c6f1e9eb2ebd to remote] DEBUG org.asynchttpclient.netty.request.NettyRequestSender -- Using pooled Channel '[id: 0x1d483681, L:/127.0.0.1:51948 - R:localhost/127.0.0.1:18862]' for 'GET' to 'http://localhost:18862/session/0cb16b85fd54d24cec88c6f1e9eb2ebd/screenshot'
18:46:24.889 [Forwarding screenshot on session 0cb16b85fd54d24cec88c6f1e9eb2ebd to remote] DEBUG org.asynchttpclient.netty.request.NettyRequestSender -- Using open Channel [id: 0x1d483681, L:/127.0.0.1:51948 - R:localhost/127.0.0.1:18862] for GET '/session/0cb16b85fd54d24cec88c6f1e9eb2ebd/screenshot'
18:46:25.005 [AsyncHttpClient-1-2] DEBUG org.asynchttpclient.netty.handler.HttpHandler -- 

Request DefaultFullHttpRequest(decodeResult: success, version: HTTP/1.1, content: EmptyByteBufBE)
GET /session/0cb16b85fd54d24cec88c6f1e9eb2ebd/screenshot HTTP/1.1
User-Agent: selenium/4.9.0 (java windows)
Cache-Control: no-cache
Content-Type: application/json; charset=utf-8
host: localhost:18862
accept: */*

Response DefaultHttpResponse(decodeResult: success, version: HTTP/1.1)
HTTP/1.1 200 OK
Content-Length: 170372
Content-Type: application/json; charset=utf-8
cache-control: no-cache

18:46:25.012 [AsyncHttpClient-1-2] DEBUG org.asynchttpclient.netty.channel.ChannelManager -- Adding key: http://localhost:18862 for channel [id: 0x1d483681, L:/127.0.0.1:51948 - R:localhost/127.0.0.1:18862]
18:46:25.012 [Test worker] DEBUG net.serenitybdd.core.photography.Darkroom -- Send negative for processing for C:\Users\kguer\IdeaProjects\retoDemoBlaze\target\site\serenity\9d16a080b9e2c3a0e06b6ffc2628a1b05162c256a44b91f3da246e94dd9b4505.png
18:46:25.058 [Forwarding getPageSource on session 0cb16b85fd54d24cec88c6f1e9eb2ebd to remote] DEBUG org.asynchttpclient.netty.request.NettyRequestSender -- Using pooled Channel '[id: 0x1d483681, L:/127.0.0.1:51948 - R:localhost/127.0.0.1:18862]' for 'POST' to 'http://localhost:18862/session/0cb16b85fd54d24cec88c6f1e9eb2ebd/execute/sync'
18:46:25.058 [Forwarding getPageSource on session 0cb16b85fd54d24cec88c6f1e9eb2ebd to remote] DEBUG org.asynchttpclient.netty.request.NettyRequestSender -- Using open Channel [id: 0x1d483681, L:/127.0.0.1:51948 - R:localhost/127.0.0.1:18862] for POST '/session/0cb16b85fd54d24cec88c6f1e9eb2ebd/execute/sync'
18:46:25.078 [AsyncHttpClient-1-2] DEBUG org.asynchttpclient.netty.handler.HttpHandler -- 

Request DefaultHttpRequest(decodeResult: success, version: HTTP/1.1)
POST /session/0cb16b85fd54d24cec88c6f1e9eb2ebd/execute/sync HTTP/1.1
User-Agent: selenium/4.9.0 (java windows)
Content-Length: 176
Content-Type: application/json; charset=utf-8
host: localhost:18862
accept: */*

Response DefaultHttpResponse(decodeResult: success, version: HTTP/1.1)
HTTP/1.1 200 OK
Content-Length: 60094
Content-Type: application/json; charset=utf-8
cache-control: no-cache

18:46:25.078 [AsyncHttpClient-1-2] DEBUG org.asynchttpclient.netty.channel.ChannelManager -- Adding key: http://localhost:18862 for channel [id: 0x1d483681, L:/127.0.0.1:51948 - R:localhost/127.0.0.1:18862]
18:46:25.086 [Forwarding getCurrentUrl on session 0cb16b85fd54d24cec88c6f1e9eb2ebd to remote] DEBUG org.asynchttpclient.netty.request.NettyRequestSender -- Using pooled Channel '[id: 0x1d483681, L:/127.0.0.1:51948 - R:localhost/127.0.0.1:18862]' for 'GET' to 'http://localhost:18862/session/0cb16b85fd54d24cec88c6f1e9eb2ebd/url'
18:46:25.086 [Forwarding getCurrentUrl on session 0cb16b85fd54d24cec88c6f1e9eb2ebd to remote] DEBUG org.asynchttpclient.netty.request.NettyRequestSender -- Using open Channel [id: 0x1d483681, L:/127.0.0.1:51948 - R:localhost/127.0.0.1:18862] for GET '/session/0cb16b85fd54d24cec88c6f1e9eb2ebd/url'
18:46:25.093 [AsyncHttpClient-1-2] DEBUG org.asynchttpclient.netty.handler.HttpHandler -- 

Request DefaultFullHttpRequest(decodeResult: success, version: HTTP/1.1, content: EmptyByteBufBE)
GET /session/0cb16b85fd54d24cec88c6f1e9eb2ebd/url HTTP/1.1
User-Agent: selenium/4.9.0 (java windows)
Cache-Control: no-cache
Content-Type: application/json; charset=utf-8
host: localhost:18862
accept: */*

Response DefaultHttpResponse(decodeResult: success, version: HTTP/1.1)
HTTP/1.1 200 OK
Content-Length: 47
Content-Type: application/json; charset=utf-8
cache-control: no-cache

18:46:25.093 [AsyncHttpClient-1-2] DEBUG org.asynchttpclient.netty.channel.ChannelManager -- Adding key: http://localhost:18862 for channel [id: 0x1d483681, L:/127.0.0.1:51948 - R:localhost/127.0.0.1:18862]
18:46:25.157 [AsyncHttpClient-1-1] DEBUG org.asynchttpclient.netty.channel.DefaultChannelPool -- Entry count for : http://localhost:51952 : 1
18:46:25.157 [AsyncHttpClient-1-1] DEBUG org.asynchttpclient.netty.channel.DefaultChannelPool -- Entry count for : http://localhost:18862 : 1
18:46:25.396 [Forwarding getAlertText on session 0cb16b85fd54d24cec88c6f1e9eb2ebd to remote] DEBUG org.asynchttpclient.netty.request.NettyRequestSender -- Using pooled Channel '[id: 0x1d483681, L:/127.0.0.1:51948 - R:localhost/127.0.0.1:18862]' for 'GET' to 'http://localhost:18862/session/0cb16b85fd54d24cec88c6f1e9eb2ebd/alert/text'
18:46:25.396 [Forwarding getAlertText on session 0cb16b85fd54d24cec88c6f1e9eb2ebd to remote] DEBUG org.asynchttpclient.netty.request.NettyRequestSender -- Using open Channel [id: 0x1d483681, L:/127.0.0.1:51948 - R:localhost/127.0.0.1:18862] for GET '/session/0cb16b85fd54d24cec88c6f1e9eb2ebd/alert/text'
18:46:25.396 [AsyncHttpClient-1-2] DEBUG org.asynchttpclient.netty.handler.HttpHandler -- 

Request DefaultFullHttpRequest(decodeResult: success, version: HTTP/1.1, content: EmptyByteBufBE)
GET /session/0cb16b85fd54d24cec88c6f1e9eb2ebd/alert/text HTTP/1.1
User-Agent: selenium/4.9.0 (java windows)
Cache-Control: no-cache
Content-Type: application/json; charset=utf-8
host: localhost:18862
accept: */*

Response DefaultHttpResponse(decodeResult: success, version: HTTP/1.1)
HTTP/1.1 404 Not Found
Content-Length: 926
Content-Type: application/json; charset=utf-8
cache-control: no-cache

18:46:25.396 [AsyncHttpClient-1-2] DEBUG org.asynchttpclient.netty.channel.ChannelManager -- Adding key: http://localhost:18862 for channel [id: 0x1d483681, L:/127.0.0.1:51948 - R:localhost/127.0.0.1:18862]
18:46:25.403 [Forwarding getCurrentUrl on session 0cb16b85fd54d24cec88c6f1e9eb2ebd to remote] DEBUG org.asynchttpclient.netty.request.NettyRequestSender -- Using pooled Channel '[id: 0x1d483681, L:/127.0.0.1:51948 - R:localhost/127.0.0.1:18862]' for 'GET' to 'http://localhost:18862/session/0cb16b85fd54d24cec88c6f1e9eb2ebd/url'
18:46:25.403 [Forwarding getCurrentUrl on session 0cb16b85fd54d24cec88c6f1e9eb2ebd to remote] DEBUG org.asynchttpclient.netty.request.NettyRequestSender -- Using open Channel [id: 0x1d483681, L:/127.0.0.1:51948 - R:localhost/127.0.0.1:18862] for GET '/session/0cb16b85fd54d24cec88c6f1e9eb2ebd/url'
18:46:25.403 [AsyncHttpClient-1-2] DEBUG org.asynchttpclient.netty.handler.HttpHandler -- 

Request DefaultFullHttpRequest(decodeResult: success, version: HTTP/1.1, content: EmptyByteBufBE)
GET /session/0cb16b85fd54d24cec88c6f1e9eb2ebd/url HTTP/1.1
User-Agent: selenium/4.9.0 (java windows)
Cache-Control: no-cache
Content-Type: application/json; charset=utf-8
host: localhost:18862
accept: */*

Response DefaultHttpResponse(decodeResult: success, version: HTTP/1.1)
HTTP/1.1 200 OK
Content-Length: 47
Content-Type: application/json; charset=utf-8
cache-control: no-cache

18:46:25.403 [AsyncHttpClient-1-2] DEBUG org.asynchttpclient.netty.channel.ChannelManager -- Adding key: http://localhost:18862 for channel [id: 0x1d483681, L:/127.0.0.1:51948 - R:localhost/127.0.0.1:18862]
18:46:25.403 [Forwarding screenshot on session 0cb16b85fd54d24cec88c6f1e9eb2ebd to remote] DEBUG org.asynchttpclient.netty.request.NettyRequestSender -- Using pooled Channel '[id: 0x1d483681, L:/127.0.0.1:51948 - R:localhost/127.0.0.1:18862]' for 'GET' to 'http://localhost:18862/session/0cb16b85fd54d24cec88c6f1e9eb2ebd/screenshot'
18:46:25.403 [Forwarding screenshot on session 0cb16b85fd54d24cec88c6f1e9eb2ebd to remote] DEBUG org.asynchttpclient.netty.request.NettyRequestSender -- Using open Channel [id: 0x1d483681, L:/127.0.0.1:51948 - R:localhost/127.0.0.1:18862] for GET '/session/0cb16b85fd54d24cec88c6f1e9eb2ebd/screenshot'
18:46:25.524 [AsyncHttpClient-1-2] DEBUG org.asynchttpclient.netty.handler.HttpHandler -- 

Request DefaultFullHttpRequest(decodeResult: success, version: HTTP/1.1, content: EmptyByteBufBE)
GET /session/0cb16b85fd54d24cec88c6f1e9eb2ebd/screenshot HTTP/1.1
User-Agent: selenium/4.9.0 (java windows)
Cache-Control: no-cache
Content-Type: application/json; charset=utf-8
host: localhost:18862
accept: */*

Response DefaultHttpResponse(decodeResult: success, version: HTTP/1.1)
HTTP/1.1 200 OK
Content-Length: 170372
Content-Type: application/json; charset=utf-8
cache-control: no-cache

18:46:25.525 [AsyncHttpClient-1-2] DEBUG org.asynchttpclient.netty.channel.ChannelManager -- Adding key: http://localhost:18862 for channel [id: 0x1d483681, L:/127.0.0.1:51948 - R:localhost/127.0.0.1:18862]
18:46:25.531 [Test worker] DEBUG net.serenitybdd.core.photography.Darkroom -- Send negative for processing for C:\Users\kguer\IdeaProjects\retoDemoBlaze\target\site\serenity\9d16a080b9e2c3a0e06b6ffc2628a1b05162c256a44b91f3da246e94dd9b4505.png
18:46:25.543 [Forwarding getPageSource on session 0cb16b85fd54d24cec88c6f1e9eb2ebd to remote] DEBUG org.asynchttpclient.netty.request.NettyRequestSender -- Using pooled Channel '[id: 0x1d483681, L:/127.0.0.1:51948 - R:localhost/127.0.0.1:18862]' for 'POST' to 'http://localhost:18862/session/0cb16b85fd54d24cec88c6f1e9eb2ebd/execute/sync'
18:46:25.543 [Forwarding getPageSource on session 0cb16b85fd54d24cec88c6f1e9eb2ebd to remote] DEBUG org.asynchttpclient.netty.request.NettyRequestSender -- Using open Channel [id: 0x1d483681, L:/127.0.0.1:51948 - R:localhost/127.0.0.1:18862] for POST '/session/0cb16b85fd54d24cec88c6f1e9eb2ebd/execute/sync'
18:46:25.556 [AsyncHttpClient-1-2] DEBUG org.asynchttpclient.netty.handler.HttpHandler -- 

Request DefaultHttpRequest(decodeResult: success, version: HTTP/1.1)
POST /session/0cb16b85fd54d24cec88c6f1e9eb2ebd/execute/sync HTTP/1.1
User-Agent: selenium/4.9.0 (java windows)
Content-Length: 176
Content-Type: application/json; charset=utf-8
host: localhost:18862
accept: */*

Response DefaultHttpResponse(decodeResult: success, version: HTTP/1.1)
HTTP/1.1 200 OK
Content-Length: 60094
Content-Type: application/json; charset=utf-8
cache-control: no-cache

18:46:25.556 [AsyncHttpClient-1-2] DEBUG org.asynchttpclient.netty.channel.ChannelManager -- Adding key: http://localhost:18862 for channel [id: 0x1d483681, L:/127.0.0.1:51948 - R:localhost/127.0.0.1:18862]
18:46:25.563 [Forwarding getCurrentUrl on session 0cb16b85fd54d24cec88c6f1e9eb2ebd to remote] DEBUG org.asynchttpclient.netty.request.NettyRequestSender -- Using pooled Channel '[id: 0x1d483681, L:/127.0.0.1:51948 - R:localhost/127.0.0.1:18862]' for 'GET' to 'http://localhost:18862/session/0cb16b85fd54d24cec88c6f1e9eb2ebd/url'
18:46:25.563 [Forwarding getCurrentUrl on session 0cb16b85fd54d24cec88c6f1e9eb2ebd to remote] DEBUG org.asynchttpclient.netty.request.NettyRequestSender -- Using open Channel [id: 0x1d483681, L:/127.0.0.1:51948 - R:localhost/127.0.0.1:18862] for GET '/session/0cb16b85fd54d24cec88c6f1e9eb2ebd/url'
18:46:25.573 [AsyncHttpClient-1-2] DEBUG org.asynchttpclient.netty.handler.HttpHandler -- 

Request DefaultFullHttpRequest(decodeResult: success, version: HTTP/1.1, content: EmptyByteBufBE)
GET /session/0cb16b85fd54d24cec88c6f1e9eb2ebd/url HTTP/1.1
User-Agent: selenium/4.9.0 (java windows)
Cache-Control: no-cache
Content-Type: application/json; charset=utf-8
host: localhost:18862
accept: */*

Response DefaultHttpResponse(decodeResult: success, version: HTTP/1.1)
HTTP/1.1 200 OK
Content-Length: 47
Content-Type: application/json; charset=utf-8
cache-control: no-cache

18:46:25.573 [AsyncHttpClient-1-2] DEBUG org.asynchttpclient.netty.channel.ChannelManager -- Adding key: http://localhost:18862 for channel [id: 0x1d483681, L:/127.0.0.1:51948 - R:localhost/127.0.0.1:18862]
18:46:25.583 [Test worker] DEBUG net.serenitybdd.screenplay.targets.IFrameSwitcher -- default content already selected for text to purchase successful
18:46:25.635 [Forwarding findElement on session 0cb16b85fd54d24cec88c6f1e9eb2ebd to remote] DEBUG org.asynchttpclient.netty.request.NettyRequestSender -- Using pooled Channel '[id: 0x1d483681, L:/127.0.0.1:51948 - R:localhost/127.0.0.1:18862]' for 'POST' to 'http://localhost:18862/session/0cb16b85fd54d24cec88c6f1e9eb2ebd/element'
18:46:25.635 [Forwarding findElement on session 0cb16b85fd54d24cec88c6f1e9eb2ebd to remote] DEBUG org.asynchttpclient.netty.request.NettyRequestSender -- Using open Channel [id: 0x1d483681, L:/127.0.0.1:51948 - R:localhost/127.0.0.1:18862] for POST '/session/0cb16b85fd54d24cec88c6f1e9eb2ebd/element'
18:46:25.652 [AsyncHttpClient-1-2] DEBUG org.asynchttpclient.netty.handler.HttpHandler -- 

Request DefaultHttpRequest(decodeResult: success, version: HTTP/1.1)
POST /session/0cb16b85fd54d24cec88c6f1e9eb2ebd/element HTTP/1.1
User-Agent: selenium/4.9.0 (java windows)
Content-Length: 100
Content-Type: application/json; charset=utf-8
host: localhost:18862
accept: */*

Response DefaultHttpResponse(decodeResult: success, version: HTTP/1.1)
HTTP/1.1 200 OK
Content-Length: 127
Content-Type: application/json; charset=utf-8
cache-control: no-cache

18:46:25.652 [AsyncHttpClient-1-2] DEBUG org.asynchttpclient.netty.channel.ChannelManager -- Adding key: http://localhost:18862 for channel [id: 0x1d483681, L:/127.0.0.1:51948 - R:localhost/127.0.0.1:18862]
18:46:25.652 [Forwarding getElementText on session 0cb16b85fd54d24cec88c6f1e9eb2ebd to remote] DEBUG org.asynchttpclient.netty.request.NettyRequestSender -- Using pooled Channel '[id: 0x1d483681, L:/127.0.0.1:51948 - R:localhost/127.0.0.1:18862]' for 'GET' to 'http://localhost:18862/session/0cb16b85fd54d24cec88c6f1e9eb2ebd/element/f.F3D8E0C449C07D1F7D6153FC9DF4AACD.d.24B9062BC7168E22645E2EB2A4299F69.e.266/text'
18:46:25.652 [Forwarding getElementText on session 0cb16b85fd54d24cec88c6f1e9eb2ebd to remote] DEBUG org.asynchttpclient.netty.request.NettyRequestSender -- Using open Channel [id: 0x1d483681, L:/127.0.0.1:51948 - R:localhost/127.0.0.1:18862] for GET '/session/0cb16b85fd54d24cec88c6f1e9eb2ebd/element/f.F3D8E0C449C07D1F7D6153FC9DF4AACD.d.24B9062BC7168E22645E2EB2A4299F69.e.266/text'
18:46:25.674 [AsyncHttpClient-1-2] DEBUG org.asynchttpclient.netty.handler.HttpHandler -- 

Request DefaultFullHttpRequest(decodeResult: success, version: HTTP/1.1, content: EmptyByteBufBE)
GET /session/0cb16b85fd54d24cec88c6f1e9eb2ebd/element/f.F3D8E0C449C07D1F7D6153FC9DF4AACD.d.24B9062BC7168E22645E2EB2A4299F69.e.266/text HTTP/1.1
User-Agent: selenium/4.9.0 (java windows)
Cache-Control: no-cache
Content-Type: application/json; charset=utf-8
host: localhost:18862
accept: */*

Response DefaultHttpResponse(decodeResult: success, version: HTTP/1.1)
HTTP/1.1 200 OK
Content-Length: 40
Content-Type: application/json; charset=utf-8
cache-control: no-cache

18:46:25.674 [AsyncHttpClient-1-2] DEBUG org.asynchttpclient.netty.channel.ChannelManager -- Adding key: http://localhost:18862 for channel [id: 0x1d483681, L:/127.0.0.1:51948 - R:localhost/127.0.0.1:18862]
18:46:25.713 [Forwarding getAlertText on session 0cb16b85fd54d24cec88c6f1e9eb2ebd to remote] DEBUG org.asynchttpclient.netty.request.NettyRequestSender -- Using pooled Channel '[id: 0x1d483681, L:/127.0.0.1:51948 - R:localhost/127.0.0.1:18862]' for 'GET' to 'http://localhost:18862/session/0cb16b85fd54d24cec88c6f1e9eb2ebd/alert/text'
18:46:25.713 [Forwarding getAlertText on session 0cb16b85fd54d24cec88c6f1e9eb2ebd to remote] DEBUG org.asynchttpclient.netty.request.NettyRequestSender -- Using open Channel [id: 0x1d483681, L:/127.0.0.1:51948 - R:localhost/127.0.0.1:18862] for GET '/session/0cb16b85fd54d24cec88c6f1e9eb2ebd/alert/text'
18:46:25.713 [AsyncHttpClient-1-2] DEBUG org.asynchttpclient.netty.handler.HttpHandler -- 

Request DefaultFullHttpRequest(decodeResult: success, version: HTTP/1.1, content: EmptyByteBufBE)
GET /session/0cb16b85fd54d24cec88c6f1e9eb2ebd/alert/text HTTP/1.1
User-Agent: selenium/4.9.0 (java windows)
Cache-Control: no-cache
Content-Type: application/json; charset=utf-8
host: localhost:18862
accept: */*

Response DefaultHttpResponse(decodeResult: success, version: HTTP/1.1)
HTTP/1.1 404 Not Found
Content-Length: 926
Content-Type: application/json; charset=utf-8
cache-control: no-cache

18:46:25.713 [AsyncHttpClient-1-2] DEBUG org.asynchttpclient.netty.channel.ChannelManager -- Adding key: http://localhost:18862 for channel [id: 0x1d483681, L:/127.0.0.1:51948 - R:localhost/127.0.0.1:18862]
18:46:25.713 [Forwarding getCurrentUrl on session 0cb16b85fd54d24cec88c6f1e9eb2ebd to remote] DEBUG org.asynchttpclient.netty.request.NettyRequestSender -- Using pooled Channel '[id: 0x1d483681, L:/127.0.0.1:51948 - R:localhost/127.0.0.1:18862]' for 'GET' to 'http://localhost:18862/session/0cb16b85fd54d24cec88c6f1e9eb2ebd/url'
18:46:25.713 [Forwarding getCurrentUrl on session 0cb16b85fd54d24cec88c6f1e9eb2ebd to remote] DEBUG org.asynchttpclient.netty.request.NettyRequestSender -- Using open Channel [id: 0x1d483681, L:/127.0.0.1:51948 - R:localhost/127.0.0.1:18862] for GET '/session/0cb16b85fd54d24cec88c6f1e9eb2ebd/url'
18:46:25.724 [AsyncHttpClient-1-2] DEBUG org.asynchttpclient.netty.handler.HttpHandler -- 

Request DefaultFullHttpRequest(decodeResult: success, version: HTTP/1.1, content: EmptyByteBufBE)
GET /session/0cb16b85fd54d24cec88c6f1e9eb2ebd/url HTTP/1.1
User-Agent: selenium/4.9.0 (java windows)
Cache-Control: no-cache
Content-Type: application/json; charset=utf-8
host: localhost:18862
accept: */*

Response DefaultHttpResponse(decodeResult: success, version: HTTP/1.1)
HTTP/1.1 200 OK
Content-Length: 47
Content-Type: application/json; charset=utf-8
cache-control: no-cache

18:46:25.724 [AsyncHttpClient-1-2] DEBUG org.asynchttpclient.netty.channel.ChannelManager -- Adding key: http://localhost:18862 for channel [id: 0x1d483681, L:/127.0.0.1:51948 - R:localhost/127.0.0.1:18862]
18:46:25.724 [Forwarding screenshot on session 0cb16b85fd54d24cec88c6f1e9eb2ebd to remote] DEBUG org.asynchttpclient.netty.request.NettyRequestSender -- Using pooled Channel '[id: 0x1d483681, L:/127.0.0.1:51948 - R:localhost/127.0.0.1:18862]' for 'GET' to 'http://localhost:18862/session/0cb16b85fd54d24cec88c6f1e9eb2ebd/screenshot'
18:46:25.724 [Forwarding screenshot on session 0cb16b85fd54d24cec88c6f1e9eb2ebd to remote] DEBUG org.asynchttpclient.netty.request.NettyRequestSender -- Using open Channel [id: 0x1d483681, L:/127.0.0.1:51948 - R:localhost/127.0.0.1:18862] for GET '/session/0cb16b85fd54d24cec88c6f1e9eb2ebd/screenshot'
18:46:25.831 [AsyncHttpClient-1-2] DEBUG org.asynchttpclient.netty.handler.HttpHandler -- 

Request DefaultFullHttpRequest(decodeResult: success, version: HTTP/1.1, content: EmptyByteBufBE)
GET /session/0cb16b85fd54d24cec88c6f1e9eb2ebd/screenshot HTTP/1.1
User-Agent: selenium/4.9.0 (java windows)
Cache-Control: no-cache
Content-Type: application/json; charset=utf-8
host: localhost:18862
accept: */*

Response DefaultHttpResponse(decodeResult: success, version: HTTP/1.1)
HTTP/1.1 200 OK
Content-Length: 170372
Content-Type: application/json; charset=utf-8
cache-control: no-cache

18:46:25.831 [AsyncHttpClient-1-2] DEBUG org.asynchttpclient.netty.channel.ChannelManager -- Adding key: http://localhost:18862 for channel [id: 0x1d483681, L:/127.0.0.1:51948 - R:localhost/127.0.0.1:18862]
18:46:25.833 [Test worker] DEBUG net.serenitybdd.core.photography.Darkroom -- Send negative for processing for C:\Users\kguer\IdeaProjects\retoDemoBlaze\target\site\serenity\9d16a080b9e2c3a0e06b6ffc2628a1b05162c256a44b91f3da246e94dd9b4505.png
18:46:25.914 [Forwarding getAlertText on session 0cb16b85fd54d24cec88c6f1e9eb2ebd to remote] DEBUG org.asynchttpclient.netty.request.NettyRequestSender -- Using pooled Channel '[id: 0x1d483681, L:/127.0.0.1:51948 - R:localhost/127.0.0.1:18862]' for 'GET' to 'http://localhost:18862/session/0cb16b85fd54d24cec88c6f1e9eb2ebd/alert/text'
18:46:25.915 [Forwarding getAlertText on session 0cb16b85fd54d24cec88c6f1e9eb2ebd to remote] DEBUG org.asynchttpclient.netty.request.NettyRequestSender -- Using open Channel [id: 0x1d483681, L:/127.0.0.1:51948 - R:localhost/127.0.0.1:18862] for GET '/session/0cb16b85fd54d24cec88c6f1e9eb2ebd/alert/text'
18:46:25.917 [AsyncHttpClient-1-2] DEBUG org.asynchttpclient.netty.handler.HttpHandler -- 

Request DefaultFullHttpRequest(decodeResult: success, version: HTTP/1.1, content: EmptyByteBufBE)
GET /session/0cb16b85fd54d24cec88c6f1e9eb2ebd/alert/text HTTP/1.1
User-Agent: selenium/4.9.0 (java windows)
Cache-Control: no-cache
Content-Type: application/json; charset=utf-8
host: localhost:18862
accept: */*

Response DefaultHttpResponse(decodeResult: success, version: HTTP/1.1)
HTTP/1.1 404 Not Found
Content-Length: 926
Content-Type: application/json; charset=utf-8
cache-control: no-cache

18:46:25.917 [AsyncHttpClient-1-2] DEBUG org.asynchttpclient.netty.channel.ChannelManager -- Adding key: http://localhost:18862 for channel [id: 0x1d483681, L:/127.0.0.1:51948 - R:localhost/127.0.0.1:18862]
18:46:25.918 [Forwarding getCurrentUrl on session 0cb16b85fd54d24cec88c6f1e9eb2ebd to remote] DEBUG org.asynchttpclient.netty.request.NettyRequestSender -- Using pooled Channel '[id: 0x1d483681, L:/127.0.0.1:51948 - R:localhost/127.0.0.1:18862]' for 'GET' to 'http://localhost:18862/session/0cb16b85fd54d24cec88c6f1e9eb2ebd/url'
18:46:25.919 [Forwarding getCurrentUrl on session 0cb16b85fd54d24cec88c6f1e9eb2ebd to remote] DEBUG org.asynchttpclient.netty.request.NettyRequestSender -- Using open Channel [id: 0x1d483681, L:/127.0.0.1:51948 - R:localhost/127.0.0.1:18862] for GET '/session/0cb16b85fd54d24cec88c6f1e9eb2ebd/url'
18:46:25.928 [AsyncHttpClient-1-2] DEBUG org.asynchttpclient.netty.handler.HttpHandler -- 

Request DefaultFullHttpRequest(decodeResult: success, version: HTTP/1.1, content: EmptyByteBufBE)
GET /session/0cb16b85fd54d24cec88c6f1e9eb2ebd/url HTTP/1.1
User-Agent: selenium/4.9.0 (java windows)
Cache-Control: no-cache
Content-Type: application/json; charset=utf-8
host: localhost:18862
accept: */*

Response DefaultHttpResponse(decodeResult: success, version: HTTP/1.1)
HTTP/1.1 200 OK
Content-Length: 47
Content-Type: application/json; charset=utf-8
cache-control: no-cache

18:46:25.928 [AsyncHttpClient-1-2] DEBUG org.asynchttpclient.netty.channel.ChannelManager -- Adding key: http://localhost:18862 for channel [id: 0x1d483681, L:/127.0.0.1:51948 - R:localhost/127.0.0.1:18862]
18:46:25.933 [Forwarding screenshot on session 0cb16b85fd54d24cec88c6f1e9eb2ebd to remote] DEBUG org.asynchttpclient.netty.request.NettyRequestSender -- Using pooled Channel '[id: 0x1d483681, L:/127.0.0.1:51948 - R:localhost/127.0.0.1:18862]' for 'GET' to 'http://localhost:18862/session/0cb16b85fd54d24cec88c6f1e9eb2ebd/screenshot'
18:46:25.934 [Forwarding screenshot on session 0cb16b85fd54d24cec88c6f1e9eb2ebd to remote] DEBUG org.asynchttpclient.netty.request.NettyRequestSender -- Using open Channel [id: 0x1d483681, L:/127.0.0.1:51948 - R:localhost/127.0.0.1:18862] for GET '/session/0cb16b85fd54d24cec88c6f1e9eb2ebd/screenshot'
18:46:26.039 [AsyncHttpClient-1-2] DEBUG org.asynchttpclient.netty.handler.HttpHandler -- 

Request DefaultFullHttpRequest(decodeResult: success, version: HTTP/1.1, content: EmptyByteBufBE)
GET /session/0cb16b85fd54d24cec88c6f1e9eb2ebd/screenshot HTTP/1.1
User-Agent: selenium/4.9.0 (java windows)
Cache-Control: no-cache
Content-Type: application/json; charset=utf-8
host: localhost:18862
accept: */*

Response DefaultHttpResponse(decodeResult: success, version: HTTP/1.1)
HTTP/1.1 200 OK
Content-Length: 170372
Content-Type: application/json; charset=utf-8
cache-control: no-cache

18:46:26.039 [AsyncHttpClient-1-2] DEBUG org.asynchttpclient.netty.channel.ChannelManager -- Adding key: http://localhost:18862 for channel [id: 0x1d483681, L:/127.0.0.1:51948 - R:localhost/127.0.0.1:18862]
18:46:26.048 [Test worker] DEBUG net.serenitybdd.core.photography.Darkroom -- Send negative for processing for C:\Users\kguer\IdeaProjects\retoDemoBlaze\target\site\serenity\9d16a080b9e2c3a0e06b6ffc2628a1b05162c256a44b91f3da246e94dd9b4505.png
18:46:26.068 [Forwarding getPageSource on session 0cb16b85fd54d24cec88c6f1e9eb2ebd to remote] DEBUG org.asynchttpclient.netty.request.NettyRequestSender -- Using pooled Channel '[id: 0x1d483681, L:/127.0.0.1:51948 - R:localhost/127.0.0.1:18862]' for 'POST' to 'http://localhost:18862/session/0cb16b85fd54d24cec88c6f1e9eb2ebd/execute/sync'
18:46:26.068 [Forwarding getPageSource on session 0cb16b85fd54d24cec88c6f1e9eb2ebd to remote] DEBUG org.asynchttpclient.netty.request.NettyRequestSender -- Using open Channel [id: 0x1d483681, L:/127.0.0.1:51948 - R:localhost/127.0.0.1:18862] for POST '/session/0cb16b85fd54d24cec88c6f1e9eb2ebd/execute/sync'
18:46:26.087 [AsyncHttpClient-1-2] DEBUG org.asynchttpclient.netty.handler.HttpHandler -- 

Request DefaultHttpRequest(decodeResult: success, version: HTTP/1.1)
POST /session/0cb16b85fd54d24cec88c6f1e9eb2ebd/execute/sync HTTP/1.1
User-Agent: selenium/4.9.0 (java windows)
Content-Length: 176
Content-Type: application/json; charset=utf-8
host: localhost:18862
accept: */*

Response DefaultHttpResponse(decodeResult: success, version: HTTP/1.1)
HTTP/1.1 200 OK
Content-Length: 60094
Content-Type: application/json; charset=utf-8
cache-control: no-cache

18:46:26.087 [AsyncHttpClient-1-2] DEBUG org.asynchttpclient.netty.channel.ChannelManager -- Adding key: http://localhost:18862 for channel [id: 0x1d483681, L:/127.0.0.1:51948 - R:localhost/127.0.0.1:18862]
18:46:26.097 [Forwarding getCurrentUrl on session 0cb16b85fd54d24cec88c6f1e9eb2ebd to remote] DEBUG org.asynchttpclient.netty.request.NettyRequestSender -- Using pooled Channel '[id: 0x1d483681, L:/127.0.0.1:51948 - R:localhost/127.0.0.1:18862]' for 'GET' to 'http://localhost:18862/session/0cb16b85fd54d24cec88c6f1e9eb2ebd/url'
18:46:26.097 [Forwarding getCurrentUrl on session 0cb16b85fd54d24cec88c6f1e9eb2ebd to remote] DEBUG org.asynchttpclient.netty.request.NettyRequestSender -- Using open Channel [id: 0x1d483681, L:/127.0.0.1:51948 - R:localhost/127.0.0.1:18862] for GET '/session/0cb16b85fd54d24cec88c6f1e9eb2ebd/url'
18:46:26.105 [AsyncHttpClient-1-2] DEBUG org.asynchttpclient.netty.handler.HttpHandler -- 

Request DefaultFullHttpRequest(decodeResult: success, version: HTTP/1.1, content: EmptyByteBufBE)
GET /session/0cb16b85fd54d24cec88c6f1e9eb2ebd/url HTTP/1.1
User-Agent: selenium/4.9.0 (java windows)
Cache-Control: no-cache
Content-Type: application/json; charset=utf-8
host: localhost:18862
accept: */*

Response DefaultHttpResponse(decodeResult: success, version: HTTP/1.1)
HTTP/1.1 200 OK
Content-Length: 47
Content-Type: application/json; charset=utf-8
cache-control: no-cache

18:46:26.106 [AsyncHttpClient-1-2] DEBUG org.asynchttpclient.netty.channel.ChannelManager -- Adding key: http://localhost:18862 for channel [id: 0x1d483681, L:/127.0.0.1:51948 - R:localhost/127.0.0.1:18862]
18:46:26.106 [Test worker] DEBUG net.thucydides.core.steps.StepInterceptor -- STARTING STEP: PurchaseFlowE2EStepDefinitions.theUserValidateCompletionOfThePurchaseWithTheYouSelectedOk - {0} clicks on #target
18:46:26.106 [Test worker] DEBUG net.serenitybdd.screenplay.targets.IFrameSwitcher -- default content already selected for button to ok purchase successful
18:46:26.186 [Forwarding findElement on session 0cb16b85fd54d24cec88c6f1e9eb2ebd to remote] DEBUG org.asynchttpclient.netty.request.NettyRequestSender -- Using pooled Channel '[id: 0x1d483681, L:/127.0.0.1:51948 - R:localhost/127.0.0.1:18862]' for 'POST' to 'http://localhost:18862/session/0cb16b85fd54d24cec88c6f1e9eb2ebd/element'
18:46:26.186 [Forwarding findElement on session 0cb16b85fd54d24cec88c6f1e9eb2ebd to remote] DEBUG org.asynchttpclient.netty.request.NettyRequestSender -- Using open Channel [id: 0x1d483681, L:/127.0.0.1:51948 - R:localhost/127.0.0.1:18862] for POST '/session/0cb16b85fd54d24cec88c6f1e9eb2ebd/element'
18:46:26.203 [AsyncHttpClient-1-2] DEBUG org.asynchttpclient.netty.handler.HttpHandler -- 

Request DefaultHttpRequest(decodeResult: success, version: HTTP/1.1)
POST /session/0cb16b85fd54d24cec88c6f1e9eb2ebd/element HTTP/1.1
User-Agent: selenium/4.9.0 (java windows)
Content-Length: 96
Content-Type: application/json; charset=utf-8
host: localhost:18862
accept: */*

Response DefaultHttpResponse(decodeResult: success, version: HTTP/1.1)
HTTP/1.1 200 OK
Content-Length: 127
Content-Type: application/json; charset=utf-8
cache-control: no-cache

18:46:26.203 [AsyncHttpClient-1-2] DEBUG org.asynchttpclient.netty.channel.ChannelManager -- Adding key: http://localhost:18862 for channel [id: 0x1d483681, L:/127.0.0.1:51948 - R:localhost/127.0.0.1:18862]
18:46:26.222 [Forwarding isElementDisplayed on session 0cb16b85fd54d24cec88c6f1e9eb2ebd to remote] DEBUG org.asynchttpclient.netty.request.NettyRequestSender -- Using pooled Channel '[id: 0x1d483681, L:/127.0.0.1:51948 - R:localhost/127.0.0.1:18862]' for 'POST' to 'http://localhost:18862/session/0cb16b85fd54d24cec88c6f1e9eb2ebd/execute/sync'
18:46:26.222 [Forwarding isElementDisplayed on session 0cb16b85fd54d24cec88c6f1e9eb2ebd to remote] DEBUG org.asynchttpclient.netty.request.NettyRequestSender -- Using open Channel [id: 0x1d483681, L:/127.0.0.1:51948 - R:localhost/127.0.0.1:18862] for POST '/session/0cb16b85fd54d24cec88c6f1e9eb2ebd/execute/sync'
18:46:26.238 [AsyncHttpClient-1-2] DEBUG org.asynchttpclient.netty.handler.HttpHandler -- 

Request DefaultHttpRequest(decodeResult: success, version: HTTP/1.1)
POST /session/0cb16b85fd54d24cec88c6f1e9eb2ebd/execute/sync HTTP/1.1
User-Agent: selenium/4.9.0 (java windows)
Content-Length: 48846
Content-Type: application/json; charset=utf-8
host: localhost:18862
accept: */*

Response DefaultHttpResponse(decodeResult: success, version: HTTP/1.1)
HTTP/1.1 200 OK
Content-Length: 14
Content-Type: application/json; charset=utf-8
cache-control: no-cache

18:46:26.238 [AsyncHttpClient-1-2] DEBUG org.asynchttpclient.netty.channel.ChannelManager -- Adding key: http://localhost:18862 for channel [id: 0x1d483681, L:/127.0.0.1:51948 - R:localhost/127.0.0.1:18862]
18:46:26.257 [AsyncHttpClient-1-1] DEBUG org.asynchttpclient.netty.channel.DefaultChannelPool -- Entry count for : http://localhost:51952 : 1
18:46:26.257 [AsyncHttpClient-1-1] DEBUG org.asynchttpclient.netty.channel.DefaultChannelPool -- Entry count for : http://localhost:18862 : 1
18:46:26.268 [Forwarding findElement on session 0cb16b85fd54d24cec88c6f1e9eb2ebd to remote] DEBUG org.asynchttpclient.netty.request.NettyRequestSender -- Using pooled Channel '[id: 0x1d483681, L:/127.0.0.1:51948 - R:localhost/127.0.0.1:18862]' for 'POST' to 'http://localhost:18862/session/0cb16b85fd54d24cec88c6f1e9eb2ebd/element'
18:46:26.268 [Forwarding findElement on session 0cb16b85fd54d24cec88c6f1e9eb2ebd to remote] DEBUG org.asynchttpclient.netty.request.NettyRequestSender -- Using open Channel [id: 0x1d483681, L:/127.0.0.1:51948 - R:localhost/127.0.0.1:18862] for POST '/session/0cb16b85fd54d24cec88c6f1e9eb2ebd/element'
18:46:26.278 [AsyncHttpClient-1-2] DEBUG org.asynchttpclient.netty.handler.HttpHandler -- 

Request DefaultHttpRequest(decodeResult: success, version: HTTP/1.1)
POST /session/0cb16b85fd54d24cec88c6f1e9eb2ebd/element HTTP/1.1
User-Agent: selenium/4.9.0 (java windows)
Content-Length: 96
Content-Type: application/json; charset=utf-8
host: localhost:18862
accept: */*

Response DefaultHttpResponse(decodeResult: success, version: HTTP/1.1)
HTTP/1.1 200 OK
Content-Length: 127
Content-Type: application/json; charset=utf-8
cache-control: no-cache

18:46:26.278 [AsyncHttpClient-1-2] DEBUG org.asynchttpclient.netty.channel.ChannelManager -- Adding key: http://localhost:18862 for channel [id: 0x1d483681, L:/127.0.0.1:51948 - R:localhost/127.0.0.1:18862]
18:46:26.278 [Forwarding clickElement on session 0cb16b85fd54d24cec88c6f1e9eb2ebd to remote] DEBUG org.asynchttpclient.netty.request.NettyRequestSender -- Using pooled Channel '[id: 0x1d483681, L:/127.0.0.1:51948 - R:localhost/127.0.0.1:18862]' for 'POST' to 'http://localhost:18862/session/0cb16b85fd54d24cec88c6f1e9eb2ebd/element/f.F3D8E0C449C07D1F7D6153FC9DF4AACD.d.24B9062BC7168E22645E2EB2A4299F69.e.267/click'
18:46:26.278 [Forwarding clickElement on session 0cb16b85fd54d24cec88c6f1e9eb2ebd to remote] DEBUG org.asynchttpclient.netty.request.NettyRequestSender -- Using open Channel [id: 0x1d483681, L:/127.0.0.1:51948 - R:localhost/127.0.0.1:18862] for POST '/session/0cb16b85fd54d24cec88c6f1e9eb2ebd/element/f.F3D8E0C449C07D1F7D6153FC9DF4AACD.d.24B9062BC7168E22645E2EB2A4299F69.e.267/click'
18:46:26.932 [AsyncHttpClient-1-2] DEBUG org.asynchttpclient.netty.handler.HttpHandler -- 

Request DefaultHttpRequest(decodeResult: success, version: HTTP/1.1)
POST /session/0cb16b85fd54d24cec88c6f1e9eb2ebd/element/f.F3D8E0C449C07D1F7D6153FC9DF4AACD.d.24B9062BC7168E22645E2EB2A4299F69.e.267/click HTTP/1.1
User-Agent: selenium/4.9.0 (java windows)
Content-Length: 89
Content-Type: application/json; charset=utf-8
host: localhost:18862
accept: */*

Response DefaultHttpResponse(decodeResult: success, version: HTTP/1.1)
HTTP/1.1 200 OK
Content-Length: 14
Content-Type: application/json; charset=utf-8
cache-control: no-cache

18:46:26.932 [AsyncHttpClient-1-2] DEBUG org.asynchttpclient.netty.channel.ChannelManager -- Adding key: http://localhost:18862 for channel [id: 0x1d483681, L:/127.0.0.1:51948 - R:localhost/127.0.0.1:18862]
18:46:26.971 [Forwarding getAlertText on session 0cb16b85fd54d24cec88c6f1e9eb2ebd to remote] DEBUG org.asynchttpclient.netty.request.NettyRequestSender -- Using pooled Channel '[id: 0x1d483681, L:/127.0.0.1:51948 - R:localhost/127.0.0.1:18862]' for 'GET' to 'http://localhost:18862/session/0cb16b85fd54d24cec88c6f1e9eb2ebd/alert/text'
18:46:26.972 [Forwarding getAlertText on session 0cb16b85fd54d24cec88c6f1e9eb2ebd to remote] DEBUG org.asynchttpclient.netty.request.NettyRequestSender -- Using open Channel [id: 0x1d483681, L:/127.0.0.1:51948 - R:localhost/127.0.0.1:18862] for GET '/session/0cb16b85fd54d24cec88c6f1e9eb2ebd/alert/text'
18:46:26.976 [AsyncHttpClient-1-2] DEBUG org.asynchttpclient.netty.handler.HttpHandler -- 

Request DefaultFullHttpRequest(decodeResult: success, version: HTTP/1.1, content: EmptyByteBufBE)
GET /session/0cb16b85fd54d24cec88c6f1e9eb2ebd/alert/text HTTP/1.1
User-Agent: selenium/4.9.0 (java windows)
Cache-Control: no-cache
Content-Type: application/json; charset=utf-8
host: localhost:18862
accept: */*

Response DefaultHttpResponse(decodeResult: success, version: HTTP/1.1)
HTTP/1.1 404 Not Found
Content-Length: 926
Content-Type: application/json; charset=utf-8
cache-control: no-cache

18:46:26.976 [AsyncHttpClient-1-2] DEBUG org.asynchttpclient.netty.channel.ChannelManager -- Adding key: http://localhost:18862 for channel [id: 0x1d483681, L:/127.0.0.1:51948 - R:localhost/127.0.0.1:18862]
18:46:26.976 [Forwarding getCurrentUrl on session 0cb16b85fd54d24cec88c6f1e9eb2ebd to remote] DEBUG org.asynchttpclient.netty.request.NettyRequestSender -- Using pooled Channel '[id: 0x1d483681, L:/127.0.0.1:51948 - R:localhost/127.0.0.1:18862]' for 'GET' to 'http://localhost:18862/session/0cb16b85fd54d24cec88c6f1e9eb2ebd/url'
18:46:26.976 [Forwarding getCurrentUrl on session 0cb16b85fd54d24cec88c6f1e9eb2ebd to remote] DEBUG org.asynchttpclient.netty.request.NettyRequestSender -- Using open Channel [id: 0x1d483681, L:/127.0.0.1:51948 - R:localhost/127.0.0.1:18862] for GET '/session/0cb16b85fd54d24cec88c6f1e9eb2ebd/url'
18:46:26.982 [AsyncHttpClient-1-2] DEBUG org.asynchttpclient.netty.handler.HttpHandler -- 

Request DefaultFullHttpRequest(decodeResult: success, version: HTTP/1.1, content: EmptyByteBufBE)
GET /session/0cb16b85fd54d24cec88c6f1e9eb2ebd/url HTTP/1.1
User-Agent: selenium/4.9.0 (java windows)
Cache-Control: no-cache
Content-Type: application/json; charset=utf-8
host: localhost:18862
accept: */*

Response DefaultHttpResponse(decodeResult: success, version: HTTP/1.1)
HTTP/1.1 200 OK
Content-Length: 48
Content-Type: application/json; charset=utf-8
cache-control: no-cache

18:46:26.982 [AsyncHttpClient-1-2] DEBUG org.asynchttpclient.netty.channel.ChannelManager -- Adding key: http://localhost:18862 for channel [id: 0x1d483681, L:/127.0.0.1:51948 - R:localhost/127.0.0.1:18862]
18:46:26.982 [Forwarding screenshot on session 0cb16b85fd54d24cec88c6f1e9eb2ebd to remote] DEBUG org.asynchttpclient.netty.request.NettyRequestSender -- Using pooled Channel '[id: 0x1d483681, L:/127.0.0.1:51948 - R:localhost/127.0.0.1:18862]' for 'GET' to 'http://localhost:18862/session/0cb16b85fd54d24cec88c6f1e9eb2ebd/screenshot'
18:46:26.982 [Forwarding screenshot on session 0cb16b85fd54d24cec88c6f1e9eb2ebd to remote] DEBUG org.asynchttpclient.netty.request.NettyRequestSender -- Using open Channel [id: 0x1d483681, L:/127.0.0.1:51948 - R:localhost/127.0.0.1:18862] for GET '/session/0cb16b85fd54d24cec88c6f1e9eb2ebd/screenshot'
18:46:27.148 [AsyncHttpClient-1-2] DEBUG org.asynchttpclient.netty.handler.HttpHandler -- 

Request DefaultFullHttpRequest(decodeResult: success, version: HTTP/1.1, content: EmptyByteBufBE)
GET /session/0cb16b85fd54d24cec88c6f1e9eb2ebd/screenshot HTTP/1.1
User-Agent: selenium/4.9.0 (java windows)
Cache-Control: no-cache
Content-Type: application/json; charset=utf-8
host: localhost:18862
accept: */*

Response DefaultHttpResponse(decodeResult: success, version: HTTP/1.1)
HTTP/1.1 200 OK
Content-Length: 284384
Content-Type: application/json; charset=utf-8
cache-control: no-cache

18:46:27.149 [AsyncHttpClient-1-2] DEBUG org.asynchttpclient.netty.channel.ChannelManager -- Adding key: http://localhost:18862 for channel [id: 0x1d483681, L:/127.0.0.1:51948 - R:localhost/127.0.0.1:18862]
18:46:27.157 [Test worker] DEBUG net.serenitybdd.core.photography.Darkroom -- Send negative for processing for C:\Users\kguer\IdeaProjects\retoDemoBlaze\target\site\serenity\3adb81c78693953a4d0486b91426a37968276a42b6d98e505d6ca5b858b8cec4.png
18:46:27.170 [Forwarding getPageSource on session 0cb16b85fd54d24cec88c6f1e9eb2ebd to remote] DEBUG org.asynchttpclient.netty.request.NettyRequestSender -- Using pooled Channel '[id: 0x1d483681, L:/127.0.0.1:51948 - R:localhost/127.0.0.1:18862]' for 'POST' to 'http://localhost:18862/session/0cb16b85fd54d24cec88c6f1e9eb2ebd/execute/sync'
18:46:27.170 [Forwarding getPageSource on session 0cb16b85fd54d24cec88c6f1e9eb2ebd to remote] DEBUG org.asynchttpclient.netty.request.NettyRequestSender -- Using open Channel [id: 0x1d483681, L:/127.0.0.1:51948 - R:localhost/127.0.0.1:18862] for POST '/session/0cb16b85fd54d24cec88c6f1e9eb2ebd/execute/sync'
18:46:27.182 [AsyncHttpClient-1-2] DEBUG org.asynchttpclient.netty.handler.HttpHandler -- 

Request DefaultHttpRequest(decodeResult: success, version: HTTP/1.1)
POST /session/0cb16b85fd54d24cec88c6f1e9eb2ebd/execute/sync HTTP/1.1
User-Agent: selenium/4.9.0 (java windows)
Content-Length: 176
Content-Type: application/json; charset=utf-8
host: localhost:18862
accept: */*

Response DefaultHttpResponse(decodeResult: success, version: HTTP/1.1)
HTTP/1.1 200 OK
Content-Length: 51702
Content-Type: application/json; charset=utf-8
cache-control: no-cache

18:46:27.183 [AsyncHttpClient-1-2] DEBUG org.asynchttpclient.netty.channel.ChannelManager -- Adding key: http://localhost:18862 for channel [id: 0x1d483681, L:/127.0.0.1:51948 - R:localhost/127.0.0.1:18862]
18:46:27.190 [Forwarding getCurrentUrl on session 0cb16b85fd54d24cec88c6f1e9eb2ebd to remote] DEBUG org.asynchttpclient.netty.request.NettyRequestSender -- Using pooled Channel '[id: 0x1d483681, L:/127.0.0.1:51948 - R:localhost/127.0.0.1:18862]' for 'GET' to 'http://localhost:18862/session/0cb16b85fd54d24cec88c6f1e9eb2ebd/url'
18:46:27.190 [Forwarding getCurrentUrl on session 0cb16b85fd54d24cec88c6f1e9eb2ebd to remote] DEBUG org.asynchttpclient.netty.request.NettyRequestSender -- Using open Channel [id: 0x1d483681, L:/127.0.0.1:51948 - R:localhost/127.0.0.1:18862] for GET '/session/0cb16b85fd54d24cec88c6f1e9eb2ebd/url'
18:46:27.193 [AsyncHttpClient-1-2] DEBUG org.asynchttpclient.netty.handler.HttpHandler -- 

Request DefaultFullHttpRequest(decodeResult: success, version: HTTP/1.1, content: EmptyByteBufBE)
GET /session/0cb16b85fd54d24cec88c6f1e9eb2ebd/url HTTP/1.1
User-Agent: selenium/4.9.0 (java windows)
Cache-Control: no-cache
Content-Type: application/json; charset=utf-8
host: localhost:18862
accept: */*

Response DefaultHttpResponse(decodeResult: success, version: HTTP/1.1)
HTTP/1.1 200 OK
Content-Length: 48
Content-Type: application/json; charset=utf-8
cache-control: no-cache

18:46:27.193 [AsyncHttpClient-1-2] DEBUG org.asynchttpclient.netty.channel.ChannelManager -- Adding key: http://localhost:18862 for channel [id: 0x1d483681, L:/127.0.0.1:51948 - R:localhost/127.0.0.1:18862]
18:46:27.262 [Forwarding getAlertText on session 0cb16b85fd54d24cec88c6f1e9eb2ebd to remote] DEBUG org.asynchttpclient.netty.request.NettyRequestSender -- Using pooled Channel '[id: 0x1d483681, L:/127.0.0.1:51948 - R:localhost/127.0.0.1:18862]' for 'GET' to 'http://localhost:18862/session/0cb16b85fd54d24cec88c6f1e9eb2ebd/alert/text'
18:46:27.262 [Forwarding getAlertText on session 0cb16b85fd54d24cec88c6f1e9eb2ebd to remote] DEBUG org.asynchttpclient.netty.request.NettyRequestSender -- Using open Channel [id: 0x1d483681, L:/127.0.0.1:51948 - R:localhost/127.0.0.1:18862] for GET '/session/0cb16b85fd54d24cec88c6f1e9eb2ebd/alert/text'
18:46:27.262 [AsyncHttpClient-1-2] DEBUG org.asynchttpclient.netty.handler.HttpHandler -- 

Request DefaultFullHttpRequest(decodeResult: success, version: HTTP/1.1, content: EmptyByteBufBE)
GET /session/0cb16b85fd54d24cec88c6f1e9eb2ebd/alert/text HTTP/1.1
User-Agent: selenium/4.9.0 (java windows)
Cache-Control: no-cache
Content-Type: application/json; charset=utf-8
host: localhost:18862
accept: */*

Response DefaultHttpResponse(decodeResult: success, version: HTTP/1.1)
HTTP/1.1 404 Not Found
Content-Length: 926
Content-Type: application/json; charset=utf-8
cache-control: no-cache

18:46:27.274 [AsyncHttpClient-1-2] DEBUG org.asynchttpclient.netty.channel.ChannelManager -- Adding key: http://localhost:18862 for channel [id: 0x1d483681, L:/127.0.0.1:51948 - R:localhost/127.0.0.1:18862]
18:46:27.274 [Forwarding getCurrentUrl on session 0cb16b85fd54d24cec88c6f1e9eb2ebd to remote] DEBUG org.asynchttpclient.netty.request.NettyRequestSender -- Using pooled Channel '[id: 0x1d483681, L:/127.0.0.1:51948 - R:localhost/127.0.0.1:18862]' for 'GET' to 'http://localhost:18862/session/0cb16b85fd54d24cec88c6f1e9eb2ebd/url'
18:46:27.274 [Forwarding getCurrentUrl on session 0cb16b85fd54d24cec88c6f1e9eb2ebd to remote] DEBUG org.asynchttpclient.netty.request.NettyRequestSender -- Using open Channel [id: 0x1d483681, L:/127.0.0.1:51948 - R:localhost/127.0.0.1:18862] for GET '/session/0cb16b85fd54d24cec88c6f1e9eb2ebd/url'
18:46:27.274 [AsyncHttpClient-1-2] DEBUG org.asynchttpclient.netty.handler.HttpHandler -- 

Request DefaultFullHttpRequest(decodeResult: success, version: HTTP/1.1, content: EmptyByteBufBE)
GET /session/0cb16b85fd54d24cec88c6f1e9eb2ebd/url HTTP/1.1
User-Agent: selenium/4.9.0 (java windows)
Cache-Control: no-cache
Content-Type: application/json; charset=utf-8
host: localhost:18862
accept: */*

Response DefaultHttpResponse(decodeResult: success, version: HTTP/1.1)
HTTP/1.1 200 OK
Content-Length: 48
Content-Type: application/json; charset=utf-8
cache-control: no-cache

18:46:27.282 [AsyncHttpClient-1-2] DEBUG org.asynchttpclient.netty.channel.ChannelManager -- Adding key: http://localhost:18862 for channel [id: 0x1d483681, L:/127.0.0.1:51948 - R:localhost/127.0.0.1:18862]
18:46:27.282 [Forwarding screenshot on session 0cb16b85fd54d24cec88c6f1e9eb2ebd to remote] DEBUG org.asynchttpclient.netty.request.NettyRequestSender -- Using pooled Channel '[id: 0x1d483681, L:/127.0.0.1:51948 - R:localhost/127.0.0.1:18862]' for 'GET' to 'http://localhost:18862/session/0cb16b85fd54d24cec88c6f1e9eb2ebd/screenshot'
18:46:27.282 [Forwarding screenshot on session 0cb16b85fd54d24cec88c6f1e9eb2ebd to remote] DEBUG org.asynchttpclient.netty.request.NettyRequestSender -- Using open Channel [id: 0x1d483681, L:/127.0.0.1:51948 - R:localhost/127.0.0.1:18862] for GET '/session/0cb16b85fd54d24cec88c6f1e9eb2ebd/screenshot'
18:46:27.355 [AsyncHttpClient-1-1] DEBUG org.asynchttpclient.netty.channel.DefaultChannelPool -- Entry count for : http://localhost:51952 : 1
18:46:27.432 [AsyncHttpClient-1-2] DEBUG org.asynchttpclient.netty.handler.HttpHandler -- 

Request DefaultFullHttpRequest(decodeResult: success, version: HTTP/1.1, content: EmptyByteBufBE)
GET /session/0cb16b85fd54d24cec88c6f1e9eb2ebd/screenshot HTTP/1.1
User-Agent: selenium/4.9.0 (java windows)
Cache-Control: no-cache
Content-Type: application/json; charset=utf-8
host: localhost:18862
accept: */*

Response DefaultHttpResponse(decodeResult: success, version: HTTP/1.1)
HTTP/1.1 200 OK
Content-Length: 284384
Content-Type: application/json; charset=utf-8
cache-control: no-cache

18:46:27.437 [AsyncHttpClient-1-2] DEBUG org.asynchttpclient.netty.channel.ChannelManager -- Adding key: http://localhost:18862 for channel [id: 0x1d483681, L:/127.0.0.1:51948 - R:localhost/127.0.0.1:18862]
18:46:27.446 [Test worker] DEBUG net.serenitybdd.core.photography.Darkroom -- Send negative for processing for C:\Users\kguer\IdeaProjects\retoDemoBlaze\target\site\serenity\3adb81c78693953a4d0486b91426a37968276a42b6d98e505d6ca5b858b8cec4.png
18:46:27.448 [Test worker] DEBUG net.thucydides.core.steps.StepInterceptor -- STEP DONE: {0} clicks on #target
18:46:27.542 [Driver Command Executor] DEBUG org.asynchttpclient.netty.request.NettyRequestSender -- Using pooled Channel '[id: 0x1d483681, L:/127.0.0.1:51948 - R:localhost/127.0.0.1:18862]' for 'DELETE' to 'http://localhost:18862/session/0cb16b85fd54d24cec88c6f1e9eb2ebd'
18:46:27.542 [Driver Command Executor] DEBUG org.asynchttpclient.netty.request.NettyRequestSender -- Using open Channel [id: 0x1d483681, L:/127.0.0.1:51948 - R:localhost/127.0.0.1:18862] for DELETE '/session/0cb16b85fd54d24cec88c6f1e9eb2ebd'
18:46:27.755 [AsyncHttpClient-1-4] DEBUG org.asynchttpclient.netty.handler.WebSocketHandler -- Unexpected I/O exception on channel [id: 0xe2fa0c23, L:/127.0.0.1:51966 - R:localhost/127.0.0.1:51952]
java.io.IOException: Se ha forzado la interrupción de una conexión existente por el host remoto
	at java.base/sun.nio.ch.SocketDispatcher.read0(Native Method)
	at java.base/sun.nio.ch.SocketDispatcher.read(SocketDispatcher.java:43)
	at java.base/sun.nio.ch.IOUtil.readIntoNativeBuffer(IOUtil.java:276)
	at java.base/sun.nio.ch.IOUtil.read(IOUtil.java:233)
	at java.base/sun.nio.ch.IOUtil.read(IOUtil.java:223)
	at java.base/sun.nio.ch.SocketChannelImpl.read(SocketChannelImpl.java:356)
	at io.netty.buffer.PooledByteBuf.setBytes(PooledByteBuf.java:256)
	at io.netty.buffer.AbstractByteBuf.writeBytes(AbstractByteBuf.java:1132)
	at io.netty.channel.socket.nio.NioSocketChannel.doReadBytes(NioSocketChannel.java:357)
	at io.netty.channel.nio.AbstractNioByteChannel$NioByteUnsafe.read(AbstractNioByteChannel.java:151)
	at io.netty.channel.nio.NioEventLoop.processSelectedKey(NioEventLoop.java:788)
	at io.netty.channel.nio.NioEventLoop.processSelectedKeysOptimized(NioEventLoop.java:724)
	at io.netty.channel.nio.NioEventLoop.processSelectedKeys(NioEventLoop.java:650)
	at io.netty.channel.nio.NioEventLoop.run(NioEventLoop.java:562)
	at io.netty.util.concurrent.SingleThreadEventExecutor$4.run(SingleThreadEventExecutor.java:997)
	at io.netty.util.internal.ThreadExecutorMap$2.run(ThreadExecutorMap.java:74)
	at io.netty.util.concurrent.FastThreadLocalRunnable.run(FastThreadLocalRunnable.java:30)
	at java.base/java.lang.Thread.run(Thread.java:829)
18:46:27.757 [AsyncHttpClient-1-3] DEBUG org.asynchttpclient.netty.handler.HttpHandler -- Unexpected I/O exception on channel [id: 0x51dc01f3, L:/127.0.0.1:51965 - R:localhost/127.0.0.1:51952]
java.io.IOException: Se ha forzado la interrupción de una conexión existente por el host remoto
	at java.base/sun.nio.ch.SocketDispatcher.read0(Native Method)
	at java.base/sun.nio.ch.SocketDispatcher.read(SocketDispatcher.java:43)
	at java.base/sun.nio.ch.IOUtil.readIntoNativeBuffer(IOUtil.java:276)
	at java.base/sun.nio.ch.IOUtil.read(IOUtil.java:233)
	at java.base/sun.nio.ch.IOUtil.read(IOUtil.java:223)
	at java.base/sun.nio.ch.SocketChannelImpl.read(SocketChannelImpl.java:356)
	at io.netty.buffer.PooledByteBuf.setBytes(PooledByteBuf.java:256)
	at io.netty.buffer.AbstractByteBuf.writeBytes(AbstractByteBuf.java:1132)
	at io.netty.channel.socket.nio.NioSocketChannel.doReadBytes(NioSocketChannel.java:357)
	at io.netty.channel.nio.AbstractNioByteChannel$NioByteUnsafe.read(AbstractNioByteChannel.java:151)
	at io.netty.channel.nio.NioEventLoop.processSelectedKey(NioEventLoop.java:788)
	at io.netty.channel.nio.NioEventLoop.processSelectedKeysOptimized(NioEventLoop.java:724)
	at io.netty.channel.nio.NioEventLoop.processSelectedKeys(NioEventLoop.java:650)
	at io.netty.channel.nio.NioEventLoop.run(NioEventLoop.java:562)
	at io.netty.util.concurrent.SingleThreadEventExecutor$4.run(SingleThreadEventExecutor.java:997)
	at io.netty.util.internal.ThreadExecutorMap$2.run(ThreadExecutorMap.java:74)
	at io.netty.util.concurrent.FastThreadLocalRunnable.run(FastThreadLocalRunnable.java:30)
	at java.base/java.lang.Thread.run(Thread.java:829)
18:46:27.757 [AsyncHttpClient-1-3] DEBUG org.asynchttpclient.netty.channel.ChannelManager -- Closing Channel [id: 0x51dc01f3, L:/127.0.0.1:51965 - R:localhost/127.0.0.1:51952] 
18:46:27.757 [AsyncHttpClient-1-4] DEBUG org.asynchttpclient.netty.handler.WebSocketHandler -- Trying to recover from dead Channel: [id: 0xe2fa0c23, L:/127.0.0.1:51966 - R:localhost/127.0.0.1:51952]
18:46:27.762 [AsyncHttpClient-1-4] DEBUG org.asynchttpclient.netty.handler.WebSocketHandler -- Channel Closed: [id: 0xe2fa0c23, L:/127.0.0.1:51966 ! R:localhost/127.0.0.1:51952] with attribute NettyResponseFuture{currentRetry=0,
	isDone=1,
	isCancelled=0,
	asyncHandler=org.asynchttpclient.ws.WebSocketUpgradeHandler@5c890feb,
	nettyRequest=org.asynchttpclient.netty.request.NettyRequest@75040a3e,
	future=java.util.concurrent.CompletableFuture@235b47d1[Completed normally],
	uri=ws://localhost:51952/devtools/browser/ab460f1e-a005-44ff-8ab5-f8c38ae16fab,
	keepAlive=true,
	redirectCount=0,
	timeoutsHolder=null,
	inAuth=0,
	touch=1712879187757}
18:46:27.762 [AsyncHttpClient-1-3] DEBUG org.asynchttpclient.netty.handler.HttpHandler -- Channel Closed: [id: 0x51dc01f3, L:/127.0.0.1:51965 ! R:localhost/127.0.0.1:51952] with attribute DISCARD
18:46:27.762 [AsyncHttpClient-1-4] DEBUG org.asynchttpclient.netty.channel.ChannelManager -- Closing Channel [id: 0xe2fa0c23, L:/127.0.0.1:51966 ! R:localhost/127.0.0.1:51952] 
18:46:27.849 [AsyncHttpClient-1-2] DEBUG org.asynchttpclient.netty.handler.HttpHandler -- 

Request DefaultFullHttpRequest(decodeResult: success, version: HTTP/1.1, content: EmptyByteBufBE)
DELETE /session/0cb16b85fd54d24cec88c6f1e9eb2ebd HTTP/1.1
User-Agent: selenium/4.9.0 (java windows)
Content-Type: application/json; charset=utf-8
host: localhost:18862
accept: */*

Response DefaultHttpResponse(decodeResult: success, version: HTTP/1.1)
HTTP/1.1 200 OK
Content-Length: 14
Content-Type: application/json; charset=utf-8
cache-control: no-cache

18:46:27.849 [AsyncHttpClient-1-2] DEBUG org.asynchttpclient.netty.channel.ChannelManager -- Adding key: http://localhost:18862 for channel [id: 0x1d483681, L:/127.0.0.1:51948 - R:localhost/127.0.0.1:18862]
18:46:28.004 [AsyncHttpClient-1-2] DEBUG org.asynchttpclient.netty.handler.HttpHandler -- Channel Closed: [id: 0x1d483681, L:/127.0.0.1:51948 ! R:localhost/127.0.0.1:18862] with attribute DISCARD
18:46:28.083 [Test worker] INFO  -- 
  _____   ___   ___   _____     ___     _     ___   ___   ___   ___  
 |_   _| | __| / __| |_   _|   | _ \   /_\   / __| / __| | __| |   \ 
   | |   | _|  \__ \   | |     |  _/  / _ \  \__ \ \__ \ | _|  | |) |
   |_|   |___| |___/   |_|     |_|   /_/ \_\ |___/ |___/ |___| |___/ 

the user adds two products to the cart and completes the entire purchase flow
----------------------------------------------------------------------
]]></system-out>
  <system-err><![CDATA[Starting ChromeDriver 123.0.6312.122 (31f8248cdd90acbac59f700b603fed0b5967ca50-refs/branch-heads/6312@{#824}) on port 18862
Only local connections are allowed.
Please see https://chromedriver.chromium.org/security-considerations for suggestions on keeping ChromeDriver safe.
ChromeDriver was started successfully.
abr. 11, 2024 6:45:59 P. M. org.openqa.selenium.devtools.CdpVersionFinder findNearestMatch
ADVERTENCIA: Unable to find CDP implementation matching 123
abr. 11, 2024 6:45:59 P. M. org.openqa.selenium.chromium.ChromiumDriver lambda$new$3
ADVERTENCIA: Unable to find version of CDP to use for . You may need to include a dependency on a specific version of the CDP using something similar to `org.seleniumhq.selenium:selenium-devtools-v86:4.9.0` where the version ("v86") matches the version of the chromium-based browser you're using and the version number of the artifact is the same as Selenium's.
[1712879171.983][WARNING]: screenshot failed, retrying unknown error: unhandled inspector error: {"code":-32000,"message":"Unable to capture screenshot"}
[1712879172.434][WARNING]: screenshot failed, retrying unknown error: unhandled inspector error: {"code":-32000,"message":"Unable to capture screenshot"}
[1712879174.865][WARNING]: unexpected alert open: {Alert text : Product added}, cancelling screenshot
]]></system-err>
</testsuite>
